#
# There is insufficient memory for the Java Runtime Environment to continue.
# Native memory allocation (malloc) failed to allocate 1048576 bytes. Error detail: AllocateHeap
# Possible reasons:
#   The system is out of physical RAM or swap space
#   This process is running with CompressedOops enabled, and the Java Heap may be blocking the growth of the native heap
# Possible solutions:
#   Reduce memory load on the system
#   Increase physical memory or swap space
#   Check if swap backing store is full
#   Decrease Java heap size (-Xmx/-Xms)
#   Decrease number of Java threads
#   Decrease Java thread stack sizes (-Xss)
#   Set larger code cache with -XX:ReservedCodeCacheSize=
#   JVM is running with Unscaled Compressed Oops mode in which the Java heap is
#     placed in the first 4GB address space. The Java Heap base address is the
#     maximum limit for the native heap growth. Please use -XX:HeapBaseMinAddress
#     to set the Java Heap base and to place the Java Heap above 4GB virtual address.
# This output file may be truncated or incomplete.
#
#  Out of Memory Error (allocation.cpp:44), pid=8496, tid=4448
#
# JRE version: OpenJDK Runtime Environment Temurin-21.0.8+9 (21.0.8+9) (build 21.0.8+9-LTS)
# Java VM: OpenJDK 64-Bit Server VM Temurin-21.0.8+9 (21.0.8+9-LTS, mixed mode, sharing, tiered, compressed oops, compressed class ptrs, parallel gc, windows-amd64)
# No core dump will be written. Minidumps are not enabled by default on client versions of Windows
#

---------------  S U M M A R Y ------------

Command Line: --add-modules=ALL-SYSTEM --add-opens=java.base/java.util=ALL-UNNAMED --add-opens=java.base/java.lang=ALL-UNNAMED --add-opens=java.base/sun.nio.fs=ALL-UNNAMED -Declipse.application=org.eclipse.jdt.ls.core.id1 -Dosgi.bundles.defaultStartLevel=4 -Declipse.product=org.eclipse.jdt.ls.core.product -Djava.import.generatesMetadataFilesAtProjectRoot=false -DDetectVMInstallationsJob.disabled=true -Dfile.encoding=utf8 -XX:+UseParallelGC -XX:GCTimeRatio=4 -XX:AdaptiveSizePolicyWeight=90 -Dsun.zip.disableMemoryMapping=true -Xmx2G -Xms100m -Xlog:disable -javaagent:c:\Users\TEJASHWINI S\.vscode\extensions\redhat.java-1.46.0-win32-x64\lombok\lombok-1.18.39-4050.jar -XX:+HeapDumpOnOutOfMemoryError -XX:HeapDumpPath=c:\Users\TEJASHWINI S\AppData\Roaming\Code\User\workspaceStorage\609db315db7d13efddf576384252da58\redhat.java -Daether.dependencyCollector.impl=bf c:\Users\TEJASHWINI S\.vscode\extensions\redhat.java-1.46.0-win32-x64\server\plugins\org.eclipse.equinox.launcher_1.7.0.v20250519-0528.jar -configuration c:\Users\TEJASHWINI S\AppData\Roaming\Code\User\globalStorage\redhat.java\1.46.0\config_win -data c:\Users\TEJASHWINI S\AppData\Roaming\Code\User\workspaceStorage\609db315db7d13efddf576384252da58\redhat.java\jdt_ws --pipe=\\.\pipe\lsp-9c99209c8ef4e2943e5e79cb56a4a105-sock

Host: AMD Ryzen 5 5500U with Radeon Graphics         , 12 cores, 5G,  Windows 11 , 64 bit Build 26100 (10.0.26100.5074)
Time: Mon Oct 13 13:58:13 2025 India Standard Time elapsed time: 213.998832 seconds (0d 0h 3m 33s)

---------------  T H R E A D  ---------------

Current thread (0x00000246e6e97350):  JavaThread "Attach Listener" daemon [_thread_in_vm, id=4448, stack(0x000000a131800000,0x000000a131900000) (1024K)]

Stack: [0x000000a131800000,0x000000a131900000]
Native frames: (J=compiled Java code, j=interpreted, Vv=VM code, C=native code)
V  [jvm.dll+0x6d2449]
V  [jvm.dll+0x8ae341]
V  [jvm.dll+0x8b08be]
V  [jvm.dll+0x8b0fa3]
V  [jvm.dll+0x280c96]
V  [jvm.dll+0xc0347]
V  [jvm.dll+0x6d2cf9]
V  [jvm.dll+0x131116]
V  [jvm.dll+0x3f2d16]
V  [jvm.dll+0x857e6b]
V  [jvm.dll+0x6d0b0d]
C  [ucrtbase.dll+0x37b0]
C  [KERNEL32.DLL+0x2e8d7]
C  [ntdll.dll+0x8d9c]


---------------  P R O C E S S  ---------------

Threads class SMR info:
_java_thread_list=0x00000246cdf27510, length=77, elements={
0x00000246e6df07a0, 0x00000246e6d9dd10, 0x00000246e6e942b0, 0x00000246e6e96900,
0x00000246e6e97350, 0x00000246e6e97da0, 0x00000246e6e987f0, 0x00000246e6eaa030,
0x00000246e6eac760, 0x00000246e6e5fc00, 0x00000246fee20970, 0x00000246c56dccd0,
0x00000246c56b0e30, 0x00000246feea22a0, 0x00000246fee95e30, 0x00000246c5ae2ea0,
0x00000246c51130c0, 0x00000246c58e55d0, 0x00000246c58e3b90, 0x00000246c58e4220,
0x00000246c58e48b0, 0x00000246c58e4f40, 0x00000246c5390340, 0x00000246c538cec0,
0x00000246c538d550, 0x00000246c53909d0, 0x00000246c538f620, 0x00000246c538fcb0,
0x00000246c538e900, 0x00000246c538ef90, 0x00000246c538e270, 0x00000246c5391060,
0x00000246c538dbe0, 0x00000246c5392410, 0x00000246c5392aa0, 0x00000246c5393e50,
0x00000246c5393130, 0x00000246c5391d80, 0x00000246c840da70, 0x00000246c840d3e0,
0x00000246c840e100, 0x00000246c840c030, 0x00000246c840e790, 0x00000246c840c6c0,
0x00000246c840b9a0, 0x00000246c840ee20, 0x00000246c840f4b0, 0x00000246c840fb40,
0x00000246c84101d0, 0x00000246c840cd50, 0x00000246c8410860, 0x00000246c8412930,
0x00000246c8410ef0, 0x00000246c84122a0, 0x00000246c8412fc0, 0x00000246c8411580,
0x00000246c8411c10, 0x00000246c863df80, 0x00000246c863eca0, 0x00000246c863c540,
0x00000246c863e610, 0x00000246c8641400, 0x00000246c8640050, 0x00000246c863f9c0,
0x00000246c8642120, 0x00000246c8640d70, 0x00000246c86427b0, 0x00000246c863f330,
0x00000246c7771180, 0x00000246c776f740, 0x00000246c7774600, 0x00000246c7772bc0,
0x00000246c7771810, 0x00000246c7773f70, 0x00000246c77759b0, 0x00000246c7773250,
0x00000246c77766d0
}

Java Threads: ( => current thread )
  0x00000246e6df07a0 JavaThread "main"                              [_thread_blocked, id=13640, stack(0x000000a131100000,0x000000a131200000) (1024K)]
  0x00000246e6d9dd10 JavaThread "Reference Handler"          daemon [_thread_blocked, id=28476, stack(0x000000a131500000,0x000000a131600000) (1024K)]
  0x00000246e6e942b0 JavaThread "Finalizer"                  daemon [_thread_blocked, id=31184, stack(0x000000a131600000,0x000000a131700000) (1024K)]
  0x00000246e6e96900 JavaThread "Signal Dispatcher"          daemon [_thread_blocked, id=13852, stack(0x000000a131700000,0x000000a131800000) (1024K)]
=>0x00000246e6e97350 JavaThread "Attach Listener"            daemon [_thread_in_vm, id=4448, stack(0x000000a131800000,0x000000a131900000) (1024K)]
  0x00000246e6e97da0 JavaThread "Service Thread"             daemon [_thread_blocked, id=8396, stack(0x000000a131900000,0x000000a131a00000) (1024K)]
  0x00000246e6e987f0 JavaThread "Monitor Deflation Thread"   daemon [_thread_blocked, id=1100, stack(0x000000a131a00000,0x000000a131b00000) (1024K)]
  0x00000246e6eaa030 JavaThread "C2 CompilerThread0"         daemon [_thread_blocked, id=18576, stack(0x000000a131b00000,0x000000a131c00000) (1024K)]
  0x00000246e6eac760 JavaThread "C1 CompilerThread0"         daemon [_thread_blocked, id=31012, stack(0x000000a131c00000,0x000000a131d00000) (1024K)]
  0x00000246e6e5fc00 JavaThread "Common-Cleaner"             daemon [_thread_blocked, id=2248, stack(0x000000a131d00000,0x000000a131e00000) (1024K)]
  0x00000246fee20970 JavaThread "Notification Thread"        daemon [_thread_blocked, id=9024, stack(0x000000a131f00000,0x000000a132000000) (1024K)]
  0x00000246c56dccd0 JavaThread "Active Thread: Equinox Container: 855d67a5-6502-4555-b7b5-e1ddb209d993"        [_thread_blocked, id=6548, stack(0x000000a132600000,0x000000a132700000) (1024K)]
  0x00000246c56b0e30 JavaThread "Refresh Thread: Equinox Container: 855d67a5-6502-4555-b7b5-e1ddb209d993" daemon [_thread_blocked, id=11080, stack(0x000000a132700000,0x000000a132800000) (1024K)]
  0x00000246feea22a0 JavaThread "Framework Event Dispatcher: Equinox Container: 855d67a5-6502-4555-b7b5-e1ddb209d993" daemon [_thread_blocked, id=31376, stack(0x000000a132800000,0x000000a132900000) (1024K)]
  0x00000246fee95e30 JavaThread "Start Level: Equinox Container: 855d67a5-6502-4555-b7b5-e1ddb209d993" daemon [_thread_blocked, id=16728, stack(0x000000a132900000,0x000000a132a00000) (1024K)]
  0x00000246c5ae2ea0 JavaThread "Bundle File Closer"         daemon [_thread_blocked, id=13028, stack(0x000000a132c00000,0x000000a132d00000) (1024K)]
  0x00000246c51130c0 JavaThread "SCR Component Actor"        daemon [_thread_blocked, id=13464, stack(0x000000a132d00000,0x000000a132e00000) (1024K)]
  0x00000246c58e55d0 JavaThread "Worker-JM"                         [_thread_blocked, id=22504, stack(0x000000a132e00000,0x000000a132f00000) (1024K)]
  0x00000246c58e3b90 JavaThread "JNA Cleaner"                daemon [_thread_blocked, id=30760, stack(0x000000a132f00000,0x000000a133000000) (1024K)]
  0x00000246c58e4220 JavaThread "Worker-1"                          [_thread_blocked, id=17196, stack(0x000000a133100000,0x000000a133200000) (1024K)]
  0x00000246c58e48b0 JavaThread "Java indexing"              daemon [_thread_blocked, id=21964, stack(0x000000a133300000,0x000000a133400000) (1024K)]
  0x00000246c58e4f40 JavaThread "Worker-3"                          [_thread_blocked, id=15900, stack(0x000000a133400000,0x000000a133500000) (1024K)]
  0x00000246c5390340 JavaThread "Thread-1"                   daemon [_thread_in_native, id=3648, stack(0x000000a133800000,0x000000a133900000) (1024K)]
  0x00000246c538cec0 JavaThread "Thread-2"                   daemon [_thread_in_native, id=13676, stack(0x000000a133900000,0x000000a133a00000) (1024K)]
  0x00000246c538d550 JavaThread "Thread-3"                   daemon [_thread_in_native, id=27504, stack(0x000000a133a00000,0x000000a133b00000) (1024K)]
  0x00000246c53909d0 JavaThread "Thread-4"                   daemon [_thread_in_native, id=17848, stack(0x000000a133b00000,0x000000a133c00000) (1024K)]
  0x00000246c538f620 JavaThread "Thread-5"                   daemon [_thread_in_native, id=15176, stack(0x000000a133c00000,0x000000a133d00000) (1024K)]
  0x00000246c538fcb0 JavaThread "Thread-6"                   daemon [_thread_in_native, id=2876, stack(0x000000a133d00000,0x000000a133e00000) (1024K)]
  0x00000246c538e900 JavaThread "Thread-7"                   daemon [_thread_in_native, id=1600, stack(0x000000a133e00000,0x000000a133f00000) (1024K)]
  0x00000246c538ef90 JavaThread "Thread-8"                   daemon [_thread_in_native, id=23560, stack(0x000000a133f00000,0x000000a134000000) (1024K)]
  0x00000246c538e270 JavaThread "Thread-9"                   daemon [_thread_in_native, id=9544, stack(0x000000a134000000,0x000000a134100000) (1024K)]
  0x00000246c5391060 JavaThread "Thread-10"                  daemon [_thread_in_native, id=3984, stack(0x000000a134100000,0x000000a134200000) (1024K)]
  0x00000246c538dbe0 JavaThread "Thread-11"                  daemon [_thread_in_native, id=31088, stack(0x000000a134200000,0x000000a134300000) (1024K)]
  0x00000246c5392410 JavaThread "Thread-12"                  daemon [_thread_in_native, id=21968, stack(0x000000a134300000,0x000000a134400000) (1024K)]
  0x00000246c5392aa0 JavaThread "Thread-13"                  daemon [_thread_in_native, id=16900, stack(0x000000a134400000,0x000000a134500000) (1024K)]
  0x00000246c5393e50 JavaThread "pool-2-thread-1"                   [_thread_blocked, id=28696, stack(0x000000a134500000,0x000000a134600000) (1024K)]
  0x00000246c5393130 JavaThread "WorkspaceEventsHandler"            [_thread_blocked, id=13592, stack(0x000000a134600000,0x000000a134700000) (1024K)]
  0x00000246c5391d80 JavaThread "pool-1-thread-1"                   [_thread_blocked, id=18692, stack(0x000000a134700000,0x000000a134800000) (1024K)]
  0x00000246c840da70 JavaThread "LocalFile Deleter"          daemon [_thread_blocked, id=6464, stack(0x000000a134a00000,0x000000a134b00000) (1024K)]
  0x00000246c840d3e0 JavaThread "LocalFile Deleter"          daemon [_thread_blocked, id=23612, stack(0x000000a134b00000,0x000000a134c00000) (1024K)]
  0x00000246c840e100 JavaThread "LocalFile Deleter"          daemon [_thread_blocked, id=22024, stack(0x000000a134c00000,0x000000a134d00000) (1024K)]
  0x00000246c840c030 JavaThread "LocalFile Deleter"          daemon [_thread_blocked, id=27196, stack(0x000000a134d00000,0x000000a134e00000) (1024K)]
  0x00000246c840e790 JavaThread "LocalFile Deleter"          daemon [_thread_blocked, id=26676, stack(0x000000a134e00000,0x000000a134f00000) (1024K)]
  0x00000246c840c6c0 JavaThread "LocalFile Deleter"          daemon [_thread_blocked, id=26272, stack(0x000000a134f00000,0x000000a135000000) (1024K)]
  0x00000246c840b9a0 JavaThread "LocalFile Deleter"          daemon [_thread_blocked, id=2128, stack(0x000000a135000000,0x000000a135100000) (1024K)]
  0x00000246c840ee20 JavaThread "LocalFile Deleter"          daemon [_thread_blocked, id=1752, stack(0x000000a135100000,0x000000a135200000) (1024K)]
  0x00000246c840f4b0 JavaThread "LocalFile Deleter"          daemon [_thread_blocked, id=20032, stack(0x000000a135200000,0x000000a135300000) (1024K)]
  0x00000246c840fb40 JavaThread "LocalFile Deleter"          daemon [_thread_blocked, id=4636, stack(0x000000a135300000,0x000000a135400000) (1024K)]
  0x00000246c84101d0 JavaThread "Compiler Source File Reader" daemon [_thread_blocked, id=6800, stack(0x000000a135400000,0x000000a135500000) (1024K)]
  0x00000246c840cd50 JavaThread "Compiler Source File Reader" daemon [_thread_blocked, id=16036, stack(0x000000a135500000,0x000000a135600000) (1024K)]
  0x00000246c8410860 JavaThread "Compiler Source File Reader" daemon [_thread_blocked, id=11708, stack(0x000000a135600000,0x000000a135700000) (1024K)]
  0x00000246c8412930 JavaThread "Compiler Source File Reader" daemon [_thread_blocked, id=26264, stack(0x000000a135700000,0x000000a135800000) (1024K)]
  0x00000246c8410ef0 JavaThread "Compiler Source File Reader" daemon [_thread_blocked, id=3040, stack(0x000000a135800000,0x000000a135900000) (1024K)]
  0x00000246c84122a0 JavaThread "Compiler Source File Reader" daemon [_thread_blocked, id=5172, stack(0x000000a135900000,0x000000a135a00000) (1024K)]
  0x00000246c8412fc0 JavaThread "Compiler Source File Reader" daemon [_thread_blocked, id=31396, stack(0x000000a135a00000,0x000000a135b00000) (1024K)]
  0x00000246c8411580 JavaThread "Compiler Source File Reader" daemon [_thread_blocked, id=9208, stack(0x000000a135b00000,0x000000a135c00000) (1024K)]
  0x00000246c8411c10 JavaThread "Compiler Source File Reader" daemon [_thread_blocked, id=24796, stack(0x000000a135c00000,0x000000a135d00000) (1024K)]
  0x00000246c863df80 JavaThread "Compiler Source File Reader" daemon [_thread_blocked, id=6232, stack(0x000000a135d00000,0x000000a135e00000) (1024K)]
  0x00000246c863eca0 JavaThread "Compiler Class File Writer" daemon [_thread_blocked, id=27344, stack(0x000000a136000000,0x000000a136100000) (1024K)]
  0x00000246c863c540 JavaThread "Compiler Class File Writer" daemon [_thread_blocked, id=11000, stack(0x000000a136100000,0x000000a136200000) (1024K)]
  0x00000246c863e610 JavaThread "Compiler Class File Writer" daemon [_thread_blocked, id=27764, stack(0x000000a136200000,0x000000a136300000) (1024K)]
  0x00000246c8641400 JavaThread "Compiler Class File Writer" daemon [_thread_blocked, id=1388, stack(0x000000a136300000,0x000000a136400000) (1024K)]
  0x00000246c8640050 JavaThread "Compiler Class File Writer" daemon [_thread_blocked, id=28252, stack(0x000000a136400000,0x000000a136500000) (1024K)]
  0x00000246c863f9c0 JavaThread "Compiler Class File Writer" daemon [_thread_blocked, id=8196, stack(0x000000a136500000,0x000000a136600000) (1024K)]
  0x00000246c8642120 JavaThread "Compiler Class File Writer" daemon [_thread_blocked, id=16640, stack(0x000000a136700000,0x000000a136800000) (1024K)]
  0x00000246c8640d70 JavaThread "Compiler Class File Writer" daemon [_thread_blocked, id=4536, stack(0x000000a136800000,0x000000a136900000) (1024K)]
  0x00000246c86427b0 JavaThread "Compiler Class File Writer" daemon [_thread_blocked, id=23752, stack(0x000000a136900000,0x000000a136a00000) (1024K)]
  0x00000246c863f330 JavaThread "Compiler Class File Writer" daemon [_thread_blocked, id=8260, stack(0x000000a136a00000,0x000000a136b00000) (1024K)]
  0x00000246c7771180 JavaThread "ForkJoinPool.commonPool-worker-3" daemon [_thread_blocked, id=27812, stack(0x000000a136b00000,0x000000a136c00000) (1024K)]
  0x00000246c776f740 JavaThread "ForkJoinPool.commonPool-worker-4" daemon [_thread_blocked, id=17944, stack(0x000000a136c00000,0x000000a136d00000) (1024K)]
  0x00000246c7774600 JavaThread "ForkJoinPool.commonPool-worker-5" daemon [_thread_blocked, id=25016, stack(0x000000a136d00000,0x000000a136e00000) (1024K)]
  0x00000246c7772bc0 JavaThread "ForkJoinPool.commonPool-worker-6" daemon [_thread_blocked, id=26704, stack(0x000000a136e00000,0x000000a136f00000) (1024K)]
  0x00000246c7771810 JavaThread "ForkJoinPool.commonPool-worker-7" daemon [_thread_blocked, id=11484, stack(0x000000a136f00000,0x000000a137000000) (1024K)]
  0x00000246c7773f70 JavaThread "ForkJoinPool.commonPool-worker-8" daemon [_thread_blocked, id=8264, stack(0x000000a137000000,0x000000a137100000) (1024K)]
  0x00000246c77759b0 JavaThread "ForkJoinPool.commonPool-worker-9" daemon [_thread_blocked, id=17180, stack(0x000000a137100000,0x000000a137200000) (1024K)]
  0x00000246c7773250 JavaThread "ForkJoinPool.commonPool-worker-10" daemon [_thread_blocked, id=23200, stack(0x000000a137200000,0x000000a137300000) (1024K)]
  0x00000246c77766d0 JavaThread "ForkJoinPool.commonPool-worker-11" daemon [_thread_blocked, id=30296, stack(0x000000a137300000,0x000000a137400000) (1024K)]
Total: 77

Other Threads:
  0x00000246e6d84a90 VMThread "VM Thread"                           [id=28660, stack(0x000000a131400000,0x000000a131500000) (1024K)]
  0x00000246e6c7ca00 WatcherThread "VM Periodic Task Thread"        [id=26948, stack(0x000000a131300000,0x000000a131400000) (1024K)]
  0x00000246e6e0f350 WorkerThread "GC Thread#0"                     [id=24844, stack(0x000000a131200000,0x000000a131300000) (1024K)]
  0x00000246c54cc930 WorkerThread "GC Thread#1"                     [id=5460, stack(0x000000a132000000,0x000000a132100000) (1024K)]
  0x00000246c54a41b0 WorkerThread "GC Thread#2"                     [id=16508, stack(0x000000a132100000,0x000000a132200000) (1024K)]
  0x00000246c52511f0 WorkerThread "GC Thread#3"                     [id=10372, stack(0x000000a132200000,0x000000a132300000) (1024K)]
  0x00000246c5251590 WorkerThread "GC Thread#4"                     [id=29404, stack(0x000000a132300000,0x000000a132400000) (1024K)]
  0x00000246c5251930 WorkerThread "GC Thread#5"                     [id=11088, stack(0x000000a132400000,0x000000a132500000) (1024K)]
  0x00000246c5251cd0 WorkerThread "GC Thread#6"                     [id=29996, stack(0x000000a132500000,0x000000a132600000) (1024K)]
  0x00000246e6eaeac0 WorkerThread "GC Thread#7"                     [id=17104, stack(0x000000a131e00000,0x000000a131f00000) (1024K)]
  0x00000246c5a8ffc0 WorkerThread "GC Thread#8"                     [id=13808, stack(0x000000a132a00000,0x000000a132b00000) (1024K)]
  0x00000246c59a4a20 WorkerThread "GC Thread#9"                     [id=21344, stack(0x000000a132b00000,0x000000a132c00000) (1024K)]
Total: 12

Threads with active compile tasks:
Total: 0

VM state: not at safepoint (normal execution)

VM Mutex/Monitor currently owned by a thread: None

Heap address: 0x0000000080000000, size: 2048 MB, Compressed Oops mode: 32-bit

CDS archive(s) mapped at: [0x0000024680000000-0x0000024680ba0000-0x0000024680ba0000), size 12189696, SharedBaseAddress: 0x0000024680000000, ArchiveRelocationMode: 1.
Compressed class space mapped at: 0x0000024681000000-0x00000246c1000000, reserved size: 1073741824
Narrow klass base: 0x0000024680000000, Narrow klass shift: 0, Narrow klass range: 0x100000000

GC Precious Log:
 CardTable entry size: 512
 CPUs: 12 total, 12 available
 Memory: 6005M
 Large Page Support: Disabled
 NUMA Support: Disabled
 Compressed Oops: Enabled (32-bit)
 Alignments: Space 512K, Generation 512K, Heap 2M
 Heap Min Capacity: 100M
 Heap Initial Capacity: 100M
 Heap Max Capacity: 2G
 Pre-touch: Disabled
 Parallel Workers: 10

Heap:
 PSYoungGen      total 2560K, used 622K [0x00000000d5580000, 0x00000000d5d00000, 0x0000000100000000)
  eden space 2048K, 14% used [0x00000000d5580000,0x00000000d55cba40,0x00000000d5780000)
  from space 512K, 62% used [0x00000000d5c80000,0x00000000d5cd0000,0x00000000d5d00000)
  to   space 512K, 0% used [0x00000000d5c00000,0x00000000d5c00000,0x00000000d5c80000)
 ParOldGen       total 119808K, used 119761K [0x0000000080000000, 0x0000000087500000, 0x00000000d5580000)
  object space 119808K, 99% used [0x0000000080000000,0x00000000874f4700,0x0000000087500000)
 Metaspace       used 69775K, committed 71424K, reserved 1114112K
  class space    used 7199K, committed 7872K, reserved 1048576K

Card table byte_map: [0x00000246e6790000,0x00000246e6ba0000] _byte_map_base: 0x00000246e6390000

Marking Bits: (ParMarkBitMap*) 0x00007ffdbe95a340
 Begin Bits: [0x00000246f9290000, 0x00000246fb290000)
 End Bits:   [0x00000246fb290000, 0x00000246fd290000)

Polling page: 0x00000246e4be0000

Metaspace:

Usage:
  Non-class:     61.11 MB used.
      Class:      7.03 MB used.
       Both:     68.14 MB used.

Virtual space:
  Non-class space:       64.00 MB reserved,      62.06 MB ( 97%) committed,  1 nodes.
      Class space:        1.00 GB reserved,       7.69 MB ( <1%) committed,  1 nodes.
             Both:        1.06 GB reserved,      69.75 MB (  6%) committed. 

Chunk freelists:
   Non-Class:  1.42 MB
       Class:  8.30 MB
        Both:  9.73 MB

MaxMetaspaceSize: unlimited
CompressedClassSpaceSize: 1.00 GB
Initial GC threshold: 21.00 MB
Current GC threshold: 97.31 MB
CDS: on
 - commit_granule_bytes: 65536.
 - commit_granule_words: 8192.
 - virtual_space_node_default_size: 8388608.
 - enlarge_chunks_in_place: 1.
 - use_allocation_guard: 0.


Internal statistics:

num_allocs_failed_limit: 9.
num_arena_births: 1436.
num_arena_deaths: 14.
num_vsnodes_births: 2.
num_vsnodes_deaths: 0.
num_space_committed: 1116.
num_space_uncommitted: 0.
num_chunks_returned_to_freelist: 23.
num_chunks_taken_from_freelist: 5010.
num_chunk_merges: 15.
num_chunk_splits: 2934.
num_chunks_enlarged: 1470.
num_inconsistent_stats: 0.

CodeHeap 'non-profiled nmethods': size=120000Kb used=7274Kb max_used=7274Kb free=112725Kb
 bounds [0x00000246f1ab0000, 0x00000246f21d0000, 0x00000246f8fe0000]
CodeHeap 'profiled nmethods': size=120000Kb used=30211Kb max_used=30211Kb free=89789Kb
 bounds [0x00000246e9fe0000, 0x00000246ebd70000, 0x00000246f1510000]
CodeHeap 'non-nmethods': size=5760Kb used=1461Kb max_used=1648Kb free=4298Kb
 bounds [0x00000246f1510000, 0x00000246f1780000, 0x00000246f1ab0000]
CodeCache: size=245760Kb, used=38946Kb, max_used=39133Kb, free=206812Kb
 total_blobs=14663, nmethods=13887, adapters=680, full_count=0
Compilation: enabled, stopped_count=0, restarted_count=0

Compilation events (20 events):
Event: 113.281 Thread 0x00000246e6eac760 14650       3       java.util.concurrent.ThreadPoolExecutor::beforeExecute (1 bytes)
Event: 113.282 Thread 0x00000246e6eac760 nmethod 14650 0x00000246ebd5d990 code [0x00000246ebd5db20, 0x00000246ebd5dc28]
Event: 138.114 Thread 0x00000246e6eac760 14651       3       java.util.concurrent.locks.LockSupport::setCurrentBlocker (14 bytes)
Event: 138.115 Thread 0x00000246e6eac760 nmethod 14651 0x00000246ebd5dc90 code [0x00000246ebd5de40, 0x00000246ebd5e068]
Event: 152.955 Thread 0x00000246e6eac760 14652       3       java.util.concurrent.ThreadPoolExecutor$Worker::tryAcquire (20 bytes)
Event: 152.956 Thread 0x00000246e6eac760 nmethod 14652 0x00000246ebd5e110 code [0x00000246ebd5e2c0, 0x00000246ebd5e4c8]
Event: 152.956 Thread 0x00000246e6eac760 14653       3       java.util.concurrent.ScheduledThreadPoolExecutor::canRunInCurrentRunState (61 bytes)
Event: 152.958 Thread 0x00000246e6eac760 nmethod 14653 0x00000246ebd5e590 code [0x00000246ebd5e7a0, 0x00000246ebd5ef50]
Event: 183.345 Thread 0x00000246e6eac760 14654       1       java.util.concurrent.ThreadPoolExecutor::getQueue (5 bytes)
Event: 183.347 Thread 0x00000246e6eac760 nmethod 14654 0x00000246f21ca790 code [0x00000246f21ca920, 0x00000246f21ca9e8]
Event: 183.347 Thread 0x00000246e6eac760 14655       3       java.util.concurrent.ThreadPoolExecutor::afterExecute (1 bytes)
Event: 183.348 Thread 0x00000246e6eac760 nmethod 14655 0x00000246ebd5f190 code [0x00000246ebd5f320, 0x00000246ebd5f428]
Event: 188.314 Thread 0x00000246e6eac760 14656       3       java.util.concurrent.atomic.AtomicLong::updateAndGet (59 bytes)
Event: 188.318 Thread 0x00000246e6eac760 nmethod 14656 0x00000246ebd5f490 code [0x00000246ebd5f680, 0x00000246ebd5fb88]
Event: 188.318 Thread 0x00000246e6eac760 14657       3       org.eclipse.core.internal.jobs.JobManager$$Lambda/0x0000024681225800::applyAsLong (9 bytes)
Event: 188.318 Thread 0x00000246e6eac760 nmethod 14657 0x00000246ebd5fe10 code [0x00000246ebd5ffe0, 0x00000246ebd60238]
Event: 188.318 Thread 0x00000246e6eac760 14658       3       org.eclipse.core.internal.jobs.JobManager::lambda$3 (9 bytes)
Event: 188.319 Thread 0x00000246e6eac760 nmethod 14658 0x00000246ebd60390 code [0x00000246ebd60540, 0x00000246ebd60728]
Event: 188.319 Thread 0x00000246e6eac760 14659       3       java.util.concurrent.atomic.AtomicLong::weakCompareAndSetVolatile (13 bytes)
Event: 188.319 Thread 0x00000246e6eac760 nmethod 14659 0x00000246ebd60810 code [0x00000246ebd609c0, 0x00000246ebd60b20]

GC Heap History (20 events):
Event: 68.120 GC heap before
{Heap before GC invocations=158 (full 3):
 PSYoungGen      total 2560K, used 2544K [0x00000000d5580000, 0x00000000d5d80000, 0x0000000100000000)
  eden space 2048K, 100% used [0x00000000d5580000,0x00000000d5780000,0x00000000d5780000)
  from space 512K, 96% used [0x00000000d5d00000,0x00000000d5d7c010,0x00000000d5d80000)
  to   space 512K, 0% used [0x00000000d5c80000,0x00000000d5c80000,0x00000000d5d00000)
 ParOldGen       total 117760K, used 117558K [0x0000000080000000, 0x0000000087300000, 0x00000000d5580000)
  object space 117760K, 99% used [0x0000000080000000,0x00000000872cda18,0x0000000087300000)
 Metaspace       used 68755K, committed 70272K, reserved 1114112K
  class space    used 7115K, committed 7744K, reserved 1048576K
}
Event: 68.121 GC heap after
{Heap after GC invocations=158 (full 3):
 PSYoungGen      total 2560K, used 352K [0x00000000d5580000, 0x00000000d5d80000, 0x0000000100000000)
  eden space 2048K, 0% used [0x00000000d5580000,0x00000000d5580000,0x00000000d5780000)
  from space 512K, 68% used [0x00000000d5c80000,0x00000000d5cd8000,0x00000000d5d00000)
  to   space 512K, 0% used [0x00000000d5d00000,0x00000000d5d00000,0x00000000d5d80000)
 ParOldGen       total 118272K, used 117888K [0x0000000080000000, 0x0000000087380000, 0x00000000d5580000)
  object space 118272K, 99% used [0x0000000080000000,0x0000000087320018,0x0000000087380000)
 Metaspace       used 68755K, committed 70272K, reserved 1114112K
  class space    used 7115K, committed 7744K, reserved 1048576K
}
Event: 68.221 GC heap before
{Heap before GC invocations=159 (full 3):
 PSYoungGen      total 2560K, used 2400K [0x00000000d5580000, 0x00000000d5d80000, 0x0000000100000000)
  eden space 2048K, 100% used [0x00000000d5580000,0x00000000d5780000,0x00000000d5780000)
  from space 512K, 68% used [0x00000000d5c80000,0x00000000d5cd8000,0x00000000d5d00000)
  to   space 512K, 0% used [0x00000000d5d00000,0x00000000d5d00000,0x00000000d5d80000)
 ParOldGen       total 118272K, used 117888K [0x0000000080000000, 0x0000000087380000, 0x00000000d5580000)
  object space 118272K, 99% used [0x0000000080000000,0x0000000087320018,0x0000000087380000)
 Metaspace       used 68977K, committed 70592K, reserved 1114112K
  class space    used 7135K, committed 7808K, reserved 1048576K
}
Event: 68.222 GC heap after
{Heap after GC invocations=159 (full 3):
 PSYoungGen      total 2560K, used 448K [0x00000000d5580000, 0x00000000d5d80000, 0x0000000100000000)
  eden space 2048K, 0% used [0x00000000d5580000,0x00000000d5580000,0x00000000d5780000)
  from space 512K, 87% used [0x00000000d5d00000,0x00000000d5d70000,0x00000000d5d80000)
  to   space 512K, 0% used [0x00000000d5c80000,0x00000000d5c80000,0x00000000d5d00000)
 ParOldGen       total 118272K, used 118053K [0x0000000080000000, 0x0000000087380000, 0x00000000d5580000)
  object space 118272K, 99% used [0x0000000080000000,0x0000000087349428,0x0000000087380000)
 Metaspace       used 68977K, committed 70592K, reserved 1114112K
  class space    used 7135K, committed 7808K, reserved 1048576K
}
Event: 68.278 GC heap before
{Heap before GC invocations=160 (full 3):
 PSYoungGen      total 2560K, used 2496K [0x00000000d5580000, 0x00000000d5d80000, 0x0000000100000000)
  eden space 2048K, 100% used [0x00000000d5580000,0x00000000d5780000,0x00000000d5780000)
  from space 512K, 87% used [0x00000000d5d00000,0x00000000d5d70000,0x00000000d5d80000)
  to   space 512K, 0% used [0x00000000d5c80000,0x00000000d5c80000,0x00000000d5d00000)
 ParOldGen       total 118272K, used 118053K [0x0000000080000000, 0x0000000087380000, 0x00000000d5580000)
  object space 118272K, 99% used [0x0000000080000000,0x0000000087349428,0x0000000087380000)
 Metaspace       used 69110K, committed 70656K, reserved 1114112K
  class space    used 7138K, committed 7808K, reserved 1048576K
}
Event: 68.279 GC heap after
{Heap after GC invocations=160 (full 3):
 PSYoungGen      total 2560K, used 496K [0x00000000d5580000, 0x00000000d5d80000, 0x0000000100000000)
  eden space 2048K, 0% used [0x00000000d5580000,0x00000000d5580000,0x00000000d5780000)
  from space 512K, 96% used [0x00000000d5c80000,0x00000000d5cfc238,0x00000000d5d00000)
  to   space 512K, 0% used [0x00000000d5d00000,0x00000000d5d00000,0x00000000d5d80000)
 ParOldGen       total 118784K, used 118589K [0x0000000080000000, 0x0000000087400000, 0x00000000d5580000)
  object space 118784K, 99% used [0x0000000080000000,0x00000000873cf670,0x0000000087400000)
 Metaspace       used 69110K, committed 70656K, reserved 1114112K
  class space    used 7138K, committed 7808K, reserved 1048576K
}
Event: 68.322 GC heap before
{Heap before GC invocations=161 (full 3):
 PSYoungGen      total 2560K, used 2544K [0x00000000d5580000, 0x00000000d5d80000, 0x0000000100000000)
  eden space 2048K, 100% used [0x00000000d5580000,0x00000000d5780000,0x00000000d5780000)
  from space 512K, 96% used [0x00000000d5c80000,0x00000000d5cfc238,0x00000000d5d00000)
  to   space 512K, 0% used [0x00000000d5d00000,0x00000000d5d00000,0x00000000d5d80000)
 ParOldGen       total 118784K, used 118589K [0x0000000080000000, 0x0000000087400000, 0x00000000d5580000)
  object space 118784K, 99% used [0x0000000080000000,0x00000000873cf670,0x0000000087400000)
 Metaspace       used 69323K, committed 70912K, reserved 1114112K
  class space    used 7167K, committed 7808K, reserved 1048576K
}
Event: 68.323 GC heap after
{Heap after GC invocations=161 (full 3):
 PSYoungGen      total 2560K, used 352K [0x00000000d5580000, 0x00000000d5d80000, 0x0000000100000000)
  eden space 2048K, 0% used [0x00000000d5580000,0x00000000d5580000,0x00000000d5780000)
  from space 512K, 68% used [0x00000000d5d00000,0x00000000d5d58000,0x00000000d5d80000)
  to   space 1024K, 0% used [0x00000000d5b80000,0x00000000d5b80000,0x00000000d5c80000)
 ParOldGen       total 118784K, used 118645K [0x0000000080000000, 0x0000000087400000, 0x00000000d5580000)
  object space 118784K, 99% used [0x0000000080000000,0x00000000873dd670,0x0000000087400000)
 Metaspace       used 69323K, committed 70912K, reserved 1114112K
  class space    used 7167K, committed 7808K, reserved 1048576K
}
Event: 68.386 GC heap before
{Heap before GC invocations=162 (full 3):
 PSYoungGen      total 2560K, used 2394K [0x00000000d5580000, 0x00000000d5d80000, 0x0000000100000000)
  eden space 2048K, 99% used [0x00000000d5580000,0x00000000d577eb88,0x00000000d5780000)
  from space 512K, 68% used [0x00000000d5d00000,0x00000000d5d58000,0x00000000d5d80000)
  to   space 1024K, 0% used [0x00000000d5b80000,0x00000000d5b80000,0x00000000d5c80000)
 ParOldGen       total 118784K, used 118645K [0x0000000080000000, 0x0000000087400000, 0x00000000d5580000)
  object space 118784K, 99% used [0x0000000080000000,0x00000000873dd670,0x0000000087400000)
 Metaspace       used 69424K, committed 70976K, reserved 1114112K
  class space    used 7174K, committed 7808K, reserved 1048576K
}
Event: 68.387 GC heap after
{Heap after GC invocations=162 (full 3):
 PSYoungGen      total 3072K, used 532K [0x00000000d5580000, 0x00000000d5d80000, 0x0000000100000000)
  eden space 2048K, 0% used [0x00000000d5580000,0x00000000d5580000,0x00000000d5780000)
  from space 1024K, 51% used [0x00000000d5b80000,0x00000000d5c05100,0x00000000d5c80000)
  to   space 1024K, 0% used [0x00000000d5c80000,0x00000000d5c80000,0x00000000d5d80000)
 ParOldGen       total 118784K, used 118773K [0x0000000080000000, 0x0000000087400000, 0x00000000d5580000)
  object space 118784K, 99% used [0x0000000080000000,0x00000000873fd670,0x0000000087400000)
 Metaspace       used 69424K, committed 70976K, reserved 1114112K
  class space    used 7174K, committed 7808K, reserved 1048576K
}
Event: 70.634 GC heap before
{Heap before GC invocations=163 (full 3):
 PSYoungGen      total 3072K, used 2580K [0x00000000d5580000, 0x00000000d5d80000, 0x0000000100000000)
  eden space 2048K, 100% used [0x00000000d5580000,0x00000000d5780000,0x00000000d5780000)
  from space 1024K, 51% used [0x00000000d5b80000,0x00000000d5c05100,0x00000000d5c80000)
  to   space 1024K, 0% used [0x00000000d5c80000,0x00000000d5c80000,0x00000000d5d80000)
 ParOldGen       total 118784K, used 118773K [0x0000000080000000, 0x0000000087400000, 0x00000000d5580000)
  object space 118784K, 99% used [0x0000000080000000,0x00000000873fd670,0x0000000087400000)
 Metaspace       used 69481K, committed 71040K, reserved 1114112K
  class space    used 7178K, committed 7808K, reserved 1048576K
}
Event: 70.635 GC heap after
{Heap after GC invocations=163 (full 3):
 PSYoungGen      total 2560K, used 384K [0x00000000d5580000, 0x00000000d5d00000, 0x0000000100000000)
  eden space 2048K, 0% used [0x00000000d5580000,0x00000000d5580000,0x00000000d5780000)
  from space 512K, 75% used [0x00000000d5c80000,0x00000000d5ce0000,0x00000000d5d00000)
  to   space 512K, 0% used [0x00000000d5c00000,0x00000000d5c00000,0x00000000d5c80000)
 ParOldGen       total 119296K, used 119031K [0x0000000080000000, 0x0000000087480000, 0x00000000d5580000)
  object space 119296K, 99% used [0x0000000080000000,0x000000008743de60,0x0000000087480000)
 Metaspace       used 69481K, committed 71040K, reserved 1114112K
  class space    used 7178K, committed 7808K, reserved 1048576K
}
Event: 71.065 GC heap before
{Heap before GC invocations=164 (full 3):
 PSYoungGen      total 2560K, used 2405K [0x00000000d5580000, 0x00000000d5d00000, 0x0000000100000000)
  eden space 2048K, 98% used [0x00000000d5580000,0x00000000d57795b8,0x00000000d5780000)
  from space 512K, 75% used [0x00000000d5c80000,0x00000000d5ce0000,0x00000000d5d00000)
  to   space 512K, 0% used [0x00000000d5c00000,0x00000000d5c00000,0x00000000d5c80000)
 ParOldGen       total 119296K, used 119031K [0x0000000080000000, 0x0000000087480000, 0x00000000d5580000)
  object space 119296K, 99% used [0x0000000080000000,0x000000008743de60,0x0000000087480000)
 Metaspace       used 69596K, committed 71104K, reserved 1114112K
  class space    used 7187K, committed 7808K, reserved 1048576K
}
Event: 71.067 GC heap after
{Heap after GC invocations=164 (full 3):
 PSYoungGen      total 2560K, used 288K [0x00000000d5580000, 0x00000000d5d00000, 0x0000000100000000)
  eden space 2048K, 0% used [0x00000000d5580000,0x00000000d5580000,0x00000000d5780000)
  from space 512K, 56% used [0x00000000d5c00000,0x00000000d5c48000,0x00000000d5c80000)
  to   space 512K, 0% used [0x00000000d5c80000,0x00000000d5c80000,0x00000000d5d00000)
 ParOldGen       total 119296K, used 119225K [0x0000000080000000, 0x0000000087480000, 0x00000000d5580000)
  object space 119296K, 99% used [0x0000000080000000,0x000000008746e688,0x0000000087480000)
 Metaspace       used 69596K, committed 71104K, reserved 1114112K
  class space    used 7187K, committed 7808K, reserved 1048576K
}
Event: 71.339 GC heap before
{Heap before GC invocations=165 (full 3):
 PSYoungGen      total 2560K, used 2265K [0x00000000d5580000, 0x00000000d5d00000, 0x0000000100000000)
  eden space 2048K, 96% used [0x00000000d5580000,0x00000000d576e498,0x00000000d5780000)
  from space 512K, 56% used [0x00000000d5c00000,0x00000000d5c48000,0x00000000d5c80000)
  to   space 512K, 0% used [0x00000000d5c80000,0x00000000d5c80000,0x00000000d5d00000)
 ParOldGen       total 119296K, used 119225K [0x0000000080000000, 0x0000000087480000, 0x00000000d5580000)
  object space 119296K, 99% used [0x0000000080000000,0x000000008746e688,0x0000000087480000)
 Metaspace       used 69703K, committed 71360K, reserved 1114112K
  class space    used 7197K, committed 7872K, reserved 1048576K
}
Event: 71.340 GC heap after
{Heap after GC invocations=165 (full 3):
 PSYoungGen      total 2560K, used 295K [0x00000000d5580000, 0x00000000d5d00000, 0x0000000100000000)
  eden space 2048K, 0% used [0x00000000d5580000,0x00000000d5580000,0x00000000d5780000)
  from space 512K, 57% used [0x00000000d5c80000,0x00000000d5cc9e90,0x00000000d5d00000)
  to   space 512K, 0% used [0x00000000d5c00000,0x00000000d5c00000,0x00000000d5c80000)
 ParOldGen       total 119808K, used 119305K [0x0000000080000000, 0x0000000087500000, 0x00000000d5580000)
  object space 119808K, 99% used [0x0000000080000000,0x0000000087482688,0x0000000087500000)
 Metaspace       used 69703K, committed 71360K, reserved 1114112K
  class space    used 7197K, committed 7872K, reserved 1048576K
}
Event: 77.798 GC heap before
{Heap before GC invocations=166 (full 3):
 PSYoungGen      total 2560K, used 2343K [0x00000000d5580000, 0x00000000d5d00000, 0x0000000100000000)
  eden space 2048K, 100% used [0x00000000d5580000,0x00000000d5780000,0x00000000d5780000)
  from space 512K, 57% used [0x00000000d5c80000,0x00000000d5cc9e90,0x00000000d5d00000)
  to   space 512K, 0% used [0x00000000d5c00000,0x00000000d5c00000,0x00000000d5c80000)
 ParOldGen       total 119808K, used 119305K [0x0000000080000000, 0x0000000087500000, 0x00000000d5580000)
  object space 119808K, 99% used [0x0000000080000000,0x0000000087482688,0x0000000087500000)
 Metaspace       used 69733K, committed 71360K, reserved 1114112K
  class space    used 7199K, committed 7872K, reserved 1048576K
}
Event: 77.800 GC heap after
{Heap after GC invocations=166 (full 3):
 PSYoungGen      total 2560K, used 483K [0x00000000d5580000, 0x00000000d5d00000, 0x0000000100000000)
  eden space 2048K, 0% used [0x00000000d5580000,0x00000000d5580000,0x00000000d5780000)
  from space 512K, 94% used [0x00000000d5c00000,0x00000000d5c78df8,0x00000000d5c80000)
  to   space 512K, 0% used [0x00000000d5c80000,0x00000000d5c80000,0x00000000d5d00000)
 ParOldGen       total 119808K, used 119442K [0x0000000080000000, 0x0000000087500000, 0x00000000d5580000)
  object space 119808K, 99% used [0x0000000080000000,0x00000000874a4978,0x0000000087500000)
 Metaspace       used 69733K, committed 71360K, reserved 1114112K
  class space    used 7199K, committed 7872K, reserved 1048576K
}
Event: 78.104 GC heap before
{Heap before GC invocations=167 (full 3):
 PSYoungGen      total 2560K, used 2531K [0x00000000d5580000, 0x00000000d5d00000, 0x0000000100000000)
  eden space 2048K, 100% used [0x00000000d5580000,0x00000000d5780000,0x00000000d5780000)
  from space 512K, 94% used [0x00000000d5c00000,0x00000000d5c78df8,0x00000000d5c80000)
  to   space 512K, 0% used [0x00000000d5c80000,0x00000000d5c80000,0x00000000d5d00000)
 ParOldGen       total 119808K, used 119442K [0x0000000080000000, 0x0000000087500000, 0x00000000d5580000)
  object space 119808K, 99% used [0x0000000080000000,0x00000000874a4978,0x0000000087500000)
 Metaspace       used 69770K, committed 71424K, reserved 1114112K
  class space    used 7199K, committed 7872K, reserved 1048576K
}
Event: 78.105 GC heap after
{Heap after GC invocations=167 (full 3):
 PSYoungGen      total 2560K, used 320K [0x00000000d5580000, 0x00000000d5d00000, 0x0000000100000000)
  eden space 2048K, 0% used [0x00000000d5580000,0x00000000d5580000,0x00000000d5780000)
  from space 512K, 62% used [0x00000000d5c80000,0x00000000d5cd0000,0x00000000d5d00000)
  to   space 512K, 0% used [0x00000000d5c00000,0x00000000d5c00000,0x00000000d5c80000)
 ParOldGen       total 119808K, used 119761K [0x0000000080000000, 0x0000000087500000, 0x00000000d5580000)
  object space 119808K, 99% used [0x0000000080000000,0x00000000874f4700,0x0000000087500000)
 Metaspace       used 69770K, committed 71424K, reserved 1114112K
  class space    used 7199K, committed 7872K, reserved 1048576K
}

Dll operation events (10 events):
Event: 0.056 Loaded shared library c:\Users\TEJASHWINI S\.vscode\extensions\redhat.java-1.46.0-win32-x64\jre\21.0.8-win32-x86_64\bin\java.dll
Event: 0.172 Loaded shared library c:\Users\TEJASHWINI S\.vscode\extensions\redhat.java-1.46.0-win32-x64\jre\21.0.8-win32-x86_64\bin\zip.dll
Event: 0.199 Loaded shared library C:\Users\TEJASHWINI S\.vscode\extensions\redhat.java-1.46.0-win32-x64\jre\21.0.8-win32-x86_64\bin\instrument.dll
Event: 0.209 Loaded shared library C:\Users\TEJASHWINI S\.vscode\extensions\redhat.java-1.46.0-win32-x64\jre\21.0.8-win32-x86_64\bin\net.dll
Event: 0.215 Loaded shared library C:\Users\TEJASHWINI S\.vscode\extensions\redhat.java-1.46.0-win32-x64\jre\21.0.8-win32-x86_64\bin\nio.dll
Event: 0.219 Loaded shared library C:\Users\TEJASHWINI S\.vscode\extensions\redhat.java-1.46.0-win32-x64\jre\21.0.8-win32-x86_64\bin\zip.dll
Event: 0.249 Loaded shared library C:\Users\TEJASHWINI S\.vscode\extensions\redhat.java-1.46.0-win32-x64\jre\21.0.8-win32-x86_64\bin\jimage.dll
Event: 0.383 Loaded shared library c:\Users\TEJASHWINI S\.vscode\extensions\redhat.java-1.46.0-win32-x64\jre\21.0.8-win32-x86_64\bin\verify.dll
Event: 24.761 Loaded shared library C:\Users\TEJASHWINI S\AppData\Roaming\Code\User\globalStorage\redhat.java\1.46.0\config_win\org.eclipse.equinox.launcher\org.eclipse.equinox.launcher.win32.win32.x86_64_1.2.1400.v20250801-0854\eclipse_11916.dll
Event: 49.593 Loaded shared library C:\Users\TEJASHWINI S\AppData\Local\Temp\jna-300574461\jna15480619470351618916.dll

Deoptimization events (20 events):
Event: 71.327 Thread 0x00000246c7770af0 DEOPT PACKING pc=0x00000246f1b3597c sp=0x000000a1310fd230
Event: 71.327 Thread 0x00000246c7770af0 DEOPT UNPACKING pc=0x00000246f1563aa2 sp=0x000000a1310fd180 mode 2
Event: 77.782 Thread 0x00000246c7770af0 DEOPT PACKING pc=0x00000246eb961db9 sp=0x000000a1310fdd20
Event: 77.782 Thread 0x00000246c7770af0 DEOPT UNPACKING pc=0x00000246f1564242 sp=0x000000a1310fd220 mode 0
Event: 77.807 Thread 0x00000246c8641a90 Uncommon trap: trap_request=0xffffffbe fr.pc=0x00000246f218bca4 relative=0x00000000000003c4
Event: 77.807 Thread 0x00000246c8641a90 Uncommon trap: reason=profile_predicate action=maybe_recompile pc=0x00000246f218bca4 method=java.util.Arrays.binarySearch0([Ljava/lang/Object;IILjava/lang/Object;)I @ 12 c2
Event: 77.807 Thread 0x00000246c8641a90 DEOPT PACKING pc=0x00000246f218bca4 sp=0x000000a1366fe120
Event: 77.807 Thread 0x00000246c8641a90 DEOPT UNPACKING pc=0x00000246f1563aa2 sp=0x000000a1366fe0a0 mode 2
Event: 77.807 Thread 0x00000246c8641a90 Uncommon trap: trap_request=0xffffffbe fr.pc=0x00000246f218bca4 relative=0x00000000000003c4
Event: 77.807 Thread 0x00000246c8641a90 Uncommon trap: reason=profile_predicate action=maybe_recompile pc=0x00000246f218bca4 method=java.util.Arrays.binarySearch0([Ljava/lang/Object;IILjava/lang/Object;)I @ 12 c2
Event: 77.807 Thread 0x00000246c8641a90 DEOPT PACKING pc=0x00000246f218bca4 sp=0x000000a1366fe120
Event: 77.807 Thread 0x00000246c8641a90 DEOPT UNPACKING pc=0x00000246f1563aa2 sp=0x000000a1366fe0a0 mode 2
Event: 77.825 Thread 0x00000246c8641a90 Uncommon trap: trap_request=0xffffffbe fr.pc=0x00000246f218bca4 relative=0x00000000000003c4
Event: 77.825 Thread 0x00000246c8641a90 Uncommon trap: reason=profile_predicate action=maybe_recompile pc=0x00000246f218bca4 method=java.util.Arrays.binarySearch0([Ljava/lang/Object;IILjava/lang/Object;)I @ 12 c2
Event: 77.825 Thread 0x00000246c8641a90 DEOPT PACKING pc=0x00000246f218bca4 sp=0x000000a1366fde80
Event: 77.826 Thread 0x00000246c8641a90 DEOPT UNPACKING pc=0x00000246f1563aa2 sp=0x000000a1366fde00 mode 2
Event: 77.826 Thread 0x00000246c8641a90 Uncommon trap: trap_request=0xffffffbe fr.pc=0x00000246f218bca4 relative=0x00000000000003c4
Event: 77.826 Thread 0x00000246c8641a90 Uncommon trap: reason=profile_predicate action=maybe_recompile pc=0x00000246f218bca4 method=java.util.Arrays.binarySearch0([Ljava/lang/Object;IILjava/lang/Object;)I @ 12 c2
Event: 77.826 Thread 0x00000246c8641a90 DEOPT PACKING pc=0x00000246f218bca4 sp=0x000000a1366fde80
Event: 77.826 Thread 0x00000246c8641a90 DEOPT UNPACKING pc=0x00000246f1563aa2 sp=0x000000a1366fde00 mode 2

Classes loaded (20 events):
Event: 64.231 Loading class java/util/Collections$SynchronizedRandomAccessList
Event: 64.232 Loading class java/util/Collections$SynchronizedList
Event: 64.232 Loading class java/util/Collections$SynchronizedList done
Event: 64.232 Loading class java/util/Collections$SynchronizedRandomAccessList done
Event: 64.248 Loading class java/util/concurrent/CompletableFuture$Signaller
Event: 64.249 Loading class java/util/concurrent/CompletableFuture$Signaller done
Event: 64.809 Loading class java/nio/charset/CharacterCodingException
Event: 64.810 Loading class java/nio/charset/CharacterCodingException done
Event: 64.810 Loading class java/io/SequenceInputStream
Event: 64.811 Loading class java/io/SequenceInputStream done
Event: 64.884 Loading class java/util/concurrent/CompletableFuture$UniApply
Event: 64.884 Loading class java/util/concurrent/CompletableFuture$UniApply done
Event: 64.885 Loading class java/util/concurrent/CompletableFuture$UniExceptionally
Event: 64.885 Loading class java/util/concurrent/CompletableFuture$UniExceptionally done
Event: 65.057 Loading class java/util/Hashtable$KeySet
Event: 65.060 Loading class java/util/Hashtable$KeySet done
Event: 65.625 Loading class java/lang/invoke/MethodHandleImpl$CountingWrapper$1
Event: 65.625 Loading class java/lang/invoke/MethodHandleImpl$CountingWrapper$1 done
Event: 65.738 Loading class java/lang/UnsupportedClassVersionError
Event: 65.739 Loading class java/lang/UnsupportedClassVersionError done

Classes unloaded (7 events):
Event: 50.539 Thread 0x00000246e6d84a90 Unloading class 0x00000246811a8c00 'java/lang/invoke/LambdaForm$MH+0x00000246811a8c00'
Event: 50.541 Thread 0x00000246e6d84a90 Unloading class 0x00000246811a8800 'java/lang/invoke/LambdaForm$MH+0x00000246811a8800'
Event: 50.541 Thread 0x00000246e6d84a90 Unloading class 0x00000246811a8400 'java/lang/invoke/LambdaForm$MH+0x00000246811a8400'
Event: 50.541 Thread 0x00000246e6d84a90 Unloading class 0x00000246811a8000 'java/lang/invoke/LambdaForm$MH+0x00000246811a8000'
Event: 50.541 Thread 0x00000246e6d84a90 Unloading class 0x00000246811a7c00 'java/lang/invoke/LambdaForm$BMH+0x00000246811a7c00'
Event: 50.541 Thread 0x00000246e6d84a90 Unloading class 0x00000246811a7800 'java/lang/invoke/LambdaForm$DMH+0x00000246811a7800'
Event: 50.541 Thread 0x00000246e6d84a90 Unloading class 0x00000246811a6400 'java/lang/invoke/LambdaForm$DMH+0x00000246811a6400'

Classes redefined (0 events):
No events

Internal exceptions (20 events):
Event: 66.577 Thread 0x00000246c7771180 Exception <a 'sun/nio/fs/WindowsException'{0x00000000d5752cc8}> (0x00000000d5752cc8) 
thrown [s\src\hotspot\share\prims\jni.cpp, line 520]
Event: 66.577 Thread 0x00000246c7771180 Exception <a 'sun/nio/fs/WindowsException'{0x00000000d5753818}> (0x00000000d5753818) 
thrown [s\src\hotspot\share\prims\jni.cpp, line 520]
Event: 66.578 Thread 0x00000246c7771180 Exception <a 'sun/nio/fs/WindowsException'{0x00000000d5761198}> (0x00000000d5761198) 
thrown [s\src\hotspot\share\prims\jni.cpp, line 520]
Event: 66.578 Thread 0x00000246c7771180 Exception <a 'sun/nio/fs/WindowsException'{0x00000000d5761a78}> (0x00000000d5761a78) 
thrown [s\src\hotspot\share\prims\jni.cpp, line 520]
Event: 66.578 Thread 0x00000246c7771180 Exception <a 'sun/nio/fs/WindowsException'{0x00000000d576d1c0}> (0x00000000d576d1c0) 
thrown [s\src\hotspot\share\prims\jni.cpp, line 520]
Event: 66.578 Thread 0x00000246c7771180 Exception <a 'sun/nio/fs/WindowsException'{0x00000000d576dd10}> (0x00000000d576dd10) 
thrown [s\src\hotspot\share\prims\jni.cpp, line 520]
Event: 66.607 Thread 0x00000246c7771180 Exception <a 'sun/nio/fs/WindowsException'{0x00000000d570bb98}> (0x00000000d570bb98) 
thrown [s\src\hotspot\share\prims\jni.cpp, line 520]
Event: 66.607 Thread 0x00000246c7771180 Exception <a 'sun/nio/fs/WindowsException'{0x00000000d5724600}> (0x00000000d5724600) 
thrown [s\src\hotspot\share\prims\jni.cpp, line 520]
Event: 66.608 Thread 0x00000246c7771180 Exception <a 'sun/nio/fs/WindowsException'{0x00000000d572a988}> (0x00000000d572a988) 
thrown [s\src\hotspot\share\prims\jni.cpp, line 520]
Event: 66.608 Thread 0x00000246c7771180 Exception <a 'sun/nio/fs/WindowsException'{0x00000000d572e8d0}> (0x00000000d572e8d0) 
thrown [s\src\hotspot\share\prims\jni.cpp, line 520]
Event: 66.612 Thread 0x00000246c7771180 Exception <a 'sun/nio/fs/WindowsException'{0x00000000d5750df8}> (0x00000000d5750df8) 
thrown [s\src\hotspot\share\prims\jni.cpp, line 520]
Event: 66.612 Thread 0x00000246c7771180 Exception <a 'sun/nio/fs/WindowsException'{0x00000000d575d390}> (0x00000000d575d390) 
thrown [s\src\hotspot\share\prims\jni.cpp, line 520]
Event: 66.614 Thread 0x00000246c7771180 Exception <a 'sun/nio/fs/WindowsException'{0x00000000d5763b60}> (0x00000000d5763b60) 
thrown [s\src\hotspot\share\prims\jni.cpp, line 520]
Event: 66.614 Thread 0x00000246c7771180 Exception <a 'sun/nio/fs/WindowsException'{0x00000000d5767c08}> (0x00000000d5767c08) 
thrown [s\src\hotspot\share\prims\jni.cpp, line 520]
Event: 66.640 Thread 0x00000246c7771180 Exception <a 'sun/nio/fs/WindowsException'{0x00000000d55bd3c0}> (0x00000000d55bd3c0) 
thrown [s\src\hotspot\share\prims\jni.cpp, line 520]
Event: 66.640 Thread 0x00000246c7771180 Exception <a 'sun/nio/fs/WindowsException'{0x00000000d55bdf08}> (0x00000000d55bdf08) 
thrown [s\src\hotspot\share\prims\jni.cpp, line 520]
Event: 66.962 Thread 0x00000246c863beb0 Exception <a 'java/lang/NoSuchMethodError'{0x00000000d56d9df0}: 'java.lang.Object java.lang.invoke.DirectMethodHandle$Holder.invokeStatic(java.lang.Object, java.lang.Object, int, java.lang.Object)'> (0x00000000d56d9df0) 
thrown [s\src\hotspot\share\interpreter\linkResolver.cpp, line 773]
Event: 68.732 Thread 0x00000246c7770af0 Implicit null exception at 0x00000246f212035a to 0x00000246f21203b3
Event: 71.005 Thread 0x00000246c5391d80 Exception <a 'java/lang/IncompatibleClassChangeError'{0x00000000d55f1738}: Found class java.lang.Object, but interface was expected> (0x00000000d55f1738) 
thrown [s\src\hotspot\share\interpreter\linkResolver.cpp, line 840]
Event: 71.035 Thread 0x00000246c8641a90 Exception <a 'java/lang/NoSuchMethodError'{0x00000000d56d0878}: 'java.lang.Object java.lang.invoke.DirectMethodHandle$Holder.invokeSpecial(java.lang.Object, java.lang.Object, java.lang.Object, java.lang.Object, int, java.lang.Object, java.lang.Object)'> (0x00000000d56d0878) 
thrown [s\src\hotspot\share\interpreter\linkResolver.cpp, line 773]

ZGC Phase Switch (0 events):
No events

VM Operations (20 events):
Event: 69.402 Executing VM operation: Cleanup
Event: 69.402 Executing VM operation: Cleanup done
Event: 70.410 Executing VM operation: Cleanup
Event: 70.410 Executing VM operation: Cleanup done
Event: 70.634 Executing VM operation: ParallelGCFailedAllocation (Allocation Failure)
Event: 70.635 Executing VM operation: ParallelGCFailedAllocation (Allocation Failure) done
Event: 71.065 Executing VM operation: ParallelGCFailedAllocation (Allocation Failure)
Event: 71.067 Executing VM operation: ParallelGCFailedAllocation (Allocation Failure) done
Event: 71.339 Executing VM operation: ParallelGCFailedAllocation (Allocation Failure)
Event: 71.340 Executing VM operation: ParallelGCFailedAllocation (Allocation Failure) done
Event: 73.354 Executing VM operation: Cleanup
Event: 73.354 Executing VM operation: Cleanup done
Event: 77.798 Executing VM operation: ParallelGCFailedAllocation (Allocation Failure)
Event: 77.800 Executing VM operation: ParallelGCFailedAllocation (Allocation Failure) done
Event: 78.104 Executing VM operation: ParallelGCFailedAllocation (Allocation Failure)
Event: 78.105 Executing VM operation: ParallelGCFailedAllocation (Allocation Failure) done
Event: 120.493 Executing VM operation: HandshakeAllThreads (HandshakeForDeflation)
Event: 120.493 Executing VM operation: HandshakeAllThreads (HandshakeForDeflation) done
Event: 120.493 Executing VM operation: RendezvousGCThreads
Event: 120.493 Executing VM operation: RendezvousGCThreads done

Memory protections (0 events):
No events

Nmethod flushes (20 events):
Event: 58.171 Thread 0x00000246e6d84a90 flushing  nmethod 0x00000246ea94fb90
Event: 58.171 Thread 0x00000246e6d84a90 flushing  nmethod 0x00000246ea950b90
Event: 58.171 Thread 0x00000246e6d84a90 flushing  nmethod 0x00000246ea950f90
Event: 58.171 Thread 0x00000246e6d84a90 flushing  nmethod 0x00000246ea963310
Event: 58.171 Thread 0x00000246e6d84a90 flushing  nmethod 0x00000246ea98c610
Event: 58.171 Thread 0x00000246e6d84a90 flushing  nmethod 0x00000246ea992f10
Event: 58.171 Thread 0x00000246e6d84a90 flushing  nmethod 0x00000246ea994010
Event: 58.171 Thread 0x00000246e6d84a90 flushing  nmethod 0x00000246ea99a210
Event: 58.171 Thread 0x00000246e6d84a90 flushing  nmethod 0x00000246ea9ac310
Event: 58.171 Thread 0x00000246e6d84a90 flushing  nmethod 0x00000246ea9b6110
Event: 58.171 Thread 0x00000246e6d84a90 flushing  nmethod 0x00000246ea9b7310
Event: 58.171 Thread 0x00000246e6d84a90 flushing  nmethod 0x00000246ea9b7790
Event: 58.171 Thread 0x00000246e6d84a90 flushing  nmethod 0x00000246ea9b7d10
Event: 58.171 Thread 0x00000246e6d84a90 flushing  nmethod 0x00000246ea9b8090
Event: 58.171 Thread 0x00000246e6d84a90 flushing  nmethod 0x00000246ea9b8590
Event: 58.171 Thread 0x00000246e6d84a90 flushing  nmethod 0x00000246ea9b8b90
Event: 58.171 Thread 0x00000246e6d84a90 flushing  nmethod 0x00000246ea9b9410
Event: 58.171 Thread 0x00000246e6d84a90 flushing  nmethod 0x00000246ea9ba510
Event: 58.171 Thread 0x00000246e6d84a90 flushing  nmethod 0x00000246ea9bb110
Event: 58.171 Thread 0x00000246e6d84a90 flushing  nmethod 0x00000246ea9e6a10

Events (20 events):
Event: 65.036 Thread 0x00000246c58e62f0 Thread added: 0x00000246c7772bc0
Event: 65.040 Thread 0x00000246c7774600 Thread added: 0x00000246c7771810
Event: 65.043 Thread 0x00000246c7772bc0 Thread added: 0x00000246c7773f70
Event: 65.048 Thread 0x00000246c7771810 Thread added: 0x00000246c77759b0
Event: 65.051 Thread 0x00000246c7773f70 Thread added: 0x00000246c7773250
Event: 65.054 Thread 0x00000246c77759b0 Thread added: 0x00000246c77766d0
Event: 70.634 Thread 0x00000246c74eb7e0 Thread exited: 0x00000246c74eb7e0
Event: 71.311 Thread 0x00000246e6eaa030 Thread added: 0x00000246d075d920
Event: 71.519 Thread 0x00000246d075d920 Thread exited: 0x00000246d075d920
Event: 72.990 Thread 0x00000246e6eac760 Thread added: 0x00000246cce4ea80
Event: 83.137 Thread 0x00000246cce4ea80 Thread exited: 0x00000246cce4ea80
Event: 119.749 Thread 0x00000246c53916f0 Thread exited: 0x00000246c53916f0
Event: 119.842 Thread 0x00000246c863cbd0 Thread exited: 0x00000246c863cbd0
Event: 126.112 Thread 0x00000246c58e3500 Thread exited: 0x00000246c58e3500
Event: 126.682 Thread 0x00000246c58e62f0 Thread exited: 0x00000246c58e62f0
Event: 127.646 Thread 0x00000246c863beb0 Thread exited: 0x00000246c863beb0
Event: 127.960 Thread 0x00000246c58e5c60 Thread exited: 0x00000246c58e5c60
Event: 138.114 Thread 0x00000246c8641a90 Thread exited: 0x00000246c8641a90
Event: 179.752 Thread 0x00000246c58e6980 Thread exited: 0x00000246c58e6980
Event: 198.130 Thread 0x00000246c7770af0 Thread exited: 0x00000246c7770af0


Dynamic libraries:
0x00007ff7dc8c0000 - 0x00007ff7dc8ce000 	c:\Users\TEJASHWINI S\.vscode\extensions\redhat.java-1.46.0-win32-x64\jre\21.0.8-win32-x86_64\bin\java.exe
0x00007ffe920a0000 - 0x00007ffe92309000 	C:\WINDOWS\SYSTEM32\ntdll.dll
0x00007ffe914a0000 - 0x00007ffe91569000 	C:\WINDOWS\System32\KERNEL32.DLL
0x00007ffe8f490000 - 0x00007ffe8f883000 	C:\WINDOWS\System32\KERNELBASE.dll
0x00007ffe8f890000 - 0x00007ffe8f9db000 	C:\WINDOWS\System32\ucrtbase.dll
0x00007ffe18480000 - 0x00007ffe18498000 	c:\Users\TEJASHWINI S\.vscode\extensions\redhat.java-1.46.0-win32-x64\jre\21.0.8-win32-x86_64\bin\jli.dll
0x00007ffe3e3c0000 - 0x00007ffe3e3de000 	c:\Users\TEJASHWINI S\.vscode\extensions\redhat.java-1.46.0-win32-x64\jre\21.0.8-win32-x86_64\bin\VCRUNTIME140.dll
0x00007ffe91b10000 - 0x00007ffe91cd4000 	C:\WINDOWS\System32\USER32.dll
0x00007ffe8f460000 - 0x00007ffe8f487000 	C:\WINDOWS\System32\win32u.dll
0x00007ffe7c040000 - 0x00007ffe7c2d3000 	C:\WINDOWS\WinSxS\amd64_microsoft.windows.common-controls_6595b64144ccf1df_6.0.26100.5074_none_3e0d6f78e32fd63f\COMCTL32.dll
0x00007ffe90fd0000 - 0x00007ffe90ffb000 	C:\WINDOWS\System32\GDI32.dll
0x00007ffe8fa80000 - 0x00007ffe8fbad000 	C:\WINDOWS\System32\gdi32full.dll
0x00007ffe90e20000 - 0x00007ffe90ec9000 	C:\WINDOWS\System32\msvcrt.dll
0x00007ffe8f230000 - 0x00007ffe8f2d3000 	C:\WINDOWS\System32\msvcp_win.dll
0x00007ffe91750000 - 0x00007ffe9177f000 	C:\WINDOWS\System32\IMM32.DLL
0x00007ffe608f0000 - 0x00007ffe608fc000 	c:\Users\TEJASHWINI S\.vscode\extensions\redhat.java-1.46.0-win32-x64\jre\21.0.8-win32-x86_64\bin\vcruntime140_1.dll
0x00007ffe0cad0000 - 0x00007ffe0cb5d000 	c:\Users\TEJASHWINI S\.vscode\extensions\redhat.java-1.46.0-win32-x64\jre\21.0.8-win32-x86_64\bin\msvcp140.dll
0x00007ffdbdca0000 - 0x00007ffdbea37000 	c:\Users\TEJASHWINI S\.vscode\extensions\redhat.java-1.46.0-win32-x64\jre\21.0.8-win32-x86_64\bin\server\jvm.dll
0x00007ffe90820000 - 0x00007ffe908d4000 	C:\WINDOWS\System32\ADVAPI32.dll
0x00007ffe916a0000 - 0x00007ffe91746000 	C:\WINDOWS\System32\sechost.dll
0x00007ffe91380000 - 0x00007ffe91498000 	C:\WINDOWS\System32\RPCRT4.dll
0x00007ffe907a0000 - 0x00007ffe90814000 	C:\WINDOWS\System32\WS2_32.dll
0x00007ffe8f090000 - 0x00007ffe8f0ee000 	C:\WINDOWS\SYSTEM32\POWRPROF.dll
0x00007ffe86390000 - 0x00007ffe863c5000 	C:\WINDOWS\SYSTEM32\WINMM.dll
0x00007ffe882c0000 - 0x00007ffe882cb000 	C:\WINDOWS\SYSTEM32\VERSION.dll
0x00007ffe8f070000 - 0x00007ffe8f084000 	C:\WINDOWS\SYSTEM32\UMPDC.dll
0x00007ffe8e010000 - 0x00007ffe8e02b000 	C:\WINDOWS\SYSTEM32\kernel.appcore.dll
0x00007ffe3fab0000 - 0x00007ffe3faba000 	c:\Users\TEJASHWINI S\.vscode\extensions\redhat.java-1.46.0-win32-x64\jre\21.0.8-win32-x86_64\bin\jimage.dll
0x00007ffe8cae0000 - 0x00007ffe8cd22000 	C:\WINDOWS\SYSTEM32\DBGHELP.DLL
0x00007ffe91000000 - 0x00007ffe9137b000 	C:\WINDOWS\System32\combase.dll
0x00007ffe915c0000 - 0x00007ffe91697000 	C:\WINDOWS\System32\OLEAUT32.dll
0x00007ffe78ca0000 - 0x00007ffe78cdd000 	C:\WINDOWS\SYSTEM32\dbgcore.DLL
0x00007ffe8f9e0000 - 0x00007ffe8fa79000 	C:\WINDOWS\System32\bcryptPrimitives.dll
0x00007ffe89ed0000 - 0x00007ffe89edf000 	c:\Users\TEJASHWINI S\.vscode\extensions\redhat.java-1.46.0-win32-x64\jre\21.0.8-win32-x86_64\bin\instrument.dll
0x00007ffe14ed0000 - 0x00007ffe14eef000 	c:\Users\TEJASHWINI S\.vscode\extensions\redhat.java-1.46.0-win32-x64\jre\21.0.8-win32-x86_64\bin\java.dll
0x00007ffe90050000 - 0x00007ffe9079d000 	C:\WINDOWS\System32\SHELL32.dll
0x00007ffe8fc70000 - 0x00007ffe8fddc000 	C:\WINDOWS\System32\wintypes.dll
0x00007ffe8ced0000 - 0x00007ffe8d729000 	C:\WINDOWS\SYSTEM32\windows.storage.dll
0x00007ffe90ed0000 - 0x00007ffe90fc0000 	C:\WINDOWS\System32\SHCORE.dll
0x00007ffe91de0000 - 0x00007ffe91e42000 	C:\WINDOWS\System32\shlwapi.dll
0x00007ffe8f150000 - 0x00007ffe8f179000 	C:\WINDOWS\SYSTEM32\profapi.dll
0x00007ffe14980000 - 0x00007ffe14998000 	c:\Users\TEJASHWINI S\.vscode\extensions\redhat.java-1.46.0-win32-x64\jre\21.0.8-win32-x86_64\bin\zip.dll
0x00007ffe14930000 - 0x00007ffe14940000 	C:\Users\TEJASHWINI S\.vscode\extensions\redhat.java-1.46.0-win32-x64\jre\21.0.8-win32-x86_64\bin\net.dll
0x00007ffe868a0000 - 0x00007ffe869bf000 	C:\WINDOWS\SYSTEM32\WINHTTP.dll
0x00007ffe8e590000 - 0x00007ffe8e5fb000 	C:\WINDOWS\system32\mswsock.dll
0x00007ffe10c90000 - 0x00007ffe10ca6000 	C:\Users\TEJASHWINI S\.vscode\extensions\redhat.java-1.46.0-win32-x64\jre\21.0.8-win32-x86_64\bin\nio.dll
0x00007ffe88f00000 - 0x00007ffe88f10000 	c:\Users\TEJASHWINI S\.vscode\extensions\redhat.java-1.46.0-win32-x64\jre\21.0.8-win32-x86_64\bin\verify.dll
0x00007ffe3e420000 - 0x00007ffe3e464000 	C:\Users\TEJASHWINI S\AppData\Roaming\Code\User\globalStorage\redhat.java\1.46.0\config_win\org.eclipse.equinox.launcher\org.eclipse.equinox.launcher.win32.win32.x86_64_1.2.1400.v20250801-0854\eclipse_11916.dll
0x00007ffe91790000 - 0x00007ffe91928000 	C:\WINDOWS\System32\ole32.dll
0x00007ffe8e830000 - 0x00007ffe8e84b000 	C:\WINDOWS\SYSTEM32\CRYPTSP.dll
0x00007ffe8df70000 - 0x00007ffe8dfab000 	C:\WINDOWS\system32\rsaenh.dll
0x00007ffe8e630000 - 0x00007ffe8e65b000 	C:\WINDOWS\SYSTEM32\USERENV.dll
0x00007ffe8f120000 - 0x00007ffe8f146000 	C:\WINDOWS\SYSTEM32\bcrypt.dll
0x00007ffe8e850000 - 0x00007ffe8e85c000 	C:\WINDOWS\SYSTEM32\CRYPTBASE.dll
0x00007ffe8da30000 - 0x00007ffe8da64000 	C:\WINDOWS\SYSTEM32\IPHLPAPI.DLL
0x00007ffe91dd0000 - 0x00007ffe91dda000 	C:\WINDOWS\System32\NSI.dll
0x00007ffe86c90000 - 0x00007ffe86cd9000 	C:\Users\TEJASHWINI S\AppData\Local\Temp\jna-300574461\jna15480619470351618916.dll
0x00007ffe908f0000 - 0x00007ffe908f8000 	C:\WINDOWS\System32\PSAPI.DLL
0x00007ffe86690000 - 0x00007ffe866ae000 	C:\WINDOWS\SYSTEM32\dhcpcsvc6.DLL
0x00007ffe86660000 - 0x00007ffe86683000 	C:\WINDOWS\SYSTEM32\dhcpcsvc.DLL

JVMTI agents:
c:\Users\TEJASHWINI S\.vscode\extensions\redhat.java-1.46.0-win32-x64\lombok\lombok-1.18.39-4050.jar path:c:\Users\TEJASHWINI S\.vscode\extensions\redhat.java-1.46.0-win32-x64\jre\21.0.8-win32-x86_64\bin\instrument.dll, loaded, initialized, instrumentlib options:none

dbghelp: loaded successfully - version: 4.0.5 - missing functions: none
symbol engine: initialized successfully - sym options: 0x614 - pdb path: .;c:\Users\TEJASHWINI S\.vscode\extensions\redhat.java-1.46.0-win32-x64\jre\21.0.8-win32-x86_64\bin;C:\WINDOWS\SYSTEM32;C:\WINDOWS\WinSxS\amd64_microsoft.windows.common-controls_6595b64144ccf1df_6.0.26100.5074_none_3e0d6f78e32fd63f;c:\Users\TEJASHWINI S\.vscode\extensions\redhat.java-1.46.0-win32-x64\jre\21.0.8-win32-x86_64\bin\server;C:\Users\TEJASHWINI S\AppData\Roaming\Code\User\globalStorage\redhat.java\1.46.0\config_win\org.eclipse.equinox.launcher\org.eclipse.equinox.launcher.win32.win32.x86_64_1.2.1400.v20250801-0854;C:\Users\TEJASHWINI S\AppData\Local\Temp\jna-300574461

VM Arguments:
jvm_args: --add-modules=ALL-SYSTEM --add-opens=java.base/java.util=ALL-UNNAMED --add-opens=java.base/java.lang=ALL-UNNAMED --add-opens=java.base/sun.nio.fs=ALL-UNNAMED -Declipse.application=org.eclipse.jdt.ls.core.id1 -Dosgi.bundles.defaultStartLevel=4 -Declipse.product=org.eclipse.jdt.ls.core.product -Djava.import.generatesMetadataFilesAtProjectRoot=false -DDetectVMInstallationsJob.disabled=true -Dfile.encoding=utf8 -XX:+UseParallelGC -XX:GCTimeRatio=4 -XX:AdaptiveSizePolicyWeight=90 -Dsun.zip.disableMemoryMapping=true -Xmx2G -Xms100m -Xlog:disable -javaagent:c:\Users\TEJASHWINI S\.vscode\extensions\redhat.java-1.46.0-win32-x64\lombok\lombok-1.18.39-4050.jar -XX:+HeapDumpOnOutOfMemoryError -XX:HeapDumpPath=c:\Users\TEJASHWINI S\AppData\Roaming\Code\User\workspaceStorage\609db315db7d13efddf576384252da58\redhat.java -Daether.dependencyCollector.impl=bf 
java_command: c:\Users\TEJASHWINI S\.vscode\extensions\redhat.java-1.46.0-win32-x64\server\plugins\org.eclipse.equinox.launcher_1.7.0.v20250519-0528.jar -configuration c:\Users\TEJASHWINI S\AppData\Roaming\Code\User\globalStorage\redhat.java\1.46.0\config_win -data c:\Users\TEJASHWINI S\AppData\Roaming\Code\User\workspaceStorage\609db315db7d13efddf576384252da58\redhat.java\jdt_ws --pipe=\\.\pipe\lsp-9c99209c8ef4e2943e5e79cb56a4a105-sock
java_class_path (initial): c:\Users\TEJASHWINI S\.vscode\extensions\redhat.java-1.46.0-win32-x64\server\plugins\org.eclipse.equinox.launcher_1.7.0.v20250519-0528.jar
Launcher Type: SUN_STANDARD

[Global flags]
    uintx AdaptiveSizePolicyWeight                 = 90                                        {product} {command line}
     intx CICompilerCount                          = 4                                         {product} {ergonomic}
    uintx GCTimeRatio                              = 4                                         {product} {command line}
     bool HeapDumpOnOutOfMemoryError               = true                                   {manageable} {command line}
    ccstr HeapDumpPath                             = c:\Users\TEJASHWINI S\AppData\Roaming\Code\User\workspaceStorage\609db315db7d13efddf576384252da58\redhat.java         {manageable} {command line}
   size_t InitialHeapSize                          = 104857600                                 {product} {command line}
   size_t MaxHeapSize                              = 2147483648                                {product} {command line}
   size_t MaxNewSize                               = 715653120                                 {product} {ergonomic}
   size_t MinHeapDeltaBytes                        = 524288                                    {product} {ergonomic}
   size_t MinHeapSize                              = 104857600                                 {product} {command line}
   size_t NewSize                                  = 34603008                                  {product} {ergonomic}
    uintx NonNMethodCodeHeapSize                   = 5839372                                {pd product} {ergonomic}
    uintx NonProfiledCodeHeapSize                  = 122909434                              {pd product} {ergonomic}
   size_t OldSize                                  = 70254592                                  {product} {ergonomic}
    uintx ProfiledCodeHeapSize                     = 122909434                              {pd product} {ergonomic}
    uintx ReservedCodeCacheSize                    = 251658240                              {pd product} {ergonomic}
     bool SegmentedCodeCache                       = true                                      {product} {ergonomic}
   size_t SoftMaxHeapSize                          = 2147483648                             {manageable} {ergonomic}
     bool UseCompressedOops                        = true                           {product lp64_product} {ergonomic}
     bool UseLargePagesIndividualAllocation        = false                                  {pd product} {ergonomic}
     bool UseParallelGC                            = true                                      {product} {command line}

Logging:
Log output configuration:
 #0: stdout all=off uptime,level,tags foldmultilines=false
 #1: stderr all=off uptime,level,tags foldmultilines=false

Environment Variables:
JAVA_HOME=C:\Program Files\Java\jdk-22
PATH=C:\Program Files\Common Files\Oracle\Java\javapath;C:\Program Files (x86)\VMware\VMware Workstation\bin\;C:\oraclexe\app\oracle\product\11.2.0\server\bin;C:\WINDOWS\system32;C:\WINDOWS;C:\WINDOWS\System32\Wbem;C:\WINDOWS\System32\WindowsPowerShell\v1.0\;C:\WINDOWS\System32\OpenSSH\;C:\Program Files (x86)\Microsoft SQL Server\160\Tools\Binn\;C:\Program Files\Microsoft SQL Server\160\Tools\Binn\;C:\Program Files\Microsoft SQL Server\Client SDK\ODBC\170\Tools\Binn\;C:\Program Files\Microsoft SQL Server\160\DTS\Binn\;C:\Program Files (x86)\Microsoft SQL Server\160\DTS\Binn\;C:\Program Files\Azure Data Studio\bin;C:\Program Files\Java\jdk-22\bin;C:\MinGW\bin;C:\Program Files\Git\cmd;C:\Program Files\Git\bin;C:\Program Files\nodejs\;C:\Program Files\MySQL\MySQL Server 9.1\bin;C:\Users\TEJASHWINI S\anaconda3\;C:\Users\TEJASHWINI S\anaconda3\Scripts\;C:\Users\TEJASHWINI S\anaconda3\Library\bin\;C:\Users\TEJASHWINI S\AppData\Roaming\npm;C:\Program Files\apache-maven-3.9.11\bin;C:\Users\TEJASHWINI S\AppData\Local\Programs\Python\Python313\Scripts\;C:\Users\TEJASHWINI S\AppData\Local\Programs\Python\Python313\;C:\Users\TEJASHWINI S\AppData\Local\Programs\Python\Python311\Scripts\;C:\Users\TEJASHWINI S\AppData\Local\Programs\Python\Python311\;C:\Users\TEJASHWINI S\AppData\Local\Programs\Python\Python312\Scripts\;C:\Users\TEJASHWINI S\AppData\Local\Programs\Python\Python312\;C:\Users\TEJASHWINI S\AppData\Local\Microsoft\WindowsApps;C:\Program Files\Azure Data Studio\bin;C:\Users\TEJASHWINI S\AppData\Local\Programs\Microsoft VS Code\bin;C:\Users\TEJASHWINI S\AppData\Roaming\npm;C:\Users\TEJASHWINI S\AppData\Local\Programs\cursor\resources\app\bin;
USERNAME=TEJASHWINI S
OS=Windows_NT
PROCESSOR_IDENTIFIER=AMD64 Family 23 Model 104 Stepping 1, AuthenticAMD
TMP=C:\Users\TEJASH~1\AppData\Local\Temp
TEMP=C:\Users\TEJASH~1\AppData\Local\Temp




Periodic native trim disabled

---------------  S Y S T E M  ---------------

OS:
 Windows 11 , 64 bit Build 26100 (10.0.26100.5074)
OS uptime: 2 days 9:23 hours

CPU: total 12 (initial active 12) (12 cores per cpu, 2 threads per core) family 23 model 104 stepping 1 microcode 0x8608103, cx8, cmov, fxsr, ht, mmx, 3dnowpref, sse, sse2, sse3, ssse3, sse4a, sse4.1, sse4.2, popcnt, lzcnt, tsc, tscinvbit, avx, avx2, aes, clmul, bmi1, bmi2, adx, sha, fma, vzeroupper, clflush, clflushopt, rdtscp, rdpid, f16c
Processor Information for processor 0
  Max Mhz: 2100, Current Mhz: 2100, Mhz Limit: 2100
Processor Information for processor 1
  Max Mhz: 2100, Current Mhz: 2100, Mhz Limit: 2100
Processor Information for processor 2
  Max Mhz: 2100, Current Mhz: 1988, Mhz Limit: 2100
Processor Information for processor 3
  Max Mhz: 2100, Current Mhz: 2100, Mhz Limit: 2100
Processor Information for processor 4
  Max Mhz: 2100, Current Mhz: 1988, Mhz Limit: 2100
Processor Information for processor 5
  Max Mhz: 2100, Current Mhz: 2100, Mhz Limit: 2100
Processor Information for processor 6
  Max Mhz: 2100, Current Mhz: 2100, Mhz Limit: 2100
Processor Information for processor 7
  Max Mhz: 2100, Current Mhz: 1988, Mhz Limit: 2100
Processor Information for processor 8
  Max Mhz: 2100, Current Mhz: 2100, Mhz Limit: 2100
Processor Information for processor 9
  Max Mhz: 2100, Current Mhz: 1988, Mhz Limit: 2100
Processor Information for processor 10
  Max Mhz: 2100, Current Mhz: 2100, Mhz Limit: 2100
Processor Information for processor 11
  Max Mhz: 2100, Current Mhz: 1988, Mhz Limit: 2100

Memory: 4k page, system-wide physical 6005M (355M free)
TotalPageFile size 24437M (AvailPageFile size 3M)
current process WorkingSet (physical memory assigned to process): 13M, peak: 364M
current process commit charge ("private bytes"): 404M, peak: 529M

vm_info: OpenJDK 64-Bit Server VM (21.0.8+9-LTS) for windows-amd64 JRE (21.0.8+9-LTS), built on 2025-07-15T00:00:00Z by "admin" with MS VC++ 17.7 (VS2022)

END.
