#
# There is insufficient memory for the Java Runtime Environment to continue.
# Native memory allocation (malloc) failed to allocate 1048576 bytes. Error detail: AllocateHeap
# Possible reasons:
#   The system is out of physical RAM or swap space
#   This process is running with CompressedOops enabled, and the Java Heap may be blocking the growth of the native heap
# Possible solutions:
#   Reduce memory load on the system
#   Increase physical memory or swap space
#   Check if swap backing store is full
#   Decrease Java heap size (-Xmx/-Xms)
#   Decrease number of Java threads
#   Decrease Java thread stack sizes (-Xss)
#   Set larger code cache with -XX:ReservedCodeCacheSize=
#   JVM is running with Unscaled Compressed Oops mode in which the Java heap is
#     placed in the first 4GB address space. The Java Heap base address is the
#     maximum limit for the native heap growth. Please use -XX:HeapBaseMinAddress
#     to set the Java Heap base and to place the Java Heap above 4GB virtual address.
# This output file may be truncated or incomplete.
#
#  Out of Memory Error (allocation.cpp:44), pid=18920, tid=17456
#
# JRE version:  (21.0.8+9) (build )
# Java VM: OpenJDK 64-Bit Server VM (21.0.8+9-LTS, mixed mode, sharing, tiered, compressed oops, compressed class ptrs, parallel gc, windows-amd64)
# No core dump will be written. Minidumps are not enabled by default on client versions of Windows
#

---------------  S U M M A R Y ------------

Command Line: --add-modules=ALL-SYSTEM --add-opens=java.base/java.util=ALL-UNNAMED --add-opens=java.base/java.lang=ALL-UNNAMED --add-opens=java.base/sun.nio.fs=ALL-UNNAMED -Declipse.application=org.eclipse.jdt.ls.core.id1 -Dosgi.bundles.defaultStartLevel=4 -Declipse.product=org.eclipse.jdt.ls.core.product -Djava.import.generatesMetadataFilesAtProjectRoot=false -DDetectVMInstallationsJob.disabled=true -Dfile.encoding=utf8 -XX:+UseParallelGC -XX:GCTimeRatio=4 -XX:AdaptiveSizePolicyWeight=90 -Dsun.zip.disableMemoryMapping=true -Xmx2G -Xms100m -Xlog:disable -javaagent:c:\Users\TEJASHWINI S\.vscode\extensions\redhat.java-1.46.0-win32-x64\lombok\lombok-1.18.39-4050.jar -XX:+HeapDumpOnOutOfMemoryError -XX:HeapDumpPath=c:\Users\TEJASHWINI S\AppData\Roaming\Code\User\workspaceStorage\609db315db7d13efddf576384252da58\redhat.java -Daether.dependencyCollector.impl=bf c:\Users\TEJASHWINI S\.vscode\extensions\redhat.java-1.46.0-win32-x64\server\plugins\org.eclipse.equinox.launcher_1.7.0.v20250519-0528.jar -configuration c:\Users\TEJASHWINI S\AppData\Roaming\Code\User\globalStorage\redhat.java\1.46.0\config_win -data c:\Users\TEJASHWINI S\AppData\Roaming\Code\User\workspaceStorage\609db315db7d13efddf576384252da58\redhat.java\jdt_ws --pipe=\\.\pipe\lsp-687cecc4e9fb8496cf1e160991316b5b-sock

Host: AMD Ryzen 5 5500U with Radeon Graphics         , 12 cores, 5G,  Windows 11 , 64 bit Build 26100 (10.0.26100.5074)
Time: Wed Oct 15 19:07:39 2025 India Standard Time elapsed time: 2.056797 seconds (0d 0h 0m 2s)

---------------  T H R E A D  ---------------

Current thread (0x000001a797a6d810):  JavaThread "Unknown thread" [_thread_in_vm, id=17456, stack(0x0000004a0af00000,0x0000004a0b000000) (1024K)]

Stack: [0x0000004a0af00000,0x0000004a0b000000]
Native frames: (J=compiled Java code, j=interpreted, Vv=VM code, C=native code)
V  [jvm.dll+0x6d2449]
V  [jvm.dll+0x8ae341]
V  [jvm.dll+0x8b08be]
V  [jvm.dll+0x8b0fa3]
V  [jvm.dll+0x280c96]
V  [jvm.dll+0xc0347]
V  [jvm.dll+0x706540]
V  [jvm.dll+0x7070ac]
V  [jvm.dll+0x6e0f43]
V  [jvm.dll+0x877c7c]
V  [jvm.dll+0x3becec]
V  [jvm.dll+0x8606d8]
V  [jvm.dll+0x4530ee]
V  [jvm.dll+0x454d31]
C  [jli.dll+0x5278]
C  [ucrtbase.dll+0x37b0]
C  [KERNEL32.DLL+0x2e8d7]
C  [ntdll.dll+0x8d9c]


---------------  P R O C E S S  ---------------

Threads class SMR info:
_java_thread_list=0x000001a797adadd0, length=1, elements={
0x000001a797a6d810
}

Java Threads: ( => current thread )
=>0x000001a797a6d810 JavaThread "Unknown thread"             [_thread_in_vm, id=17456, stack(0x0000004a0af00000,0x0000004a0b000000) (1024K)]
Total: 1

Other Threads:
  0x000001a797adb760 WatcherThread "VM Periodic Task Thread"        [id=26736, stack(0x0000004a0b100000,0x0000004a0b200000) (1024K)]
  0x000001a797a8be50 WorkerThread "GC Thread#0"                     [id=21460, stack(0x0000004a0b000000,0x0000004a0b100000) (1024K)]
Total: 2

Threads with active compile tasks:
Total: 0

VM state: not at safepoint (normal execution)

VM Mutex/Monitor currently owned by a thread: None

Heap address: 0x0000000080000000, size: 2048 MB, Compressed Oops mode: 32-bit

CDS archive(s) mapped at: [0x000001a7af000000-0x000001a7afba0000-0x000001a7afba0000), size 12189696, SharedBaseAddress: 0x000001a7af000000, ArchiveRelocationMode: 1.
Compressed class space mapped at: 0x000001a7b0000000-0x000001a7f0000000, reserved size: 1073741824
Narrow klass base: 0x000001a7af000000, Narrow klass shift: 0, Narrow klass range: 0x100000000

GC Precious Log:
 CardTable entry size: 512
 CPUs: 12 total, 12 available
 Memory: 6005M
 Large Page Support: Disabled
 NUMA Support: Disabled
 Compressed Oops: Enabled (32-bit)
 Alignments: Space 512K, Generation 512K, Heap 2M
 Heap Min Capacity: 100M
 Heap Initial Capacity: 100M
 Heap Max Capacity: 2G
 Pre-touch: Disabled
 Parallel Workers: 10

Heap:
 PSYoungGen      total 29696K, used 512K [0x00000000d5580000, 0x00000000d7680000, 0x0000000100000000)
  eden space 25600K, 2% used [0x00000000d5580000,0x00000000d5600020,0x00000000d6e80000)
  from space 4096K, 0% used [0x00000000d7280000,0x00000000d7280000,0x00000000d7680000)
  to   space 4096K, 0% used [0x00000000d6e80000,0x00000000d6e80000,0x00000000d7280000)
 ParOldGen       total 68608K, used 0K [0x0000000080000000, 0x0000000084300000, 0x00000000d5580000)
  object space 68608K, 0% used [0x0000000080000000,0x0000000080000000,0x0000000084300000)
 Metaspace       used 0K, committed 0K, reserved 1048576K
  class space    used 0K, committed 0K, reserved 1048576K

Card table byte_map: [0x000001a797410000,0x000001a797820000] _byte_map_base: 0x000001a797010000

Marking Bits: (ParMarkBitMap*) 0x00007ffea78fa340
 Begin Bits: [0x000001a7a9f10000, 0x000001a7abf10000)
 End Bits:   [0x000001a7abf10000, 0x000001a7adf10000)

Polling page: 0x000001a795ac0000

Metaspace:

Usage:
  Non-class:      0 bytes used.
      Class:      0 bytes used.
       Both:      0 bytes used.

Virtual space:
  Non-class space:        0 bytes reserved,       0 bytes (  ?%) committed,  0 nodes.
      Class space:        1.00 GB reserved,       0 bytes (  0%) committed,  1 nodes.
             Both:        1.00 GB reserved,       0 bytes (  0%) committed. 

Chunk freelists:
   Non-Class:  0 bytes
       Class:  16.00 MB
        Both:  16.00 MB

MaxMetaspaceSize: unlimited
CompressedClassSpaceSize: 1.00 GB
Initial GC threshold: 21.00 MB
Current GC threshold: 17179869184.00 GB
CDS: on
 - commit_granule_bytes: 65536.
 - commit_granule_words: 8192.
 - virtual_space_node_default_size: 8388608.
 - enlarge_chunks_in_place: 1.
 - use_allocation_guard: 0.


Internal statistics:

num_allocs_failed_limit: 0.
num_arena_births: 0.
num_arena_deaths: 0.
num_vsnodes_births: 1.
num_vsnodes_deaths: 0.
num_space_committed: 0.
num_space_uncommitted: 0.
num_chunks_returned_to_freelist: 0.
num_chunks_taken_from_freelist: 1.
num_chunk_merges: 0.
num_chunk_splits: 1.
num_chunks_enlarged: 0.
num_inconsistent_stats: 0.

CodeHeap 'non-profiled nmethods': size=120000Kb used=0Kb max_used=0Kb free=120000Kb
 bounds [0x000001a7a2730000, 0x000001a7a29a0000, 0x000001a7a9c60000]
CodeHeap 'profiled nmethods': size=120000Kb used=0Kb max_used=0Kb free=120000Kb
 bounds [0x000001a79ac60000, 0x000001a79aed0000, 0x000001a7a2190000]
CodeHeap 'non-nmethods': size=5760Kb used=194Kb max_used=342Kb free=5565Kb
 bounds [0x000001a7a2190000, 0x000001a7a2400000, 0x000001a7a2730000]
CodeCache: size=245760Kb, used=194Kb, max_used=342Kb, free=245565Kb
 total_blobs=70, nmethods=0, adapters=48, full_count=0
Compilation: enabled, stopped_count=0, restarted_count=0

Compilation events (0 events):
No events

GC Heap History (0 events):
No events

Dll operation events (1 events):
Event: 0.015 Loaded shared library c:\Users\TEJASHWINI S\.vscode\extensions\redhat.java-1.46.0-win32-x64\jre\21.0.8-win32-x86_64\bin\java.dll

Deoptimization events (0 events):
No events

Classes loaded (0 events):
No events

Classes unloaded (0 events):
No events

Classes redefined (0 events):
No events

Internal exceptions (0 events):
No events

ZGC Phase Switch (0 events):
No events

VM Operations (0 events):
No events

Memory protections (0 events):
No events

Nmethod flushes (0 events):
No events

Events (1 events):
Event: 1.044 Thread 0x000001a797a6d810 Thread added: 0x000001a797a6d810


Dynamic libraries:
0x00007ff6b2fe0000 - 0x00007ff6b2fee000 	c:\Users\TEJASHWINI S\.vscode\extensions\redhat.java-1.46.0-win32-x64\jre\21.0.8-win32-x86_64\bin\java.exe
0x00007fff7d160000 - 0x00007fff7d3c9000 	C:\WINDOWS\SYSTEM32\ntdll.dll
0x00007fff7af30000 - 0x00007fff7aff9000 	C:\WINDOWS\System32\KERNEL32.DLL
0x00007fff7aaa0000 - 0x00007fff7ae93000 	C:\WINDOWS\System32\KERNELBASE.dll
0x00007fff7a5f0000 - 0x00007fff7a73b000 	C:\WINDOWS\System32\ucrtbase.dll
0x00007fff6d9a0000 - 0x00007fff6d9b8000 	c:\Users\TEJASHWINI S\.vscode\extensions\redhat.java-1.46.0-win32-x64\jre\21.0.8-win32-x86_64\bin\jli.dll
0x00007fff7bfa0000 - 0x00007fff7c164000 	C:\WINDOWS\System32\USER32.dll
0x00007fff7a2f0000 - 0x00007fff7a317000 	C:\WINDOWS\System32\win32u.dll
0x00007fff73530000 - 0x00007fff7354e000 	c:\Users\TEJASHWINI S\.vscode\extensions\redhat.java-1.46.0-win32-x64\jre\21.0.8-win32-x86_64\bin\VCRUNTIME140.dll
0x00007fff7bbd0000 - 0x00007fff7bbfb000 	C:\WINDOWS\System32\GDI32.dll
0x00007fff7a970000 - 0x00007fff7aa9d000 	C:\WINDOWS\System32\gdi32full.dll
0x00007fff66770000 - 0x00007fff66a03000 	C:\WINDOWS\WinSxS\amd64_microsoft.windows.common-controls_6595b64144ccf1df_6.0.26100.5074_none_3e0d6f78e32fd63f\COMCTL32.dll
0x00007fff7a8c0000 - 0x00007fff7a963000 	C:\WINDOWS\System32\msvcp_win.dll
0x00007fff7cb60000 - 0x00007fff7cc09000 	C:\WINDOWS\System32\msvcrt.dll
0x00007fff7b100000 - 0x00007fff7b12f000 	C:\WINDOWS\System32\IMM32.DLL
0x00007fff73560000 - 0x00007fff7356c000 	c:\Users\TEJASHWINI S\.vscode\extensions\redhat.java-1.46.0-win32-x64\jre\21.0.8-win32-x86_64\bin\vcruntime140_1.dll
0x00007fff173a0000 - 0x00007fff1742d000 	c:\Users\TEJASHWINI S\.vscode\extensions\redhat.java-1.46.0-win32-x64\jre\21.0.8-win32-x86_64\bin\msvcp140.dll
0x00007ffea6c40000 - 0x00007ffea79d7000 	c:\Users\TEJASHWINI S\.vscode\extensions\redhat.java-1.46.0-win32-x64\jre\21.0.8-win32-x86_64\bin\server\jvm.dll
0x00007fff7ca70000 - 0x00007fff7cb24000 	C:\WINDOWS\System32\ADVAPI32.dll
0x00007fff7c9c0000 - 0x00007fff7ca66000 	C:\WINDOWS\System32\sechost.dll
0x00007fff7cef0000 - 0x00007fff7d008000 	C:\WINDOWS\System32\RPCRT4.dll
0x00007fff7d020000 - 0x00007fff7d094000 	C:\WINDOWS\System32\WS2_32.dll
0x00007fff71570000 - 0x00007fff715a5000 	C:\WINDOWS\SYSTEM32\WINMM.dll
0x00007fff73310000 - 0x00007fff7331b000 	C:\WINDOWS\SYSTEM32\VERSION.dll
0x00007fff7a150000 - 0x00007fff7a1ae000 	C:\WINDOWS\SYSTEM32\POWRPROF.dll
0x00007fff7a130000 - 0x00007fff7a144000 	C:\WINDOWS\SYSTEM32\UMPDC.dll
0x00007fff79070000 - 0x00007fff7908b000 	C:\WINDOWS\SYSTEM32\kernel.appcore.dll
0x00007fff70290000 - 0x00007fff7029a000 	c:\Users\TEJASHWINI S\.vscode\extensions\redhat.java-1.46.0-win32-x64\jre\21.0.8-win32-x86_64\bin\jimage.dll
0x00007fff77ba0000 - 0x00007fff77de2000 	C:\WINDOWS\SYSTEM32\DBGHELP.DLL
0x00007fff7bc00000 - 0x00007fff7bf7b000 	C:\WINDOWS\System32\combase.dll
0x00007fff7ba40000 - 0x00007fff7bb17000 	C:\WINDOWS\System32\OLEAUT32.dll
0x00007fff64d80000 - 0x00007fff64dbd000 	C:\WINDOWS\SYSTEM32\dbgcore.DLL
0x00007fff7a3e0000 - 0x00007fff7a479000 	C:\WINDOWS\System32\bcryptPrimitives.dll
0x00007fff70020000 - 0x00007fff7002f000 	c:\Users\TEJASHWINI S\.vscode\extensions\redhat.java-1.46.0-win32-x64\jre\21.0.8-win32-x86_64\bin\instrument.dll
0x00007fff6a2e0000 - 0x00007fff6a2ff000 	c:\Users\TEJASHWINI S\.vscode\extensions\redhat.java-1.46.0-win32-x64\jre\21.0.8-win32-x86_64\bin\java.dll

JVMTI agents:
c:\Users\TEJASHWINI S\.vscode\extensions\redhat.java-1.46.0-win32-x64\lombok\lombok-1.18.39-4050.jar path:none, loaded, not initialized, instrumentlib options:none

dbghelp: loaded successfully - version: 4.0.5 - missing functions: none
symbol engine: initialized successfully - sym options: 0x614 - pdb path: .;c:\Users\TEJASHWINI S\.vscode\extensions\redhat.java-1.46.0-win32-x64\jre\21.0.8-win32-x86_64\bin;C:\WINDOWS\SYSTEM32;C:\WINDOWS\WinSxS\amd64_microsoft.windows.common-controls_6595b64144ccf1df_6.0.26100.5074_none_3e0d6f78e32fd63f;c:\Users\TEJASHWINI S\.vscode\extensions\redhat.java-1.46.0-win32-x64\jre\21.0.8-win32-x86_64\bin\server

VM Arguments:
jvm_args: --add-modules=ALL-SYSTEM --add-opens=java.base/java.util=ALL-UNNAMED --add-opens=java.base/java.lang=ALL-UNNAMED --add-opens=java.base/sun.nio.fs=ALL-UNNAMED -Declipse.application=org.eclipse.jdt.ls.core.id1 -Dosgi.bundles.defaultStartLevel=4 -Declipse.product=org.eclipse.jdt.ls.core.product -Djava.import.generatesMetadataFilesAtProjectRoot=false -DDetectVMInstallationsJob.disabled=true -Dfile.encoding=utf8 -XX:+UseParallelGC -XX:GCTimeRatio=4 -XX:AdaptiveSizePolicyWeight=90 -Dsun.zip.disableMemoryMapping=true -Xmx2G -Xms100m -Xlog:disable -javaagent:c:\Users\TEJASHWINI S\.vscode\extensions\redhat.java-1.46.0-win32-x64\lombok\lombok-1.18.39-4050.jar -XX:+HeapDumpOnOutOfMemoryError -XX:HeapDumpPath=c:\Users\TEJASHWINI S\AppData\Roaming\Code\User\workspaceStorage\609db315db7d13efddf576384252da58\redhat.java -Daether.dependencyCollector.impl=bf 
java_command: c:\Users\TEJASHWINI S\.vscode\extensions\redhat.java-1.46.0-win32-x64\server\plugins\org.eclipse.equinox.launcher_1.7.0.v20250519-0528.jar -configuration c:\Users\TEJASHWINI S\AppData\Roaming\Code\User\globalStorage\redhat.java\1.46.0\config_win -data c:\Users\TEJASHWINI S\AppData\Roaming\Code\User\workspaceStorage\609db315db7d13efddf576384252da58\redhat.java\jdt_ws --pipe=\\.\pipe\lsp-687cecc4e9fb8496cf1e160991316b5b-sock
java_class_path (initial): c:\Users\TEJASHWINI S\.vscode\extensions\redhat.java-1.46.0-win32-x64\server\plugins\org.eclipse.equinox.launcher_1.7.0.v20250519-0528.jar
Launcher Type: SUN_STANDARD

[Global flags]
    uintx AdaptiveSizePolicyWeight                 = 90                                        {product} {command line}
     intx CICompilerCount                          = 4                                         {product} {ergonomic}
    uintx GCTimeRatio                              = 4                                         {product} {command line}
     bool HeapDumpOnOutOfMemoryError               = true                                   {manageable} {command line}
    ccstr HeapDumpPath                             = c:\Users\TEJASHWINI S\AppData\Roaming\Code\User\workspaceStorage\609db315db7d13efddf576384252da58\redhat.java         {manageable} {command line}
   size_t InitialHeapSize                          = 104857600                                 {product} {command line}
   size_t MaxHeapSize                              = 2147483648                                {product} {command line}
   size_t MaxNewSize                               = 715653120                                 {product} {ergonomic}
   size_t MinHeapDeltaBytes                        = 524288                                    {product} {ergonomic}
   size_t MinHeapSize                              = 104857600                                 {product} {command line}
   size_t NewSize                                  = 34603008                                  {product} {ergonomic}
    uintx NonNMethodCodeHeapSize                   = 5839372                                {pd product} {ergonomic}
    uintx NonProfiledCodeHeapSize                  = 122909434                              {pd product} {ergonomic}
   size_t OldSize                                  = 70254592                                  {product} {ergonomic}
    uintx ProfiledCodeHeapSize                     = 122909434                              {pd product} {ergonomic}
    uintx ReservedCodeCacheSize                    = 251658240                              {pd product} {ergonomic}
     bool SegmentedCodeCache                       = true                                      {product} {ergonomic}
   size_t SoftMaxHeapSize                          = 2147483648                             {manageable} {ergonomic}
     bool UseCompressedOops                        = true                           {product lp64_product} {ergonomic}
     bool UseLargePagesIndividualAllocation        = false                                  {pd product} {ergonomic}
     bool UseParallelGC                            = true                                      {product} {command line}

Logging:
Log output configuration:
 #0: stdout all=off uptime,level,tags foldmultilines=false
 #1: stderr all=off uptime,level,tags foldmultilines=false

Environment Variables:
JAVA_HOME=C:\Program Files\Java\jdk-22
PATH=C:\Program Files\Common Files\Oracle\Java\javapath;C:\Program Files (x86)\VMware\VMware Workstation\bin\;C:\oraclexe\app\oracle\product\11.2.0\server\bin;C:\WINDOWS\system32;C:\WINDOWS;C:\WINDOWS\System32\Wbem;C:\WINDOWS\System32\WindowsPowerShell\v1.0\;C:\WINDOWS\System32\OpenSSH\;C:\Program Files (x86)\Microsoft SQL Server\160\Tools\Binn\;C:\Program Files\Microsoft SQL Server\160\Tools\Binn\;C:\Program Files\Microsoft SQL Server\Client SDK\ODBC\170\Tools\Binn\;C:\Program Files\Microsoft SQL Server\160\DTS\Binn\;C:\Program Files (x86)\Microsoft SQL Server\160\DTS\Binn\;C:\Program Files\Azure Data Studio\bin;C:\Program Files\Java\jdk-22\bin;C:\MinGW\bin;C:\Program Files\Git\cmd;C:\Program Files\Git\bin;C:\Program Files\nodejs\;C:\Program Files\MySQL\MySQL Server 9.1\bin;C:\Users\TEJASHWINI S\anaconda3\;C:\Users\TEJASHWINI S\anaconda3\Scripts\;C:\Users\TEJASHWINI S\anaconda3\Library\bin\;C:\Users\TEJASHWINI S\AppData\Roaming\npm;C:\Program Files\apache-maven-3.9.11\bin;C:\Users\TEJASHWINI S\AppData\Local\Programs\Python\Python313\Scripts\;C:\Users\TEJASHWINI S\AppData\Local\Programs\Python\Python313\;C:\Users\TEJASHWINI S\AppData\Local\Programs\Python\Python311\Scripts\;C:\Users\TEJASHWINI S\AppData\Local\Programs\Python\Python311\;C:\Users\TEJASHWINI S\AppData\Local\Programs\Python\Python312\Scripts\;C:\Users\TEJASHWINI S\AppData\Local\Programs\Python\Python312\;C:\Users\TEJASHWINI S\AppData\Local\Microsoft\WindowsApps;C:\Program Files\Azure Data Studio\bin;C:\Users\TEJASHWINI S\AppData\Local\Programs\Microsoft VS Code\bin;C:\Users\TEJASHWINI S\AppData\Roaming\npm;C:\Users\TEJASHWINI S\AppData\Local\Programs\cursor\resources\app\bin;
USERNAME=TEJASHWINI S
OS=Windows_NT
PROCESSOR_IDENTIFIER=AMD64 Family 23 Model 104 Stepping 1, AuthenticAMD
TMP=C:\Users\TEJASH~1\AppData\Local\Temp
TEMP=C:\Users\TEJASH~1\AppData\Local\Temp




Periodic native trim disabled

---------------  S Y S T E M  ---------------

OS:
 Windows 11 , 64 bit Build 26100 (10.0.26100.5074)
OS uptime: 1 days 0:54 hours

CPU: total 12 (initial active 12) (12 cores per cpu, 2 threads per core) family 23 model 104 stepping 1 microcode 0x8608103, cx8, cmov, fxsr, ht, mmx, 3dnowpref, sse, sse2, sse3, ssse3, sse4a, sse4.1, sse4.2, popcnt, lzcnt, tsc, tscinvbit, avx, avx2, aes, clmul, bmi1, bmi2, adx, sha, fma, vzeroupper, clflush, clflushopt, rdtscp, rdpid, f16c
Processor Information for processor 0
  Max Mhz: 2100, Current Mhz: 2100, Mhz Limit: 2100
Processor Information for processor 1
  Max Mhz: 2100, Current Mhz: 1813, Mhz Limit: 2100
Processor Information for processor 2
  Max Mhz: 2100, Current Mhz: 2100, Mhz Limit: 2100
Processor Information for processor 3
  Max Mhz: 2100, Current Mhz: 2100, Mhz Limit: 2100
Processor Information for processor 4
  Max Mhz: 2100, Current Mhz: 2100, Mhz Limit: 2100
Processor Information for processor 5
  Max Mhz: 2100, Current Mhz: 2100, Mhz Limit: 2100
Processor Information for processor 6
  Max Mhz: 2100, Current Mhz: 1813, Mhz Limit: 2100
Processor Information for processor 7
  Max Mhz: 2100, Current Mhz: 1813, Mhz Limit: 2100
Processor Information for processor 8
  Max Mhz: 2100, Current Mhz: 1813, Mhz Limit: 2100
Processor Information for processor 9
  Max Mhz: 2100, Current Mhz: 1813, Mhz Limit: 2100
Processor Information for processor 10
  Max Mhz: 2100, Current Mhz: 1813, Mhz Limit: 2100
Processor Information for processor 11
  Max Mhz: 2100, Current Mhz: 1813, Mhz Limit: 2100

Memory: 4k page, system-wide physical 6005M (362M free)
TotalPageFile size 24437M (AvailPageFile size 4M)
current process WorkingSet (physical memory assigned to process): 25M, peak: 25M
current process commit charge ("private bytes"): 200M, peak: 201M

vm_info: OpenJDK 64-Bit Server VM (21.0.8+9-LTS) for windows-amd64 JRE (21.0.8+9-LTS), built on 2025-07-15T00:00:00Z by "admin" with MS VC++ 17.7 (VS2022)

END.
