#
# There is insufficient memory for the Java Runtime Environment to continue.
# Native memory allocation (malloc) failed to allocate 800016 bytes. Error detail: Chunk::new
# Possible reasons:
#   The system is out of physical RAM or swap space
#   This process is running with CompressedOops enabled, and the Java Heap may be blocking the growth of the native heap
# Possible solutions:
#   Reduce memory load on the system
#   Increase physical memory or swap space
#   Check if swap backing store is full
#   Decrease Java heap size (-Xmx/-Xms)
#   Decrease number of Java threads
#   Decrease Java thread stack sizes (-Xss)
#   Set larger code cache with -XX:ReservedCodeCacheSize=
#   JVM is running with Unscaled Compressed Oops mode in which the Java heap is
#     placed in the first 4GB address space. The Java Heap base address is the
#     maximum limit for the native heap growth. Please use -XX:HeapBaseMinAddress
#     to set the Java Heap base and to place the Java Heap above 4GB virtual address.
# This output file may be truncated or incomplete.
#
#  Out of Memory Error (arena.cpp:168), pid=24124, tid=17252
#
# JRE version: OpenJDK Runtime Environment Temurin-21.0.8+9 (21.0.8+9) (build 21.0.8+9-LTS)
# Java VM: OpenJDK 64-Bit Server VM Temurin-21.0.8+9 (21.0.8+9-LTS, mixed mode, sharing, tiered, compressed oops, compressed class ptrs, parallel gc, windows-amd64)
# No core dump will be written. Minidumps are not enabled by default on client versions of Windows
#

---------------  S U M M A R Y ------------

Command Line: --add-modules=ALL-SYSTEM --add-opens=java.base/java.util=ALL-UNNAMED --add-opens=java.base/java.lang=ALL-UNNAMED --add-opens=java.base/sun.nio.fs=ALL-UNNAMED -Declipse.application=org.eclipse.jdt.ls.core.id1 -Dosgi.bundles.defaultStartLevel=4 -Declipse.product=org.eclipse.jdt.ls.core.product -Djava.import.generatesMetadataFilesAtProjectRoot=false -DDetectVMInstallationsJob.disabled=true -Dfile.encoding=utf8 -XX:+UseParallelGC -XX:GCTimeRatio=4 -XX:AdaptiveSizePolicyWeight=90 -Dsun.zip.disableMemoryMapping=true -Xmx2G -Xms100m -Xlog:disable -javaagent:c:\Users\TEJASHWINI S\.vscode\extensions\redhat.java-1.46.0-win32-x64\lombok\lombok-1.18.39-4050.jar -XX:+HeapDumpOnOutOfMemoryError -XX:HeapDumpPath=c:\Users\TEJASHWINI S\AppData\Roaming\Code\User\workspaceStorage\609db315db7d13efddf576384252da58\redhat.java -Daether.dependencyCollector.impl=bf c:\Users\TEJASHWINI S\.vscode\extensions\redhat.java-1.46.0-win32-x64\server\plugins\org.eclipse.equinox.launcher_1.7.0.v20250519-0528.jar -configuration c:\Users\TEJASHWINI S\AppData\Roaming\Code\User\globalStorage\redhat.java\1.46.0\config_win -data c:\Users\TEJASHWINI S\AppData\Roaming\Code\User\workspaceStorage\609db315db7d13efddf576384252da58\redhat.java\jdt_ws --pipe=\\.\pipe\lsp-548cfd970fde996678aa91f28cf4c936-sock

Host: AMD Ryzen 5 5500U with Radeon Graphics         , 12 cores, 5G,  Windows 11 , 64 bit Build 26100 (10.0.26100.5074)
Time: Tue Oct 14 16:09:11 2025 India Standard Time elapsed time: 35.501695 seconds (0d 0h 0m 35s)

---------------  T H R E A D  ---------------

Current thread (0x0000012e5d506940):  JavaThread "C2 CompilerThread0" daemon [_thread_in_native, id=17252, stack(0x00000006a2200000,0x00000006a2300000) (1024K)]


Current CompileTask:
C2:35501 3174       4       java.lang.invoke.MethodType::makeImpl (109 bytes)

Stack: [0x00000006a2200000,0x00000006a2300000]
Native frames: (J=compiled Java code, j=interpreted, Vv=VM code, C=native code)
V  [jvm.dll+0x6d2449]
V  [jvm.dll+0x8ae341]
V  [jvm.dll+0x8b08be]
V  [jvm.dll+0x8b0fa3]
V  [jvm.dll+0x280c96]
V  [jvm.dll+0xc581d]
V  [jvm.dll+0xc5d53]
V  [jvm.dll+0x2f539d]
V  [jvm.dll+0x5fa00a]
V  [jvm.dll+0x252092]
V  [jvm.dll+0x24a85c]
V  [jvm.dll+0x2483a4]
V  [jvm.dll+0x1c89ee]
V  [jvm.dll+0x257d4d]
V  [jvm.dll+0x2562ea]
V  [jvm.dll+0x3f2d16]
V  [jvm.dll+0x857e6b]
V  [jvm.dll+0x6d0b0d]
C  [ucrtbase.dll+0x37b0]
C  [KERNEL32.DLL+0x2e8d7]
C  [ntdll.dll+0x8d9c]


---------------  P R O C E S S  ---------------

Threads class SMR info:
_java_thread_list=0x0000012e772bfbe0, length=20, elements={
0x0000012e5d44d4a0, 0x0000012e75b9dd50, 0x0000012e5d4f2660, 0x0000012e5d4f73e0,
0x0000012e5d4f7e30, 0x0000012e5d4fb860, 0x0000012e5d505b10, 0x0000012e5d506940,
0x0000012e5d509ea0, 0x0000012e770c8610, 0x0000012e7731b080, 0x0000012e7c45d2b0,
0x0000012e7c22cef0, 0x0000012e7c7b6fd0, 0x0000012e7c41d8c0, 0x0000012e7c41c510,
0x0000012e7c41df50, 0x0000012e7c41cba0, 0x0000012e7c41d230, 0x0000012e7c41e5e0
}

Java Threads: ( => current thread )
  0x0000012e5d44d4a0 JavaThread "main"                              [_thread_blocked, id=22552, stack(0x00000006a1800000,0x00000006a1900000) (1024K)]
  0x0000012e75b9dd50 JavaThread "Reference Handler"          daemon [_thread_blocked, id=19188, stack(0x00000006a1c00000,0x00000006a1d00000) (1024K)]
  0x0000012e5d4f2660 JavaThread "Finalizer"                  daemon [_thread_blocked, id=16288, stack(0x00000006a1d00000,0x00000006a1e00000) (1024K)]
  0x0000012e5d4f73e0 JavaThread "Signal Dispatcher"          daemon [_thread_blocked, id=3928, stack(0x00000006a1e00000,0x00000006a1f00000) (1024K)]
  0x0000012e5d4f7e30 JavaThread "Attach Listener"            daemon [_thread_blocked, id=18308, stack(0x00000006a1f00000,0x00000006a2000000) (1024K)]
  0x0000012e5d4fb860 JavaThread "Service Thread"             daemon [_thread_blocked, id=14464, stack(0x00000006a2000000,0x00000006a2100000) (1024K)]
  0x0000012e5d505b10 JavaThread "Monitor Deflation Thread"   daemon [_thread_blocked, id=22632, stack(0x00000006a2100000,0x00000006a2200000) (1024K)]
=>0x0000012e5d506940 JavaThread "C2 CompilerThread0"         daemon [_thread_in_native, id=17252, stack(0x00000006a2200000,0x00000006a2300000) (1024K)]
  0x0000012e5d509ea0 JavaThread "C1 CompilerThread0"         daemon [_thread_blocked, id=12412, stack(0x00000006a2300000,0x00000006a2400000) (1024K)]
  0x0000012e770c8610 JavaThread "Common-Cleaner"             daemon [_thread_blocked, id=4472, stack(0x00000006a2400000,0x00000006a2500000) (1024K)]
  0x0000012e7731b080 JavaThread "Notification Thread"        daemon [_thread_blocked, id=27880, stack(0x00000006a2500000,0x00000006a2600000) (1024K)]
  0x0000012e7c45d2b0 JavaThread "Active Thread: Equinox Container: 66e7c7db-f3c6-490f-8b43-ad294d771945"        [_thread_in_Java, id=29628, stack(0x00000006a2c00000,0x00000006a2d00000) (1024K)]
  0x0000012e7c22cef0 JavaThread "Refresh Thread: Equinox Container: 66e7c7db-f3c6-490f-8b43-ad294d771945" daemon [_thread_blocked, id=28436, stack(0x00000006a2e00000,0x00000006a2f00000) (1024K)]
  0x0000012e7c7b6fd0 JavaThread "Framework Event Dispatcher: Equinox Container: 66e7c7db-f3c6-490f-8b43-ad294d771945" daemon [_thread_blocked, id=29352, stack(0x00000006a2f00000,0x00000006a3000000) (1024K)]
  0x0000012e7c41d8c0 JavaThread "Start Level: Equinox Container: 66e7c7db-f3c6-490f-8b43-ad294d771945" daemon [_thread_in_vm, id=6780, stack(0x00000006a3000000,0x00000006a3100000) (1024K)]
  0x0000012e7c41c510 JavaThread "Bundle File Closer"         daemon [_thread_blocked, id=28644, stack(0x00000006a3300000,0x00000006a3400000) (1024K)]
  0x0000012e7c41df50 JavaThread "SCR Component Actor"        daemon [_thread_blocked, id=12884, stack(0x00000006a3400000,0x00000006a3500000) (1024K)]
  0x0000012e7c41cba0 JavaThread "Worker-JM"                         [_thread_blocked, id=20076, stack(0x00000006a3500000,0x00000006a3600000) (1024K)]
  0x0000012e7c41d230 JavaThread "JNA Cleaner"                daemon [_thread_blocked, id=15480, stack(0x00000006a3600000,0x00000006a3700000) (1024K)]
  0x0000012e7c41e5e0 JavaThread "Worker-0"                          [_thread_blocked, id=22788, stack(0x00000006a3700000,0x00000006a3800000) (1024K)]
Total: 20

Other Threads:
  0x0000012e5d4f0a10 VMThread "VM Thread"                           [id=11632, stack(0x00000006a1b00000,0x00000006a1c00000) (1024K)]
  0x0000012e75a7ca00 WatcherThread "VM Periodic Task Thread"        [id=16060, stack(0x00000006a1a00000,0x00000006a1b00000) (1024K)]
  0x0000012e5d46b050 WorkerThread "GC Thread#0"                     [id=7768, stack(0x00000006a1900000,0x00000006a1a00000) (1024K)]
  0x0000012e7c0b7a10 WorkerThread "GC Thread#1"                     [id=20168, stack(0x00000006a2600000,0x00000006a2700000) (1024K)]
  0x0000012e7c0b7db0 WorkerThread "GC Thread#2"                     [id=9460, stack(0x00000006a2700000,0x00000006a2800000) (1024K)]
  0x0000012e7c2ff970 WorkerThread "GC Thread#3"                     [id=24624, stack(0x00000006a2800000,0x00000006a2900000) (1024K)]
  0x0000012e7c300120 WorkerThread "GC Thread#4"                     [id=4820, stack(0x00000006a2900000,0x00000006a2a00000) (1024K)]
  0x0000012e7c0b0170 WorkerThread "GC Thread#5"                     [id=17440, stack(0x00000006a2a00000,0x00000006a2b00000) (1024K)]
  0x0000012e7c0b0920 WorkerThread "GC Thread#6"                     [id=18184, stack(0x00000006a2b00000,0x00000006a2c00000) (1024K)]
  0x0000012e770296a0 WorkerThread "GC Thread#7"                     [id=6832, stack(0x00000006a2d00000,0x00000006a2e00000) (1024K)]
  0x0000012e77213e10 WorkerThread "GC Thread#8"                     [id=20008, stack(0x00000006a3100000,0x00000006a3200000) (1024K)]
  0x0000012e772141b0 WorkerThread "GC Thread#9"                     [id=31104, stack(0x00000006a3200000,0x00000006a3300000) (1024K)]
Total: 12

Threads with active compile tasks:
C2 CompilerThread0  35571 3174       4       java.lang.invoke.MethodType::makeImpl (109 bytes)
C1 CompilerThread0  35572 3294       3       java.util.Collections$UnmodifiableMap$UnmodifiableEntrySet$1::<init> (26 bytes)
Total: 2

VM state: not at safepoint (normal execution)

VM Mutex/Monitor currently owned by a thread:  ([mutex/lock_event])
[0x00007ffdd6435358] CodeCache_lock - owner thread: 0x0000000000000000

Heap address: 0x0000000080000000, size: 2048 MB, Compressed Oops mode: 32-bit

CDS archive(s) mapped at: [0x0000012e00000000-0x0000012e00ba0000-0x0000012e00ba0000), size 12189696, SharedBaseAddress: 0x0000012e00000000, ArchiveRelocationMode: 1.
Compressed class space mapped at: 0x0000012e01000000-0x0000012e41000000, reserved size: 1073741824
Narrow klass base: 0x0000012e00000000, Narrow klass shift: 0, Narrow klass range: 0x100000000

GC Precious Log:
 CardTable entry size: 512
 CPUs: 12 total, 12 available
 Memory: 6005M
 Large Page Support: Disabled
 NUMA Support: Disabled
 Compressed Oops: Enabled (32-bit)
 Alignments: Space 512K, Generation 512K, Heap 2M
 Heap Min Capacity: 100M
 Heap Initial Capacity: 100M
 Heap Max Capacity: 2G
 Pre-touch: Disabled
 Parallel Workers: 10

Heap:
 PSYoungGen      total 29184K, used 14539K [0x00000000d5580000, 0x00000000d7a00000, 0x0000000100000000)
  eden space 25088K, 41% used [0x00000000d5580000,0x00000000d5fb9b38,0x00000000d6e00000)
  from space 4096K, 99% used [0x00000000d6e80000,0x00000000d7279188,0x00000000d7280000)
  to   space 6144K, 0% used [0x00000000d7400000,0x00000000d7400000,0x00000000d7a00000)
 ParOldGen       total 68608K, used 8657K [0x0000000080000000, 0x0000000084300000, 0x00000000d5580000)
  object space 68608K, 12% used [0x0000000080000000,0x0000000080874400,0x0000000084300000)
 Metaspace       used 17208K, committed 17792K, reserved 1114112K
  class space    used 1797K, committed 2048K, reserved 1048576K

Card table byte_map: [0x0000012e70ee0000,0x0000012e712f0000] _byte_map_base: 0x0000012e70ae0000

Marking Bits: (ParMarkBitMap*) 0x00007ffdd643a340
 Begin Bits: [0x0000012e715a0000, 0x0000012e735a0000)
 End Bits:   [0x0000012e735a0000, 0x0000012e755a0000)

Polling page: 0x0000012e5d150000

Metaspace:

Usage:
  Non-class:     15.05 MB used.
      Class:      1.76 MB used.
       Both:     16.80 MB used.

Virtual space:
  Non-class space:       64.00 MB reserved,      15.38 MB ( 24%) committed,  1 nodes.
      Class space:        1.00 GB reserved,       2.00 MB ( <1%) committed,  1 nodes.
             Both:        1.06 GB reserved,      17.38 MB (  2%) committed. 

Chunk freelists:
   Non-Class:  16.00 KB
       Class:  13.83 MB
        Both:  13.84 MB

MaxMetaspaceSize: unlimited
CompressedClassSpaceSize: 1.00 GB
Initial GC threshold: 21.00 MB
Current GC threshold: 21.00 MB
CDS: on
 - commit_granule_bytes: 65536.
 - commit_granule_words: 8192.
 - virtual_space_node_default_size: 8388608.
 - enlarge_chunks_in_place: 1.
 - use_allocation_guard: 0.


Internal statistics:

num_allocs_failed_limit: 0.
num_arena_births: 488.
num_arena_deaths: 0.
num_vsnodes_births: 2.
num_vsnodes_deaths: 0.
num_space_committed: 278.
num_space_uncommitted: 0.
num_chunks_returned_to_freelist: 0.
num_chunks_taken_from_freelist: 1106.
num_chunk_merges: 0.
num_chunk_splits: 691.
num_chunks_enlarged: 442.
num_inconsistent_stats: 0.

CodeHeap 'non-profiled nmethods': size=120000Kb used=1333Kb max_used=1333Kb free=118666Kb
 bounds [0x0000012e697d0000, 0x0000012e69a40000, 0x0000012e70d00000]
CodeHeap 'profiled nmethods': size=120000Kb used=6515Kb max_used=6515Kb free=113484Kb
 bounds [0x0000012e61d00000, 0x0000012e62360000, 0x0000012e69230000]
CodeHeap 'non-nmethods': size=5760Kb used=1275Kb max_used=1291Kb free=4484Kb
 bounds [0x0000012e69230000, 0x0000012e694a0000, 0x0000012e697d0000]
CodeCache: size=245760Kb, used=9123Kb, max_used=9139Kb, free=236634Kb
 total_blobs=3843, nmethods=3292, adapters=457, full_count=0
Compilation: enabled, stopped_count=0, restarted_count=0

Compilation events (20 events):
Event: 28.350 Thread 0x0000012e5d509ea0 nmethod 3205 0x0000012e6232da10 code [0x0000012e6232dca0, 0x0000012e6232e590]
Event: 28.350 Thread 0x0000012e5d509ea0 3206       3       java.lang.invoke.InfoFromMemberName::getModifiers (8 bytes)
Event: 28.350 Thread 0x0000012e5d509ea0 nmethod 3206 0x0000012e6232e910 code [0x0000012e6232eac0, 0x0000012e6232ec38]
Event: 28.537 Thread 0x0000012e5d509ea0 3207       3       java.util.concurrent.locks.AbstractQueuedSynchronizer::tryAcquireSharedNanos (62 bytes)
Event: 28.537 Thread 0x0000012e5d509ea0 nmethod 3207 0x0000012e6232ed10 code [0x0000012e6232ef40, 0x0000012e6232f630]
Event: 29.355 Thread 0x0000012e5d509ea0 3208       3       java.util.concurrent.ConcurrentLinkedQueue::<init> (21 bytes)
Event: 29.355 Thread 0x0000012e5d509ea0 nmethod 3208 0x0000012e6232f810 code [0x0000012e6232f9e0, 0x0000012e6232fd58]
Event: 29.355 Thread 0x0000012e5d509ea0 3209       3       java.util.concurrent.ConcurrentLinkedQueue$Node::<init> (5 bytes)
Event: 29.355 Thread 0x0000012e5d509ea0 nmethod 3209 0x0000012e6232ff10 code [0x0000012e623300c0, 0x0000012e62330228]
Event: 30.104 Thread 0x0000012e5d509ea0 3214       3       java.util.concurrent.locks.AbstractQueuedSynchronizer$Node::<init> (5 bytes)
Event: 30.397 Thread 0x0000012e5d509ea0 nmethod 3214 0x0000012e62330310 code [0x0000012e623304c0, 0x0000012e62330628]
Event: 30.397 Thread 0x0000012e5d509ea0 3215       3       org.osgi.util.tracker.ServiceTracker::getService (33 bytes)
Event: 30.398 Thread 0x0000012e5d509ea0 nmethod 3215 0x0000012e62330710 code [0x0000012e62330900, 0x0000012e62330f98]
Event: 30.538 Thread 0x0000012e5d509ea0 3218   !   3       java.util.concurrent.locks.LockSupport::parkNanos (56 bytes)
Event: 30.539 Thread 0x0000012e5d509ea0 nmethod 3218 0x0000012e62331210 code [0x0000012e62331420, 0x0000012e62331860]
Event: 30.710 Thread 0x0000012e5d509ea0 3219       3       java.util.concurrent.locks.AbstractQueuedSynchronizer$Node::clearStatus (12 bytes)
Event: 30.710 Thread 0x0000012e5d509ea0 nmethod 3219 0x0000012e62331a10 code [0x0000012e62331bc0, 0x0000012e62331d78]
Event: 30.710 Thread 0x0000012e5d509ea0 3220       3       jdk.internal.misc.Unsafe::putIntOpaque (9 bytes)
Event: 30.710 Thread 0x0000012e5d509ea0 nmethod 3220 0x0000012e62331e10 code [0x0000012e62331fa0, 0x0000012e623320b8]
Event: 30.740 Thread 0x0000012e5d509ea0 3221   !   3       java.util.concurrent.locks.AbstractQueuedSynchronizer::acquire (424 bytes)

GC Heap History (10 events):
Event: 2.683 GC heap before
{Heap before GC invocations=1 (full 0):
 PSYoungGen      total 29696K, used 25600K [0x00000000d5580000, 0x00000000d7680000, 0x0000000100000000)
  eden space 25600K, 100% used [0x00000000d5580000,0x00000000d6e80000,0x00000000d6e80000)
  from space 4096K, 0% used [0x00000000d7280000,0x00000000d7280000,0x00000000d7680000)
  to   space 4096K, 0% used [0x00000000d6e80000,0x00000000d6e80000,0x00000000d7280000)
 ParOldGen       total 68608K, used 0K [0x0000000080000000, 0x0000000084300000, 0x00000000d5580000)
  object space 68608K, 0% used [0x0000000080000000,0x0000000080000000,0x0000000084300000)
 Metaspace       used 4298K, committed 4544K, reserved 1114112K
  class space    used 468K, committed 576K, reserved 1048576K
}
Event: 2.690 GC heap after
{Heap after GC invocations=1 (full 0):
 PSYoungGen      total 29696K, used 3344K [0x00000000d5580000, 0x00000000d7680000, 0x0000000100000000)
  eden space 25600K, 0% used [0x00000000d5580000,0x00000000d5580000,0x00000000d6e80000)
  from space 4096K, 81% used [0x00000000d6e80000,0x00000000d71c40c8,0x00000000d7280000)
  to   space 4096K, 0% used [0x00000000d7280000,0x00000000d7280000,0x00000000d7680000)
 ParOldGen       total 68608K, used 16K [0x0000000080000000, 0x0000000084300000, 0x00000000d5580000)
  object space 68608K, 0% used [0x0000000080000000,0x0000000080004000,0x0000000084300000)
 Metaspace       used 4298K, committed 4544K, reserved 1114112K
  class space    used 468K, committed 576K, reserved 1048576K
}
Event: 8.299 GC heap before
{Heap before GC invocations=2 (full 0):
 PSYoungGen      total 29696K, used 28944K [0x00000000d5580000, 0x00000000d7680000, 0x0000000100000000)
  eden space 25600K, 100% used [0x00000000d5580000,0x00000000d6e80000,0x00000000d6e80000)
  from space 4096K, 81% used [0x00000000d6e80000,0x00000000d71c40c8,0x00000000d7280000)
  to   space 4096K, 0% used [0x00000000d7280000,0x00000000d7280000,0x00000000d7680000)
 ParOldGen       total 68608K, used 16K [0x0000000080000000, 0x0000000084300000, 0x00000000d5580000)
  object space 68608K, 0% used [0x0000000080000000,0x0000000080004000,0x0000000084300000)
 Metaspace       used 7943K, committed 8192K, reserved 1114112K
  class space    used 828K, committed 960K, reserved 1048576K
}
Event: 8.305 GC heap after
{Heap after GC invocations=2 (full 0):
 PSYoungGen      total 29696K, used 4069K [0x00000000d5580000, 0x00000000d7680000, 0x0000000100000000)
  eden space 25600K, 0% used [0x00000000d5580000,0x00000000d5580000,0x00000000d6e80000)
  from space 4096K, 99% used [0x00000000d7280000,0x00000000d76797a0,0x00000000d7680000)
  to   space 4096K, 0% used [0x00000000d6e80000,0x00000000d6e80000,0x00000000d7280000)
 ParOldGen       total 68608K, used 1833K [0x0000000080000000, 0x0000000084300000, 0x00000000d5580000)
  object space 68608K, 2% used [0x0000000080000000,0x00000000801ca6a8,0x0000000084300000)
 Metaspace       used 7943K, committed 8192K, reserved 1114112K
  class space    used 828K, committed 960K, reserved 1048576K
}
Event: 18.719 GC heap before
{Heap before GC invocations=3 (full 0):
 PSYoungGen      total 29696K, used 29641K [0x00000000d5580000, 0x00000000d7680000, 0x0000000100000000)
  eden space 25600K, 99% used [0x00000000d5580000,0x00000000d6e78fe8,0x00000000d6e80000)
  from space 4096K, 99% used [0x00000000d7280000,0x00000000d76797a0,0x00000000d7680000)
  to   space 4096K, 0% used [0x00000000d6e80000,0x00000000d6e80000,0x00000000d7280000)
 ParOldGen       total 68608K, used 1833K [0x0000000080000000, 0x0000000084300000, 0x00000000d5580000)
  object space 68608K, 2% used [0x0000000080000000,0x00000000801ca6a8,0x0000000084300000)
 Metaspace       used 9441K, committed 9728K, reserved 1114112K
  class space    used 1007K, committed 1152K, reserved 1048576K
}
Event: 18.727 GC heap after
{Heap after GC invocations=3 (full 0):
 PSYoungGen      total 29696K, used 4070K [0x00000000d5580000, 0x00000000d7680000, 0x0000000100000000)
  eden space 25600K, 0% used [0x00000000d5580000,0x00000000d5580000,0x00000000d6e80000)
  from space 4096K, 99% used [0x00000000d6e80000,0x00000000d7279b70,0x00000000d7280000)
  to   space 4096K, 0% used [0x00000000d7280000,0x00000000d7280000,0x00000000d7680000)
 ParOldGen       total 68608K, used 4606K [0x0000000080000000, 0x0000000084300000, 0x00000000d5580000)
  object space 68608K, 6% used [0x0000000080000000,0x000000008047fa10,0x0000000084300000)
 Metaspace       used 9441K, committed 9728K, reserved 1114112K
  class space    used 1007K, committed 1152K, reserved 1048576K
}
Event: 24.468 GC heap before
{Heap before GC invocations=4 (full 0):
 PSYoungGen      total 29696K, used 29647K [0x00000000d5580000, 0x00000000d7680000, 0x0000000100000000)
  eden space 25600K, 99% used [0x00000000d5580000,0x00000000d6e7a380,0x00000000d6e80000)
  from space 4096K, 99% used [0x00000000d6e80000,0x00000000d7279b70,0x00000000d7280000)
  to   space 4096K, 0% used [0x00000000d7280000,0x00000000d7280000,0x00000000d7680000)
 ParOldGen       total 68608K, used 4606K [0x0000000080000000, 0x0000000084300000, 0x00000000d5580000)
  object space 68608K, 6% used [0x0000000080000000,0x000000008047fa10,0x0000000084300000)
 Metaspace       used 11889K, committed 12288K, reserved 1114112K
  class space    used 1261K, committed 1472K, reserved 1048576K
}
Event: 24.475 GC heap after
{Heap after GC invocations=4 (full 0):
 PSYoungGen      total 29696K, used 4076K [0x00000000d5580000, 0x00000000d7680000, 0x0000000100000000)
  eden space 25600K, 0% used [0x00000000d5580000,0x00000000d5580000,0x00000000d6e80000)
  from space 4096K, 99% used [0x00000000d7280000,0x00000000d767b178,0x00000000d7680000)
  to   space 4096K, 0% used [0x00000000d6e80000,0x00000000d6e80000,0x00000000d7280000)
 ParOldGen       total 68608K, used 6653K [0x0000000080000000, 0x0000000084300000, 0x00000000d5580000)
  object space 68608K, 9% used [0x0000000080000000,0x000000008067f5e8,0x0000000084300000)
 Metaspace       used 11889K, committed 12288K, reserved 1114112K
  class space    used 1261K, committed 1472K, reserved 1048576K
}
Event: 27.765 GC heap before
{Heap before GC invocations=5 (full 0):
 PSYoungGen      total 29696K, used 29676K [0x00000000d5580000, 0x00000000d7680000, 0x0000000100000000)
  eden space 25600K, 100% used [0x00000000d5580000,0x00000000d6e80000,0x00000000d6e80000)
  from space 4096K, 99% used [0x00000000d7280000,0x00000000d767b178,0x00000000d7680000)
  to   space 4096K, 0% used [0x00000000d6e80000,0x00000000d6e80000,0x00000000d7280000)
 ParOldGen       total 68608K, used 6653K [0x0000000080000000, 0x0000000084300000, 0x00000000d5580000)
  object space 68608K, 9% used [0x0000000080000000,0x000000008067f5e8,0x0000000084300000)
 Metaspace       used 15701K, committed 16384K, reserved 1114112K
  class space    used 1631K, committed 1920K, reserved 1048576K
}
Event: 27.770 GC heap after
{Heap after GC invocations=5 (full 0):
 PSYoungGen      total 29184K, used 4068K [0x00000000d5580000, 0x00000000d7a00000, 0x0000000100000000)
  eden space 25088K, 0% used [0x00000000d5580000,0x00000000d5580000,0x00000000d6e00000)
  from space 4096K, 99% used [0x00000000d6e80000,0x00000000d7279188,0x00000000d7280000)
  to   space 6144K, 0% used [0x00000000d7400000,0x00000000d7400000,0x00000000d7a00000)
 ParOldGen       total 68608K, used 8657K [0x0000000080000000, 0x0000000084300000, 0x00000000d5580000)
  object space 68608K, 12% used [0x0000000080000000,0x0000000080874400,0x0000000084300000)
 Metaspace       used 15701K, committed 16384K, reserved 1114112K
  class space    used 1631K, committed 1920K, reserved 1048576K
}

Dll operation events (10 events):
Event: 0.022 Loaded shared library c:\Users\TEJASHWINI S\.vscode\extensions\redhat.java-1.46.0-win32-x64\jre\21.0.8-win32-x86_64\bin\java.dll
Event: 0.151 Loaded shared library c:\Users\TEJASHWINI S\.vscode\extensions\redhat.java-1.46.0-win32-x64\jre\21.0.8-win32-x86_64\bin\zip.dll
Event: 0.189 Loaded shared library C:\Users\TEJASHWINI S\.vscode\extensions\redhat.java-1.46.0-win32-x64\jre\21.0.8-win32-x86_64\bin\instrument.dll
Event: 0.199 Loaded shared library C:\Users\TEJASHWINI S\.vscode\extensions\redhat.java-1.46.0-win32-x64\jre\21.0.8-win32-x86_64\bin\net.dll
Event: 0.203 Loaded shared library C:\Users\TEJASHWINI S\.vscode\extensions\redhat.java-1.46.0-win32-x64\jre\21.0.8-win32-x86_64\bin\nio.dll
Event: 0.209 Loaded shared library C:\Users\TEJASHWINI S\.vscode\extensions\redhat.java-1.46.0-win32-x64\jre\21.0.8-win32-x86_64\bin\zip.dll
Event: 0.256 Loaded shared library C:\Users\TEJASHWINI S\.vscode\extensions\redhat.java-1.46.0-win32-x64\jre\21.0.8-win32-x86_64\bin\jimage.dll
Event: 0.423 Loaded shared library c:\Users\TEJASHWINI S\.vscode\extensions\redhat.java-1.46.0-win32-x64\jre\21.0.8-win32-x86_64\bin\verify.dll
Event: 14.813 Loaded shared library C:\Users\TEJASHWINI S\AppData\Roaming\Code\User\globalStorage\redhat.java\1.46.0\config_win\org.eclipse.equinox.launcher\org.eclipse.equinox.launcher.win32.win32.x86_64_1.2.1400.v20250801-0854\eclipse_11916.dll
Event: 28.258 Loaded shared library C:\Users\TEJASHWINI S\AppData\Local\Temp\jna-300574461\jna15269398223842939194.dll

Deoptimization events (20 events):
Event: 27.706 Thread 0x0000012e7c41d8c0 Uncommon trap: trap_request=0xffffff45 fr.pc=0x0000012e698eb4b0 relative=0x0000000000000bb0
Event: 27.706 Thread 0x0000012e7c41d8c0 Uncommon trap: reason=unstable_if action=reinterpret pc=0x0000012e698eb4b0 method=java.io.DataInputStream.readFully([BII)V @ 37 c2
Event: 27.706 Thread 0x0000012e7c41d8c0 DEOPT PACKING pc=0x0000012e698eb4b0 sp=0x00000006a30f93a0
Event: 27.706 Thread 0x0000012e7c41d8c0 DEOPT UNPACKING pc=0x0000012e69283aa2 sp=0x00000006a30f9260 mode 2
Event: 27.852 Thread 0x0000012e7c41d8c0 Uncommon trap: trap_request=0xffffff45 fr.pc=0x0000012e6985f9ec relative=0x000000000000020c
Event: 27.852 Thread 0x0000012e7c41d8c0 Uncommon trap: reason=unstable_if action=reinterpret pc=0x0000012e6985f9ec method=java.io.BufferedInputStream.read1([BII)I @ 34 c2
Event: 27.852 Thread 0x0000012e7c41d8c0 DEOPT PACKING pc=0x0000012e6985f9ec sp=0x00000006a30f8cb0
Event: 27.852 Thread 0x0000012e7c41d8c0 DEOPT UNPACKING pc=0x0000012e69283aa2 sp=0x00000006a30f8c48 mode 2
Event: 27.894 Thread 0x0000012e7c41d8c0 Uncommon trap: trap_request=0xffffff45 fr.pc=0x0000012e69806718 relative=0x0000000000000678
Event: 27.894 Thread 0x0000012e7c41d8c0 Uncommon trap: reason=unstable_if action=reinterpret pc=0x0000012e69806718 method=java.lang.String.replace(Ljava/lang/CharSequence;Ljava/lang/CharSequence;)Ljava/lang/String; @ 42 c2
Event: 27.894 Thread 0x0000012e7c41d8c0 DEOPT PACKING pc=0x0000012e69806718 sp=0x00000006a30f7330
Event: 27.894 Thread 0x0000012e7c41d8c0 DEOPT UNPACKING pc=0x0000012e69283aa2 sp=0x00000006a30f72b0 mode 2
Event: 28.319 Thread 0x0000012e7c41d8c0 Uncommon trap: trap_request=0xffffffc6 fr.pc=0x0000012e698721d8 relative=0x0000000000000b58
Event: 28.319 Thread 0x0000012e7c41d8c0 Uncommon trap: reason=bimorphic_or_optimized_type_check action=maybe_recompile pc=0x0000012e698721d8 method=java.util.HashMap.putVal(ILjava/lang/Object;Ljava/lang/Object;ZZ)Ljava/lang/Object; @ 91 c2
Event: 28.319 Thread 0x0000012e7c41d8c0 DEOPT PACKING pc=0x0000012e698721d8 sp=0x00000006a30f79b0
Event: 28.319 Thread 0x0000012e7c41d8c0 DEOPT UNPACKING pc=0x0000012e69283aa2 sp=0x00000006a30f7940 mode 2
Event: 28.320 Thread 0x0000012e7c41d8c0 Uncommon trap: trap_request=0xffffff45 fr.pc=0x0000012e69917aac relative=0x000000000000094c
Event: 28.320 Thread 0x0000012e7c41d8c0 Uncommon trap: reason=unstable_if action=reinterpret pc=0x0000012e69917aac method=java.util.concurrent.ConcurrentHashMap.putVal(Ljava/lang/Object;Ljava/lang/Object;Z)Ljava/lang/Object; @ 401 c2
Event: 28.320 Thread 0x0000012e7c41d8c0 DEOPT PACKING pc=0x0000012e69917aac sp=0x00000006a30f71f0
Event: 28.320 Thread 0x0000012e7c41d8c0 DEOPT UNPACKING pc=0x0000012e69283aa2 sp=0x00000006a30f7160 mode 2

Classes loaded (20 events):
Event: 28.262 Loading class jdk/internal/loader/NativeLibraries$Unloader
Event: 28.263 Loading class jdk/internal/loader/NativeLibraries$Unloader done
Event: 28.284 Loading class java/lang/annotation/Documented
Event: 28.284 Loading class java/lang/annotation/Documented done
Event: 28.287 Loading class java/lang/reflect/UndeclaredThrowableException
Event: 28.287 Loading class java/lang/reflect/UndeclaredThrowableException done
Event: 28.288 Loading class java/lang/Class$AnnotationData
Event: 28.289 Loading class java/lang/Class$AnnotationData done
Event: 28.290 Loading class jdk/internal/reflect/MethodHandleIntegerFieldAccessorImpl
Event: 28.290 Loading class jdk/internal/reflect/MethodHandleIntegerFieldAccessorImpl done
Event: 28.305 Loading class java/io/PrintWriter
Event: 28.306 Loading class java/io/PrintWriter done
Event: 28.318 Loading class jdk/internal/reflect/MethodHandleShortFieldAccessorImpl
Event: 28.318 Loading class jdk/internal/reflect/MethodHandleShortFieldAccessorImpl done
Event: 28.318 Loading class java/lang/Short$ShortCache
Event: 28.319 Loading class java/lang/Short$ShortCache done
Event: 29.357 Loading class java/util/function/LongUnaryOperator
Event: 29.357 Loading class java/util/function/LongUnaryOperator done
Event: 29.357 Loading class java/lang/ThreadDeath
Event: 29.418 Loading class java/lang/ThreadDeath done

Classes unloaded (0 events):
No events

Classes redefined (0 events):
No events

Internal exceptions (20 events):
Event: 25.622 Thread 0x0000012e7c41d8c0 Exception <a 'java/io/FileNotFoundException'{0x00000000d586fff0}> (0x00000000d586fff0) 
thrown [s\src\hotspot\share\prims\jni.cpp, line 520]
Event: 25.972 Thread 0x0000012e7c41d8c0 Exception <a 'java/lang/NoSuchMethodError'{0x00000000d5daa010}: 'java.lang.Object java.lang.invoke.Invokers$Holder.linkToTargetMethod(java.lang.Object, long, java.lang.Object)'> (0x00000000d5daa010) 
thrown [s\src\hotspot\share\interpreter\linkResolver.cpp, line 773]
Event: 26.161 Thread 0x0000012e7c41d8c0 Exception <a 'java/lang/NoSuchMethodError'{0x00000000d62f8118}: 'void java.lang.invoke.Invokers$Holder.invokeExact_MT(java.lang.Object, java.lang.Object, java.lang.Object)'> (0x00000000d62f8118) 
thrown [s\src\hotspot\share\interpreter\linkResolver.cpp, line 773]
Event: 26.283 Thread 0x0000012e7c41d8c0 Exception <a 'java/lang/NoSuchMethodError'{0x00000000d65f2110}: 'java.lang.Object java.lang.invoke.DirectMethodHandle$Holder.invokeVirtual(java.lang.Object, java.lang.Object, java.lang.Object)'> (0x00000000d65f2110) 
thrown [s\src\hotspot\share\interpreter\linkResolver.cpp, line 773]
Event: 26.287 Thread 0x0000012e7c41d8c0 Exception <a 'java/lang/NoSuchMethodError'{0x00000000d6609ba8}: 'java.lang.Object java.lang.invoke.DelegatingMethodHandle$Holder.reinvoke_L(java.lang.Object, java.lang.Object, java.lang.Object, java.lang.Object, int, int)'> (0x00000000d6609ba8) 
thrown [s\src\hotspot\share\interpreter\linkResolver.cpp, line 773]
Event: 26.290 Thread 0x0000012e7c41d8c0 Exception <a 'java/lang/NoSuchMethodError'{0x00000000d6626368}: 'java.lang.Object java.lang.invoke.DirectMethodHandle$Holder.newInvokeSpecial(java.lang.Object, java.lang.Object, java.lang.Object, java.lang.Object, java.lang.Object, java.lang.Object)'> (0x00000000d6626368) 
thrown [s\src\hotspot\share\interpreter\linkResolver.cpp, line 773]
Event: 26.294 Thread 0x0000012e7c41d8c0 Exception <a 'java/lang/NoSuchMethodError'{0x00000000d6651e30}: 'void java.lang.invoke.Invokers$Holder.invokeExact_MT(java.lang.Object, java.lang.Object, java.lang.Object, java.lang.Object)'> (0x00000000d6651e30) 
thrown [s\src\hotspot\share\interpreter\linkResolver.cpp, line 773]
Event: 26.415 Thread 0x0000012e7c41d8c0 Exception <a 'java/io/FileNotFoundException'{0x00000000d6920d38}> (0x00000000d6920d38) 
thrown [s\src\hotspot\share\prims\jni.cpp, line 520]
Event: 26.417 Thread 0x0000012e7c41d8c0 Exception <a 'java/io/FileNotFoundException'{0x00000000d6927ec0}> (0x00000000d6927ec0) 
thrown [s\src\hotspot\share\prims\jni.cpp, line 520]
Event: 27.801 Thread 0x0000012e7c41d8c0 Exception <a 'java/lang/NoSuchMethodError'{0x00000000d569e808}: 'java.lang.Object java.lang.invoke.DirectMethodHandle$Holder.invokeStaticInit(java.lang.Object, int)'> (0x00000000d569e808) 
thrown [s\src\hotspot\share\interpreter\linkResolver.cpp, line 773]
Event: 27.904 Thread 0x0000012e7c41d8c0 Exception <a 'java/lang/NoSuchMethodError'{0x00000000d5915bb0}: 'java.lang.Object java.lang.invoke.DirectMethodHandle$Holder.invokeStaticInit(java.lang.Object, int, int, int, int)'> (0x00000000d5915bb0) 
thrown [s\src\hotspot\share\interpreter\linkResolver.cpp, line 773]
Event: 27.989 Thread 0x0000012e7c41d8c0 Exception <a 'java/lang/NoSuchMethodError'{0x00000000d5a69c10}: 'java.lang.Object java.lang.invoke.DirectMethodHandle$Holder.invokeStaticInit(java.lang.Object, java.lang.Object, int, int, int, int)'> (0x00000000d5a69c10) 
thrown [s\src\hotspot\share\interpreter\linkResolver.cpp, line 773]
Event: 28.291 Thread 0x0000012e7c41d8c0 Exception <a 'java/lang/NoSuchMethodError'{0x00000000d5b87d58}: 'void java.lang.invoke.DirectMethodHandle$Holder.invokeSpecial(java.lang.Object, java.lang.Object, java.lang.Object, int)'> (0x00000000d5b87d58) 
thrown [s\src\hotspot\share\interpreter\linkResolver.cpp, line 773]
Event: 28.291 Thread 0x0000012e7c41d8c0 Exception <a 'java/lang/NoSuchMethodError'{0x00000000d5b8b6e8}: 'void java.lang.invoke.DelegatingMethodHandle$Holder.reinvoke_L(java.lang.Object, java.lang.Object, int)'> (0x00000000d5b8b6e8) 
thrown [s\src\hotspot\share\interpreter\linkResolver.cpp, line 773]
Event: 28.293 Thread 0x0000012e7c41d8c0 Exception <a 'java/lang/NoSuchMethodError'{0x00000000d5b923d0}: 'int java.lang.invoke.Invokers$Holder.invokeExact_MT(java.lang.Object, java.lang.Object, java.lang.Object)'> (0x00000000d5b923d0) 
thrown [s\src\hotspot\share\interpreter\linkResolver.cpp, line 773]
Event: 28.322 Thread 0x0000012e7c41d8c0 Exception <a 'java/lang/NoSuchMethodError'{0x00000000d5cb1d78}: 'void java.lang.invoke.Invokers$Holder.invokeExact_MT(java.lang.Object, java.lang.Object, int, java.lang.Object)'> (0x00000000d5cb1d78) 
thrown [s\src\hotspot\share\interpreter\linkResolver.cpp, line 773]
Event: 29.355 Thread 0x0000012e7c41d8c0 Exception <a 'java/lang/NoSuchMethodError'{0x00000000d5dc3530}: 'java.lang.Object java.lang.invoke.DirectMethodHandle$Holder.invokeSpecial(java.lang.Object, java.lang.Object, java.lang.Object, long, java.lang.Object)'> (0x00000000d5dc3530) 
thrown [s\src\hotspot\share\interpreter\linkResolver.cpp, line 773]
Event: 29.356 Thread 0x0000012e7c41d8c0 Exception <a 'java/lang/NoSuchMethodError'{0x00000000d5dcad78}: 'java.lang.Object java.lang.invoke.DirectMethodHandle$Holder.newInvokeSpecial(java.lang.Object, java.lang.Object, java.lang.Object, long)'> (0x00000000d5dcad78) 
thrown [s\src\hotspot\share\interpreter\linkResolver.cpp, line 773]
Event: 29.356 Thread 0x0000012e7c41d8c0 Exception <a 'java/lang/NoSuchMethodError'{0x00000000d5dcf0a8}: 'java.lang.Object java.lang.invoke.DirectMethodHandle$Holder.invokeSpecial(java.lang.Object, java.lang.Object, java.lang.Object, java.lang.Object, long)'> (0x00000000d5dcf0a8) 
thrown [s\src\hotspot\share\interpreter\linkResolver.cpp, line 773]
Event: 29.356 Thread 0x0000012e7c41d8c0 Exception <a 'java/lang/NoSuchMethodError'{0x00000000d5dd2cc8}: 'java.lang.Object java.lang.invoke.Invokers$Holder.linkToTargetMethod(java.lang.Object, java.lang.Object, long, java.lang.Object)'> (0x00000000d5dd2cc8) 
thrown [s\src\hotspot\share\interpreter\linkResolver.cpp, line 773]

ZGC Phase Switch (0 events):
No events

VM Operations (20 events):
Event: 23.759 Executing VM operation: Cleanup
Event: 23.759 Executing VM operation: Cleanup done
Event: 24.365 Executing VM operation: HandshakeAllThreads (Deoptimize)
Event: 24.365 Executing VM operation: HandshakeAllThreads (Deoptimize) done
Event: 24.468 Executing VM operation: ParallelGCFailedAllocation (Allocation Failure)
Event: 24.475 Executing VM operation: ParallelGCFailedAllocation (Allocation Failure) done
Event: 25.486 Executing VM operation: Cleanup
Event: 25.486 Executing VM operation: Cleanup done
Event: 26.437 Executing VM operation: HandshakeAllThreads (Deoptimize)
Event: 26.438 Executing VM operation: HandshakeAllThreads (Deoptimize) done
Event: 27.442 Executing VM operation: Cleanup
Event: 27.597 Executing VM operation: Cleanup done
Event: 27.765 Executing VM operation: ParallelGCFailedAllocation (Allocation Failure)
Event: 27.770 Executing VM operation: ParallelGCFailedAllocation (Allocation Failure) done
Event: 27.957 Executing VM operation: HandshakeAllThreads (Deoptimize)
Event: 27.957 Executing VM operation: HandshakeAllThreads (Deoptimize) done
Event: 28.270 Executing VM operation: HandshakeAllThreads (Deoptimize)
Event: 28.270 Executing VM operation: HandshakeAllThreads (Deoptimize) done
Event: 29.273 Executing VM operation: Cleanup
Event: 29.273 Executing VM operation: Cleanup done

Memory protections (0 events):
No events

Nmethod flushes (0 events):
No events

Events (20 events):
Event: 0.048 Thread 0x0000012e5d44d4a0 Thread added: 0x0000012e5d44d4a0
Event: 0.077 Thread 0x0000012e5d44d4a0 Thread added: 0x0000012e75b9dd50
Event: 0.077 Thread 0x0000012e5d44d4a0 Thread added: 0x0000012e5d4f2660
Event: 0.078 Thread 0x0000012e5d44d4a0 Thread added: 0x0000012e5d4f73e0
Event: 0.078 Thread 0x0000012e5d44d4a0 Thread added: 0x0000012e5d4f7e30
Event: 0.078 Thread 0x0000012e5d44d4a0 Thread added: 0x0000012e5d4fb860
Event: 0.078 Thread 0x0000012e5d44d4a0 Thread added: 0x0000012e5d505b10
Event: 0.078 Thread 0x0000012e5d44d4a0 Thread added: 0x0000012e5d506940
Event: 0.079 Thread 0x0000012e5d44d4a0 Thread added: 0x0000012e5d509ea0
Event: 0.124 Thread 0x0000012e5d44d4a0 Thread added: 0x0000012e770c8610
Event: 0.779 Thread 0x0000012e5d44d4a0 Thread added: 0x0000012e7731b080
Event: 3.407 Thread 0x0000012e5d44d4a0 Thread added: 0x0000012e7c45d2b0
Event: 14.803 Thread 0x0000012e5d44d4a0 Thread added: 0x0000012e7c22cef0
Event: 14.870 Thread 0x0000012e7c22cef0 Thread added: 0x0000012e7c7b6fd0
Event: 14.874 Thread 0x0000012e5d44d4a0 Thread added: 0x0000012e7c41d8c0
Event: 18.821 Thread 0x0000012e7c41d8c0 Thread added: 0x0000012e7c41c510
Event: 24.342 Thread 0x0000012e7c41d8c0 Thread added: 0x0000012e7c41df50
Event: 26.101 Thread 0x0000012e7c41d8c0 Thread added: 0x0000012e7c41cba0
Event: 28.302 Thread 0x0000012e7c41d8c0 Thread added: 0x0000012e7c41d230
Event: 31.411 Thread 0x0000012e7c41d8c0 Thread added: 0x0000012e7c41e5e0


Dynamic libraries:
0x00007ff654a60000 - 0x00007ff654a6e000 	c:\Users\TEJASHWINI S\.vscode\extensions\redhat.java-1.46.0-win32-x64\jre\21.0.8-win32-x86_64\bin\java.exe
0x00007ffe920a0000 - 0x00007ffe92309000 	C:\WINDOWS\SYSTEM32\ntdll.dll
0x00007ffe914a0000 - 0x00007ffe91569000 	C:\WINDOWS\System32\KERNEL32.DLL
0x00007ffe8f490000 - 0x00007ffe8f883000 	C:\WINDOWS\System32\KERNELBASE.dll
0x00007ffe8f890000 - 0x00007ffe8f9db000 	C:\WINDOWS\System32\ucrtbase.dll
0x00007ffe86e50000 - 0x00007ffe86e68000 	c:\Users\TEJASHWINI S\.vscode\extensions\redhat.java-1.46.0-win32-x64\jre\21.0.8-win32-x86_64\bin\jli.dll
0x00007ffe8bcf0000 - 0x00007ffe8bd0e000 	c:\Users\TEJASHWINI S\.vscode\extensions\redhat.java-1.46.0-win32-x64\jre\21.0.8-win32-x86_64\bin\VCRUNTIME140.dll
0x00007ffe91b10000 - 0x00007ffe91cd4000 	C:\WINDOWS\System32\USER32.dll
0x00007ffe8f460000 - 0x00007ffe8f487000 	C:\WINDOWS\System32\win32u.dll
0x00007ffe7c040000 - 0x00007ffe7c2d3000 	C:\WINDOWS\WinSxS\amd64_microsoft.windows.common-controls_6595b64144ccf1df_6.0.26100.5074_none_3e0d6f78e32fd63f\COMCTL32.dll
0x00007ffe90e20000 - 0x00007ffe90ec9000 	C:\WINDOWS\System32\msvcrt.dll
0x00007ffe90fd0000 - 0x00007ffe90ffb000 	C:\WINDOWS\System32\GDI32.dll
0x00007ffe8fa80000 - 0x00007ffe8fbad000 	C:\WINDOWS\System32\gdi32full.dll
0x00007ffe8f230000 - 0x00007ffe8f2d3000 	C:\WINDOWS\System32\msvcp_win.dll
0x00007ffe91750000 - 0x00007ffe9177f000 	C:\WINDOWS\System32\IMM32.DLL
0x00007ffe86e40000 - 0x00007ffe86e4c000 	c:\Users\TEJASHWINI S\.vscode\extensions\redhat.java-1.46.0-win32-x64\jre\21.0.8-win32-x86_64\bin\vcruntime140_1.dll
0x00007ffe6df70000 - 0x00007ffe6dffd000 	c:\Users\TEJASHWINI S\.vscode\extensions\redhat.java-1.46.0-win32-x64\jre\21.0.8-win32-x86_64\bin\msvcp140.dll
0x00007ffdd5780000 - 0x00007ffdd6517000 	c:\Users\TEJASHWINI S\.vscode\extensions\redhat.java-1.46.0-win32-x64\jre\21.0.8-win32-x86_64\bin\server\jvm.dll
0x00007ffe90820000 - 0x00007ffe908d4000 	C:\WINDOWS\System32\ADVAPI32.dll
0x00007ffe916a0000 - 0x00007ffe91746000 	C:\WINDOWS\System32\sechost.dll
0x00007ffe91380000 - 0x00007ffe91498000 	C:\WINDOWS\System32\RPCRT4.dll
0x00007ffe907a0000 - 0x00007ffe90814000 	C:\WINDOWS\System32\WS2_32.dll
0x00007ffe86390000 - 0x00007ffe863c5000 	C:\WINDOWS\SYSTEM32\WINMM.dll
0x00007ffe882c0000 - 0x00007ffe882cb000 	C:\WINDOWS\SYSTEM32\VERSION.dll
0x00007ffe8f090000 - 0x00007ffe8f0ee000 	C:\WINDOWS\SYSTEM32\POWRPROF.dll
0x00007ffe8f070000 - 0x00007ffe8f084000 	C:\WINDOWS\SYSTEM32\UMPDC.dll
0x00007ffe8e010000 - 0x00007ffe8e02b000 	C:\WINDOWS\SYSTEM32\kernel.appcore.dll
0x00007ffe86cb0000 - 0x00007ffe86cba000 	c:\Users\TEJASHWINI S\.vscode\extensions\redhat.java-1.46.0-win32-x64\jre\21.0.8-win32-x86_64\bin\jimage.dll
0x00007ffe8cae0000 - 0x00007ffe8cd22000 	C:\WINDOWS\SYSTEM32\DBGHELP.DLL
0x00007ffe91000000 - 0x00007ffe9137b000 	C:\WINDOWS\System32\combase.dll
0x00007ffe915c0000 - 0x00007ffe91697000 	C:\WINDOWS\System32\OLEAUT32.dll
0x00007ffe78ca0000 - 0x00007ffe78cdd000 	C:\WINDOWS\SYSTEM32\dbgcore.DLL
0x00007ffe8f9e0000 - 0x00007ffe8fa79000 	C:\WINDOWS\System32\bcryptPrimitives.dll
0x00007ffe7ed60000 - 0x00007ffe7ed6f000 	c:\Users\TEJASHWINI S\.vscode\extensions\redhat.java-1.46.0-win32-x64\jre\21.0.8-win32-x86_64\bin\instrument.dll
0x00007ffe86260000 - 0x00007ffe8627f000 	c:\Users\TEJASHWINI S\.vscode\extensions\redhat.java-1.46.0-win32-x64\jre\21.0.8-win32-x86_64\bin\java.dll
0x00007ffe90050000 - 0x00007ffe9079d000 	C:\WINDOWS\System32\SHELL32.dll
0x00007ffe8fc70000 - 0x00007ffe8fddc000 	C:\WINDOWS\System32\wintypes.dll
0x00007ffe8ced0000 - 0x00007ffe8d729000 	C:\WINDOWS\SYSTEM32\windows.storage.dll
0x00007ffe90ed0000 - 0x00007ffe90fc0000 	C:\WINDOWS\System32\SHCORE.dll
0x00007ffe91de0000 - 0x00007ffe91e42000 	C:\WINDOWS\System32\shlwapi.dll
0x00007ffe8f150000 - 0x00007ffe8f179000 	C:\WINDOWS\SYSTEM32\profapi.dll
0x00007ffe822f0000 - 0x00007ffe82308000 	c:\Users\TEJASHWINI S\.vscode\extensions\redhat.java-1.46.0-win32-x64\jre\21.0.8-win32-x86_64\bin\zip.dll
0x00007ffe86110000 - 0x00007ffe86120000 	C:\Users\TEJASHWINI S\.vscode\extensions\redhat.java-1.46.0-win32-x64\jre\21.0.8-win32-x86_64\bin\net.dll
0x00007ffe868a0000 - 0x00007ffe869bf000 	C:\WINDOWS\SYSTEM32\WINHTTP.dll
0x00007ffe8e590000 - 0x00007ffe8e5fb000 	C:\WINDOWS\system32\mswsock.dll
0x00007ffe811e0000 - 0x00007ffe811f6000 	C:\Users\TEJASHWINI S\.vscode\extensions\redhat.java-1.46.0-win32-x64\jre\21.0.8-win32-x86_64\bin\nio.dll
0x00007ffe86280000 - 0x00007ffe86290000 	c:\Users\TEJASHWINI S\.vscode\extensions\redhat.java-1.46.0-win32-x64\jre\21.0.8-win32-x86_64\bin\verify.dll
0x00007ffe7edd0000 - 0x00007ffe7ee14000 	C:\Users\TEJASHWINI S\AppData\Roaming\Code\User\globalStorage\redhat.java\1.46.0\config_win\org.eclipse.equinox.launcher\org.eclipse.equinox.launcher.win32.win32.x86_64_1.2.1400.v20250801-0854\eclipse_11916.dll
0x00007ffe91790000 - 0x00007ffe91928000 	C:\WINDOWS\System32\ole32.dll
0x00007ffe8e830000 - 0x00007ffe8e84b000 	C:\WINDOWS\SYSTEM32\CRYPTSP.dll
0x00007ffe8df70000 - 0x00007ffe8dfab000 	C:\WINDOWS\system32\rsaenh.dll
0x00007ffe8e630000 - 0x00007ffe8e65b000 	C:\WINDOWS\SYSTEM32\USERENV.dll
0x00007ffe8f120000 - 0x00007ffe8f146000 	C:\WINDOWS\SYSTEM32\bcrypt.dll
0x00007ffe8e850000 - 0x00007ffe8e85c000 	C:\WINDOWS\SYSTEM32\CRYPTBASE.dll
0x00007ffe8da30000 - 0x00007ffe8da64000 	C:\WINDOWS\SYSTEM32\IPHLPAPI.DLL
0x00007ffe91dd0000 - 0x00007ffe91dda000 	C:\WINDOWS\System32\NSI.dll
0x00007ffe86160000 - 0x00007ffe861a9000 	C:\Users\TEJASHWINI S\AppData\Local\Temp\jna-300574461\jna15269398223842939194.dll
0x00007ffe908f0000 - 0x00007ffe908f8000 	C:\WINDOWS\System32\PSAPI.DLL

JVMTI agents:
c:\Users\TEJASHWINI S\.vscode\extensions\redhat.java-1.46.0-win32-x64\lombok\lombok-1.18.39-4050.jar path:c:\Users\TEJASHWINI S\.vscode\extensions\redhat.java-1.46.0-win32-x64\jre\21.0.8-win32-x86_64\bin\instrument.dll, loaded, initialized, instrumentlib options:none

dbghelp: loaded successfully - version: 4.0.5 - missing functions: none
symbol engine: initialized successfully - sym options: 0x614 - pdb path: .;c:\Users\TEJASHWINI S\.vscode\extensions\redhat.java-1.46.0-win32-x64\jre\21.0.8-win32-x86_64\bin;C:\WINDOWS\SYSTEM32;C:\WINDOWS\WinSxS\amd64_microsoft.windows.common-controls_6595b64144ccf1df_6.0.26100.5074_none_3e0d6f78e32fd63f;c:\Users\TEJASHWINI S\.vscode\extensions\redhat.java-1.46.0-win32-x64\jre\21.0.8-win32-x86_64\bin\server;C:\Users\TEJASHWINI S\AppData\Roaming\Code\User\globalStorage\redhat.java\1.46.0\config_win\org.eclipse.equinox.launcher\org.eclipse.equinox.launcher.win32.win32.x86_64_1.2.1400.v20250801-0854;C:\Users\TEJASHWINI S\AppData\Local\Temp\jna-300574461

VM Arguments:
jvm_args: --add-modules=ALL-SYSTEM --add-opens=java.base/java.util=ALL-UNNAMED --add-opens=java.base/java.lang=ALL-UNNAMED --add-opens=java.base/sun.nio.fs=ALL-UNNAMED -Declipse.application=org.eclipse.jdt.ls.core.id1 -Dosgi.bundles.defaultStartLevel=4 -Declipse.product=org.eclipse.jdt.ls.core.product -Djava.import.generatesMetadataFilesAtProjectRoot=false -DDetectVMInstallationsJob.disabled=true -Dfile.encoding=utf8 -XX:+UseParallelGC -XX:GCTimeRatio=4 -XX:AdaptiveSizePolicyWeight=90 -Dsun.zip.disableMemoryMapping=true -Xmx2G -Xms100m -Xlog:disable -javaagent:c:\Users\TEJASHWINI S\.vscode\extensions\redhat.java-1.46.0-win32-x64\lombok\lombok-1.18.39-4050.jar -XX:+HeapDumpOnOutOfMemoryError -XX:HeapDumpPath=c:\Users\TEJASHWINI S\AppData\Roaming\Code\User\workspaceStorage\609db315db7d13efddf576384252da58\redhat.java -Daether.dependencyCollector.impl=bf 
java_command: c:\Users\TEJASHWINI S\.vscode\extensions\redhat.java-1.46.0-win32-x64\server\plugins\org.eclipse.equinox.launcher_1.7.0.v20250519-0528.jar -configuration c:\Users\TEJASHWINI S\AppData\Roaming\Code\User\globalStorage\redhat.java\1.46.0\config_win -data c:\Users\TEJASHWINI S\AppData\Roaming\Code\User\workspaceStorage\609db315db7d13efddf576384252da58\redhat.java\jdt_ws --pipe=\\.\pipe\lsp-548cfd970fde996678aa91f28cf4c936-sock
java_class_path (initial): c:\Users\TEJASHWINI S\.vscode\extensions\redhat.java-1.46.0-win32-x64\server\plugins\org.eclipse.equinox.launcher_1.7.0.v20250519-0528.jar
Launcher Type: SUN_STANDARD

[Global flags]
    uintx AdaptiveSizePolicyWeight                 = 90                                        {product} {command line}
     intx CICompilerCount                          = 4                                         {product} {ergonomic}
    uintx GCTimeRatio                              = 4                                         {product} {command line}
     bool HeapDumpOnOutOfMemoryError               = true                                   {manageable} {command line}
    ccstr HeapDumpPath                             = c:\Users\TEJASHWINI S\AppData\Roaming\Code\User\workspaceStorage\609db315db7d13efddf576384252da58\redhat.java         {manageable} {command line}
   size_t InitialHeapSize                          = 104857600                                 {product} {command line}
   size_t MaxHeapSize                              = 2147483648                                {product} {command line}
   size_t MaxNewSize                               = 715653120                                 {product} {ergonomic}
   size_t MinHeapDeltaBytes                        = 524288                                    {product} {ergonomic}
   size_t MinHeapSize                              = 104857600                                 {product} {command line}
   size_t NewSize                                  = 34603008                                  {product} {ergonomic}
    uintx NonNMethodCodeHeapSize                   = 5839372                                {pd product} {ergonomic}
    uintx NonProfiledCodeHeapSize                  = 122909434                              {pd product} {ergonomic}
   size_t OldSize                                  = 70254592                                  {product} {ergonomic}
    uintx ProfiledCodeHeapSize                     = 122909434                              {pd product} {ergonomic}
    uintx ReservedCodeCacheSize                    = 251658240                              {pd product} {ergonomic}
     bool SegmentedCodeCache                       = true                                      {product} {ergonomic}
   size_t SoftMaxHeapSize                          = 2147483648                             {manageable} {ergonomic}
     bool UseCompressedOops                        = true                           {product lp64_product} {ergonomic}
     bool UseLargePagesIndividualAllocation        = false                                  {pd product} {ergonomic}
     bool UseParallelGC                            = true                                      {product} {command line}

Logging:
Log output configuration:
 #0: stdout all=off uptime,level,tags foldmultilines=false
 #1: stderr all=off uptime,level,tags foldmultilines=false

Environment Variables:
JAVA_HOME=C:\Program Files\Java\jdk-22
PATH=C:\Program Files\Common Files\Oracle\Java\javapath;C:\Program Files (x86)\VMware\VMware Workstation\bin\;C:\oraclexe\app\oracle\product\11.2.0\server\bin;C:\WINDOWS\system32;C:\WINDOWS;C:\WINDOWS\System32\Wbem;C:\WINDOWS\System32\WindowsPowerShell\v1.0\;C:\WINDOWS\System32\OpenSSH\;C:\Program Files (x86)\Microsoft SQL Server\160\Tools\Binn\;C:\Program Files\Microsoft SQL Server\160\Tools\Binn\;C:\Program Files\Microsoft SQL Server\Client SDK\ODBC\170\Tools\Binn\;C:\Program Files\Microsoft SQL Server\160\DTS\Binn\;C:\Program Files (x86)\Microsoft SQL Server\160\DTS\Binn\;C:\Program Files\Azure Data Studio\bin;C:\Program Files\Java\jdk-22\bin;C:\MinGW\bin;C:\Program Files\Git\cmd;C:\Program Files\Git\bin;C:\Program Files\nodejs\;C:\Program Files\MySQL\MySQL Server 9.1\bin;C:\Users\TEJASHWINI S\anaconda3\;C:\Users\TEJASHWINI S\anaconda3\Scripts\;C:\Users\TEJASHWINI S\anaconda3\Library\bin\;C:\Users\TEJASHWINI S\AppData\Roaming\npm;C:\Program Files\apache-maven-3.9.11\bin;C:\Users\TEJASHWINI S\AppData\Local\Programs\Python\Python313\Scripts\;C:\Users\TEJASHWINI S\AppData\Local\Programs\Python\Python313\;C:\Users\TEJASHWINI S\AppData\Local\Programs\Python\Python311\Scripts\;C:\Users\TEJASHWINI S\AppData\Local\Programs\Python\Python311\;C:\Users\TEJASHWINI S\AppData\Local\Programs\Python\Python312\Scripts\;C:\Users\TEJASHWINI S\AppData\Local\Programs\Python\Python312\;C:\Users\TEJASHWINI S\AppData\Local\Microsoft\WindowsApps;C:\Program Files\Azure Data Studio\bin;C:\Users\TEJASHWINI S\AppData\Local\Programs\Microsoft VS Code\bin;C:\Users\TEJASHWINI S\AppData\Roaming\npm;C:\Users\TEJASHWINI S\AppData\Local\Programs\cursor\resources\app\bin;
USERNAME=TEJASHWINI S
OS=Windows_NT
PROCESSOR_IDENTIFIER=AMD64 Family 23 Model 104 Stepping 1, AuthenticAMD
TMP=C:\Users\TEJASH~1\AppData\Local\Temp
TEMP=C:\Users\TEJASH~1\AppData\Local\Temp




Periodic native trim disabled

---------------  S Y S T E M  ---------------

OS:
 Windows 11 , 64 bit Build 26100 (10.0.26100.5074)
OS uptime: 3 days 11:34 hours

CPU: total 12 (initial active 12) (12 cores per cpu, 2 threads per core) family 23 model 104 stepping 1 microcode 0x8608103, cx8, cmov, fxsr, ht, mmx, 3dnowpref, sse, sse2, sse3, ssse3, sse4a, sse4.1, sse4.2, popcnt, lzcnt, tsc, tscinvbit, avx, avx2, aes, clmul, bmi1, bmi2, adx, sha, fma, vzeroupper, clflush, clflushopt, rdtscp, rdpid, f16c
Processor Information for the first 12 processors :
  Max Mhz: 2100, Current Mhz: 2100, Mhz Limit: 2100

Memory: 4k page, system-wide physical 6005M (227M free)
TotalPageFile size 24437M (AvailPageFile size 146M)
current process WorkingSet (physical memory assigned to process): 115M, peak: 115M
current process commit charge ("private bytes"): 275M, peak: 275M

vm_info: OpenJDK 64-Bit Server VM (21.0.8+9-LTS) for windows-amd64 JRE (21.0.8+9-LTS), built on 2025-07-15T00:00:00Z by "admin" with MS VC++ 17.7 (VS2022)

END.
