#
# There is insufficient memory for the Java Runtime Environment to continue.
# Native memory allocation (malloc) failed to allocate 1543056 bytes. Error detail: Chunk::new
# Possible reasons:
#   The system is out of physical RAM or swap space
#   This process is running with CompressedOops enabled, and the Java Heap may be blocking the growth of the native heap
# Possible solutions:
#   Reduce memory load on the system
#   Increase physical memory or swap space
#   Check if swap backing store is full
#   Decrease Java heap size (-Xmx/-Xms)
#   Decrease number of Java threads
#   Decrease Java thread stack sizes (-Xss)
#   Set larger code cache with -XX:ReservedCodeCacheSize=
#   JVM is running with Unscaled Compressed Oops mode in which the Java heap is
#     placed in the first 4GB address space. The Java Heap base address is the
#     maximum limit for the native heap growth. Please use -XX:HeapBaseMinAddress
#     to set the Java Heap base and to place the Java Heap above 4GB virtual address.
# This output file may be truncated or incomplete.
#
#  Out of Memory Error (arena.cpp:168), pid=19300, tid=12592
#
# JRE version: OpenJDK Runtime Environment Temurin-21.0.8+9 (21.0.8+9) (build 21.0.8+9-LTS)
# Java VM: OpenJDK 64-Bit Server VM Temurin-21.0.8+9 (21.0.8+9-LTS, mixed mode, sharing, tiered, compressed oops, compressed class ptrs, parallel gc, windows-amd64)
# No core dump will be written. Minidumps are not enabled by default on client versions of Windows
#

---------------  S U M M A R Y ------------

Command Line: --add-modules=ALL-SYSTEM --add-opens=java.base/java.util=ALL-UNNAMED --add-opens=java.base/java.lang=ALL-UNNAMED --add-opens=java.base/sun.nio.fs=ALL-UNNAMED -Declipse.application=org.eclipse.jdt.ls.core.id1 -Dosgi.bundles.defaultStartLevel=4 -Declipse.product=org.eclipse.jdt.ls.core.product -Djava.import.generatesMetadataFilesAtProjectRoot=false -DDetectVMInstallationsJob.disabled=true -Dfile.encoding=utf8 -XX:+UseParallelGC -XX:GCTimeRatio=4 -XX:AdaptiveSizePolicyWeight=90 -Dsun.zip.disableMemoryMapping=true -Xmx2G -Xms100m -Xlog:disable -javaagent:c:\Users\TEJASHWINI S\.vscode\extensions\redhat.java-1.46.0-win32-x64\lombok\lombok-1.18.39-4050.jar c:\Users\TEJASHWINI S\.vscode\extensions\redhat.java-1.46.0-win32-x64\server\plugins\org.eclipse.equinox.launcher_1.7.0.v20250519-0528.jar -configuration c:\Users\TEJASHWINI S\AppData\Roaming\Code\User\globalStorage\redhat.java\1.46.0\config_ss_win -data c:\Users\TEJASHWINI S\AppData\Roaming\Code\User\workspaceStorage\609db315db7d13efddf576384252da58\redhat.java\ss_ws --pipe=\\.\pipe\lsp-5d8e080ca6be15bd5630676efac3d71e-sock

Host: AMD Ryzen 5 5500U with Radeon Graphics         , 12 cores, 5G,  Windows 11 , 64 bit Build 26100 (10.0.26100.5074)
Time: Mon Oct 13 12:40:11 2025 India Standard Time elapsed time: 24.843921 seconds (0d 0h 0m 24s)

---------------  T H R E A D  ---------------

Current thread (0x000001ef1c2b8420):  JavaThread "C2 CompilerThread1" daemon [_thread_in_native, id=12592, stack(0x000000a10a200000,0x000000a10a300000) (1024K)]


Current CompileTask:
C2:24844 5672       4       java.lang.reflect.Field::get (39 bytes)

Stack: [0x000000a10a200000,0x000000a10a300000]
Native frames: (J=compiled Java code, j=interpreted, Vv=VM code, C=native code)
V  [jvm.dll+0x6d2449]
V  [jvm.dll+0x8ae341]
V  [jvm.dll+0x8b08be]
V  [jvm.dll+0x8b0fa3]
V  [jvm.dll+0x280c96]
V  [jvm.dll+0xc581d]
V  [jvm.dll+0xc5d53]
V  [jvm.dll+0x3b9162]
V  [jvm.dll+0x385315]
V  [jvm.dll+0x38477a]
V  [jvm.dll+0x248ed0]
V  [jvm.dll+0x2484af]
V  [jvm.dll+0x1c89ee]
V  [jvm.dll+0x257d4d]
V  [jvm.dll+0x2562ea]
V  [jvm.dll+0x3f2d16]
V  [jvm.dll+0x857e6b]
V  [jvm.dll+0x6d0b0d]
C  [ucrtbase.dll+0x37b0]
C  [KERNEL32.DLL+0x2e8d7]
C  [ntdll.dll+0x8d9c]


---------------  P R O C E S S  ---------------

Threads class SMR info:
_java_thread_list=0x000001ef1f8c3820, length=42, elements={
0x000001eebe16d690, 0x000001eebe11dfc0, 0x000001eebe213fb0, 0x000001eebe219910,
0x000001eebe21a6c0, 0x000001eebe21e800, 0x000001eebe2204f0, 0x000001eebe229d30,
0x000001eebe22a580, 0x000001ef16fdede0, 0x000001ef1726b3e0, 0x000001ef1c4832f0,
0x000001ef1c56a4a0, 0x000001ef1c5b9a60, 0x000001ef1720c180, 0x000001ef17039470,
0x000001ef1c1dcdc0, 0x000001ef1c044c30, 0x000001ef1c045a30, 0x000001ef1c2b8420,
0x000001ef1c8877b0, 0x000001ef1c887e40, 0x000001ef1c888b60, 0x000001ef1c885d70,
0x000001ef1c8884d0, 0x000001ef1c887120, 0x000001ef1c886400, 0x000001ef1c886a90,
0x000001ef1e5e79e0, 0x000001ef1e5e6cc0, 0x000001ef1e5e8070, 0x000001ef1e5e8d90,
0x000001ef1e5e7350, 0x000001ef1e5e8700, 0x000001ef1e5e9420, 0x000001ef1e5e5fa0,
0x000001ef1e5e9ab0, 0x000001ef1e5e6630, 0x000001ef1e5ec210, 0x000001ef1e5eae60,
0x000001ef1e5ea140, 0x000001ef1c2bb3d0
}

Java Threads: ( => current thread )
  0x000001eebe16d690 JavaThread "main"                              [_thread_blocked, id=14444, stack(0x000000a108300000,0x000000a108400000) (1024K)]
  0x000001eebe11dfc0 JavaThread "Reference Handler"          daemon [_thread_blocked, id=14316, stack(0x000000a108700000,0x000000a108800000) (1024K)]
  0x000001eebe213fb0 JavaThread "Finalizer"                  daemon [_thread_blocked, id=1648, stack(0x000000a108800000,0x000000a108900000) (1024K)]
  0x000001eebe219910 JavaThread "Signal Dispatcher"          daemon [_thread_blocked, id=24684, stack(0x000000a108900000,0x000000a108a00000) (1024K)]
  0x000001eebe21a6c0 JavaThread "Attach Listener"            daemon [_thread_blocked, id=10420, stack(0x000000a108a00000,0x000000a108b00000) (1024K)]
  0x000001eebe21e800 JavaThread "Service Thread"             daemon [_thread_blocked, id=13180, stack(0x000000a108b00000,0x000000a108c00000) (1024K)]
  0x000001eebe2204f0 JavaThread "Monitor Deflation Thread"   daemon [_thread_blocked, id=9440, stack(0x000000a108c00000,0x000000a108d00000) (1024K)]
  0x000001eebe229d30 JavaThread "C2 CompilerThread0"         daemon [_thread_blocked, id=18780, stack(0x000000a108d00000,0x000000a108e00000) (1024K)]
  0x000001eebe22a580 JavaThread "C1 CompilerThread0"         daemon [_thread_blocked, id=21108, stack(0x000000a108e00000,0x000000a108f00000) (1024K)]
  0x000001ef16fdede0 JavaThread "Common-Cleaner"             daemon [_thread_blocked, id=16644, stack(0x000000a108f00000,0x000000a109000000) (1024K)]
  0x000001ef1726b3e0 JavaThread "Notification Thread"        daemon [_thread_blocked, id=2236, stack(0x000000a109000000,0x000000a109100000) (1024K)]
  0x000001ef1c4832f0 JavaThread "Active Thread: Equinox Container: 7234de8a-4a89-4925-90c6-32302657f0f1"        [_thread_blocked, id=18140, stack(0x000000a109800000,0x000000a109900000) (1024K)]
  0x000001ef1c56a4a0 JavaThread "Framework Event Dispatcher: Equinox Container: 7234de8a-4a89-4925-90c6-32302657f0f1" daemon [_thread_blocked, id=20764, stack(0x000000a109100000,0x000000a109200000) (1024K)]
  0x000001ef1c5b9a60 JavaThread "Start Level: Equinox Container: 7234de8a-4a89-4925-90c6-32302657f0f1" daemon [_thread_blocked, id=16960, stack(0x000000a109900000,0x000000a109a00000) (1024K)]
  0x000001ef1720c180 JavaThread "SCR Component Actor"        daemon [_thread_blocked, id=28788, stack(0x000000a109b00000,0x000000a109c00000) (1024K)]
  0x000001ef17039470 JavaThread "Worker-JM"                         [_thread_blocked, id=3820, stack(0x000000a109c00000,0x000000a109d00000) (1024K)]
  0x000001ef1c1dcdc0 JavaThread "JNA Cleaner"                daemon [_thread_blocked, id=26284, stack(0x000000a109f00000,0x000000a10a000000) (1024K)]
  0x000001ef1c044c30 JavaThread "Worker-0"                          [_thread_blocked, id=6336, stack(0x000000a10a000000,0x000000a10a100000) (1024K)]
  0x000001ef1c045a30 JavaThread "Worker-1: Publish Diagnostics"        [_thread_blocked, id=27176, stack(0x000000a10a100000,0x000000a10a200000) (1024K)]
=>0x000001ef1c2b8420 JavaThread "C2 CompilerThread1"         daemon [_thread_in_native, id=12592, stack(0x000000a10a200000,0x000000a10a300000) (1024K)]
  0x000001ef1c8877b0 JavaThread "Thread-1"                   daemon [_thread_in_native, id=8636, stack(0x000000a10a500000,0x000000a10a600000) (1024K)]
  0x000001ef1c887e40 JavaThread "Thread-2"                   daemon [_thread_in_native, id=8860, stack(0x000000a10a600000,0x000000a10a700000) (1024K)]
  0x000001ef1c888b60 JavaThread "Thread-3"                   daemon [_thread_in_native, id=27908, stack(0x000000a10a700000,0x000000a10a800000) (1024K)]
  0x000001ef1c885d70 JavaThread "Thread-4"                   daemon [_thread_in_native, id=26912, stack(0x000000a10a800000,0x000000a10a900000) (1024K)]
  0x000001ef1c8884d0 JavaThread "Thread-5"                   daemon [_thread_in_native, id=25644, stack(0x000000a10a900000,0x000000a10aa00000) (1024K)]
  0x000001ef1c887120 JavaThread "Thread-6"                   daemon [_thread_in_native, id=15176, stack(0x000000a10aa00000,0x000000a10ab00000) (1024K)]
  0x000001ef1c886400 JavaThread "Thread-7"                   daemon [_thread_in_native, id=30264, stack(0x000000a10ab00000,0x000000a10ac00000) (1024K)]
  0x000001ef1c886a90 JavaThread "Thread-8"                   daemon [_thread_in_native, id=4180, stack(0x000000a10ac00000,0x000000a10ad00000) (1024K)]
  0x000001ef1e5e79e0 JavaThread "Thread-9"                   daemon [_thread_in_native, id=25840, stack(0x000000a10ad00000,0x000000a10ae00000) (1024K)]
  0x000001ef1e5e6cc0 JavaThread "Thread-10"                  daemon [_thread_in_native, id=25032, stack(0x000000a10ae00000,0x000000a10af00000) (1024K)]
  0x000001ef1e5e8070 JavaThread "Thread-11"                  daemon [_thread_in_native, id=5016, stack(0x000000a10af00000,0x000000a10b000000) (1024K)]
  0x000001ef1e5e8d90 JavaThread "Thread-12"                  daemon [_thread_in_native, id=15984, stack(0x000000a10b000000,0x000000a10b100000) (1024K)]
  0x000001ef1e5e7350 JavaThread "Thread-13"                  daemon [_thread_in_native, id=18792, stack(0x000000a10b100000,0x000000a10b200000) (1024K)]
  0x000001ef1e5e8700 JavaThread "pool-2-thread-1"                   [_thread_blocked, id=26628, stack(0x000000a10b200000,0x000000a10b300000) (1024K)]
  0x000001ef1e5e9420 JavaThread "Worker-2"                          [_thread_blocked, id=5188, stack(0x000000a10b300000,0x000000a10b400000) (1024K)]
  0x000001ef1e5e5fa0 JavaThread "WorkspaceEventsHandler"            [_thread_blocked, id=4976, stack(0x000000a10b400000,0x000000a10b500000) (1024K)]
  0x000001ef1e5e9ab0 JavaThread "pool-1-thread-1"                   [_thread_blocked, id=17900, stack(0x000000a10b500000,0x000000a10b600000) (1024K)]
  0x000001ef1e5e6630 JavaThread "ForkJoinPool.commonPool-worker-1" daemon [_thread_in_vm, id=1964, stack(0x000000a10b600000,0x000000a10b700000) (1024K)]
  0x000001ef1e5ec210 JavaThread "ForkJoinPool.commonPool-worker-2" daemon [_thread_blocked, id=2180, stack(0x000000a10b700000,0x000000a10b800000) (1024K)]
  0x000001ef1e5eae60 JavaThread "ForkJoinPool.commonPool-worker-3" daemon [_thread_blocked, id=9904, stack(0x000000a10b800000,0x000000a10b900000) (1024K)]
  0x000001ef1e5ea140 JavaThread "ForkJoinPool.commonPool-worker-4" daemon [_thread_blocked, id=25752, stack(0x000000a10b900000,0x000000a10ba00000) (1024K)]
  0x000001ef1c2bb3d0 JavaThread "C2 CompilerThread2"         daemon [_thread_in_native, id=24344, stack(0x000000a10ba00000,0x000000a10bb00000) (1024K)]
Total: 42

Other Threads:
  0x000001eebe213900 VMThread "VM Thread"                           [id=23276, stack(0x000000a108600000,0x000000a108700000) (1024K)]
  0x000001eebdffca00 WatcherThread "VM Periodic Task Thread"        [id=10648, stack(0x000000a108500000,0x000000a108600000) (1024K)]
  0x000001eebe18a930 WorkerThread "GC Thread#0"                     [id=23528, stack(0x000000a108400000,0x000000a108500000) (1024K)]
  0x000001ef1c0ad5d0 WorkerThread "GC Thread#1"                     [id=22656, stack(0x000000a109200000,0x000000a109300000) (1024K)]
  0x000001ef1c0ad970 WorkerThread "GC Thread#2"                     [id=11068, stack(0x000000a109300000,0x000000a109400000) (1024K)]
  0x000001ef1c3ae290 WorkerThread "GC Thread#3"                     [id=26076, stack(0x000000a109400000,0x000000a109500000) (1024K)]
  0x000001ef1c354c70 WorkerThread "GC Thread#4"                     [id=26488, stack(0x000000a109500000,0x000000a109600000) (1024K)]
  0x000001ef1c41b8b0 WorkerThread "GC Thread#5"                     [id=29024, stack(0x000000a109600000,0x000000a109700000) (1024K)]
  0x000001ef1c41bc50 WorkerThread "GC Thread#6"                     [id=17344, stack(0x000000a109700000,0x000000a109800000) (1024K)]
  0x000001ef1c41bff0 WorkerThread "GC Thread#7"                     [id=7044, stack(0x000000a109a00000,0x000000a109b00000) (1024K)]
  0x000001ef1c41c390 WorkerThread "GC Thread#8"                     [id=9776, stack(0x000000a109d00000,0x000000a109e00000) (1024K)]
  0x000001ef1c41c730 WorkerThread "GC Thread#9"                     [id=10044, stack(0x000000a109e00000,0x000000a109f00000) (1024K)]
Total: 12

Threads with active compile tasks:
C1 CompilerThread0  24879 5933       3       java.lang.invoke.InnerClassLambdaMetafactory::getReturnOpcode (20 bytes)
C2 CompilerThread1  24879 5672       4       java.lang.reflect.Field::get (39 bytes)
C2 CompilerThread2  24879 5878  s    4       org.eclipse.jdt.internal.core.JavaModelManager::getInfo (39 bytes)
Total: 3

VM state: not at safepoint (normal execution)

VM Mutex/Monitor currently owned by a thread:  ([mutex/lock_event])
[0x00007ffdbe953f58] CompiledIC_lock - owner thread: 0x0000000000000000

Heap address: 0x0000000080000000, size: 2048 MB, Compressed Oops mode: 32-bit

CDS archive(s) mapped at: [0x000001eed5000000-0x000001eed5ba0000-0x000001eed5ba0000), size 12189696, SharedBaseAddress: 0x000001eed5000000, ArchiveRelocationMode: 1.
Compressed class space mapped at: 0x000001eed6000000-0x000001ef16000000, reserved size: 1073741824
Narrow klass base: 0x000001eed5000000, Narrow klass shift: 0, Narrow klass range: 0x100000000

GC Precious Log:
 CardTable entry size: 512
 CPUs: 12 total, 12 available
 Memory: 6005M
 Large Page Support: Disabled
 NUMA Support: Disabled
 Compressed Oops: Enabled (32-bit)
 Alignments: Space 512K, Generation 512K, Heap 2M
 Heap Min Capacity: 100M
 Heap Initial Capacity: 100M
 Heap Max Capacity: 2G
 Pre-touch: Disabled
 Parallel Workers: 10

Heap:
 PSYoungGen      total 21504K, used 15219K [0x00000000d5580000, 0x00000000d6c00000, 0x0000000100000000)
  eden space 19968K, 68% used [0x00000000d5580000,0x00000000d62e2050,0x00000000d6900000)
  from space 1536K, 98% used [0x00000000d6a80000,0x00000000d6bfae78,0x00000000d6c00000)
  to   space 1536K, 0% used [0x00000000d6900000,0x00000000d6900000,0x00000000d6a80000)
 ParOldGen       total 68608K, used 32692K [0x0000000080000000, 0x0000000084300000, 0x00000000d5580000)
  object space 68608K, 47% used [0x0000000080000000,0x0000000081fed330,0x0000000084300000)
 Metaspace       used 41964K, committed 43008K, reserved 1114112K
  class space    used 4267K, committed 4736K, reserved 1048576K

Card table byte_map: [0x000001eebdb10000,0x000001eebdf20000] _byte_map_base: 0x000001eebd710000

Marking Bits: (ParMarkBitMap*) 0x00007ffdbe95a340
 Begin Bits: [0x000001eed0610000, 0x000001eed2610000)
 End Bits:   [0x000001eed2610000, 0x000001eed4610000)

Polling page: 0x000001eebbf40000

Metaspace:

Usage:
  Non-class:     36.82 MB used.
      Class:      4.17 MB used.
       Both:     40.98 MB used.

Virtual space:
  Non-class space:       64.00 MB reserved,      37.38 MB ( 58%) committed,  1 nodes.
      Class space:        1.00 GB reserved,       4.62 MB ( <1%) committed,  1 nodes.
             Both:        1.06 GB reserved,      42.00 MB (  4%) committed. 

Chunk freelists:
   Non-Class:  10.45 MB
       Class:  11.38 MB
        Both:  21.83 MB

MaxMetaspaceSize: unlimited
CompressedClassSpaceSize: 1.00 GB
Initial GC threshold: 21.00 MB
Current GC threshold: 58.38 MB
CDS: on
 - commit_granule_bytes: 65536.
 - commit_granule_words: 8192.
 - virtual_space_node_default_size: 8388608.
 - enlarge_chunks_in_place: 1.
 - use_allocation_guard: 0.


Internal statistics:

num_allocs_failed_limit: 8.
num_arena_births: 1088.
num_arena_deaths: 196.
num_vsnodes_births: 2.
num_vsnodes_deaths: 0.
num_space_committed: 672.
num_space_uncommitted: 0.
num_chunks_returned_to_freelist: 286.
num_chunks_taken_from_freelist: 3128.
num_chunk_merges: 106.
num_chunk_splits: 1847.
num_chunks_enlarged: 1010.
num_inconsistent_stats: 0.

CodeHeap 'non-profiled nmethods': size=120000Kb used=3220Kb max_used=3220Kb free=116779Kb
 bounds [0x000001eec8e30000, 0x000001eec9160000, 0x000001eed0360000]
CodeHeap 'profiled nmethods': size=120000Kb used=12279Kb max_used=12279Kb free=107721Kb
 bounds [0x000001eec1360000, 0x000001eec1f60000, 0x000001eec8890000]
CodeHeap 'non-nmethods': size=5760Kb used=1428Kb max_used=1478Kb free=4331Kb
 bounds [0x000001eec8890000, 0x000001eec8b00000, 0x000001eec8e30000]
CodeCache: size=245760Kb, used=16927Kb, max_used=16977Kb, free=228831Kb
 total_blobs=6283, nmethods=5567, adapters=619, full_count=0
Compilation: enabled, stopped_count=0, restarted_count=0

Compilation events (20 events):
Event: 23.822 Thread 0x000001eebe22a580 5895       3       java.lang.invoke.LambdaFormBuffer::resultIndex (41 bytes)
Event: 23.823 Thread 0x000001eebe22a580 nmethod 5895 0x000001eec1f44e10 code [0x000001eec1f44fc0, 0x000001eec1f45280]
Event: 23.823 Thread 0x000001eebe22a580 5901       3       org.eclipse.jdt.core.Signature::getSimpleNames (183 bytes)
Event: 23.823 Thread 0x000001eebe22a580 nmethod 5901 0x000001eec1f45390 code [0x000001eec1f455c0, 0x000001eec1f460a8]
Event: 23.823 Thread 0x000001eebe22a580 5898   !   3       org.eclipse.jdt.internal.core.SearchableEnvironment::findModuleContext (304 bytes)
Event: 23.825 Thread 0x000001eebe22a580 nmethod 5898 0x000001eec1f46410 code [0x000001eec1f46840, 0x000001eec1f48bf0]
Event: 23.825 Thread 0x000001eebe22a580 5900       3       org.eclipse.jdt.internal.core.SearchableEnvironment::findType (67 bytes)
Event: 23.826 Thread 0x000001eebe22a580 nmethod 5900 0x000001eec1f49890 code [0x000001eec1f49ac0, 0x000001eec1f4a040]
Event: 23.826 Thread 0x000001eebe22a580 5904   !   3       org.eclipse.jdt.internal.core.JavaModelManager::secondaryTypes (167 bytes)
Event: 23.827 Thread 0x000001eebe22a580 nmethod 5904 0x000001eec1f4a290 code [0x000001eec1f4a600, 0x000001eec1f4ba28]
Event: 23.827 Thread 0x000001eebe22a580 5905       3       org.eclipse.jdt.internal.core.JavaModelManager$SecondaryTypesCache::isIndexingDone (18 bytes)
Event: 23.827 Thread 0x000001eebe22a580 nmethod 5905 0x000001eec1f4c310 code [0x000001eec1f4c4c0, 0x000001eec1f4c668]
Event: 23.827 Thread 0x000001eebe22a580 5899       3       org.eclipse.jdt.internal.core.ClassFile::getType (28 bytes)
Event: 23.828 Thread 0x000001eebe22a580 nmethod 5899 0x000001eec1f4c710 code [0x000001eec1f4c8e0, 0x000001eec1f4cd28]
Event: 23.828 Thread 0x000001eebe22a580 5903       3       org.eclipse.jdt.core.compiler.CharOperation::toString (16 bytes)
Event: 23.828 Thread 0x000001eebe22a580 nmethod 5903 0x000001eec1f4cf10 code [0x000001eec1f4d0c0, 0x000001eec1f4d280]
Event: 23.828 Thread 0x000001eebe22a580 5902       3       org.eclipse.jdt.internal.compiler.lookup.Scope::module (8 bytes)
Event: 23.828 Thread 0x000001eebe22a580 nmethod 5902 0x000001eec1f4d390 code [0x000001eec1f4d540, 0x000001eec1f4d6b8]
Event: 23.828 Thread 0x000001eebe22a580 5906       3       org.eclipse.jdt.internal.compiler.lookup.PackageBinding::subsumes (9 bytes)
Event: 23.828 Thread 0x000001eebe22a580 nmethod 5906 0x000001eec1f4d790 code [0x000001eec1f4d940, 0x000001eec1f4dab0]

GC Heap History (20 events):
Event: 18.087 GC heap before
{Heap before GC invocations=17 (full 1):
 PSYoungGen      total 23552K, used 23264K [0x00000000d5580000, 0x00000000d6f00000, 0x0000000100000000)
  eden space 20992K, 100% used [0x00000000d5580000,0x00000000d6a00000,0x00000000d6a00000)
  from space 2560K, 88% used [0x00000000d6a80000,0x00000000d6cb8010,0x00000000d6d00000)
  to   space 2048K, 0% used [0x00000000d6d00000,0x00000000d6d00000,0x00000000d6f00000)
 ParOldGen       total 68608K, used 25068K [0x0000000080000000, 0x0000000084300000, 0x00000000d5580000)
  object space 68608K, 36% used [0x0000000080000000,0x000000008187b010,0x0000000084300000)
 Metaspace       used 32540K, committed 33664K, reserved 1114112K
  class space    used 3329K, committed 3840K, reserved 1048576K
}
Event: 18.092 GC heap after
{Heap after GC invocations=17 (full 1):
 PSYoungGen      total 23040K, used 2008K [0x00000000d5580000, 0x00000000d6f00000, 0x0000000100000000)
  eden space 20992K, 0% used [0x00000000d5580000,0x00000000d5580000,0x00000000d6a00000)
  from space 2048K, 98% used [0x00000000d6d00000,0x00000000d6ef6200,0x00000000d6f00000)
  to   space 2560K, 0% used [0x00000000d6a00000,0x00000000d6a00000,0x00000000d6c80000)
 ParOldGen       total 68608K, used 27204K [0x0000000080000000, 0x0000000084300000, 0x00000000d5580000)
  object space 68608K, 39% used [0x0000000080000000,0x0000000081a91020,0x0000000084300000)
 Metaspace       used 32540K, committed 33664K, reserved 1114112K
  class space    used 3329K, committed 3840K, reserved 1048576K
}
Event: 18.205 GC heap before
{Heap before GC invocations=18 (full 1):
 PSYoungGen      total 23040K, used 23000K [0x00000000d5580000, 0x00000000d6f00000, 0x0000000100000000)
  eden space 20992K, 100% used [0x00000000d5580000,0x00000000d6a00000,0x00000000d6a00000)
  from space 2048K, 98% used [0x00000000d6d00000,0x00000000d6ef6200,0x00000000d6f00000)
  to   space 2560K, 0% used [0x00000000d6a00000,0x00000000d6a00000,0x00000000d6c80000)
 ParOldGen       total 68608K, used 27204K [0x0000000080000000, 0x0000000084300000, 0x00000000d5580000)
  object space 68608K, 39% used [0x0000000080000000,0x0000000081a91020,0x0000000084300000)
 Metaspace       used 32718K, committed 33792K, reserved 1114112K
  class space    used 3342K, committed 3840K, reserved 1048576K
}
Event: 18.209 GC heap after
{Heap after GC invocations=18 (full 1):
 PSYoungGen      total 23040K, used 1992K [0x00000000d5580000, 0x00000000d6e00000, 0x0000000100000000)
  eden space 20992K, 0% used [0x00000000d5580000,0x00000000d5580000,0x00000000d6a00000)
  from space 2048K, 97% used [0x00000000d6a00000,0x00000000d6bf22d8,0x00000000d6c00000)
  to   space 2048K, 0% used [0x00000000d6c00000,0x00000000d6c00000,0x00000000d6e00000)
 ParOldGen       total 68608K, used 29100K [0x0000000080000000, 0x0000000084300000, 0x00000000d5580000)
  object space 68608K, 42% used [0x0000000080000000,0x0000000081c6b220,0x0000000084300000)
 Metaspace       used 32718K, committed 33792K, reserved 1114112K
  class space    used 3342K, committed 3840K, reserved 1048576K
}
Event: 18.661 GC heap before
{Heap before GC invocations=19 (full 1):
 PSYoungGen      total 23040K, used 15340K [0x00000000d5580000, 0x00000000d6e00000, 0x0000000100000000)
  eden space 20992K, 63% used [0x00000000d5580000,0x00000000d6288d70,0x00000000d6a00000)
  from space 2048K, 97% used [0x00000000d6a00000,0x00000000d6bf22d8,0x00000000d6c00000)
  to   space 2048K, 0% used [0x00000000d6c00000,0x00000000d6c00000,0x00000000d6e00000)
 ParOldGen       total 68608K, used 29100K [0x0000000080000000, 0x0000000084300000, 0x00000000d5580000)
  object space 68608K, 42% used [0x0000000080000000,0x0000000081c6b220,0x0000000084300000)
 Metaspace       used 34793K, committed 35840K, reserved 1114112K
  class space    used 3559K, committed 4032K, reserved 1048576K
}
Event: 18.664 GC heap after
{Heap after GC invocations=19 (full 1):
 PSYoungGen      total 22528K, used 1061K [0x00000000d5580000, 0x00000000d6d80000, 0x0000000100000000)
  eden space 20992K, 0% used [0x00000000d5580000,0x00000000d5580000,0x00000000d6a00000)
  from space 1536K, 69% used [0x00000000d6c00000,0x00000000d6d09578,0x00000000d6d80000)
  to   space 1536K, 0% used [0x00000000d6a80000,0x00000000d6a80000,0x00000000d6c00000)
 ParOldGen       total 68608K, used 30706K [0x0000000080000000, 0x0000000084300000, 0x00000000d5580000)
  object space 68608K, 44% used [0x0000000080000000,0x0000000081dfcad0,0x0000000084300000)
 Metaspace       used 34793K, committed 35840K, reserved 1114112K
  class space    used 3559K, committed 4032K, reserved 1048576K
}
Event: 18.664 GC heap before
{Heap before GC invocations=20 (full 2):
 PSYoungGen      total 22528K, used 1061K [0x00000000d5580000, 0x00000000d6d80000, 0x0000000100000000)
  eden space 20992K, 0% used [0x00000000d5580000,0x00000000d5580000,0x00000000d6a00000)
  from space 1536K, 69% used [0x00000000d6c00000,0x00000000d6d09578,0x00000000d6d80000)
  to   space 1536K, 0% used [0x00000000d6a80000,0x00000000d6a80000,0x00000000d6c00000)
 ParOldGen       total 68608K, used 30706K [0x0000000080000000, 0x0000000084300000, 0x00000000d5580000)
  object space 68608K, 44% used [0x0000000080000000,0x0000000081dfcad0,0x0000000084300000)
 Metaspace       used 34793K, committed 35840K, reserved 1114112K
  class space    used 3559K, committed 4032K, reserved 1048576K
}
Event: 18.729 GC heap after
{Heap after GC invocations=20 (full 2):
 PSYoungGen      total 22528K, used 0K [0x00000000d5580000, 0x00000000d6d80000, 0x0000000100000000)
  eden space 20992K, 0% used [0x00000000d5580000,0x00000000d5580000,0x00000000d6a00000)
  from space 1536K, 0% used [0x00000000d6c00000,0x00000000d6c00000,0x00000000d6d80000)
  to   space 1536K, 0% used [0x00000000d6a80000,0x00000000d6a80000,0x00000000d6c00000)
 ParOldGen       total 68608K, used 29414K [0x0000000080000000, 0x0000000084300000, 0x00000000d5580000)
  object space 68608K, 42% used [0x0000000080000000,0x0000000081cb9bb0,0x0000000084300000)
 Metaspace       used 34632K, committed 35840K, reserved 1114112K
  class space    used 3513K, committed 4032K, reserved 1048576K
}
Event: 19.523 GC heap before
{Heap before GC invocations=21 (full 2):
 PSYoungGen      total 22528K, used 20992K [0x00000000d5580000, 0x00000000d6d80000, 0x0000000100000000)
  eden space 20992K, 100% used [0x00000000d5580000,0x00000000d6a00000,0x00000000d6a00000)
  from space 1536K, 0% used [0x00000000d6c00000,0x00000000d6c00000,0x00000000d6d80000)
  to   space 1536K, 0% used [0x00000000d6a80000,0x00000000d6a80000,0x00000000d6c00000)
 ParOldGen       total 68608K, used 29414K [0x0000000080000000, 0x0000000084300000, 0x00000000d5580000)
  object space 68608K, 42% used [0x0000000080000000,0x0000000081cb9bb0,0x0000000084300000)
 Metaspace       used 35505K, committed 36480K, reserved 1114112K
  class space    used 3648K, committed 4096K, reserved 1048576K
}
Event: 19.525 GC heap after
{Heap after GC invocations=21 (full 2):
 PSYoungGen      total 21504K, used 480K [0x00000000d5580000, 0x00000000d6c80000, 0x0000000100000000)
  eden space 20992K, 0% used [0x00000000d5580000,0x00000000d5580000,0x00000000d6a00000)
  from space 512K, 93% used [0x00000000d6a80000,0x00000000d6af8010,0x00000000d6b00000)
  to   space 1024K, 0% used [0x00000000d6b80000,0x00000000d6b80000,0x00000000d6c80000)
 ParOldGen       total 68608K, used 29422K [0x0000000080000000, 0x0000000084300000, 0x00000000d5580000)
  object space 68608K, 42% used [0x0000000080000000,0x0000000081cbbbb0,0x0000000084300000)
 Metaspace       used 35505K, committed 36480K, reserved 1114112K
  class space    used 3648K, committed 4096K, reserved 1048576K
}
Event: 20.012 GC heap before
{Heap before GC invocations=22 (full 2):
 PSYoungGen      total 21504K, used 21472K [0x00000000d5580000, 0x00000000d6c80000, 0x0000000100000000)
  eden space 20992K, 100% used [0x00000000d5580000,0x00000000d6a00000,0x00000000d6a00000)
  from space 512K, 93% used [0x00000000d6a80000,0x00000000d6af8010,0x00000000d6b00000)
  to   space 1024K, 0% used [0x00000000d6b80000,0x00000000d6b80000,0x00000000d6c80000)
 ParOldGen       total 68608K, used 29422K [0x0000000080000000, 0x0000000084300000, 0x00000000d5580000)
  object space 68608K, 42% used [0x0000000080000000,0x0000000081cbbbb0,0x0000000084300000)
 Metaspace       used 36617K, committed 37632K, reserved 1114112K
  class space    used 3741K, committed 4224K, reserved 1048576K
}
Event: 20.015 GC heap after
{Heap after GC invocations=22 (full 2):
 PSYoungGen      total 20992K, used 1021K [0x00000000d5580000, 0x00000000d6f00000, 0x0000000100000000)
  eden space 19968K, 0% used [0x00000000d5580000,0x00000000d5580000,0x00000000d6900000)
  from space 1024K, 99% used [0x00000000d6b80000,0x00000000d6c7f428,0x00000000d6c80000)
  to   space 2560K, 0% used [0x00000000d6900000,0x00000000d6900000,0x00000000d6b80000)
 ParOldGen       total 68608K, used 30229K [0x0000000080000000, 0x0000000084300000, 0x00000000d5580000)
  object space 68608K, 44% used [0x0000000080000000,0x0000000081d85728,0x0000000084300000)
 Metaspace       used 36617K, committed 37632K, reserved 1114112K
  class space    used 3741K, committed 4224K, reserved 1048576K
}
Event: 20.115 GC heap before
{Heap before GC invocations=23 (full 2):
 PSYoungGen      total 20992K, used 20989K [0x00000000d5580000, 0x00000000d6f00000, 0x0000000100000000)
  eden space 19968K, 100% used [0x00000000d5580000,0x00000000d6900000,0x00000000d6900000)
  from space 1024K, 99% used [0x00000000d6b80000,0x00000000d6c7f428,0x00000000d6c80000)
  to   space 2560K, 0% used [0x00000000d6900000,0x00000000d6900000,0x00000000d6b80000)
 ParOldGen       total 68608K, used 30229K [0x0000000080000000, 0x0000000084300000, 0x00000000d5580000)
  object space 68608K, 44% used [0x0000000080000000,0x0000000081d85728,0x0000000084300000)
 Metaspace       used 36631K, committed 37696K, reserved 1114112K
  class space    used 3741K, committed 4224K, reserved 1048576K
}
Event: 20.118 GC heap after
{Heap after GC invocations=23 (full 2):
 PSYoungGen      total 20992K, used 790K [0x00000000d5580000, 0x00000000d6c00000, 0x0000000100000000)
  eden space 19968K, 0% used [0x00000000d5580000,0x00000000d5580000,0x00000000d6900000)
  from space 1024K, 77% used [0x00000000d6900000,0x00000000d69c5ab0,0x00000000d6a00000)
  to   space 1536K, 0% used [0x00000000d6a80000,0x00000000d6a80000,0x00000000d6c00000)
 ParOldGen       total 68608K, used 30740K [0x0000000080000000, 0x0000000084300000, 0x00000000d5580000)
  object space 68608K, 44% used [0x0000000080000000,0x0000000081e052a0,0x0000000084300000)
 Metaspace       used 36631K, committed 37696K, reserved 1114112K
  class space    used 3741K, committed 4224K, reserved 1048576K
}
Event: 20.432 GC heap before
{Heap before GC invocations=24 (full 2):
 PSYoungGen      total 20992K, used 20758K [0x00000000d5580000, 0x00000000d6c00000, 0x0000000100000000)
  eden space 19968K, 100% used [0x00000000d5580000,0x00000000d6900000,0x00000000d6900000)
  from space 1024K, 77% used [0x00000000d6900000,0x00000000d69c5ab0,0x00000000d6a00000)
  to   space 1536K, 0% used [0x00000000d6a80000,0x00000000d6a80000,0x00000000d6c00000)
 ParOldGen       total 68608K, used 30740K [0x0000000080000000, 0x0000000084300000, 0x00000000d5580000)
  object space 68608K, 44% used [0x0000000080000000,0x0000000081e052a0,0x0000000084300000)
 Metaspace       used 38433K, committed 39424K, reserved 1114112K
  class space    used 3945K, committed 4416K, reserved 1048576K
}
Event: 20.434 GC heap after
{Heap after GC invocations=24 (full 2):
 PSYoungGen      total 21504K, used 992K [0x00000000d5580000, 0x00000000d6c00000, 0x0000000100000000)
  eden space 19968K, 0% used [0x00000000d5580000,0x00000000d5580000,0x00000000d6900000)
  from space 1536K, 64% used [0x00000000d6a80000,0x00000000d6b78000,0x00000000d6c00000)
  to   space 1536K, 0% used [0x00000000d6900000,0x00000000d6900000,0x00000000d6a80000)
 ParOldGen       total 68608K, used 30756K [0x0000000080000000, 0x0000000084300000, 0x00000000d5580000)
  object space 68608K, 44% used [0x0000000080000000,0x0000000081e092a0,0x0000000084300000)
 Metaspace       used 38433K, committed 39424K, reserved 1114112K
  class space    used 3945K, committed 4416K, reserved 1048576K
}
Event: 21.272 GC heap before
{Heap before GC invocations=25 (full 2):
 PSYoungGen      total 21504K, used 20960K [0x00000000d5580000, 0x00000000d6c00000, 0x0000000100000000)
  eden space 19968K, 100% used [0x00000000d5580000,0x00000000d6900000,0x00000000d6900000)
  from space 1536K, 64% used [0x00000000d6a80000,0x00000000d6b78000,0x00000000d6c00000)
  to   space 1536K, 0% used [0x00000000d6900000,0x00000000d6900000,0x00000000d6a80000)
 ParOldGen       total 68608K, used 30756K [0x0000000080000000, 0x0000000084300000, 0x00000000d5580000)
  object space 68608K, 44% used [0x0000000080000000,0x0000000081e092a0,0x0000000084300000)
 Metaspace       used 40591K, committed 41664K, reserved 1114112K
  class space    used 4129K, committed 4608K, reserved 1048576K
}
Event: 21.275 GC heap after
{Heap after GC invocations=25 (full 2):
 PSYoungGen      total 21504K, used 1328K [0x00000000d5580000, 0x00000000d6c00000, 0x0000000100000000)
  eden space 19968K, 0% used [0x00000000d5580000,0x00000000d5580000,0x00000000d6900000)
  from space 1536K, 86% used [0x00000000d6900000,0x00000000d6a4c010,0x00000000d6a80000)
  to   space 1536K, 0% used [0x00000000d6a80000,0x00000000d6a80000,0x00000000d6c00000)
 ParOldGen       total 68608K, used 31532K [0x0000000080000000, 0x0000000084300000, 0x00000000d5580000)
  object space 68608K, 45% used [0x0000000080000000,0x0000000081ecb340,0x0000000084300000)
 Metaspace       used 40591K, committed 41664K, reserved 1114112K
  class space    used 4129K, committed 4608K, reserved 1048576K
}
Event: 21.684 GC heap before
{Heap before GC invocations=26 (full 2):
 PSYoungGen      total 21504K, used 21296K [0x00000000d5580000, 0x00000000d6c00000, 0x0000000100000000)
  eden space 19968K, 100% used [0x00000000d5580000,0x00000000d6900000,0x00000000d6900000)
  from space 1536K, 86% used [0x00000000d6900000,0x00000000d6a4c010,0x00000000d6a80000)
  to   space 1536K, 0% used [0x00000000d6a80000,0x00000000d6a80000,0x00000000d6c00000)
 ParOldGen       total 68608K, used 31532K [0x0000000080000000, 0x0000000084300000, 0x00000000d5580000)
  object space 68608K, 45% used [0x0000000080000000,0x0000000081ecb340,0x0000000084300000)
 Metaspace       used 41414K, committed 42496K, reserved 1114112K
  class space    used 4225K, committed 4736K, reserved 1048576K
}
Event: 23.698 GC heap after
{Heap after GC invocations=26 (full 2):
 PSYoungGen      total 21504K, used 1515K [0x00000000d5580000, 0x00000000d6c00000, 0x0000000100000000)
  eden space 19968K, 0% used [0x00000000d5580000,0x00000000d5580000,0x00000000d6900000)
  from space 1536K, 98% used [0x00000000d6a80000,0x00000000d6bfae78,0x00000000d6c00000)
  to   space 1536K, 0% used [0x00000000d6900000,0x00000000d6900000,0x00000000d6a80000)
 ParOldGen       total 68608K, used 32692K [0x0000000080000000, 0x0000000084300000, 0x00000000d5580000)
  object space 68608K, 47% used [0x0000000080000000,0x0000000081fed330,0x0000000084300000)
 Metaspace       used 41414K, committed 42496K, reserved 1114112K
  class space    used 4225K, committed 4736K, reserved 1048576K
}

Dll operation events (10 events):
Event: 0.022 Loaded shared library c:\Users\TEJASHWINI S\.vscode\extensions\redhat.java-1.46.0-win32-x64\jre\21.0.8-win32-x86_64\bin\java.dll
Event: 0.119 Loaded shared library c:\Users\TEJASHWINI S\.vscode\extensions\redhat.java-1.46.0-win32-x64\jre\21.0.8-win32-x86_64\bin\zip.dll
Event: 0.152 Loaded shared library C:\Users\TEJASHWINI S\.vscode\extensions\redhat.java-1.46.0-win32-x64\jre\21.0.8-win32-x86_64\bin\instrument.dll
Event: 0.161 Loaded shared library C:\Users\TEJASHWINI S\.vscode\extensions\redhat.java-1.46.0-win32-x64\jre\21.0.8-win32-x86_64\bin\net.dll
Event: 0.165 Loaded shared library C:\Users\TEJASHWINI S\.vscode\extensions\redhat.java-1.46.0-win32-x64\jre\21.0.8-win32-x86_64\bin\nio.dll
Event: 0.172 Loaded shared library C:\Users\TEJASHWINI S\.vscode\extensions\redhat.java-1.46.0-win32-x64\jre\21.0.8-win32-x86_64\bin\zip.dll
Event: 0.199 Loaded shared library C:\Users\TEJASHWINI S\.vscode\extensions\redhat.java-1.46.0-win32-x64\jre\21.0.8-win32-x86_64\bin\jimage.dll
Event: 0.338 Loaded shared library c:\Users\TEJASHWINI S\.vscode\extensions\redhat.java-1.46.0-win32-x64\jre\21.0.8-win32-x86_64\bin\verify.dll
Event: 12.555 Loaded shared library C:\Users\TEJASHWINI S\AppData\Roaming\Code\User\globalStorage\redhat.java\1.46.0\config_ss_win\org.eclipse.equinox.launcher\org.eclipse.equinox.launcher.win32.win32.x86_64_1.2.1400.v20250801-0854\eclipse_11916.dll
Event: 14.538 Loaded shared library C:\Users\TEJASHWINI S\AppData\Local\Temp\jna-300574461\jna6277273251511030603.dll

Deoptimization events (20 events):
Event: 23.744 Thread 0x000001ef1e5e6630 Uncommon trap: trap_request=0xffffffde fr.pc=0x000001eec9133d2c relative=0x0000000000000c4c
Event: 23.744 Thread 0x000001ef1e5e6630 Uncommon trap: reason=class_check action=maybe_recompile pc=0x000001eec9133d2c method=lombok.eclipse.EclipseNode.traverse(Llombok/eclipse/EclipseASTVisitor;)V @ 580 c2
Event: 23.744 Thread 0x000001ef1e5e6630 DEOPT PACKING pc=0x000001eec9133d2c sp=0x000000a10b6fcb90
Event: 23.744 Thread 0x000001ef1e5e6630 DEOPT UNPACKING pc=0x000001eec88e3aa2 sp=0x000000a10b6fcb28 mode 2
Event: 23.749 Thread 0x000001ef1e5e6630 Uncommon trap: trap_request=0xffffffc6 fr.pc=0x000001eec912a220 relative=0x0000000000000500
Event: 23.749 Thread 0x000001ef1e5e6630 Uncommon trap: reason=bimorphic_or_optimized_type_check action=maybe_recompile pc=0x000001eec912a220 method=lombok.eclipse.handlers.EclipseHandlerUtil.typeMatches(Ljava/lang/String;Llombok/eclipse/EclipseNode;Lorg/eclipse/jdt/internal/compiler/ast/TypeRef
Event: 23.749 Thread 0x000001ef1e5e6630 DEOPT PACKING pc=0x000001eec912a220 sp=0x000000a10b6fcbe0
Event: 23.749 Thread 0x000001ef1e5e6630 DEOPT UNPACKING pc=0x000001eec88e3aa2 sp=0x000000a10b6fcb80 mode 2
Event: 23.749 Thread 0x000001ef1e5e6630 Uncommon trap: trap_request=0xffffffc6 fr.pc=0x000001eec912a220 relative=0x0000000000000500
Event: 23.749 Thread 0x000001ef1e5e6630 Uncommon trap: reason=bimorphic_or_optimized_type_check action=maybe_recompile pc=0x000001eec912a220 method=lombok.eclipse.handlers.EclipseHandlerUtil.typeMatches(Ljava/lang/String;Llombok/eclipse/EclipseNode;Lorg/eclipse/jdt/internal/compiler/ast/TypeRef
Event: 23.749 Thread 0x000001ef1e5e6630 DEOPT PACKING pc=0x000001eec912a220 sp=0x000000a10b6fcbe0
Event: 23.749 Thread 0x000001ef1e5e6630 DEOPT UNPACKING pc=0x000001eec88e3aa2 sp=0x000000a10b6fcb80 mode 2
Event: 23.768 Thread 0x000001ef1c045a30 Uncommon trap: trap_request=0xffffff45 fr.pc=0x000001eec90c44a4 relative=0x00000000000000e4
Event: 23.768 Thread 0x000001ef1c045a30 Uncommon trap: reason=unstable_if action=reinterpret pc=0x000001eec90c44a4 method=org.eclipse.jdt.internal.compiler.parser.Scanner.scanIdentifierOrKeyword()Lorg/eclipse/jdt/internal/compiler/parser/TerminalToken; @ 27 c2
Event: 23.768 Thread 0x000001ef1c045a30 DEOPT PACKING pc=0x000001eec90c44a4 sp=0x000000a10a1fe0a0
Event: 23.768 Thread 0x000001ef1c045a30 DEOPT UNPACKING pc=0x000001eec88e3aa2 sp=0x000000a10a1fe020 mode 2
Event: 23.801 Thread 0x000001ef1e5e6630 Uncommon trap: trap_request=0xffffff45 fr.pc=0x000001eec912efb8 relative=0x0000000000000938
Event: 23.801 Thread 0x000001ef1e5e6630 Uncommon trap: reason=unstable_if action=reinterpret pc=0x000001eec912efb8 method=org.eclipse.jdt.internal.compiler.util.CharDeduplication.sharedCopyOfRange([CII)[C @ 147 c2
Event: 23.801 Thread 0x000001ef1e5e6630 DEOPT PACKING pc=0x000001eec912efb8 sp=0x000000a10b6fd550
Event: 23.801 Thread 0x000001ef1e5e6630 DEOPT UNPACKING pc=0x000001eec88e3aa2 sp=0x000000a10b6fd4e0 mode 2

Classes loaded (20 events):
Event: 20.291 Loading class java/util/stream/ReferencePipeline$4$1
Event: 20.292 Loading class java/util/stream/ReferencePipeline$4$1 done
Event: 20.419 Loading class java/util/Hashtable$ValueCollection
Event: 20.420 Loading class java/util/Hashtable$ValueCollection done
Event: 20.613 Loading class java/util/WeakHashMap$KeyIterator
Event: 20.614 Loading class java/util/WeakHashMap$KeyIterator done
Event: 20.623 Loading class java/util/regex/PatternSyntaxException
Event: 20.623 Loading class java/util/regex/PatternSyntaxException done
Event: 20.640 Loading class java/util/concurrent/CompletionException
Event: 20.640 Loading class java/util/concurrent/CompletionException done
Event: 21.057 Loading class java/io/FileReader
Event: 21.057 Loading class java/io/FileReader done
Event: 21.060 Loading class java/lang/UnsupportedClassVersionError
Event: 21.061 Loading class java/lang/UnsupportedClassVersionError done
Event: 21.235 Loading class java/util/stream/ReduceOps$4
Event: 21.235 Loading class java/util/stream/ReduceOps$4 done
Event: 21.235 Loading class java/util/stream/ReduceOps$4ReducingSink
Event: 21.236 Loading class java/util/stream/ReduceOps$4ReducingSink done
Event: 21.462 Loading class java/util/regex/Pattern$Pos
Event: 21.462 Loading class java/util/regex/Pattern$Pos done

Classes unloaded (20 events):
Event: 18.676 Thread 0x000001eebe213900 Unloading class 0x000001eed6389c00 'java/lang/invoke/LambdaForm$MH+0x000001eed6389c00'
Event: 18.676 Thread 0x000001eebe213900 Unloading class 0x000001eed638a000 'java/lang/invoke/LambdaForm$MH+0x000001eed638a000'
Event: 18.676 Thread 0x000001eebe213900 Unloading class 0x000001eed6389400 'java/lang/invoke/LambdaForm$MH+0x000001eed6389400'
Event: 18.676 Thread 0x000001eebe213900 Unloading class 0x000001eed6389000 'java/lang/invoke/LambdaForm$MH+0x000001eed6389000'
Event: 18.676 Thread 0x000001eebe213900 Unloading class 0x000001eed6388400 'java/lang/invoke/LambdaForm$MH+0x000001eed6388400'
Event: 18.676 Thread 0x000001eebe213900 Unloading class 0x000001eed6388800 'java/lang/invoke/LambdaForm$MH+0x000001eed6388800'
Event: 18.676 Thread 0x000001eebe213900 Unloading class 0x000001eed6388c00 'java/lang/invoke/LambdaForm$MH+0x000001eed6388c00'
Event: 18.676 Thread 0x000001eebe213900 Unloading class 0x000001eed6387c00 'java/lang/invoke/LambdaForm$MH+0x000001eed6387c00'
Event: 18.676 Thread 0x000001eebe213900 Unloading class 0x000001eed6387000 'java/lang/invoke/LambdaForm$MH+0x000001eed6387000'
Event: 18.676 Thread 0x000001eebe213900 Unloading class 0x000001eed6386c00 'java/lang/invoke/LambdaForm$MH+0x000001eed6386c00'
Event: 18.676 Thread 0x000001eebe213900 Unloading class 0x000001eed6387400 'java/lang/invoke/LambdaForm$MH+0x000001eed6387400'
Event: 18.676 Thread 0x000001eebe213900 Unloading class 0x000001eed6386800 'java/lang/invoke/LambdaForm$MH+0x000001eed6386800'
Event: 18.676 Thread 0x000001eebe213900 Unloading class 0x000001eed6386000 'java/lang/invoke/LambdaForm$MH+0x000001eed6386000'
Event: 18.676 Thread 0x000001eebe213900 Unloading class 0x000001eed6386400 'java/lang/invoke/LambdaForm$MH+0x000001eed6386400'
Event: 18.676 Thread 0x000001eebe213900 Unloading class 0x000001eed6385800 'java/lang/invoke/LambdaForm$MH+0x000001eed6385800'
Event: 18.676 Thread 0x000001eebe213900 Unloading class 0x000001eed6385c00 'java/lang/invoke/LambdaForm$MH+0x000001eed6385c00'
Event: 18.676 Thread 0x000001eebe213900 Unloading class 0x000001eed6385000 'java/lang/invoke/LambdaForm$DMH+0x000001eed6385000'
Event: 18.676 Thread 0x000001eebe213900 Unloading class 0x000001eed6384c00 'java/lang/invoke/LambdaForm$DMH+0x000001eed6384c00'
Event: 18.676 Thread 0x000001eebe213900 Unloading class 0x000001eed6384000 'java/lang/invoke/LambdaForm$DMH+0x000001eed6384000'
Event: 18.676 Thread 0x000001eebe213900 Unloading class 0x000001eed6384800 'java/lang/invoke/LambdaForm$DMH+0x000001eed6384800'

Classes redefined (0 events):
No events

Internal exceptions (20 events):
Event: 20.380 Thread 0x000001ef1e5e6630 Exception <a 'java/lang/LinkageError'{0x00000000d667be70}: loader lombok.launch.ShadowClassLoader @63f19fbb attempted duplicate class definition for lombok.launch.PatchFixesHider$FieldInitializer. (lombok.launch.PatchFixesHider$FieldInitializer is in unnamed module of loader lombok.launch.ShadowClassLoader @63f19fbb, parent loader org.eclipse.osgi.internal.loader.EquinoxClassLoader @5b13e831)> (0x00000000d667be70) 
thrown [s\src\hotspot\share\classfile\systemDictionary.cpp, line 1682]
Event: 20.381 Thread 0x000001ef1e5eae60 Exception <a 'java/lang/LinkageError'{0x00000000d6680df0}: loader lombok.launch.ShadowClassLoader @63f19fbb attempted duplicate class definition for lombok.launch.PatchFixesHider$FieldInitializer. (lombok.launch.PatchFixesHider$FieldInitializer is in unnamed module of loader lombok.launch.ShadowClassLoader @63f19fbb, parent loader org.eclipse.osgi.internal.loader.EquinoxClassLoader @5b13e831)> (0x00000000d6680df0) 
thrown [s\src\hotspot\share\classfile\systemDictionary.cpp, line 1682]
Event: 20.427 Thread 0x000001ef1e5ec210 Exception <a 'java/lang/NoSuchMethodError'{0x00000000d6865088}: 'java.lang.Object java.lang.invoke.DirectMethodHandle$Holder.invokeSpecial(java.lang.Object, java.lang.Object, java.lang.Object, java.lang.Object, int, java.lang.Object, java.lang.Object)'> (0x00000000d6865088) 
thrown [s\src\hotspot\share\interpreter\linkResolver.cpp, line 773]
Event: 20.427 Thread 0x000001ef1e5eae60 Exception <a 'java/lang/NoSuchMethodError'{0x00000000d686ed58}: 'java.lang.Object java.lang.invoke.DirectMethodHandle$Holder.invokeSpecial(java.lang.Object, java.lang.Object, java.lang.Object, java.lang.Object, int, java.lang.Object, java.lang.Object)'> (0x00000000d686ed58) 
thrown [s\src\hotspot\share\interpreter\linkResolver.cpp, line 773]
Event: 20.427 Thread 0x000001ef1e5e6630 Exception <a 'java/lang/NoSuchMethodError'{0x00000000d685f9d0}: 'java.lang.Object java.lang.invoke.DirectMethodHandle$Holder.invokeSpecial(java.lang.Object, java.lang.Object, java.lang.Object, java.lang.Object, int, java.lang.Object, java.lang.Object)'> (0x00000000d685f9d0) 
thrown [s\src\hotspot\share\interpreter\linkResolver.cpp, line 773]
Event: 20.427 Thread 0x000001ef1e5ea140 Exception <a 'java/lang/NoSuchMethodError'{0x00000000d6877cd0}: 'java.lang.Object java.lang.invoke.DirectMethodHandle$Holder.invokeSpecial(java.lang.Object, java.lang.Object, java.lang.Object, java.lang.Object, int, java.lang.Object, java.lang.Object)'> (0x00000000d6877cd0) 
thrown [s\src\hotspot\share\interpreter\linkResolver.cpp, line 773]
Event: 20.665 Thread 0x000001ef1e5e9ab0 Exception <a 'java/lang/IncompatibleClassChangeError'{0x00000000d5da3968}: Found class java.lang.Object, but interface was expected> (0x00000000d5da3968) 
thrown [s\src\hotspot\share\interpreter\linkResolver.cpp, line 840]
Event: 20.672 Thread 0x000001ef1e5e9ab0 Exception <a 'java/lang/IncompatibleClassChangeError'{0x00000000d5db3300}: Found class java.lang.Object, but interface was expected> (0x00000000d5db3300) 
thrown [s\src\hotspot\share\interpreter\linkResolver.cpp, line 840]
Event: 21.022 Thread 0x000001ef1e5e9420 Exception <a 'java/lang/NoSuchMethodError'{0x00000000d60c31e0}: 'java.lang.Object java.lang.invoke.DirectMethodHandle$Holder.invokeSpecial(java.lang.Object, java.lang.Object, int, long)'> (0x00000000d60c31e0) 
thrown [s\src\hotspot\share\interpreter\linkResolver.cpp, line 773]
Event: 21.092 Thread 0x000001ef1e5e6630 Exception <a 'java/lang/NoSuchMethodError'{0x00000000d6353b68}: 'int java.lang.invoke.Invokers$Holder.invokeExact_MT(java.lang.Object, java.lang.Object)'> (0x00000000d6353b68) 
thrown [s\src\hotspot\share\interpreter\linkResolver.cpp, line 773]
Event: 21.154 Thread 0x000001ef1e5e6630 Exception <a 'java/lang/NoSuchMethodError'{0x00000000d64feb20}: 'int java.lang.invoke.DirectMethodHandle$Holder.invokeInterface(java.lang.Object, java.lang.Object)'> (0x00000000d64feb20) 
thrown [s\src\hotspot\share\interpreter\linkResolver.cpp, line 773]
Event: 21.154 Thread 0x000001ef1e5e6630 Exception <a 'java/lang/IncompatibleClassChangeError'{0x00000000d6501a30}: Found class java.lang.Object, but interface was expected> (0x00000000d6501a30) 
thrown [s\src\hotspot\share\interpreter\linkResolver.cpp, line 840]
Event: 21.241 Thread 0x000001ef1e5e6630 Exception <a 'java/lang/NoSuchMethodError'{0x00000000d680a860}: 'int java.lang.invoke.DirectMethodHandle$Holder.invokeSpecialIFC(java.lang.Object, java.lang.Object, java.lang.Object)'> (0x00000000d680a860) 
thrown [s\src\hotspot\share\interpreter\linkResolver.cpp, line 773]
Event: 21.264 Thread 0x000001ef1e5e6630 Exception <a 'java/io/FileNotFoundException'{0x00000000d68c3460}> (0x00000000d68c3460) 
thrown [s\src\hotspot\share\prims\jni.cpp, line 520]
Event: 21.264 Thread 0x000001ef1e5e6630 Exception <a 'java/io/FileNotFoundException'{0x00000000d68c4498}> (0x00000000d68c4498) 
thrown [s\src\hotspot\share\prims\jni.cpp, line 520]
Event: 21.491 Thread 0x000001ef1e5e6630 Exception <a 'java/lang/NoSuchMethodError'{0x00000000d5c72ab8}: 'java.lang.Object java.lang.invoke.DirectMethodHandle$Holder.invokeStatic(java.lang.Object, java.lang.Object, int, int)'> (0x00000000d5c72ab8) 
thrown [s\src\hotspot\share\interpreter\linkResolver.cpp, line 773]
Event: 21.491 Thread 0x000001ef1e5e6630 Exception <a 'java/lang/NoSuchMethodError'{0x00000000d5c770f8}: 'java.lang.Object java.lang.invoke.DirectMethodHandle$Holder.invokeSpecial(java.lang.Object, java.lang.Object, java.lang.Object, int, int)'> (0x00000000d5c770f8) 
thrown [s\src\hotspot\share\interpreter\linkResolver.cpp, line 773]
Event: 21.594 Thread 0x000001ef1e5e6630 Implicit null exception at 0x000001eec90f98a3 to 0x000001eec90f9c0c
Event: 23.818 Thread 0x000001ef1e5e6630 Exception <a 'java/lang/LinkageError'{0x00000000d60a4c68}: loader lombok.launch.ShadowClassLoader @166950d7 attempted duplicate class definition for lombok.launch.PatchFixesHider$Val. (lombok.launch.PatchFixesHider$Val is in unnamed module of loader lombok.launch.ShadowClassLoader @166950d7, parent loader org.eclipse.osgi.internal.loader.EquinoxClassLoader @146f5e6d)> (0x00000000d60a4c68) 
thrown [s\src\hotspot\share\classfile\systemDictionary.cpp, line 1682]
Event: 23.825 Thread 0x000001ef1c045a30 Exception <a 'java/lang/LinkageError'{0x00000000d612f8a0}: loader lombok.launch.ShadowClassLoader @166950d7 attempted duplicate class definition for lombok.launch.PatchFixesHider$ExtensionMethod. (lombok.launch.PatchFixesHider$ExtensionMethod is in unnamed module of loader lombok.launch.ShadowClassLoader @166950d7, parent loader org.eclipse.osgi.internal.loader.EquinoxClassLoader @146f5e6d)> (0x00000000d612f8a0) 
thrown [s\src\hotspot\share\classfile\systemDictionary.cpp, line 1682]

ZGC Phase Switch (0 events):
No events

VM Operations (20 events):
Event: 20.118 Executing VM operation: ParallelGCFailedAllocation (Allocation Failure) done
Event: 20.260 Executing VM operation: HandshakeAllThreads (Deoptimize)
Event: 20.260 Executing VM operation: HandshakeAllThreads (Deoptimize) done
Event: 20.432 Executing VM operation: ParallelGCFailedAllocation (Allocation Failure)
Event: 20.434 Executing VM operation: ParallelGCFailedAllocation (Allocation Failure) done
Event: 21.247 Executing VM operation: HandshakeAllThreads (Deoptimize)
Event: 21.247 Executing VM operation: HandshakeAllThreads (Deoptimize) done
Event: 21.272 Executing VM operation: ParallelGCFailedAllocation (Allocation Failure)
Event: 21.275 Executing VM operation: ParallelGCFailedAllocation (Allocation Failure) done
Event: 21.424 Executing VM operation: HandshakeAllThreads (Deoptimize)
Event: 21.425 Executing VM operation: HandshakeAllThreads (Deoptimize) done
Event: 21.464 Executing VM operation: HandshakeAllThreads (Deoptimize)
Event: 21.464 Executing VM operation: HandshakeAllThreads (Deoptimize) done
Event: 21.660 Executing VM operation: ICBufferFull
Event: 21.661 Executing VM operation: ICBufferFull done
Event: 21.684 Executing VM operation: ParallelGCFailedAllocation (Allocation Failure)
Event: 23.698 Executing VM operation: ParallelGCFailedAllocation (Allocation Failure) done
Event: 23.721 Executing VM operation: HandshakeAllThreads (Deoptimize)
Event: 23.721 Executing VM operation: HandshakeAllThreads (Deoptimize) done
Event: 24.726 Executing VM operation: Cleanup

Memory protections (0 events):
No events

Nmethod flushes (20 events):
Event: 18.692 Thread 0x000001eebe213900 flushing  nmethod 0x000001eec1698390
Event: 18.692 Thread 0x000001eebe213900 flushing  nmethod 0x000001eec16aaf90
Event: 18.692 Thread 0x000001eebe213900 flushing  nmethod 0x000001eec16adc90
Event: 18.692 Thread 0x000001eebe213900 flushing  nmethod 0x000001eec16adf90
Event: 18.692 Thread 0x000001eebe213900 flushing  nmethod 0x000001eec16b4190
Event: 18.692 Thread 0x000001eebe213900 flushing  nmethod 0x000001eec1737690
Event: 18.692 Thread 0x000001eebe213900 flushing  nmethod 0x000001eec1781e90
Event: 18.692 Thread 0x000001eebe213900 flushing  nmethod 0x000001eec17b5890
Event: 18.692 Thread 0x000001eebe213900 flushing  nmethod 0x000001eec17bc910
Event: 18.692 Thread 0x000001eebe213900 flushing  nmethod 0x000001eec17dee90
Event: 18.692 Thread 0x000001eebe213900 flushing  nmethod 0x000001eec17fe810
Event: 18.692 Thread 0x000001eebe213900 flushing  nmethod 0x000001eec1813210
Event: 18.692 Thread 0x000001eebe213900 flushing  nmethod 0x000001eec1817010
Event: 18.692 Thread 0x000001eebe213900 flushing  nmethod 0x000001eec1817a90
Event: 18.692 Thread 0x000001eebe213900 flushing  nmethod 0x000001eec1853390
Event: 18.692 Thread 0x000001eebe213900 flushing  nmethod 0x000001eec1853c10
Event: 18.692 Thread 0x000001eebe213900 flushing  nmethod 0x000001eec1854010
Event: 18.692 Thread 0x000001eebe213900 flushing  nmethod 0x000001eec1861e90
Event: 18.692 Thread 0x000001eebe213900 flushing  nmethod 0x000001eec1866910
Event: 18.692 Thread 0x000001eebe213900 flushing  nmethod 0x000001eec1867810

Events (20 events):
Event: 16.439 Thread 0x000001eebe16d690 Thread added: 0x000001ef1c888b60
Event: 16.439 Thread 0x000001eebe16d690 Thread added: 0x000001ef1c885d70
Event: 16.439 Thread 0x000001eebe16d690 Thread added: 0x000001ef1c8884d0
Event: 16.439 Thread 0x000001eebe16d690 Thread added: 0x000001ef1c887120
Event: 16.439 Thread 0x000001eebe16d690 Thread added: 0x000001ef1c886400
Event: 16.440 Thread 0x000001eebe16d690 Thread added: 0x000001ef1c886a90
Event: 16.440 Thread 0x000001eebe16d690 Thread added: 0x000001ef1e5e79e0
Event: 16.440 Thread 0x000001eebe16d690 Thread added: 0x000001ef1e5e6cc0
Event: 16.440 Thread 0x000001eebe16d690 Thread added: 0x000001ef1e5e8070
Event: 16.440 Thread 0x000001eebe16d690 Thread added: 0x000001ef1e5e8d90
Event: 16.440 Thread 0x000001eebe16d690 Thread added: 0x000001ef1e5e7350
Event: 16.482 Thread 0x000001eebe16d690 Thread added: 0x000001ef1e5e8700
Event: 16.726 Thread 0x000001ef1c044c30 Thread added: 0x000001ef1e5e9420
Event: 16.808 Thread 0x000001eebe16d690 Thread added: 0x000001ef1e5e5fa0
Event: 16.808 Thread 0x000001eebe16d690 Thread added: 0x000001ef1e5e9ab0
Event: 17.160 Thread 0x000001ef1e5e9ab0 Thread added: 0x000001ef1e5e6630
Event: 17.163 Thread 0x000001ef1e5e9ab0 Thread added: 0x000001ef1e5ec210
Event: 17.165 Thread 0x000001ef1e5e9ab0 Thread added: 0x000001ef1e5eae60
Event: 17.168 Thread 0x000001ef1e5e9ab0 Thread added: 0x000001ef1e5ea140
Event: 23.698 Thread 0x000001eebe22a580 Thread added: 0x000001ef1c2bb3d0


Dynamic libraries:
0x00007ff7dc8c0000 - 0x00007ff7dc8ce000 	c:\Users\TEJASHWINI S\.vscode\extensions\redhat.java-1.46.0-win32-x64\jre\21.0.8-win32-x86_64\bin\java.exe
0x00007ffe920a0000 - 0x00007ffe92309000 	C:\WINDOWS\SYSTEM32\ntdll.dll
0x00007ffe914a0000 - 0x00007ffe91569000 	C:\WINDOWS\System32\KERNEL32.DLL
0x00007ffe8f490000 - 0x00007ffe8f883000 	C:\WINDOWS\System32\KERNELBASE.dll
0x00007ffe8f890000 - 0x00007ffe8f9db000 	C:\WINDOWS\System32\ucrtbase.dll
0x00007ffe3e3c0000 - 0x00007ffe3e3de000 	c:\Users\TEJASHWINI S\.vscode\extensions\redhat.java-1.46.0-win32-x64\jre\21.0.8-win32-x86_64\bin\VCRUNTIME140.dll
0x00007ffe18480000 - 0x00007ffe18498000 	c:\Users\TEJASHWINI S\.vscode\extensions\redhat.java-1.46.0-win32-x64\jre\21.0.8-win32-x86_64\bin\jli.dll
0x00007ffe91b10000 - 0x00007ffe91cd4000 	C:\WINDOWS\System32\USER32.dll
0x00007ffe8f460000 - 0x00007ffe8f487000 	C:\WINDOWS\System32\win32u.dll
0x00007ffe7c040000 - 0x00007ffe7c2d3000 	C:\WINDOWS\WinSxS\amd64_microsoft.windows.common-controls_6595b64144ccf1df_6.0.26100.5074_none_3e0d6f78e32fd63f\COMCTL32.dll
0x00007ffe90fd0000 - 0x00007ffe90ffb000 	C:\WINDOWS\System32\GDI32.dll
0x00007ffe90e20000 - 0x00007ffe90ec9000 	C:\WINDOWS\System32\msvcrt.dll
0x00007ffe8fa80000 - 0x00007ffe8fbad000 	C:\WINDOWS\System32\gdi32full.dll
0x00007ffe8f230000 - 0x00007ffe8f2d3000 	C:\WINDOWS\System32\msvcp_win.dll
0x00007ffe91750000 - 0x00007ffe9177f000 	C:\WINDOWS\System32\IMM32.DLL
0x00007ffe608f0000 - 0x00007ffe608fc000 	c:\Users\TEJASHWINI S\.vscode\extensions\redhat.java-1.46.0-win32-x64\jre\21.0.8-win32-x86_64\bin\vcruntime140_1.dll
0x00007ffe0cad0000 - 0x00007ffe0cb5d000 	c:\Users\TEJASHWINI S\.vscode\extensions\redhat.java-1.46.0-win32-x64\jre\21.0.8-win32-x86_64\bin\msvcp140.dll
0x00007ffdbdca0000 - 0x00007ffdbea37000 	c:\Users\TEJASHWINI S\.vscode\extensions\redhat.java-1.46.0-win32-x64\jre\21.0.8-win32-x86_64\bin\server\jvm.dll
0x00007ffe90820000 - 0x00007ffe908d4000 	C:\WINDOWS\System32\ADVAPI32.dll
0x00007ffe916a0000 - 0x00007ffe91746000 	C:\WINDOWS\System32\sechost.dll
0x00007ffe91380000 - 0x00007ffe91498000 	C:\WINDOWS\System32\RPCRT4.dll
0x00007ffe907a0000 - 0x00007ffe90814000 	C:\WINDOWS\System32\WS2_32.dll
0x00007ffe882c0000 - 0x00007ffe882cb000 	C:\WINDOWS\SYSTEM32\VERSION.dll
0x00007ffe86390000 - 0x00007ffe863c5000 	C:\WINDOWS\SYSTEM32\WINMM.dll
0x00007ffe8f090000 - 0x00007ffe8f0ee000 	C:\WINDOWS\SYSTEM32\POWRPROF.dll
0x00007ffe8f070000 - 0x00007ffe8f084000 	C:\WINDOWS\SYSTEM32\UMPDC.dll
0x00007ffe8e010000 - 0x00007ffe8e02b000 	C:\WINDOWS\SYSTEM32\kernel.appcore.dll
0x00007ffe3fab0000 - 0x00007ffe3faba000 	c:\Users\TEJASHWINI S\.vscode\extensions\redhat.java-1.46.0-win32-x64\jre\21.0.8-win32-x86_64\bin\jimage.dll
0x00007ffe8cae0000 - 0x00007ffe8cd22000 	C:\WINDOWS\SYSTEM32\DBGHELP.DLL
0x00007ffe91000000 - 0x00007ffe9137b000 	C:\WINDOWS\System32\combase.dll
0x00007ffe915c0000 - 0x00007ffe91697000 	C:\WINDOWS\System32\OLEAUT32.dll
0x00007ffe78ca0000 - 0x00007ffe78cdd000 	C:\WINDOWS\SYSTEM32\dbgcore.DLL
0x00007ffe8f9e0000 - 0x00007ffe8fa79000 	C:\WINDOWS\System32\bcryptPrimitives.dll
0x00007ffe3f9f0000 - 0x00007ffe3f9ff000 	c:\Users\TEJASHWINI S\.vscode\extensions\redhat.java-1.46.0-win32-x64\jre\21.0.8-win32-x86_64\bin\instrument.dll
0x00007ffe14ed0000 - 0x00007ffe14eef000 	c:\Users\TEJASHWINI S\.vscode\extensions\redhat.java-1.46.0-win32-x64\jre\21.0.8-win32-x86_64\bin\java.dll
0x00007ffe90050000 - 0x00007ffe9079d000 	C:\WINDOWS\System32\SHELL32.dll
0x00007ffe8fc70000 - 0x00007ffe8fddc000 	C:\WINDOWS\System32\wintypes.dll
0x00007ffe8ced0000 - 0x00007ffe8d729000 	C:\WINDOWS\SYSTEM32\windows.storage.dll
0x00007ffe90ed0000 - 0x00007ffe90fc0000 	C:\WINDOWS\System32\SHCORE.dll
0x00007ffe91de0000 - 0x00007ffe91e42000 	C:\WINDOWS\System32\shlwapi.dll
0x00007ffe8f150000 - 0x00007ffe8f179000 	C:\WINDOWS\SYSTEM32\profapi.dll
0x00007ffe14980000 - 0x00007ffe14998000 	c:\Users\TEJASHWINI S\.vscode\extensions\redhat.java-1.46.0-win32-x64\jre\21.0.8-win32-x86_64\bin\zip.dll
0x00007ffe14930000 - 0x00007ffe14940000 	C:\Users\TEJASHWINI S\.vscode\extensions\redhat.java-1.46.0-win32-x64\jre\21.0.8-win32-x86_64\bin\net.dll
0x00007ffe868a0000 - 0x00007ffe869bf000 	C:\WINDOWS\SYSTEM32\WINHTTP.dll
0x00007ffe8e590000 - 0x00007ffe8e5fb000 	C:\WINDOWS\system32\mswsock.dll
0x00007ffe10c90000 - 0x00007ffe10ca6000 	C:\Users\TEJASHWINI S\.vscode\extensions\redhat.java-1.46.0-win32-x64\jre\21.0.8-win32-x86_64\bin\nio.dll
0x00007ffe12bf0000 - 0x00007ffe12c00000 	c:\Users\TEJASHWINI S\.vscode\extensions\redhat.java-1.46.0-win32-x64\jre\21.0.8-win32-x86_64\bin\verify.dll
0x00007ffe0c8f0000 - 0x00007ffe0c934000 	C:\Users\TEJASHWINI S\AppData\Roaming\Code\User\globalStorage\redhat.java\1.46.0\config_ss_win\org.eclipse.equinox.launcher\org.eclipse.equinox.launcher.win32.win32.x86_64_1.2.1400.v20250801-0854\eclipse_11916.dll
0x00007ffe91790000 - 0x00007ffe91928000 	C:\WINDOWS\System32\ole32.dll
0x00007ffe8e830000 - 0x00007ffe8e84b000 	C:\WINDOWS\SYSTEM32\CRYPTSP.dll
0x00007ffe8df70000 - 0x00007ffe8dfab000 	C:\WINDOWS\system32\rsaenh.dll
0x00007ffe8e630000 - 0x00007ffe8e65b000 	C:\WINDOWS\SYSTEM32\USERENV.dll
0x00007ffe8f120000 - 0x00007ffe8f146000 	C:\WINDOWS\SYSTEM32\bcrypt.dll
0x00007ffe8e850000 - 0x00007ffe8e85c000 	C:\WINDOWS\SYSTEM32\CRYPTBASE.dll
0x00007ffe8da30000 - 0x00007ffe8da64000 	C:\WINDOWS\SYSTEM32\IPHLPAPI.DLL
0x00007ffe91dd0000 - 0x00007ffe91dda000 	C:\WINDOWS\System32\NSI.dll
0x00007ffdeb410000 - 0x00007ffdeb459000 	C:\Users\TEJASHWINI S\AppData\Local\Temp\jna-300574461\jna6277273251511030603.dll
0x00007ffe908f0000 - 0x00007ffe908f8000 	C:\WINDOWS\System32\PSAPI.DLL
0x00007ffe86690000 - 0x00007ffe866ae000 	C:\WINDOWS\SYSTEM32\dhcpcsvc6.DLL
0x00007ffe86660000 - 0x00007ffe86683000 	C:\WINDOWS\SYSTEM32\dhcpcsvc.DLL

JVMTI agents:
c:\Users\TEJASHWINI S\.vscode\extensions\redhat.java-1.46.0-win32-x64\lombok\lombok-1.18.39-4050.jar path:c:\Users\TEJASHWINI S\.vscode\extensions\redhat.java-1.46.0-win32-x64\jre\21.0.8-win32-x86_64\bin\instrument.dll, loaded, initialized, instrumentlib options:none

dbghelp: loaded successfully - version: 4.0.5 - missing functions: none
symbol engine: initialized successfully - sym options: 0x614 - pdb path: .;c:\Users\TEJASHWINI S\.vscode\extensions\redhat.java-1.46.0-win32-x64\jre\21.0.8-win32-x86_64\bin;C:\WINDOWS\SYSTEM32;C:\WINDOWS\WinSxS\amd64_microsoft.windows.common-controls_6595b64144ccf1df_6.0.26100.5074_none_3e0d6f78e32fd63f;c:\Users\TEJASHWINI S\.vscode\extensions\redhat.java-1.46.0-win32-x64\jre\21.0.8-win32-x86_64\bin\server;C:\Users\TEJASHWINI S\AppData\Roaming\Code\User\globalStorage\redhat.java\1.46.0\config_ss_win\org.eclipse.equinox.launcher\org.eclipse.equinox.launcher.win32.win32.x86_64_1.2.1400.v20250801-0854;C:\Users\TEJASHWINI S\AppData\Local\Temp\jna-300574461

VM Arguments:
jvm_args: --add-modules=ALL-SYSTEM --add-opens=java.base/java.util=ALL-UNNAMED --add-opens=java.base/java.lang=ALL-UNNAMED --add-opens=java.base/sun.nio.fs=ALL-UNNAMED -Declipse.application=org.eclipse.jdt.ls.core.id1 -Dosgi.bundles.defaultStartLevel=4 -Declipse.product=org.eclipse.jdt.ls.core.product -Djava.import.generatesMetadataFilesAtProjectRoot=false -DDetectVMInstallationsJob.disabled=true -Dfile.encoding=utf8 -XX:+UseParallelGC -XX:GCTimeRatio=4 -XX:AdaptiveSizePolicyWeight=90 -Dsun.zip.disableMemoryMapping=true -Xmx2G -Xms100m -Xlog:disable -javaagent:c:\Users\TEJASHWINI S\.vscode\extensions\redhat.java-1.46.0-win32-x64\lombok\lombok-1.18.39-4050.jar 
java_command: c:\Users\TEJASHWINI S\.vscode\extensions\redhat.java-1.46.0-win32-x64\server\plugins\org.eclipse.equinox.launcher_1.7.0.v20250519-0528.jar -configuration c:\Users\TEJASHWINI S\AppData\Roaming\Code\User\globalStorage\redhat.java\1.46.0\config_ss_win -data c:\Users\TEJASHWINI S\AppData\Roaming\Code\User\workspaceStorage\609db315db7d13efddf576384252da58\redhat.java\ss_ws --pipe=\\.\pipe\lsp-5d8e080ca6be15bd5630676efac3d71e-sock
java_class_path (initial): c:\Users\TEJASHWINI S\.vscode\extensions\redhat.java-1.46.0-win32-x64\server\plugins\org.eclipse.equinox.launcher_1.7.0.v20250519-0528.jar
Launcher Type: SUN_STANDARD

[Global flags]
    uintx AdaptiveSizePolicyWeight                 = 90                                        {product} {command line}
     intx CICompilerCount                          = 4                                         {product} {ergonomic}
    uintx GCTimeRatio                              = 4                                         {product} {command line}
   size_t InitialHeapSize                          = 104857600                                 {product} {command line}
   size_t MaxHeapSize                              = 2147483648                                {product} {command line}
   size_t MaxNewSize                               = 715653120                                 {product} {ergonomic}
   size_t MinHeapDeltaBytes                        = 524288                                    {product} {ergonomic}
   size_t MinHeapSize                              = 104857600                                 {product} {command line}
   size_t NewSize                                  = 34603008                                  {product} {ergonomic}
    uintx NonNMethodCodeHeapSize                   = 5839372                                {pd product} {ergonomic}
    uintx NonProfiledCodeHeapSize                  = 122909434                              {pd product} {ergonomic}
   size_t OldSize                                  = 70254592                                  {product} {ergonomic}
    uintx ProfiledCodeHeapSize                     = 122909434                              {pd product} {ergonomic}
    uintx ReservedCodeCacheSize                    = 251658240                              {pd product} {ergonomic}
     bool SegmentedCodeCache                       = true                                      {product} {ergonomic}
   size_t SoftMaxHeapSize                          = 2147483648                             {manageable} {ergonomic}
     bool UseCompressedOops                        = true                           {product lp64_product} {ergonomic}
     bool UseLargePagesIndividualAllocation        = false                                  {pd product} {ergonomic}
     bool UseParallelGC                            = true                                      {product} {command line}

Logging:
Log output configuration:
 #0: stdout all=off uptime,level,tags foldmultilines=false
 #1: stderr all=off uptime,level,tags foldmultilines=false

Environment Variables:
JAVA_HOME=C:\Program Files\Java\jdk-22
PATH=C:\Program Files\Common Files\Oracle\Java\javapath;C:\Program Files (x86)\VMware\VMware Workstation\bin\;C:\oraclexe\app\oracle\product\11.2.0\server\bin;C:\WINDOWS\system32;C:\WINDOWS;C:\WINDOWS\System32\Wbem;C:\WINDOWS\System32\WindowsPowerShell\v1.0\;C:\WINDOWS\System32\OpenSSH\;C:\Program Files (x86)\Microsoft SQL Server\160\Tools\Binn\;C:\Program Files\Microsoft SQL Server\160\Tools\Binn\;C:\Program Files\Microsoft SQL Server\Client SDK\ODBC\170\Tools\Binn\;C:\Program Files\Microsoft SQL Server\160\DTS\Binn\;C:\Program Files (x86)\Microsoft SQL Server\160\DTS\Binn\;C:\Program Files\Azure Data Studio\bin;C:\Program Files\Java\jdk-22\bin;C:\MinGW\bin;C:\Program Files\Git\cmd;C:\Program Files\Git\bin;C:\Program Files\nodejs\;C:\Program Files\MySQL\MySQL Server 9.1\bin;C:\Users\TEJASHWINI S\anaconda3\;C:\Users\TEJASHWINI S\anaconda3\Scripts\;C:\Users\TEJASHWINI S\anaconda3\Library\bin\;C:\Users\TEJASHWINI S\AppData\Roaming\npm;C:\Program Files\apache-maven-3.9.11\bin;C:\Users\TEJASHWINI S\AppData\Local\Programs\Python\Python313\Scripts\;C:\Users\TEJASHWINI S\AppData\Local\Programs\Python\Python313\;C:\Users\TEJASHWINI S\AppData\Local\Programs\Python\Python311\Scripts\;C:\Users\TEJASHWINI S\AppData\Local\Programs\Python\Python311\;C:\Users\TEJASHWINI S\AppData\Local\Programs\Python\Python312\Scripts\;C:\Users\TEJASHWINI S\AppData\Local\Programs\Python\Python312\;C:\Users\TEJASHWINI S\AppData\Local\Microsoft\WindowsApps;C:\Program Files\Azure Data Studio\bin;C:\Users\TEJASHWINI S\AppData\Local\Programs\Microsoft VS Code\bin;C:\Users\TEJASHWINI S\AppData\Roaming\npm;C:\Users\TEJASHWINI S\AppData\Local\Programs\cursor\resources\app\bin;
USERNAME=TEJASHWINI S
OS=Windows_NT
PROCESSOR_IDENTIFIER=AMD64 Family 23 Model 104 Stepping 1, AuthenticAMD
TMP=C:\Users\TEJASH~1\AppData\Local\Temp
TEMP=C:\Users\TEJASH~1\AppData\Local\Temp




Periodic native trim disabled

---------------  S Y S T E M  ---------------

OS:
 Windows 11 , 64 bit Build 26100 (10.0.26100.5074)
OS uptime: 2 days 8:05 hours

CPU: total 12 (initial active 12) (12 cores per cpu, 2 threads per core) family 23 model 104 stepping 1 microcode 0x8608103, cx8, cmov, fxsr, ht, mmx, 3dnowpref, sse, sse2, sse3, ssse3, sse4a, sse4.1, sse4.2, popcnt, lzcnt, tsc, tscinvbit, avx, avx2, aes, clmul, bmi1, bmi2, adx, sha, fma, vzeroupper, clflush, clflushopt, rdtscp, rdpid, f16c
Processor Information for the first 12 processors :
  Max Mhz: 2100, Current Mhz: 2100, Mhz Limit: 2100

Memory: 4k page, system-wide physical 6005M (798M free)
TotalPageFile size 24437M (AvailPageFile size 17M)
current process WorkingSet (physical memory assigned to process): 219M, peak: 219M
current process commit charge ("private bytes"): 342M, peak: 345M

vm_info: OpenJDK 64-Bit Server VM (21.0.8+9-LTS) for windows-amd64 JRE (21.0.8+9-LTS), built on 2025-07-15T00:00:00Z by "admin" with MS VC++ 17.7 (VS2022)

END.
