#
# There is insufficient memory for the Java Runtime Environment to continue.
# Native memory allocation (malloc) failed to allocate 1105232 bytes. Error detail: Chunk::new
# Possible reasons:
#   The system is out of physical RAM or swap space
#   This process is running with CompressedOops enabled, and the Java Heap may be blocking the growth of the native heap
# Possible solutions:
#   Reduce memory load on the system
#   Increase physical memory or swap space
#   Check if swap backing store is full
#   Decrease Java heap size (-Xmx/-Xms)
#   Decrease number of Java threads
#   Decrease Java thread stack sizes (-Xss)
#   Set larger code cache with -XX:ReservedCodeCacheSize=
#   JVM is running with Unscaled Compressed Oops mode in which the Java heap is
#     placed in the first 4GB address space. The Java Heap base address is the
#     maximum limit for the native heap growth. Please use -XX:HeapBaseMinAddress
#     to set the Java Heap base and to place the Java Heap above 4GB virtual address.
# This output file may be truncated or incomplete.
#
#  Out of Memory Error (arena.cpp:168), pid=24372, tid=27356
#
# JRE version: OpenJDK Runtime Environment Temurin-21.0.8+9 (21.0.8+9) (build 21.0.8+9-LTS)
# Java VM: OpenJDK 64-Bit Server VM Temurin-21.0.8+9 (21.0.8+9-LTS, mixed mode, sharing, tiered, compressed oops, compressed class ptrs, parallel gc, windows-amd64)
# No core dump will be written. Minidumps are not enabled by default on client versions of Windows
#

---------------  S U M M A R Y ------------

Command Line: --add-modules=ALL-SYSTEM --add-opens=java.base/java.util=ALL-UNNAMED --add-opens=java.base/java.lang=ALL-UNNAMED --add-opens=java.base/sun.nio.fs=ALL-UNNAMED -Declipse.application=org.eclipse.jdt.ls.core.id1 -Dosgi.bundles.defaultStartLevel=4 -Declipse.product=org.eclipse.jdt.ls.core.product -Djava.import.generatesMetadataFilesAtProjectRoot=false -DDetectVMInstallationsJob.disabled=true -Dfile.encoding=utf8 -XX:+UseParallelGC -XX:GCTimeRatio=4 -XX:AdaptiveSizePolicyWeight=90 -Dsun.zip.disableMemoryMapping=true -Xmx2G -Xms100m -Xlog:disable -javaagent:c:\Users\TEJASHWINI S\.vscode\extensions\redhat.java-1.46.0-win32-x64\lombok\lombok-1.18.39-4050.jar -XX:+HeapDumpOnOutOfMemoryError -XX:HeapDumpPath=c:\Users\TEJASHWINI S\AppData\Roaming\Code\User\workspaceStorage\609db315db7d13efddf576384252da58\redhat.java -Daether.dependencyCollector.impl=bf c:\Users\TEJASHWINI S\.vscode\extensions\redhat.java-1.46.0-win32-x64\server\plugins\org.eclipse.equinox.launcher_1.7.0.v20250519-0528.jar -configuration c:\Users\TEJASHWINI S\AppData\Roaming\Code\User\globalStorage\redhat.java\1.46.0\config_win -data c:\Users\TEJASHWINI S\AppData\Roaming\Code\User\workspaceStorage\609db315db7d13efddf576384252da58\redhat.java\jdt_ws --pipe=\\.\pipe\lsp-c885d5c803d1de7a150d1cf8fef2ffb6-sock

Host: AMD Ryzen 5 5500U with Radeon Graphics         , 12 cores, 5G,  Windows 11 , 64 bit Build 26100 (10.0.26100.5074)
Time: Mon Oct 13 12:48:47 2025 India Standard Time elapsed time: 455.653063 seconds (0d 0h 7m 35s)

---------------  T H R E A D  ---------------

Current thread (0x000001969e990640):  JavaThread "C2 CompilerThread0" daemon [_thread_in_native, id=27356, stack(0x0000005233900000,0x0000005233a00000) (1024K)]


Current CompileTask:
C2:455653 13496   !   4       lombok.core.FieldAugment$ReflectionFieldAugment::getAndSet (80 bytes)

Stack: [0x0000005233900000,0x0000005233a00000]
Native frames: (J=compiled Java code, j=interpreted, Vv=VM code, C=native code)
V  [jvm.dll+0x6d2449]
V  [jvm.dll+0x8ae341]
V  [jvm.dll+0x8b08be]
V  [jvm.dll+0x8b0fa3]
V  [jvm.dll+0x280c96]
V  [jvm.dll+0xc581d]
V  [jvm.dll+0xc5d53]
V  [jvm.dll+0x13fc9f]
V  [jvm.dll+0x661835]
V  [jvm.dll+0x65fd8e]
V  [jvm.dll+0x248d55]
V  [jvm.dll+0x2484af]
V  [jvm.dll+0x1c89ee]
V  [jvm.dll+0x257d4d]
V  [jvm.dll+0x2562ea]
V  [jvm.dll+0x3f2d16]
V  [jvm.dll+0x857e6b]
V  [jvm.dll+0x6d0b0d]
C  [ucrtbase.dll+0x37b0]
C  [KERNEL32.DLL+0x2e8d7]
C  [ntdll.dll+0x8d9c]


---------------  P R O C E S S  ---------------

Threads class SMR info:
_java_thread_list=0x00000196fd2f67e0, length=51, elements={
0x000001969e8dd390, 0x00000196b537d7a0, 0x00000196b537e490, 0x000001969e98b910,
0x000001969e98c360, 0x000001969e98edc0, 0x000001969e98f810, 0x000001969e990640,
0x00000196f77ea7d0, 0x00000196f787e290, 0x00000196f7af5510, 0x00000196fd573700,
0x00000196fd32ddc0, 0x00000196f8aa6750, 0x00000196f8e38010, 0x00000196fd1ea380,
0x00000196fd7c2690, 0x00000196fd96fcc0, 0x00000196f88f9490, 0x00000196fd87bff0,
0x00000196fd87c680, 0x00000196fd87cd10, 0x00000196fd879f20, 0x00000196fd87a5b0,
0x00000196fd87ac40, 0x00000196fd87b960, 0x0000019680e69880, 0x0000019680e67e40,
0x0000019680e69f10, 0x0000019680e66a90, 0x0000019680e684d0, 0x0000019680e67120,
0x0000019680e677b0, 0x0000019680e6bfe0, 0x0000019680e68b60, 0x0000019680e6c670,
0x0000019680e6a5a0, 0x0000019680e691f0, 0x0000019680e6cd00, 0x0000019680e6ac30,
0x00000196fdbb95d0, 0x00000196fdbb88b0, 0x00000196fdbb7b90, 0x00000196fdbb8f40,
0x00000196fdbbc3c0, 0x00000196fdbbca50, 0x00000196fdbbbd30, 0x00000196fdbbeb20,
0x00000196fdbbf1b0, 0x00000196fdbbe490, 0x0000019680e6d390
}

Java Threads: ( => current thread )
  0x000001969e8dd390 JavaThread "main"                              [_thread_blocked, id=11136, stack(0x0000005232f00000,0x0000005233000000) (1024K)]
  0x00000196b537d7a0 JavaThread "Reference Handler"          daemon [_thread_blocked, id=21092, stack(0x0000005233300000,0x0000005233400000) (1024K)]
  0x00000196b537e490 JavaThread "Finalizer"                  daemon [_thread_blocked, id=24728, stack(0x0000005233400000,0x0000005233500000) (1024K)]
  0x000001969e98b910 JavaThread "Signal Dispatcher"          daemon [_thread_blocked, id=21904, stack(0x0000005233500000,0x0000005233600000) (1024K)]
  0x000001969e98c360 JavaThread "Attach Listener"            daemon [_thread_blocked, id=14412, stack(0x0000005233600000,0x0000005233700000) (1024K)]
  0x000001969e98edc0 JavaThread "Service Thread"             daemon [_thread_blocked, id=21896, stack(0x0000005233700000,0x0000005233800000) (1024K)]
  0x000001969e98f810 JavaThread "Monitor Deflation Thread"   daemon [_thread_blocked, id=8264, stack(0x0000005233800000,0x0000005233900000) (1024K)]
=>0x000001969e990640 JavaThread "C2 CompilerThread0"         daemon [_thread_in_native, id=27356, stack(0x0000005233900000,0x0000005233a00000) (1024K)]
  0x00000196f77ea7d0 JavaThread "C1 CompilerThread0"         daemon [_thread_blocked, id=30208, stack(0x0000005233a00000,0x0000005233b00000) (1024K)]
  0x00000196f787e290 JavaThread "Common-Cleaner"             daemon [_thread_blocked, id=30800, stack(0x0000005233b00000,0x0000005233c00000) (1024K)]
  0x00000196f7af5510 JavaThread "Notification Thread"        daemon [_thread_blocked, id=5020, stack(0x0000005233c00000,0x0000005233d00000) (1024K)]
  0x00000196fd573700 JavaThread "Active Thread: Equinox Container: 14c3604d-0f9f-4b2a-a262-66758b52a133"        [_thread_blocked, id=28392, stack(0x0000005234500000,0x0000005234600000) (1024K)]
  0x00000196fd32ddc0 JavaThread "Refresh Thread: Equinox Container: 14c3604d-0f9f-4b2a-a262-66758b52a133" daemon [_thread_blocked, id=16672, stack(0x0000005234700000,0x0000005234800000) (1024K)]
  0x00000196f8aa6750 JavaThread "Framework Event Dispatcher: Equinox Container: 14c3604d-0f9f-4b2a-a262-66758b52a133" daemon [_thread_blocked, id=1208, stack(0x0000005234800000,0x0000005234900000) (1024K)]
  0x00000196f8e38010 JavaThread "Start Level: Equinox Container: 14c3604d-0f9f-4b2a-a262-66758b52a133" daemon [_thread_blocked, id=18644, stack(0x0000005234900000,0x0000005234a00000) (1024K)]
  0x00000196fd1ea380 JavaThread "Bundle File Closer"         daemon [_thread_blocked, id=18356, stack(0x0000005234c00000,0x0000005234d00000) (1024K)]
  0x00000196fd7c2690 JavaThread "SCR Component Actor"        daemon [_thread_blocked, id=6304, stack(0x0000005234d00000,0x0000005234e00000) (1024K)]
  0x00000196fd96fcc0 JavaThread "Worker-JM"                         [_thread_blocked, id=24508, stack(0x0000005234e00000,0x0000005234f00000) (1024K)]
  0x00000196f88f9490 JavaThread "JNA Cleaner"                daemon [_thread_blocked, id=18176, stack(0x0000005234f00000,0x0000005235000000) (1024K)]
  0x00000196fd87bff0 JavaThread "Worker-1"                          [_thread_blocked, id=18128, stack(0x0000005235100000,0x0000005235200000) (1024K)]
  0x00000196fd87c680 JavaThread "Java indexing"              daemon [_thread_in_Java, id=2556, stack(0x0000005233e00000,0x0000005233f00000) (1024K)]
  0x00000196fd87cd10 JavaThread "Worker-2"                          [_thread_blocked, id=30832, stack(0x0000005235400000,0x0000005235500000) (1024K)]
  0x00000196fd879f20 JavaThread "Thread-1"                   daemon [_thread_in_native, id=22476, stack(0x0000005235600000,0x0000005235700000) (1024K)]
  0x00000196fd87a5b0 JavaThread "Thread-2"                   daemon [_thread_in_native, id=9856, stack(0x0000005235700000,0x0000005235800000) (1024K)]
  0x00000196fd87ac40 JavaThread "Thread-3"                   daemon [_thread_in_native, id=20204, stack(0x0000005235800000,0x0000005235900000) (1024K)]
  0x00000196fd87b960 JavaThread "Thread-4"                   daemon [_thread_in_native, id=17128, stack(0x0000005235900000,0x0000005235a00000) (1024K)]
  0x0000019680e69880 JavaThread "Thread-5"                   daemon [_thread_in_native, id=31400, stack(0x0000005235a00000,0x0000005235b00000) (1024K)]
  0x0000019680e67e40 JavaThread "Thread-6"                   daemon [_thread_in_native, id=25524, stack(0x0000005235b00000,0x0000005235c00000) (1024K)]
  0x0000019680e69f10 JavaThread "Thread-7"                   daemon [_thread_in_native, id=29504, stack(0x0000005235c00000,0x0000005235d00000) (1024K)]
  0x0000019680e66a90 JavaThread "Thread-8"                   daemon [_thread_in_native, id=12908, stack(0x0000005235d00000,0x0000005235e00000) (1024K)]
  0x0000019680e684d0 JavaThread "Thread-9"                   daemon [_thread_in_native, id=4280, stack(0x0000005235e00000,0x0000005235f00000) (1024K)]
  0x0000019680e67120 JavaThread "Thread-10"                  daemon [_thread_in_native, id=256, stack(0x0000005235f00000,0x0000005236000000) (1024K)]
  0x0000019680e677b0 JavaThread "Thread-11"                  daemon [_thread_in_native, id=18288, stack(0x0000005236000000,0x0000005236100000) (1024K)]
  0x0000019680e6bfe0 JavaThread "Thread-12"                  daemon [_thread_in_native, id=30780, stack(0x0000005236100000,0x0000005236200000) (1024K)]
  0x0000019680e68b60 JavaThread "Thread-13"                  daemon [_thread_in_native, id=12356, stack(0x0000005236200000,0x0000005236300000) (1024K)]
  0x0000019680e6c670 JavaThread "pool-2-thread-1"                   [_thread_blocked, id=27152, stack(0x0000005236300000,0x0000005236400000) (1024K)]
  0x0000019680e6a5a0 JavaThread "WorkspaceEventsHandler"            [_thread_blocked, id=14108, stack(0x0000005236400000,0x0000005236500000) (1024K)]
  0x0000019680e691f0 JavaThread "pool-1-thread-1"                   [_thread_blocked, id=30220, stack(0x0000005236500000,0x0000005236600000) (1024K)]
  0x0000019680e6cd00 JavaThread "ForkJoinPool.commonPool-worker-5" daemon [_thread_blocked, id=24240, stack(0x0000005236900000,0x0000005236a00000) (1024K)]
  0x0000019680e6ac30 JavaThread "ForkJoinPool.commonPool-worker-4" daemon [_thread_blocked, id=23896, stack(0x0000005236a00000,0x0000005236b00000) (1024K)]
  0x00000196fdbb95d0 JavaThread "ForkJoinPool.commonPool-worker-8" daemon [_thread_blocked, id=30464, stack(0x0000005236d00000,0x0000005236e00000) (1024K)]
  0x00000196fdbb88b0 JavaThread "ForkJoinPool.commonPool-worker-9" daemon [_thread_blocked, id=12956, stack(0x0000005236e00000,0x0000005236f00000) (1024K)]
  0x00000196fdbb7b90 JavaThread "ForkJoinPool.commonPool-worker-12" daemon [_thread_blocked, id=23372, stack(0x0000005232c00000,0x0000005232d00000) (1024K)]
  0x00000196fdbb8f40 JavaThread "ForkJoinPool.commonPool-worker-13" daemon [_thread_blocked, id=23528, stack(0x0000005232d00000,0x0000005232e00000) (1024K)]
  0x00000196fdbbc3c0 JavaThread "ForkJoinPool.commonPool-worker-14" daemon [_thread_blocked, id=8316, stack(0x0000005232e00000,0x0000005232f00000) (1024K)]
  0x00000196fdbbca50 JavaThread "ForkJoinPool.commonPool-worker-15" daemon [_thread_blocked, id=12396, stack(0x0000005233d00000,0x0000005233e00000) (1024K)]
  0x00000196fdbbbd30 JavaThread "Worker-4"                          [_thread_blocked, id=19020, stack(0x0000005235000000,0x0000005235100000) (1024K)]
  0x00000196fdbbeb20 JavaThread "Compiler Source File Reader" daemon [_thread_blocked, id=12512, stack(0x0000005235200000,0x0000005235300000) (1024K)]
  0x00000196fdbbf1b0 JavaThread "Compiler Processing Task"   daemon [_thread_blocked, id=19848, stack(0x0000005235300000,0x0000005235400000) (1024K)]
  0x00000196fdbbe490 JavaThread "Worker-5"                          [_thread_blocked, id=20472, stack(0x0000005235500000,0x0000005235600000) (1024K)]
  0x0000019680e6d390 JavaThread "Compiler Source File Reader" daemon [_thread_blocked, id=11708, stack(0x0000005236600000,0x0000005236700000) (1024K)]
Total: 51

Other Threads:
  0x00000196f7790d70 VMThread "VM Thread"                           [id=26600, stack(0x0000005233200000,0x0000005233300000) (1024K)]
  0x00000196b525ca00 WatcherThread "VM Periodic Task Thread"        [id=5164, stack(0x0000005233100000,0x0000005233200000) (1024K)]
  0x000001969e8fbf10 WorkerThread "GC Thread#0"                     [id=1772, stack(0x0000005233000000,0x0000005233100000) (1024K)]
  0x00000196f88693d0 WorkerThread "GC Thread#1"                     [id=4064, stack(0x0000005233f00000,0x0000005234000000) (1024K)]
  0x00000196f886a990 WorkerThread "GC Thread#2"                     [id=27540, stack(0x0000005234000000,0x0000005234100000) (1024K)]
  0x00000196f8869770 WorkerThread "GC Thread#3"                     [id=21992, stack(0x0000005234100000,0x0000005234200000) (1024K)]
  0x00000196f886a250 WorkerThread "GC Thread#4"                     [id=2176, stack(0x0000005234200000,0x0000005234300000) (1024K)]
  0x00000196f8869b10 WorkerThread "GC Thread#5"                     [id=31392, stack(0x0000005234300000,0x0000005234400000) (1024K)]
  0x00000196f886a5f0 WorkerThread "GC Thread#6"                     [id=11208, stack(0x0000005234400000,0x0000005234500000) (1024K)]
  0x00000196f8869eb0 WorkerThread "GC Thread#7"                     [id=21312, stack(0x0000005234600000,0x0000005234700000) (1024K)]
  0x00000196fd6b81c0 WorkerThread "GC Thread#8"                     [id=6772, stack(0x0000005234a00000,0x0000005234b00000) (1024K)]
  0x00000196fd6b7a80 WorkerThread "GC Thread#9"                     [id=26000, stack(0x0000005234b00000,0x0000005234c00000) (1024K)]
Total: 12

Threads with active compile tasks:
C2 CompilerThread0  455718 13496   !   4       lombok.core.FieldAugment$ReflectionFieldAugment::getAndSet (80 bytes)
Total: 1

VM state: not at safepoint (normal execution)

VM Mutex/Monitor currently owned by a thread: None

Heap address: 0x0000000080000000, size: 2048 MB, Compressed Oops mode: 32-bit

CDS archive(s) mapped at: [0x00000196b6000000-0x00000196b6ba0000-0x00000196b6ba0000), size 12189696, SharedBaseAddress: 0x00000196b6000000, ArchiveRelocationMode: 1.
Compressed class space mapped at: 0x00000196b7000000-0x00000196f7000000, reserved size: 1073741824
Narrow klass base: 0x00000196b6000000, Narrow klass shift: 0, Narrow klass range: 0x100000000

GC Precious Log:
 CardTable entry size: 512
 CPUs: 12 total, 12 available
 Memory: 6005M
 Large Page Support: Disabled
 NUMA Support: Disabled
 Compressed Oops: Enabled (32-bit)
 Alignments: Space 512K, Generation 512K, Heap 2M
 Heap Min Capacity: 100M
 Heap Initial Capacity: 100M
 Heap Max Capacity: 2G
 Pre-touch: Disabled
 Parallel Workers: 10

Heap:
 PSYoungGen      total 3584K, used 2108K [0x00000000d5580000, 0x00000000d5c80000, 0x0000000100000000)
  eden space 2560K, 61% used [0x00000000d5580000,0x00000000d57073e0,0x00000000d5800000)
  from space 1024K, 53% used [0x00000000d5b80000,0x00000000d5c08000,0x00000000d5c80000)
  to   space 1024K, 0% used [0x00000000d5a80000,0x00000000d5a80000,0x00000000d5b80000)
 ParOldGen       total 220672K, used 220330K [0x0000000080000000, 0x000000008d780000, 0x00000000d5580000)
  object space 220672K, 99% used [0x0000000080000000,0x000000008d72aba8,0x000000008d780000)
 Metaspace       used 68861K, committed 70464K, reserved 1114112K
  class space    used 7178K, committed 7872K, reserved 1048576K

Card table byte_map: [0x000001969e280000,0x000001969e690000] _byte_map_base: 0x000001969de80000

Marking Bits: (ParMarkBitMap*) 0x00007ffdbe95a340
 Begin Bits: [0x00000196b0d80000, 0x00000196b2d80000)
 End Bits:   [0x00000196b2d80000, 0x00000196b4d80000)

Polling page: 0x000001969c8a0000

Metaspace:

Usage:
  Non-class:     60.24 MB used.
      Class:      7.01 MB used.
       Both:     67.25 MB used.

Virtual space:
  Non-class space:       64.00 MB reserved,      61.12 MB ( 96%) committed,  1 nodes.
      Class space:        1.00 GB reserved,       7.69 MB ( <1%) committed,  1 nodes.
             Both:        1.06 GB reserved,      68.81 MB (  6%) committed. 

Chunk freelists:
   Non-Class:  2.52 MB
       Class:  8.14 MB
        Both:  10.66 MB

MaxMetaspaceSize: unlimited
CompressedClassSpaceSize: 1.00 GB
Initial GC threshold: 21.00 MB
Current GC threshold: 97.31 MB
CDS: on
 - commit_granule_bytes: 65536.
 - commit_granule_words: 8192.
 - virtual_space_node_default_size: 8388608.
 - enlarge_chunks_in_place: 1.
 - use_allocation_guard: 0.


Internal statistics:

num_allocs_failed_limit: 9.
num_arena_births: 1364.
num_arena_deaths: 14.
num_vsnodes_births: 2.
num_vsnodes_deaths: 0.
num_space_committed: 1101.
num_space_uncommitted: 0.
num_chunks_returned_to_freelist: 23.
num_chunks_taken_from_freelist: 4711.
num_chunk_merges: 15.
num_chunk_splits: 2871.
num_chunks_enlarged: 1582.
num_inconsistent_stats: 0.

CodeHeap 'non-profiled nmethods': size=120000Kb used=6705Kb max_used=6705Kb free=113295Kb
 bounds [0x00000196a95a0000, 0x00000196a9c30000, 0x00000196b0ad0000]
CodeHeap 'profiled nmethods': size=120000Kb used=28351Kb max_used=28351Kb free=91648Kb
 bounds [0x00000196a1ad0000, 0x00000196a3680000, 0x00000196a9000000]
CodeHeap 'non-nmethods': size=5760Kb used=1454Kb max_used=1509Kb free=4305Kb
 bounds [0x00000196a9000000, 0x00000196a9270000, 0x00000196a95a0000]
CodeCache: size=245760Kb, used=36510Kb, max_used=36565Kb, free=209248Kb
 total_blobs=13736, nmethods=12969, adapters=671, full_count=0
Compilation: enabled, stopped_count=0, restarted_count=0

Compilation events (20 events):
Event: 454.569 Thread 0x00000196f77ea7d0 13746       2       org.eclipse.core.internal.events.ResourceComparator::compareLocal (59 bytes)
Event: 454.570 Thread 0x00000196f77ea7d0 nmethod 13746 0x00000196a367af10 code [0x00000196a367b0c0, 0x00000196a367b2c0]
Event: 454.570 Thread 0x00000196f77ea7d0 13751       2       org.eclipse.core.internal.events.ResourceDelta::getAffectedChildren (326 bytes)
Event: 454.571 Thread 0x00000196f77ea7d0 nmethod 13751 0x00000196a367b410 code [0x00000196a367b680, 0x00000196a367c000]
Event: 454.571 Thread 0x00000196f77ea7d0 13747       2       org.eclipse.core.internal.events.ResourceDeltaFactory::computeNodeIDMap (169 bytes)
Event: 454.572 Thread 0x00000196f77ea7d0 nmethod 13747 0x00000196a367c610 code [0x00000196a367c800, 0x00000196a367cb88]
Event: 454.572 Thread 0x00000196f77ea7d0 13748       2       org.eclipse.core.internal.events.ResourceDelta::fixMovesAndMarkers (350 bytes)
Event: 454.574 Thread 0x00000196f77ea7d0 nmethod 13748 0x00000196a367cf10 code [0x00000196a367d160, 0x00000196a367d8b0]
Event: 454.574 Thread 0x00000196f77ea7d0 13749       2       org.eclipse.core.internal.events.ResourceDelta::checkForMarkerDeltas (95 bytes)
Event: 454.575 Thread 0x00000196f77ea7d0 nmethod 13749 0x00000196a367de90 code [0x00000196a367e060, 0x00000196a367e318]
Event: 454.575 Thread 0x00000196f77ea7d0 13753       3       org.eclipse.core.internal.resources.Project::isOpen (17 bytes)
Event: 454.576 Thread 0x00000196f77ea7d0 nmethod 13753 0x00000196a367e510 code [0x00000196a367e6e0, 0x00000196a367ece8]
Event: 454.576 Thread 0x00000196f77ea7d0 13752       2       org.eclipse.core.internal.events.ResourceDelta::getAffectedChildren (8 bytes)
Event: 454.576 Thread 0x00000196f77ea7d0 nmethod 13752 0x00000196a367ef10 code [0x00000196a367f0c0, 0x00000196a367f1f8]
Event: 454.576 Thread 0x00000196f77ea7d0 13754       2       java.io.BufferedOutputStream::flushBuffer (29 bytes)
Event: 454.577 Thread 0x00000196f77ea7d0 nmethod 13754 0x00000196a367f290 code [0x00000196a367f440, 0x00000196a367f5a0]
Event: 454.581 Thread 0x00000196f77ea7d0 13755       2       org.eclipse.core.internal.content.ContentType::isKindOf (35 bytes)
Event: 454.581 Thread 0x00000196f77ea7d0 nmethod 13755 0x00000196a367f690 code [0x00000196a367f860, 0x00000196a367fa90]
Event: 454.585 Thread 0x00000196f77ea7d0 13757       2       java.nio.MappedByteBuffer::<init> (22 bytes)
Event: 454.586 Thread 0x00000196f77ea7d0 nmethod 13757 0x00000196a367fb90 code [0x00000196a367fd40, 0x00000196a367fe88]

GC Heap History (20 events):
Event: 453.358 GC heap after
{Heap after GC invocations=185 (full 3):
 PSYoungGen      total 6656K, used 493K [0x00000000d5580000, 0x00000000d6100000, 0x0000000100000000)
  eden space 6144K, 0% used [0x00000000d5580000,0x00000000d5580000,0x00000000d5b80000)
  from space 512K, 96% used [0x00000000d5e00000,0x00000000d5e7b788,0x00000000d5e80000)
  to   space 2560K, 0% used [0x00000000d5b80000,0x00000000d5b80000,0x00000000d5e00000)
 ParOldGen       total 162304K, used 161846K [0x0000000080000000, 0x0000000089e80000, 0x00000000d5580000)
  object space 162304K, 99% used [0x0000000080000000,0x0000000089e0d8f8,0x0000000089e80000)
 Metaspace       used 68638K, committed 70272K, reserved 1114112K
  class space    used 7170K, committed 7872K, reserved 1048576K
}
Event: 453.458 GC heap before
{Heap before GC invocations=186 (full 3):
 PSYoungGen      total 6656K, used 6637K [0x00000000d5580000, 0x00000000d6100000, 0x0000000100000000)
  eden space 6144K, 100% used [0x00000000d5580000,0x00000000d5b80000,0x00000000d5b80000)
  from space 512K, 96% used [0x00000000d5e00000,0x00000000d5e7b788,0x00000000d5e80000)
  to   space 2560K, 0% used [0x00000000d5b80000,0x00000000d5b80000,0x00000000d5e00000)
 ParOldGen       total 162304K, used 161846K [0x0000000080000000, 0x0000000089e80000, 0x00000000d5580000)
  object space 162304K, 99% used [0x0000000080000000,0x0000000089e0d8f8,0x0000000089e80000)
 Metaspace       used 68651K, committed 70272K, reserved 1114112K
  class space    used 7175K, committed 7872K, reserved 1048576K
}
Event: 453.466 GC heap after
{Heap after GC invocations=186 (full 3):
 PSYoungGen      total 8704K, used 2556K [0x00000000d5580000, 0x00000000d6980000, 0x0000000100000000)
  eden space 6144K, 0% used [0x00000000d5580000,0x00000000d5580000,0x00000000d5b80000)
  from space 2560K, 99% used [0x00000000d5b80000,0x00000000d5dff3c0,0x00000000d5e00000)
  to   space 7168K, 0% used [0x00000000d6280000,0x00000000d6280000,0x00000000d6980000)
 ParOldGen       total 165888K, used 165507K [0x0000000080000000, 0x000000008a200000, 0x00000000d5580000)
  object space 165888K, 99% used [0x0000000080000000,0x000000008a1a0c48,0x000000008a200000)
 Metaspace       used 68651K, committed 70272K, reserved 1114112K
  class space    used 7175K, committed 7872K, reserved 1048576K
}
Event: 453.577 GC heap before
{Heap before GC invocations=187 (full 3):
 PSYoungGen      total 8704K, used 8700K [0x00000000d5580000, 0x00000000d6980000, 0x0000000100000000)
  eden space 6144K, 100% used [0x00000000d5580000,0x00000000d5b80000,0x00000000d5b80000)
  from space 2560K, 99% used [0x00000000d5b80000,0x00000000d5dff3c0,0x00000000d5e00000)
  to   space 7168K, 0% used [0x00000000d6280000,0x00000000d6280000,0x00000000d6980000)
 ParOldGen       total 165888K, used 165507K [0x0000000080000000, 0x000000008a200000, 0x00000000d5580000)
  object space 165888K, 99% used [0x0000000080000000,0x000000008a1a0c48,0x000000008a200000)
 Metaspace       used 68665K, committed 70336K, reserved 1114112K
  class space    used 7175K, committed 7872K, reserved 1048576K
}
Event: 453.655 GC heap after
{Heap after GC invocations=187 (full 3):
 PSYoungGen      total 11776K, used 5216K [0x00000000d5580000, 0x00000000d6800000, 0x0000000100000000)
  eden space 6144K, 0% used [0x00000000d5580000,0x00000000d5580000,0x00000000d5b80000)
  from space 5632K, 92% used [0x00000000d6280000,0x00000000d6798000,0x00000000d6800000)
  to   space 5632K, 0% used [0x00000000d5d00000,0x00000000d5d00000,0x00000000d6280000)
 ParOldGen       total 168448K, used 168075K [0x0000000080000000, 0x000000008a480000, 0x00000000d5580000)
  object space 168448K, 99% used [0x0000000080000000,0x000000008a422cf8,0x000000008a480000)
 Metaspace       used 68665K, committed 70336K, reserved 1114112K
  class space    used 7175K, committed 7872K, reserved 1048576K
}
Event: 453.835 GC heap before
{Heap before GC invocations=188 (full 3):
 PSYoungGen      total 11776K, used 11360K [0x00000000d5580000, 0x00000000d6800000, 0x0000000100000000)
  eden space 6144K, 100% used [0x00000000d5580000,0x00000000d5b80000,0x00000000d5b80000)
  from space 5632K, 92% used [0x00000000d6280000,0x00000000d6798000,0x00000000d6800000)
  to   space 5632K, 0% used [0x00000000d5d00000,0x00000000d5d00000,0x00000000d6280000)
 ParOldGen       total 168448K, used 168075K [0x0000000080000000, 0x000000008a480000, 0x00000000d5580000)
  object space 168448K, 99% used [0x0000000080000000,0x000000008a422cf8,0x000000008a480000)
 Metaspace       used 68672K, committed 70336K, reserved 1114112K
  class space    used 7175K, committed 7872K, reserved 1048576K
}
Event: 453.844 GC heap after
{Heap after GC invocations=188 (full 3):
 PSYoungGen      total 11264K, used 5024K [0x00000000d5580000, 0x00000000d6680000, 0x0000000100000000)
  eden space 6144K, 0% used [0x00000000d5580000,0x00000000d5580000,0x00000000d5b80000)
  from space 5120K, 98% used [0x00000000d5d00000,0x00000000d61e8000,0x00000000d6200000)
  to   space 4608K, 0% used [0x00000000d6200000,0x00000000d6200000,0x00000000d6680000)
 ParOldGen       total 173568K, used 173187K [0x0000000080000000, 0x000000008a980000, 0x00000000d5580000)
  object space 173568K, 99% used [0x0000000080000000,0x000000008a920cf8,0x000000008a980000)
 Metaspace       used 68672K, committed 70336K, reserved 1114112K
  class space    used 7175K, committed 7872K, reserved 1048576K
}
Event: 453.933 GC heap before
{Heap before GC invocations=189 (full 3):
 PSYoungGen      total 11264K, used 11168K [0x00000000d5580000, 0x00000000d6680000, 0x0000000100000000)
  eden space 6144K, 100% used [0x00000000d5580000,0x00000000d5b80000,0x00000000d5b80000)
  from space 5120K, 98% used [0x00000000d5d00000,0x00000000d61e8000,0x00000000d6200000)
  to   space 4608K, 0% used [0x00000000d6200000,0x00000000d6200000,0x00000000d6680000)
 ParOldGen       total 173568K, used 173187K [0x0000000080000000, 0x000000008a980000, 0x00000000d5580000)
  object space 173568K, 99% used [0x0000000080000000,0x000000008a920cf8,0x000000008a980000)
 Metaspace       used 68706K, committed 70336K, reserved 1114112K
  class space    used 7175K, committed 7872K, reserved 1048576K
}
Event: 453.944 GC heap after
{Heap after GC invocations=189 (full 3):
 PSYoungGen      total 6656K, used 4608K [0x00000000d5580000, 0x00000000d7080000, 0x0000000100000000)
  eden space 2048K, 0% used [0x00000000d5580000,0x00000000d5580000,0x00000000d5780000)
  from space 4608K, 100% used [0x00000000d6200000,0x00000000d6680000,0x00000000d6680000)
  to   space 10752K, 0% used [0x00000000d5780000,0x00000000d5780000,0x00000000d6200000)
 ParOldGen       total 178176K, used 178115K [0x0000000080000000, 0x000000008ae00000, 0x00000000d5580000)
  object space 178176K, 99% used [0x0000000080000000,0x000000008adf0d18,0x000000008ae00000)
 Metaspace       used 68706K, committed 70336K, reserved 1114112K
  class space    used 7175K, committed 7872K, reserved 1048576K
}
Event: 453.979 GC heap before
{Heap before GC invocations=190 (full 3):
 PSYoungGen      total 6656K, used 6600K [0x00000000d5580000, 0x00000000d7080000, 0x0000000100000000)
  eden space 2048K, 97% used [0x00000000d5580000,0x00000000d57722e8,0x00000000d5780000)
  from space 4608K, 100% used [0x00000000d6200000,0x00000000d6680000,0x00000000d6680000)
  to   space 10752K, 0% used [0x00000000d5780000,0x00000000d5780000,0x00000000d6200000)
 ParOldGen       total 178176K, used 178115K [0x0000000080000000, 0x000000008ae00000, 0x00000000d5580000)
  object space 178176K, 99% used [0x0000000080000000,0x000000008adf0d18,0x000000008ae00000)
 Metaspace       used 68720K, committed 70336K, reserved 1114112K
  class space    used 7175K, committed 7872K, reserved 1048576K
}
Event: 453.986 GC heap after
{Heap after GC invocations=190 (full 3):
 PSYoungGen      total 4096K, used 1917K [0x00000000d5580000, 0x00000000d6280000, 0x0000000100000000)
  eden space 2048K, 0% used [0x00000000d5580000,0x00000000d5580000,0x00000000d5780000)
  from space 2048K, 93% used [0x00000000d5780000,0x00000000d595f400,0x00000000d5980000)
  to   space 5120K, 0% used [0x00000000d5d80000,0x00000000d5d80000,0x00000000d6280000)
 ParOldGen       total 182784K, used 182743K [0x0000000080000000, 0x000000008b280000, 0x00000000d5580000)
  object space 182784K, 99% used [0x0000000080000000,0x000000008b275d28,0x000000008b280000)
 Metaspace       used 68720K, committed 70336K, reserved 1114112K
  class space    used 7175K, committed 7872K, reserved 1048576K
}
Event: 454.105 GC heap before
{Heap before GC invocations=191 (full 3):
 PSYoungGen      total 4096K, used 3728K [0x00000000d5580000, 0x00000000d6280000, 0x0000000100000000)
  eden space 2048K, 88% used [0x00000000d5580000,0x00000000d5744c30,0x00000000d5780000)
  from space 2048K, 93% used [0x00000000d5780000,0x00000000d595f400,0x00000000d5980000)
  to   space 5120K, 0% used [0x00000000d5d80000,0x00000000d5d80000,0x00000000d6280000)
 ParOldGen       total 182784K, used 182743K [0x0000000080000000, 0x000000008b280000, 0x00000000d5580000)
  object space 182784K, 99% used [0x0000000080000000,0x000000008b275d28,0x000000008b280000)
 Metaspace       used 68761K, committed 70400K, reserved 1114112K
  class space    used 7175K, committed 7872K, reserved 1048576K
}
Event: 454.110 GC heap after
{Heap after GC invocations=191 (full 3):
 PSYoungGen      total 3584K, used 1242K [0x00000000d5580000, 0x00000000d5f00000, 0x0000000100000000)
  eden space 2048K, 0% used [0x00000000d5580000,0x00000000d5580000,0x00000000d5780000)
  from space 1536K, 80% used [0x00000000d5d80000,0x00000000d5eb6800,0x00000000d5f00000)
  to   space 2048K, 0% used [0x00000000d5b00000,0x00000000d5b00000,0x00000000d5d00000)
 ParOldGen       total 184320K, used 184295K [0x0000000080000000, 0x000000008b400000, 0x00000000d5580000)
  object space 184320K, 99% used [0x0000000080000000,0x000000008b3f9d28,0x000000008b400000)
 Metaspace       used 68761K, committed 70400K, reserved 1114112K
  class space    used 7175K, committed 7872K, reserved 1048576K
}
Event: 454.200 GC heap before
{Heap before GC invocations=192 (full 3):
 PSYoungGen      total 3584K, used 3290K [0x00000000d5580000, 0x00000000d5f00000, 0x0000000100000000)
  eden space 2048K, 100% used [0x00000000d5580000,0x00000000d5780000,0x00000000d5780000)
  from space 1536K, 80% used [0x00000000d5d80000,0x00000000d5eb6800,0x00000000d5f00000)
  to   space 2048K, 0% used [0x00000000d5b00000,0x00000000d5b00000,0x00000000d5d00000)
 ParOldGen       total 184320K, used 184295K [0x0000000080000000, 0x000000008b400000, 0x00000000d5580000)
  object space 184320K, 99% used [0x0000000080000000,0x000000008b3f9d28,0x000000008b400000)
 Metaspace       used 68792K, committed 70400K, reserved 1114112K
  class space    used 7178K, committed 7872K, reserved 1048576K
}
Event: 454.204 GC heap after
{Heap after GC invocations=192 (full 3):
 PSYoungGen      total 4096K, used 1620K [0x00000000d5580000, 0x00000000d5e00000, 0x0000000100000000)
  eden space 2048K, 0% used [0x00000000d5580000,0x00000000d5580000,0x00000000d5780000)
  from space 2048K, 79% used [0x00000000d5b00000,0x00000000d5c95000,0x00000000d5d00000)
  to   space 1024K, 0% used [0x00000000d5d00000,0x00000000d5d00000,0x00000000d5e00000)
 ParOldGen       total 185344K, used 184962K [0x0000000080000000, 0x000000008b500000, 0x00000000d5580000)
  object space 185344K, 99% used [0x0000000080000000,0x000000008b4a0b78,0x000000008b500000)
 Metaspace       used 68792K, committed 70400K, reserved 1114112K
  class space    used 7178K, committed 7872K, reserved 1048576K
}
Event: 454.209 GC heap before
{Heap before GC invocations=193 (full 3):
 PSYoungGen      total 4096K, used 3668K [0x00000000d5580000, 0x00000000d5e00000, 0x0000000100000000)
  eden space 2048K, 100% used [0x00000000d5580000,0x00000000d5780000,0x00000000d5780000)
  from space 2048K, 79% used [0x00000000d5b00000,0x00000000d5c95000,0x00000000d5d00000)
  to   space 1024K, 0% used [0x00000000d5d00000,0x00000000d5d00000,0x00000000d5e00000)
 ParOldGen       total 185344K, used 184962K [0x0000000080000000, 0x000000008b500000, 0x00000000d5580000)
  object space 185344K, 99% used [0x0000000080000000,0x000000008b4a0b78,0x000000008b500000)
 Metaspace       used 68793K, committed 70400K, reserved 1114112K
  class space    used 7178K, committed 7872K, reserved 1048576K
}
Event: 454.213 GC heap after
{Heap after GC invocations=193 (full 3):
 PSYoungGen      total 3072K, used 1012K [0x00000000d5580000, 0x00000000d6080000, 0x0000000100000000)
  eden space 2048K, 0% used [0x00000000d5580000,0x00000000d5580000,0x00000000d5780000)
  from space 1024K, 98% used [0x00000000d5d00000,0x00000000d5dfd000,0x00000000d5e00000)
  to   space 4608K, 0% used [0x00000000d5780000,0x00000000d5780000,0x00000000d5c00000)
 ParOldGen       total 188416K, used 187966K [0x0000000080000000, 0x000000008b800000, 0x00000000d5580000)
  object space 188416K, 99% used [0x0000000080000000,0x000000008b78fb78,0x000000008b800000)
 Metaspace       used 68793K, committed 70400K, reserved 1114112K
  class space    used 7178K, committed 7872K, reserved 1048576K
}
Event: 454.344 GC heap before
{Heap before GC invocations=194 (full 3):
 PSYoungGen      total 3072K, used 3060K [0x00000000d5580000, 0x00000000d6080000, 0x0000000100000000)
  eden space 2048K, 100% used [0x00000000d5580000,0x00000000d5780000,0x00000000d5780000)
  from space 1024K, 98% used [0x00000000d5d00000,0x00000000d5dfd000,0x00000000d5e00000)
  to   space 4608K, 0% used [0x00000000d5780000,0x00000000d5780000,0x00000000d5c00000)
 ParOldGen       total 220160K, used 218686K [0x0000000080000000, 0x000000008d700000, 0x00000000d5580000)
  object space 220160K, 99% used [0x0000000080000000,0x000000008d58fba8,0x000000008d700000)
 Metaspace       used 68808K, committed 70464K, reserved 1114112K
  class space    used 7178K, committed 7872K, reserved 1048576K
}
Event: 454.349 GC heap after
{Heap after GC invocations=194 (full 3):
 PSYoungGen      total 3072K, used 896K [0x00000000d5580000, 0x00000000d5d80000, 0x0000000100000000)
  eden space 2048K, 0% used [0x00000000d5580000,0x00000000d5580000,0x00000000d5780000)
  from space 1024K, 87% used [0x00000000d5780000,0x00000000d5860000,0x00000000d5880000)
  to   space 2048K, 0% used [0x00000000d5b80000,0x00000000d5b80000,0x00000000d5d80000)
 ParOldGen       total 220160K, used 219538K [0x0000000080000000, 0x000000008d700000, 0x00000000d5580000)
  object space 220160K, 99% used [0x0000000080000000,0x000000008d664ba8,0x000000008d700000)
 Metaspace       used 68808K, committed 70464K, reserved 1114112K
  class space    used 7178K, committed 7872K, reserved 1048576K
}
Event: 454.686 GC heap before
{Heap before GC invocations=195 (full 3):
 PSYoungGen      total 3072K, used 2684K [0x00000000d5580000, 0x00000000d5d80000, 0x0000000100000000)
  eden space 2048K, 87% used [0x00000000d5580000,0x00000000d573f380,0x00000000d5780000)
  from space 1024K, 87% used [0x00000000d5780000,0x00000000d5860000,0x00000000d5880000)
  to   space 2048K, 0% used [0x00000000d5b80000,0x00000000d5b80000,0x00000000d5d80000)
 ParOldGen       total 220160K, used 219538K [0x0000000080000000, 0x000000008d700000, 0x00000000d5580000)
  object space 220160K, 99% used [0x0000000080000000,0x000000008d664ba8,0x000000008d700000)
 Metaspace       used 68861K, committed 70464K, reserved 1114112K
  class space    used 7178K, committed 7872K, reserved 1048576K
}

Dll operation events (10 events):
Event: 0.017 Loaded shared library c:\Users\TEJASHWINI S\.vscode\extensions\redhat.java-1.46.0-win32-x64\jre\21.0.8-win32-x86_64\bin\java.dll
Event: 0.130 Loaded shared library c:\Users\TEJASHWINI S\.vscode\extensions\redhat.java-1.46.0-win32-x64\jre\21.0.8-win32-x86_64\bin\zip.dll
Event: 0.158 Loaded shared library C:\Users\TEJASHWINI S\.vscode\extensions\redhat.java-1.46.0-win32-x64\jre\21.0.8-win32-x86_64\bin\instrument.dll
Event: 0.164 Loaded shared library C:\Users\TEJASHWINI S\.vscode\extensions\redhat.java-1.46.0-win32-x64\jre\21.0.8-win32-x86_64\bin\net.dll
Event: 0.168 Loaded shared library C:\Users\TEJASHWINI S\.vscode\extensions\redhat.java-1.46.0-win32-x64\jre\21.0.8-win32-x86_64\bin\nio.dll
Event: 0.176 Loaded shared library C:\Users\TEJASHWINI S\.vscode\extensions\redhat.java-1.46.0-win32-x64\jre\21.0.8-win32-x86_64\bin\zip.dll
Event: 0.205 Loaded shared library C:\Users\TEJASHWINI S\.vscode\extensions\redhat.java-1.46.0-win32-x64\jre\21.0.8-win32-x86_64\bin\jimage.dll
Event: 0.339 Loaded shared library c:\Users\TEJASHWINI S\.vscode\extensions\redhat.java-1.46.0-win32-x64\jre\21.0.8-win32-x86_64\bin\verify.dll
Event: 1.642 Loaded shared library C:\Users\TEJASHWINI S\AppData\Roaming\Code\User\globalStorage\redhat.java\1.46.0\config_win\org.eclipse.equinox.launcher\org.eclipse.equinox.launcher.win32.win32.x86_64_1.2.1400.v20250801-0854\eclipse_11916.dll
Event: 2.988 Loaded shared library C:\Users\TEJASHWINI S\AppData\Local\Temp\jna-300574461\jna6647060561082500290.dll

Deoptimization events (20 events):
Event: 453.243 Thread 0x00000196fd87bff0 DEOPT PACKING pc=0x00000196a3581d9a sp=0x00000052351fe3b0
Event: 453.243 Thread 0x00000196fd87bff0 DEOPT UNPACKING pc=0x00000196a9054242 sp=0x00000052351fd848 mode 0
Event: 453.244 Thread 0x00000196fd87bff0 Uncommon trap: trap_request=0xffffffbe fr.pc=0x00000196a9b9eb08 relative=0x0000000000000068
Event: 453.244 Thread 0x00000196fd87bff0 Uncommon trap: reason=profile_predicate action=maybe_recompile pc=0x00000196a9b9eb08 method=jdk.nio.zipfs.ZipPath.getResolved()[B @ 8 c2
Event: 453.244 Thread 0x00000196fd87bff0 DEOPT PACKING pc=0x00000196a9b9eb08 sp=0x00000052351fe310
Event: 453.244 Thread 0x00000196fd87bff0 DEOPT UNPACKING pc=0x00000196a9053aa2 sp=0x00000052351fe298 mode 2
Event: 453.476 Thread 0x00000196fd87bff0 Uncommon trap: trap_request=0xffffff45 fr.pc=0x00000196a9bf38b0 relative=0x0000000000000090
Event: 453.476 Thread 0x00000196fd87bff0 Uncommon trap: reason=unstable_if action=reinterpret pc=0x00000196a9bf38b0 method=org.eclipse.jdt.internal.compiler.util.SortedCharArrays.compareCharArray([C[C)I @ 31 c2
Event: 453.476 Thread 0x00000196fd87bff0 DEOPT PACKING pc=0x00000196a9bf38b0 sp=0x00000052351fd690
Event: 453.476 Thread 0x00000196fd87bff0 DEOPT UNPACKING pc=0x00000196a9053aa2 sp=0x00000052351fd610 mode 2
Event: 453.730 Thread 0x00000196fd87bff0 Uncommon trap: trap_request=0xffffffde fr.pc=0x00000196a9b2c10c relative=0x000000000000024c
Event: 453.730 Thread 0x00000196fd87bff0 Uncommon trap: reason=class_check action=maybe_recompile pc=0x00000196a9b2c10c method=java.util.Collections$UnmodifiableMap$UnmodifiableEntrySet$1.next()Ljava/util/Map$Entry; @ 8 c2
Event: 453.730 Thread 0x00000196fd87bff0 DEOPT PACKING pc=0x00000196a9b2c10c sp=0x00000052351fe120
Event: 453.730 Thread 0x00000196fd87bff0 DEOPT UNPACKING pc=0x00000196a9053aa2 sp=0x00000052351fe070 mode 2
Event: 453.731 Thread 0x00000196fd87bff0 Uncommon trap: trap_request=0xffffffde fr.pc=0x00000196a9b2c10c relative=0x000000000000024c
Event: 453.731 Thread 0x00000196fd87bff0 Uncommon trap: reason=class_check action=maybe_recompile pc=0x00000196a9b2c10c method=java.util.Collections$UnmodifiableMap$UnmodifiableEntrySet$1.next()Ljava/util/Map$Entry; @ 8 c2
Event: 453.731 Thread 0x00000196fd87bff0 DEOPT PACKING pc=0x00000196a9b2c10c sp=0x00000052351fe120
Event: 453.731 Thread 0x00000196fd87bff0 DEOPT UNPACKING pc=0x00000196a9053aa2 sp=0x00000052351fe070 mode 2
Event: 453.812 Thread 0x00000196fdbbf1b0 DEOPT PACKING pc=0x00000196a2a5a562 sp=0x00000052353fd0a0
Event: 453.812 Thread 0x00000196fdbbf1b0 DEOPT UNPACKING pc=0x00000196a9054242 sp=0x00000052353fc618 mode 0

Classes loaded (20 events):
Event: 445.295 Loading class java/util/zip/CheckedInputStream
Event: 445.297 Loading class java/util/zip/CheckedInputStream done
Event: 445.637 Loading class jdk/internal/module/IllegalAccessLogger
Event: 445.640 Loading class jdk/internal/module/IllegalAccessLogger done
Event: 445.721 Loading class java/util/concurrent/ArrayBlockingQueue
Event: 445.724 Loading class java/util/concurrent/ArrayBlockingQueue done
Event: 446.196 Loading class sun/nio/ch/ChannelOutputStream
Event: 446.198 Loading class sun/nio/ch/ChannelOutputStream done
Event: 447.847 Loading class java/nio/BufferMismatch
Event: 447.848 Loading class java/nio/BufferMismatch done
Event: 447.973 Loading class java/util/AbstractList$RandomAccessSubList
Event: 447.974 Loading class java/util/AbstractList$SubList
Event: 447.974 Loading class java/util/AbstractList$SubList done
Event: 447.974 Loading class java/util/AbstractList$RandomAccessSubList done
Event: 447.974 Loading class java/util/AbstractList$SubList$1
Event: 447.974 Loading class java/util/AbstractList$SubList$1 done
Event: 453.328 Loading class sun/nio/fs/WindowsFileCopy
Event: 453.342 Loading class sun/nio/fs/WindowsFileCopy done
Event: 453.731 Loading class jdk/internal/module/IllegalAccessLogger
Event: 453.731 Loading class jdk/internal/module/IllegalAccessLogger done

Classes unloaded (7 events):
Event: 3.602 Thread 0x00000196f7790d70 Unloading class 0x00000196b71b0c00 'java/lang/invoke/LambdaForm$MH+0x00000196b71b0c00'
Event: 3.602 Thread 0x00000196f7790d70 Unloading class 0x00000196b71b0800 'java/lang/invoke/LambdaForm$MH+0x00000196b71b0800'
Event: 3.602 Thread 0x00000196f7790d70 Unloading class 0x00000196b71b0400 'java/lang/invoke/LambdaForm$MH+0x00000196b71b0400'
Event: 3.602 Thread 0x00000196f7790d70 Unloading class 0x00000196b71b0000 'java/lang/invoke/LambdaForm$MH+0x00000196b71b0000'
Event: 3.602 Thread 0x00000196f7790d70 Unloading class 0x00000196b71afc00 'java/lang/invoke/LambdaForm$BMH+0x00000196b71afc00'
Event: 3.602 Thread 0x00000196f7790d70 Unloading class 0x00000196b71af800 'java/lang/invoke/LambdaForm$DMH+0x00000196b71af800'
Event: 3.602 Thread 0x00000196f7790d70 Unloading class 0x00000196b71ae400 'java/lang/invoke/LambdaForm$DMH+0x00000196b71ae400'

Classes redefined (0 events):
No events

Internal exceptions (20 events):
Event: 444.302 Thread 0x00000196fdbbca50 Exception <a 'sun/nio/fs/WindowsException'{0x00000000d5819478}> (0x00000000d5819478) 
thrown [s\src\hotspot\share\prims\jni.cpp, line 520]
Event: 444.303 Thread 0x00000196fdbbca50 Exception <a 'sun/nio/fs/WindowsException'{0x00000000d58439a0}> (0x00000000d58439a0) 
thrown [s\src\hotspot\share\prims\jni.cpp, line 520]
Event: 444.402 Thread 0x00000196fdbbca50 Exception <a 'sun/nio/fs/WindowsException'{0x00000000d5c07a00}> (0x00000000d5c07a00) 
thrown [s\src\hotspot\share\prims\jni.cpp, line 520]
Event: 444.402 Thread 0x00000196fdbbca50 Exception <a 'sun/nio/fs/WindowsException'{0x00000000d5ca9ae8}> (0x00000000d5ca9ae8) 
thrown [s\src\hotspot\share\prims\jni.cpp, line 520]
Event: 444.402 Thread 0x00000196fdbbca50 Exception <a 'sun/nio/fs/WindowsException'{0x00000000d5caaea0}> (0x00000000d5caaea0) 
thrown [s\src\hotspot\share\prims\jni.cpp, line 520]
Event: 444.403 Thread 0x00000196fdbbca50 Exception <a 'sun/nio/fs/WindowsException'{0x00000000d5cab780}> (0x00000000d5cab780) 
thrown [s\src\hotspot\share\prims\jni.cpp, line 520]
Event: 444.403 Thread 0x00000196fdbbca50 Exception <a 'sun/nio/fs/WindowsException'{0x00000000d5cacb48}> (0x00000000d5cacb48) 
thrown [s\src\hotspot\share\prims\jni.cpp, line 520]
Event: 444.403 Thread 0x00000196fdbbca50 Exception <a 'sun/nio/fs/WindowsException'{0x00000000d5cad698}> (0x00000000d5cad698) 
thrown [s\src\hotspot\share\prims\jni.cpp, line 520]
Event: 444.404 Thread 0x00000196fdbbca50 Exception <a 'sun/nio/fs/WindowsException'{0x00000000d5cae9a0}> (0x00000000d5cae9a0) 
thrown [s\src\hotspot\share\prims\jni.cpp, line 520]
Event: 444.404 Thread 0x00000196fdbbca50 Exception <a 'sun/nio/fs/WindowsException'{0x00000000d5cde308}> (0x00000000d5cde308) 
thrown [s\src\hotspot\share\prims\jni.cpp, line 520]
Event: 444.404 Thread 0x00000196fdbbca50 Exception <a 'sun/nio/fs/WindowsException'{0x00000000d5cdf6c0}> (0x00000000d5cdf6c0) 
thrown [s\src\hotspot\share\prims\jni.cpp, line 520]
Event: 444.405 Thread 0x00000196fdbbca50 Exception <a 'sun/nio/fs/WindowsException'{0x00000000d5cdffa0}> (0x00000000d5cdffa0) 
thrown [s\src\hotspot\share\prims\jni.cpp, line 520]
Event: 446.287 Thread 0x00000196fd87bff0 Exception <a 'java/lang/NoSuchMethodError'{0x00000000d575ac68}: 'java.lang.Object java.lang.invoke.DirectMethodHandle$Holder.newInvokeSpecial(java.lang.Object, java.lang.Object, int, java.lang.Object, java.lang.Object)'> (0x00000000d575ac68) 
thrown [s\src\hotspot\share\interpreter\linkResolver.cpp, line 773]
Event: 446.296 Thread 0x00000196fd87bff0 Exception <a 'java/lang/NoSuchMethodError'{0x00000000d57a2360}: 'java.lang.Object java.lang.invoke.DirectMethodHandle$Holder.invokeSpecial(java.lang.Object, java.lang.Object, java.lang.Object, int, java.lang.Object, java.lang.Object, java.lang.Object)'> (0x00000000d57a2360) 
thrown [s\src\hotspot\share\interpreter\linkResolver.cpp, line 773]
Event: 446.659 Thread 0x00000196fd87bff0 Exception <a 'java/lang/NoSuchMethodError'{0x00000000d576a7e8}: 'void java.lang.invoke.DirectMethodHandle$Holder.invokeStatic(java.lang.Object, int)'> (0x00000000d576a7e8) 
thrown [s\src\hotspot\share\interpreter\linkResolver.cpp, line 773]
Event: 447.125 Thread 0x00000196fd87bff0 Exception <a 'java/io/FileNotFoundException'{0x00000000d5815da0}> (0x00000000d5815da0) 
thrown [s\src\hotspot\share\prims\jni.cpp, line 520]
Event: 447.128 Thread 0x00000196fd87bff0 Exception <a 'java/io/FileNotFoundException'{0x00000000d5817070}> (0x00000000d5817070) 
thrown [s\src\hotspot\share\prims\jni.cpp, line 520]
Event: 447.129 Thread 0x00000196fd87bff0 Exception <a 'java/io/FileNotFoundException'{0x00000000d5818098}> (0x00000000d5818098) 
thrown [s\src\hotspot\share\prims\jni.cpp, line 520]
Event: 448.112 Thread 0x00000196fd87bff0 Exception <a 'java/lang/NoSuchMethodError'{0x00000000d57eeae0}: 'void java.lang.invoke.DirectMethodHandle$Holder.invokeSpecial(java.lang.Object, java.lang.Object, java.lang.Object, java.lang.Object, java.lang.Object, java.lang.Object, java.lang.Object)'> (0x00000000d57eeae0) 
thrown [s\src\hotspot\share\interpreter\linkResolver.cpp, line 773]
Event: 453.367 Thread 0x00000196fd87c680 Exception <a 'sun/nio/fs/WindowsException'{0x00000000d55d5698}> (0x00000000d55d5698) 
thrown [s\src\hotspot\share\prims\jni.cpp, line 520]

ZGC Phase Switch (0 events):
No events

VM Operations (20 events):
Event: 453.359 Executing VM operation: ParallelGCFailedAllocation (Allocation Failure) done
Event: 453.458 Executing VM operation: ParallelGCFailedAllocation (Allocation Failure)
Event: 453.466 Executing VM operation: ParallelGCFailedAllocation (Allocation Failure) done
Event: 453.577 Executing VM operation: ParallelGCFailedAllocation (Allocation Failure)
Event: 453.655 Executing VM operation: ParallelGCFailedAllocation (Allocation Failure) done
Event: 453.834 Executing VM operation: ParallelGCFailedAllocation (Allocation Failure)
Event: 453.844 Executing VM operation: ParallelGCFailedAllocation (Allocation Failure) done
Event: 453.933 Executing VM operation: ParallelGCFailedAllocation (Allocation Failure)
Event: 453.944 Executing VM operation: ParallelGCFailedAllocation (Allocation Failure) done
Event: 453.975 Executing VM operation: ParallelGCFailedAllocation (Allocation Failure)
Event: 453.986 Executing VM operation: ParallelGCFailedAllocation (Allocation Failure) done
Event: 454.104 Executing VM operation: ParallelGCFailedAllocation (Allocation Failure)
Event: 454.110 Executing VM operation: ParallelGCFailedAllocation (Allocation Failure) done
Event: 454.200 Executing VM operation: ParallelGCFailedAllocation (Allocation Failure)
Event: 454.204 Executing VM operation: ParallelGCFailedAllocation (Allocation Failure) done
Event: 454.209 Executing VM operation: ParallelGCFailedAllocation (Allocation Failure)
Event: 454.213 Executing VM operation: ParallelGCFailedAllocation (Allocation Failure) done
Event: 454.344 Executing VM operation: ParallelGCFailedAllocation (Allocation Failure)
Event: 454.349 Executing VM operation: ParallelGCFailedAllocation (Allocation Failure) done
Event: 454.686 Executing VM operation: ParallelGCFailedAllocation (Allocation Failure)

Memory protections (0 events):
No events

Nmethod flushes (20 events):
Event: 9.858 Thread 0x00000196f7790d70 flushing  nmethod 0x00000196a235af10
Event: 9.858 Thread 0x00000196f7790d70 flushing  nmethod 0x00000196a235bd90
Event: 9.858 Thread 0x00000196f7790d70 flushing  nmethod 0x00000196a2362590
Event: 9.858 Thread 0x00000196f7790d70 flushing  nmethod 0x00000196a2368f90
Event: 9.858 Thread 0x00000196f7790d70 flushing  nmethod 0x00000196a237ed10
Event: 9.858 Thread 0x00000196f7790d70 flushing  nmethod 0x00000196a2384d90
Event: 9.858 Thread 0x00000196f7790d70 flushing  nmethod 0x00000196a23c4910
Event: 9.858 Thread 0x00000196f7790d70 flushing  nmethod 0x00000196a23c8810
Event: 9.858 Thread 0x00000196f7790d70 flushing  nmethod 0x00000196a23ca310
Event: 9.858 Thread 0x00000196f7790d70 flushing  nmethod 0x00000196a23cb390
Event: 9.858 Thread 0x00000196f7790d70 flushing  nmethod 0x00000196a23cbc90
Event: 9.858 Thread 0x00000196f7790d70 flushing  nmethod 0x00000196a23cc090
Event: 9.858 Thread 0x00000196f7790d70 flushing  nmethod 0x00000196a23cc710
Event: 9.858 Thread 0x00000196f7790d70 flushing  nmethod 0x00000196a23ccd10
Event: 9.858 Thread 0x00000196f7790d70 flushing  nmethod 0x00000196a23cd110
Event: 9.858 Thread 0x00000196f7790d70 flushing  nmethod 0x00000196a23cd990
Event: 9.858 Thread 0x00000196f7790d70 flushing  nmethod 0x00000196a23cdf10
Event: 9.858 Thread 0x00000196f7790d70 flushing  nmethod 0x00000196a23ce990
Event: 9.858 Thread 0x00000196f7790d70 flushing  nmethod 0x00000196a23cec90
Event: 9.858 Thread 0x00000196f7790d70 flushing  nmethod 0x00000196a23d8f90

Events (20 events):
Event: 432.401 Thread 0x0000019680e6b2c0 Thread exited: 0x0000019680e6b2c0
Event: 443.780 Thread 0x0000019680e691f0 Thread added: 0x00000196fdbb7b90
Event: 443.784 Thread 0x0000019680e691f0 Thread added: 0x00000196fdbb8f40
Event: 443.788 Thread 0x0000019680e691f0 Thread added: 0x00000196fdbbc3c0
Event: 443.790 Thread 0x00000196fdbbc3c0 Thread added: 0x00000196fdbbca50
Event: 444.151 Thread 0x00000196fd87bff0 Thread added: 0x00000196fdbbbd30
Event: 445.465 Thread 0x00000196fd87bff0 Thread added: 0x00000196fdbbeb20
Event: 445.726 Thread 0x00000196fd87bff0 Thread added: 0x00000196fdbbf1b0
Event: 446.795 Thread 0x00000196fd87cd10 Thread added: 0x00000196fdbbe490
Event: 447.261 Thread 0x00000196fd87bff0 Thread added: 0x00000196fdbbde00
Event: 447.261 Thread 0x00000196fd87bff0 Thread added: 0x0000019680e6d390
Event: 447.261 Thread 0x00000196fd87bff0 Thread added: 0x0000019680e6b2c0
Event: 447.261 Thread 0x00000196fd87bff0 Thread added: 0x0000019680e6da20
Event: 447.261 Thread 0x00000196fd87bff0 Thread added: 0x0000019680e6b950
Event: 447.345 Thread 0x0000019680e6d390 Thread exited: 0x0000019680e6d390
Event: 447.345 Thread 0x0000019680e6da20 Thread exited: 0x0000019680e6da20
Event: 447.347 Thread 0x0000019680e6b950 Thread exited: 0x0000019680e6b950
Event: 447.347 Thread 0x00000196fdbbde00 Thread exited: 0x00000196fdbbde00
Event: 447.347 Thread 0x0000019680e6b2c0 Thread exited: 0x0000019680e6b2c0
Event: 453.320 Thread 0x00000196fd87bff0 Thread added: 0x0000019680e6d390


Dynamic libraries:
0x00007ff7dc8c0000 - 0x00007ff7dc8ce000 	c:\Users\TEJASHWINI S\.vscode\extensions\redhat.java-1.46.0-win32-x64\jre\21.0.8-win32-x86_64\bin\java.exe
0x00007ffe920a0000 - 0x00007ffe92309000 	C:\WINDOWS\SYSTEM32\ntdll.dll
0x00007ffe914a0000 - 0x00007ffe91569000 	C:\WINDOWS\System32\KERNEL32.DLL
0x00007ffe8f490000 - 0x00007ffe8f883000 	C:\WINDOWS\System32\KERNELBASE.dll
0x00007ffe8f890000 - 0x00007ffe8f9db000 	C:\WINDOWS\System32\ucrtbase.dll
0x00007ffe18480000 - 0x00007ffe18498000 	c:\Users\TEJASHWINI S\.vscode\extensions\redhat.java-1.46.0-win32-x64\jre\21.0.8-win32-x86_64\bin\jli.dll
0x00007ffe3e3c0000 - 0x00007ffe3e3de000 	c:\Users\TEJASHWINI S\.vscode\extensions\redhat.java-1.46.0-win32-x64\jre\21.0.8-win32-x86_64\bin\VCRUNTIME140.dll
0x00007ffe91b10000 - 0x00007ffe91cd4000 	C:\WINDOWS\System32\USER32.dll
0x00007ffe7c040000 - 0x00007ffe7c2d3000 	C:\WINDOWS\WinSxS\amd64_microsoft.windows.common-controls_6595b64144ccf1df_6.0.26100.5074_none_3e0d6f78e32fd63f\COMCTL32.dll
0x00007ffe8f460000 - 0x00007ffe8f487000 	C:\WINDOWS\System32\win32u.dll
0x00007ffe90e20000 - 0x00007ffe90ec9000 	C:\WINDOWS\System32\msvcrt.dll
0x00007ffe90fd0000 - 0x00007ffe90ffb000 	C:\WINDOWS\System32\GDI32.dll
0x00007ffe8fa80000 - 0x00007ffe8fbad000 	C:\WINDOWS\System32\gdi32full.dll
0x00007ffe8f230000 - 0x00007ffe8f2d3000 	C:\WINDOWS\System32\msvcp_win.dll
0x00007ffe91750000 - 0x00007ffe9177f000 	C:\WINDOWS\System32\IMM32.DLL
0x00007ffe608f0000 - 0x00007ffe608fc000 	c:\Users\TEJASHWINI S\.vscode\extensions\redhat.java-1.46.0-win32-x64\jre\21.0.8-win32-x86_64\bin\vcruntime140_1.dll
0x00007ffe0cad0000 - 0x00007ffe0cb5d000 	c:\Users\TEJASHWINI S\.vscode\extensions\redhat.java-1.46.0-win32-x64\jre\21.0.8-win32-x86_64\bin\msvcp140.dll
0x00007ffdbdca0000 - 0x00007ffdbea37000 	c:\Users\TEJASHWINI S\.vscode\extensions\redhat.java-1.46.0-win32-x64\jre\21.0.8-win32-x86_64\bin\server\jvm.dll
0x00007ffe90820000 - 0x00007ffe908d4000 	C:\WINDOWS\System32\ADVAPI32.dll
0x00007ffe916a0000 - 0x00007ffe91746000 	C:\WINDOWS\System32\sechost.dll
0x00007ffe91380000 - 0x00007ffe91498000 	C:\WINDOWS\System32\RPCRT4.dll
0x00007ffe907a0000 - 0x00007ffe90814000 	C:\WINDOWS\System32\WS2_32.dll
0x00007ffe8f090000 - 0x00007ffe8f0ee000 	C:\WINDOWS\SYSTEM32\POWRPROF.dll
0x00007ffe86390000 - 0x00007ffe863c5000 	C:\WINDOWS\SYSTEM32\WINMM.dll
0x00007ffe882c0000 - 0x00007ffe882cb000 	C:\WINDOWS\SYSTEM32\VERSION.dll
0x00007ffe8f070000 - 0x00007ffe8f084000 	C:\WINDOWS\SYSTEM32\UMPDC.dll
0x00007ffe8e010000 - 0x00007ffe8e02b000 	C:\WINDOWS\SYSTEM32\kernel.appcore.dll
0x00007ffe3fab0000 - 0x00007ffe3faba000 	c:\Users\TEJASHWINI S\.vscode\extensions\redhat.java-1.46.0-win32-x64\jre\21.0.8-win32-x86_64\bin\jimage.dll
0x00007ffe8cae0000 - 0x00007ffe8cd22000 	C:\WINDOWS\SYSTEM32\DBGHELP.DLL
0x00007ffe91000000 - 0x00007ffe9137b000 	C:\WINDOWS\System32\combase.dll
0x00007ffe915c0000 - 0x00007ffe91697000 	C:\WINDOWS\System32\OLEAUT32.dll
0x00007ffe78ca0000 - 0x00007ffe78cdd000 	C:\WINDOWS\SYSTEM32\dbgcore.DLL
0x00007ffe8f9e0000 - 0x00007ffe8fa79000 	C:\WINDOWS\System32\bcryptPrimitives.dll
0x00007ffe89f10000 - 0x00007ffe89f1f000 	c:\Users\TEJASHWINI S\.vscode\extensions\redhat.java-1.46.0-win32-x64\jre\21.0.8-win32-x86_64\bin\instrument.dll
0x00007ffe14ed0000 - 0x00007ffe14eef000 	c:\Users\TEJASHWINI S\.vscode\extensions\redhat.java-1.46.0-win32-x64\jre\21.0.8-win32-x86_64\bin\java.dll
0x00007ffe90050000 - 0x00007ffe9079d000 	C:\WINDOWS\System32\SHELL32.dll
0x00007ffe8fc70000 - 0x00007ffe8fddc000 	C:\WINDOWS\System32\wintypes.dll
0x00007ffe8ced0000 - 0x00007ffe8d729000 	C:\WINDOWS\SYSTEM32\windows.storage.dll
0x00007ffe90ed0000 - 0x00007ffe90fc0000 	C:\WINDOWS\System32\SHCORE.dll
0x00007ffe91de0000 - 0x00007ffe91e42000 	C:\WINDOWS\System32\shlwapi.dll
0x00007ffe8f150000 - 0x00007ffe8f179000 	C:\WINDOWS\SYSTEM32\profapi.dll
0x00007ffe14980000 - 0x00007ffe14998000 	c:\Users\TEJASHWINI S\.vscode\extensions\redhat.java-1.46.0-win32-x64\jre\21.0.8-win32-x86_64\bin\zip.dll
0x00007ffe14930000 - 0x00007ffe14940000 	C:\Users\TEJASHWINI S\.vscode\extensions\redhat.java-1.46.0-win32-x64\jre\21.0.8-win32-x86_64\bin\net.dll
0x00007ffe868a0000 - 0x00007ffe869bf000 	C:\WINDOWS\SYSTEM32\WINHTTP.dll
0x00007ffe8e590000 - 0x00007ffe8e5fb000 	C:\WINDOWS\system32\mswsock.dll
0x00007ffe10c90000 - 0x00007ffe10ca6000 	C:\Users\TEJASHWINI S\.vscode\extensions\redhat.java-1.46.0-win32-x64\jre\21.0.8-win32-x86_64\bin\nio.dll
0x00007ffe3fa80000 - 0x00007ffe3fa90000 	c:\Users\TEJASHWINI S\.vscode\extensions\redhat.java-1.46.0-win32-x64\jre\21.0.8-win32-x86_64\bin\verify.dll
0x00007ffe12270000 - 0x00007ffe122b4000 	C:\Users\TEJASHWINI S\AppData\Roaming\Code\User\globalStorage\redhat.java\1.46.0\config_win\org.eclipse.equinox.launcher\org.eclipse.equinox.launcher.win32.win32.x86_64_1.2.1400.v20250801-0854\eclipse_11916.dll
0x00007ffe91790000 - 0x00007ffe91928000 	C:\WINDOWS\System32\ole32.dll
0x00007ffe8e830000 - 0x00007ffe8e84b000 	C:\WINDOWS\SYSTEM32\CRYPTSP.dll
0x00007ffe8df70000 - 0x00007ffe8dfab000 	C:\WINDOWS\system32\rsaenh.dll
0x00007ffe8e630000 - 0x00007ffe8e65b000 	C:\WINDOWS\SYSTEM32\USERENV.dll
0x00007ffe8f120000 - 0x00007ffe8f146000 	C:\WINDOWS\SYSTEM32\bcrypt.dll
0x00007ffe8e850000 - 0x00007ffe8e85c000 	C:\WINDOWS\SYSTEM32\CRYPTBASE.dll
0x00007ffe8da30000 - 0x00007ffe8da64000 	C:\WINDOWS\SYSTEM32\IPHLPAPI.DLL
0x00007ffe91dd0000 - 0x00007ffe91dda000 	C:\WINDOWS\System32\NSI.dll
0x00007ffe14f10000 - 0x00007ffe14f59000 	C:\Users\TEJASHWINI S\AppData\Local\Temp\jna-300574461\jna6647060561082500290.dll
0x00007ffe908f0000 - 0x00007ffe908f8000 	C:\WINDOWS\System32\PSAPI.DLL
0x00007ffe86690000 - 0x00007ffe866ae000 	C:\WINDOWS\SYSTEM32\dhcpcsvc6.DLL
0x00007ffe86660000 - 0x00007ffe86683000 	C:\WINDOWS\SYSTEM32\dhcpcsvc.DLL

JVMTI agents:
c:\Users\TEJASHWINI S\.vscode\extensions\redhat.java-1.46.0-win32-x64\lombok\lombok-1.18.39-4050.jar path:c:\Users\TEJASHWINI S\.vscode\extensions\redhat.java-1.46.0-win32-x64\jre\21.0.8-win32-x86_64\bin\instrument.dll, loaded, initialized, instrumentlib options:none

dbghelp: loaded successfully - version: 4.0.5 - missing functions: none
symbol engine: initialized successfully - sym options: 0x614 - pdb path: .;c:\Users\TEJASHWINI S\.vscode\extensions\redhat.java-1.46.0-win32-x64\jre\21.0.8-win32-x86_64\bin;C:\WINDOWS\SYSTEM32;C:\WINDOWS\WinSxS\amd64_microsoft.windows.common-controls_6595b64144ccf1df_6.0.26100.5074_none_3e0d6f78e32fd63f;c:\Users\TEJASHWINI S\.vscode\extensions\redhat.java-1.46.0-win32-x64\jre\21.0.8-win32-x86_64\bin\server;C:\Users\TEJASHWINI S\AppData\Roaming\Code\User\globalStorage\redhat.java\1.46.0\config_win\org.eclipse.equinox.launcher\org.eclipse.equinox.launcher.win32.win32.x86_64_1.2.1400.v20250801-0854;C:\Users\TEJASHWINI S\AppData\Local\Temp\jna-300574461

VM Arguments:
jvm_args: --add-modules=ALL-SYSTEM --add-opens=java.base/java.util=ALL-UNNAMED --add-opens=java.base/java.lang=ALL-UNNAMED --add-opens=java.base/sun.nio.fs=ALL-UNNAMED -Declipse.application=org.eclipse.jdt.ls.core.id1 -Dosgi.bundles.defaultStartLevel=4 -Declipse.product=org.eclipse.jdt.ls.core.product -Djava.import.generatesMetadataFilesAtProjectRoot=false -DDetectVMInstallationsJob.disabled=true -Dfile.encoding=utf8 -XX:+UseParallelGC -XX:GCTimeRatio=4 -XX:AdaptiveSizePolicyWeight=90 -Dsun.zip.disableMemoryMapping=true -Xmx2G -Xms100m -Xlog:disable -javaagent:c:\Users\TEJASHWINI S\.vscode\extensions\redhat.java-1.46.0-win32-x64\lombok\lombok-1.18.39-4050.jar -XX:+HeapDumpOnOutOfMemoryError -XX:HeapDumpPath=c:\Users\TEJASHWINI S\AppData\Roaming\Code\User\workspaceStorage\609db315db7d13efddf576384252da58\redhat.java -Daether.dependencyCollector.impl=bf 
java_command: c:\Users\TEJASHWINI S\.vscode\extensions\redhat.java-1.46.0-win32-x64\server\plugins\org.eclipse.equinox.launcher_1.7.0.v20250519-0528.jar -configuration c:\Users\TEJASHWINI S\AppData\Roaming\Code\User\globalStorage\redhat.java\1.46.0\config_win -data c:\Users\TEJASHWINI S\AppData\Roaming\Code\User\workspaceStorage\609db315db7d13efddf576384252da58\redhat.java\jdt_ws --pipe=\\.\pipe\lsp-c885d5c803d1de7a150d1cf8fef2ffb6-sock
java_class_path (initial): c:\Users\TEJASHWINI S\.vscode\extensions\redhat.java-1.46.0-win32-x64\server\plugins\org.eclipse.equinox.launcher_1.7.0.v20250519-0528.jar
Launcher Type: SUN_STANDARD

[Global flags]
    uintx AdaptiveSizePolicyWeight                 = 90                                        {product} {command line}
     intx CICompilerCount                          = 4                                         {product} {ergonomic}
    uintx GCTimeRatio                              = 4                                         {product} {command line}
     bool HeapDumpOnOutOfMemoryError               = true                                   {manageable} {command line}
    ccstr HeapDumpPath                             = c:\Users\TEJASHWINI S\AppData\Roaming\Code\User\workspaceStorage\609db315db7d13efddf576384252da58\redhat.java         {manageable} {command line}
   size_t InitialHeapSize                          = 104857600                                 {product} {command line}
   size_t MaxHeapSize                              = 2147483648                                {product} {command line}
   size_t MaxNewSize                               = 715653120                                 {product} {ergonomic}
   size_t MinHeapDeltaBytes                        = 524288                                    {product} {ergonomic}
   size_t MinHeapSize                              = 104857600                                 {product} {command line}
   size_t NewSize                                  = 34603008                                  {product} {ergonomic}
    uintx NonNMethodCodeHeapSize                   = 5839372                                {pd product} {ergonomic}
    uintx NonProfiledCodeHeapSize                  = 122909434                              {pd product} {ergonomic}
   size_t OldSize                                  = 70254592                                  {product} {ergonomic}
    uintx ProfiledCodeHeapSize                     = 122909434                              {pd product} {ergonomic}
    uintx ReservedCodeCacheSize                    = 251658240                              {pd product} {ergonomic}
     bool SegmentedCodeCache                       = true                                      {product} {ergonomic}
   size_t SoftMaxHeapSize                          = 2147483648                             {manageable} {ergonomic}
     bool UseCompressedOops                        = true                           {product lp64_product} {ergonomic}
     bool UseLargePagesIndividualAllocation        = false                                  {pd product} {ergonomic}
     bool UseParallelGC                            = true                                      {product} {command line}

Logging:
Log output configuration:
 #0: stdout all=off uptime,level,tags foldmultilines=false
 #1: stderr all=off uptime,level,tags foldmultilines=false

Environment Variables:
JAVA_HOME=C:\Program Files\Java\jdk-22
PATH=C:\Program Files\Common Files\Oracle\Java\javapath;C:\Program Files (x86)\VMware\VMware Workstation\bin\;C:\oraclexe\app\oracle\product\11.2.0\server\bin;C:\WINDOWS\system32;C:\WINDOWS;C:\WINDOWS\System32\Wbem;C:\WINDOWS\System32\WindowsPowerShell\v1.0\;C:\WINDOWS\System32\OpenSSH\;C:\Program Files (x86)\Microsoft SQL Server\160\Tools\Binn\;C:\Program Files\Microsoft SQL Server\160\Tools\Binn\;C:\Program Files\Microsoft SQL Server\Client SDK\ODBC\170\Tools\Binn\;C:\Program Files\Microsoft SQL Server\160\DTS\Binn\;C:\Program Files (x86)\Microsoft SQL Server\160\DTS\Binn\;C:\Program Files\Azure Data Studio\bin;C:\Program Files\Java\jdk-22\bin;C:\MinGW\bin;C:\Program Files\Git\cmd;C:\Program Files\Git\bin;C:\Program Files\nodejs\;C:\Program Files\MySQL\MySQL Server 9.1\bin;C:\Users\TEJASHWINI S\anaconda3\;C:\Users\TEJASHWINI S\anaconda3\Scripts\;C:\Users\TEJASHWINI S\anaconda3\Library\bin\;C:\Users\TEJASHWINI S\AppData\Roaming\npm;C:\Program Files\apache-maven-3.9.11\bin;C:\Users\TEJASHWINI S\AppData\Local\Programs\Python\Python313\Scripts\;C:\Users\TEJASHWINI S\AppData\Local\Programs\Python\Python313\;C:\Users\TEJASHWINI S\AppData\Local\Programs\Python\Python311\Scripts\;C:\Users\TEJASHWINI S\AppData\Local\Programs\Python\Python311\;C:\Users\TEJASHWINI S\AppData\Local\Programs\Python\Python312\Scripts\;C:\Users\TEJASHWINI S\AppData\Local\Programs\Python\Python312\;C:\Users\TEJASHWINI S\AppData\Local\Microsoft\WindowsApps;C:\Program Files\Azure Data Studio\bin;C:\Users\TEJASHWINI S\AppData\Local\Programs\Microsoft VS Code\bin;C:\Users\TEJASHWINI S\AppData\Roaming\npm;C:\Users\TEJASHWINI S\AppData\Local\Programs\cursor\resources\app\bin;
USERNAME=TEJASHWINI S
OS=Windows_NT
PROCESSOR_IDENTIFIER=AMD64 Family 23 Model 104 Stepping 1, AuthenticAMD
TMP=C:\Users\TEJASH~1\AppData\Local\Temp
TEMP=C:\Users\TEJASH~1\AppData\Local\Temp




Periodic native trim disabled

---------------  S Y S T E M  ---------------

OS:
 Windows 11 , 64 bit Build 26100 (10.0.26100.5074)
OS uptime: 2 days 8:14 hours

CPU: total 12 (initial active 12) (12 cores per cpu, 2 threads per core) family 23 model 104 stepping 1 microcode 0x8608103, cx8, cmov, fxsr, ht, mmx, 3dnowpref, sse, sse2, sse3, ssse3, sse4a, sse4.1, sse4.2, popcnt, lzcnt, tsc, tscinvbit, avx, avx2, aes, clmul, bmi1, bmi2, adx, sha, fma, vzeroupper, clflush, clflushopt, rdtscp, rdpid, f16c
Processor Information for the first 12 processors :
  Max Mhz: 2100, Current Mhz: 2100, Mhz Limit: 2100

Memory: 4k page, system-wide physical 6005M (13M free)
TotalPageFile size 24437M (AvailPageFile size 64M)
current process WorkingSet (physical memory assigned to process): 270M, peak: 324M
current process commit charge ("private bytes"): 529M, peak: 531M

vm_info: OpenJDK 64-Bit Server VM (21.0.8+9-LTS) for windows-amd64 JRE (21.0.8+9-LTS), built on 2025-07-15T00:00:00Z by "admin" with MS VC++ 17.7 (VS2022)

END.
