#
# There is insufficient memory for the Java Runtime Environment to continue.
# Native memory allocation (malloc) failed to allocate 1475952 bytes. Error detail: Chunk::new
# Possible reasons:
#   The system is out of physical RAM or swap space
#   This process is running with CompressedOops enabled, and the Java Heap may be blocking the growth of the native heap
# Possible solutions:
#   Reduce memory load on the system
#   Increase physical memory or swap space
#   Check if swap backing store is full
#   Decrease Java heap size (-Xmx/-Xms)
#   Decrease number of Java threads
#   Decrease Java thread stack sizes (-Xss)
#   Set larger code cache with -XX:ReservedCodeCacheSize=
#   JVM is running with Unscaled Compressed Oops mode in which the Java heap is
#     placed in the first 4GB address space. The Java Heap base address is the
#     maximum limit for the native heap growth. Please use -XX:HeapBaseMinAddress
#     to set the Java Heap base and to place the Java Heap above 4GB virtual address.
# This output file may be truncated or incomplete.
#
#  Out of Memory Error (arena.cpp:168), pid=4232, tid=21084
#
# JRE version: OpenJDK Runtime Environment Temurin-21.0.8+9 (21.0.8+9) (build 21.0.8+9-LTS)
# Java VM: OpenJDK 64-Bit Server VM Temurin-21.0.8+9 (21.0.8+9-LTS, mixed mode, sharing, tiered, compressed oops, compressed class ptrs, parallel gc, windows-amd64)
# No core dump will be written. Minidumps are not enabled by default on client versions of Windows
#

---------------  S U M M A R Y ------------

Command Line: --add-modules=ALL-SYSTEM --add-opens=java.base/java.util=ALL-UNNAMED --add-opens=java.base/java.lang=ALL-UNNAMED --add-opens=java.base/sun.nio.fs=ALL-UNNAMED -Declipse.application=org.eclipse.jdt.ls.core.id1 -Dosgi.bundles.defaultStartLevel=4 -Declipse.product=org.eclipse.jdt.ls.core.product -Djava.import.generatesMetadataFilesAtProjectRoot=false -DDetectVMInstallationsJob.disabled=true -Dfile.encoding=utf8 -XX:+UseParallelGC -XX:GCTimeRatio=4 -XX:AdaptiveSizePolicyWeight=90 -Dsun.zip.disableMemoryMapping=true -Xmx2G -Xms100m -Xlog:disable -javaagent:c:\Users\TEJASHWINI S\.vscode\extensions\redhat.java-1.46.0-win32-x64\lombok\lombok-1.18.39-4050.jar -XX:+HeapDumpOnOutOfMemoryError -XX:HeapDumpPath=c:\Users\TEJASHWINI S\AppData\Roaming\Code\User\workspaceStorage\609db315db7d13efddf576384252da58\redhat.java -Daether.dependencyCollector.impl=bf c:\Users\TEJASHWINI S\.vscode\extensions\redhat.java-1.46.0-win32-x64\server\plugins\org.eclipse.equinox.launcher_1.7.0.v20250519-0528.jar -configuration c:\Users\TEJASHWINI S\AppData\Roaming\Code\User\globalStorage\redhat.java\1.46.0\config_win -data c:\Users\TEJASHWINI S\AppData\Roaming\Code\User\workspaceStorage\609db315db7d13efddf576384252da58\redhat.java\jdt_ws --pipe=\\.\pipe\lsp-64404543c8c8ee2ba5b7fc02b0aaad09-sock

Host: AMD Ryzen 5 5500U with Radeon Graphics         , 12 cores, 5G,  Windows 11 , 64 bit Build 26100 (10.0.26100.5074)
Time: Mon Oct 13 13:58:40 2025 India Standard Time elapsed time: 26.577657 seconds (0d 0h 0m 26s)

---------------  T H R E A D  ---------------

Current thread (0x0000028870f9e8b0):  JavaThread "C2 CompilerThread0" daemon [_thread_in_native, id=21084, stack(0x000000dd48900000,0x000000dd48a00000) (1024K)]


Current CompileTask:
C2:26577 13032 % !   4       org.eclipse.jdt.internal.compiler.classfmt.ClassFileReader::<init> @ 81 (1968 bytes)

Stack: [0x000000dd48900000,0x000000dd48a00000]
Native frames: (J=compiled Java code, j=interpreted, Vv=VM code, C=native code)
V  [jvm.dll+0x6d2449]
V  [jvm.dll+0x8ae341]
V  [jvm.dll+0x8b08be]
V  [jvm.dll+0x8b0fa3]
V  [jvm.dll+0x280c96]
V  [jvm.dll+0xc581d]
V  [jvm.dll+0xc5d53]
V  [jvm.dll+0x3b919c]
V  [jvm.dll+0x1e1213]
V  [jvm.dll+0x249022]
V  [jvm.dll+0x2484af]
V  [jvm.dll+0x1c89ee]
V  [jvm.dll+0x257d4d]
V  [jvm.dll+0x2562ea]
V  [jvm.dll+0x3f2d16]
V  [jvm.dll+0x857e6b]
V  [jvm.dll+0x6d0b0d]
C  [ucrtbase.dll+0x37b0]
C  [KERNEL32.DLL+0x2e8d7]
C  [ntdll.dll+0x8d9c]


---------------  P R O C E S S  ---------------

Threads class SMR info:
_java_thread_list=0x0000028853c93760, length=87, elements={
0x0000028870ede8e0, 0x000002887897e100, 0x0000028870f81130, 0x0000028870f8fa00,
0x0000028870f927f0, 0x0000028870f90090, 0x0000028870f8f370, 0x0000028870f9e8b0,
0x0000028879cd7220, 0x0000028870f91440, 0x0000028870f90db0, 0x0000028870f92160,
0x0000028870f90720, 0x0000028870f91ad0, 0x00000288500ea8b0, 0x00000288500e8e70,
0x00000288500ec980, 0x00000288500e9500, 0x00000288500e9b90, 0x00000288500ed010,
0x00000288500eaf40, 0x00000288500eb5d0, 0x00000288500ebc60, 0x00000288500ec2f0,
0x00000288500ed6a0, 0x00000288500ea220, 0x00000288500ef0e0, 0x00000288500edd30,
0x00000288500ef770, 0x00000288500ee3c0, 0x00000288500eea50, 0x00000288500f0490,
0x00000288500efe00, 0x0000028853254d40, 0x0000028853252c70, 0x00000288532546b0,
0x00000288532518c0, 0x00000288532525e0, 0x0000028853253990, 0x0000028853254020,
0x0000028853251f50, 0x0000028853256780, 0x00000288532553d0, 0x0000028853255a60,
0x00000288532560f0, 0x0000028853253300, 0x0000028853258850, 0x00000288532574a0,
0x0000028853256e10, 0x0000028853257b30, 0x00000288532581c0, 0x0000028853258ee0,
0x00000288533b3600, 0x00000288533b2250, 0x00000288533b49b0, 0x00000288533b3c90,
0x00000288533b28e0, 0x00000288533b2f70, 0x00000288533b4320, 0x00000288533b5040,
0x00000288533b1bc0, 0x00000288533b7e30, 0x00000288533b5d60, 0x00000288533b6a80,
0x00000288533b77a0, 0x00000288533b84c0, 0x00000288533b56d0, 0x00000288533b8b50,
0x00000288533b91e0, 0x00000288533b63f0, 0x00000288533b7110, 0x00000288537b93e0,
0x00000288537b86c0, 0x00000288537b8d50, 0x00000288537ba100, 0x00000288537bb4b0,
0x00000288537b9a70, 0x00000288537ba790, 0x00000288537b8030, 0x00000288537bae20,
0x000002887a04fd80, 0x000002887a04f6f0, 0x000002887a04e340, 0x000002887a050410,
0x000002887a050aa0, 0x000002887a04f060, 0x000002887f766a60
}

Java Threads: ( => current thread )
  0x0000028870ede8e0 JavaThread "main"                              [_thread_blocked, id=12532, stack(0x000000dd47f00000,0x000000dd48000000) (1024K)]
  0x000002887897e100 JavaThread "Reference Handler"          daemon [_thread_blocked, id=16968, stack(0x000000dd48300000,0x000000dd48400000) (1024K)]
  0x0000028870f81130 JavaThread "Finalizer"                  daemon [_thread_blocked, id=5696, stack(0x000000dd48400000,0x000000dd48500000) (1024K)]
  0x0000028870f8fa00 JavaThread "Signal Dispatcher"          daemon [_thread_blocked, id=748, stack(0x000000dd48500000,0x000000dd48600000) (1024K)]
  0x0000028870f927f0 JavaThread "Attach Listener"            daemon [_thread_blocked, id=21448, stack(0x000000dd48600000,0x000000dd48700000) (1024K)]
  0x0000028870f90090 JavaThread "Service Thread"             daemon [_thread_blocked, id=15928, stack(0x000000dd48700000,0x000000dd48800000) (1024K)]
  0x0000028870f8f370 JavaThread "Monitor Deflation Thread"   daemon [_thread_blocked, id=8372, stack(0x000000dd48800000,0x000000dd48900000) (1024K)]
=>0x0000028870f9e8b0 JavaThread "C2 CompilerThread0"         daemon [_thread_in_native, id=21084, stack(0x000000dd48900000,0x000000dd48a00000) (1024K)]
  0x0000028879cd7220 JavaThread "C1 CompilerThread0"         daemon [_thread_blocked, id=25540, stack(0x000000dd48a00000,0x000000dd48b00000) (1024K)]
  0x0000028870f91440 JavaThread "Common-Cleaner"             daemon [_thread_blocked, id=5244, stack(0x000000dd48b00000,0x000000dd48c00000) (1024K)]
  0x0000028870f90db0 JavaThread "Notification Thread"        daemon [_thread_blocked, id=15500, stack(0x000000dd48d00000,0x000000dd48e00000) (1024K)]
  0x0000028870f92160 JavaThread "Active Thread: Equinox Container: c00c1485-9fdb-4109-9f74-4c28de62d4eb"        [_thread_blocked, id=27152, stack(0x000000dd48e00000,0x000000dd48f00000) (1024K)]
  0x0000028870f90720 JavaThread "Refresh Thread: Equinox Container: c00c1485-9fdb-4109-9f74-4c28de62d4eb" daemon [_thread_blocked, id=17860, stack(0x000000dd49600000,0x000000dd49700000) (1024K)]
  0x0000028870f91ad0 JavaThread "Framework Event Dispatcher: Equinox Container: c00c1485-9fdb-4109-9f74-4c28de62d4eb" daemon [_thread_blocked, id=31412, stack(0x000000dd49700000,0x000000dd49800000) (1024K)]
  0x00000288500ea8b0 JavaThread "Start Level: Equinox Container: c00c1485-9fdb-4109-9f74-4c28de62d4eb" daemon [_thread_blocked, id=14284, stack(0x000000dd49800000,0x000000dd49900000) (1024K)]
  0x00000288500e8e70 JavaThread "Bundle File Closer"         daemon [_thread_blocked, id=22848, stack(0x000000dd49b00000,0x000000dd49c00000) (1024K)]
  0x00000288500ec980 JavaThread "SCR Component Actor"        daemon [_thread_blocked, id=28948, stack(0x000000dd49c00000,0x000000dd49d00000) (1024K)]
  0x00000288500e9500 JavaThread "Worker-JM"                         [_thread_blocked, id=2892, stack(0x000000dd49d00000,0x000000dd49e00000) (1024K)]
  0x00000288500e9b90 JavaThread "JNA Cleaner"                daemon [_thread_blocked, id=25896, stack(0x000000dd48c00000,0x000000dd48d00000) (1024K)]
  0x00000288500ed010 JavaThread "Worker-0: Publish Diagnostics"        [_thread_in_Java, id=924, stack(0x000000dd49e00000,0x000000dd49f00000) (1024K)]
  0x00000288500eaf40 JavaThread "Worker-1"                          [_thread_blocked, id=29016, stack(0x000000dd49f00000,0x000000dd4a000000) (1024K)]
  0x00000288500eb5d0 JavaThread "Worker-2: Initialize workspace"        [_thread_in_Java, id=3204, stack(0x000000dd4a000000,0x000000dd4a100000) (1024K)]
  0x00000288500ebc60 JavaThread "Java indexing"              daemon [_thread_blocked, id=22996, stack(0x000000dd4a200000,0x000000dd4a300000) (1024K)]
  0x00000288500ec2f0 JavaThread "Worker-3"                          [_thread_blocked, id=24304, stack(0x000000dd4a300000,0x000000dd4a400000) (1024K)]
  0x00000288500ed6a0 JavaThread "Worker-4"                          [_thread_blocked, id=8300, stack(0x000000dd4a400000,0x000000dd4a500000) (1024K)]
  0x00000288500ea220 JavaThread "Worker-5"                          [_thread_blocked, id=18156, stack(0x000000dd4a700000,0x000000dd4a800000) (1024K)]
  0x00000288500ef0e0 JavaThread "Thread-1"                   daemon [_thread_in_native, id=10144, stack(0x000000dd4a800000,0x000000dd4a900000) (1024K)]
  0x00000288500edd30 JavaThread "Thread-2"                   daemon [_thread_in_native, id=3064, stack(0x000000dd4a900000,0x000000dd4aa00000) (1024K)]
  0x00000288500ef770 JavaThread "Thread-3"                   daemon [_thread_in_native, id=18632, stack(0x000000dd4aa00000,0x000000dd4ab00000) (1024K)]
  0x00000288500ee3c0 JavaThread "Thread-4"                   daemon [_thread_in_native, id=3092, stack(0x000000dd4ab00000,0x000000dd4ac00000) (1024K)]
  0x00000288500eea50 JavaThread "Thread-5"                   daemon [_thread_in_native, id=14176, stack(0x000000dd4ac00000,0x000000dd4ad00000) (1024K)]
  0x00000288500f0490 JavaThread "Thread-6"                   daemon [_thread_in_native, id=21120, stack(0x000000dd4ad00000,0x000000dd4ae00000) (1024K)]
  0x00000288500efe00 JavaThread "Thread-7"                   daemon [_thread_in_native, id=5596, stack(0x000000dd4ae00000,0x000000dd4af00000) (1024K)]
  0x0000028853254d40 JavaThread "Thread-8"                   daemon [_thread_in_native, id=20000, stack(0x000000dd4af00000,0x000000dd4b000000) (1024K)]
  0x0000028853252c70 JavaThread "Thread-9"                   daemon [_thread_in_native, id=21604, stack(0x000000dd4b000000,0x000000dd4b100000) (1024K)]
  0x00000288532546b0 JavaThread "Thread-10"                  daemon [_thread_in_native, id=29476, stack(0x000000dd4b100000,0x000000dd4b200000) (1024K)]
  0x00000288532518c0 JavaThread "Thread-11"                  daemon [_thread_in_native, id=27692, stack(0x000000dd4b200000,0x000000dd4b300000) (1024K)]
  0x00000288532525e0 JavaThread "Thread-12"                  daemon [_thread_in_native, id=22920, stack(0x000000dd4b300000,0x000000dd4b400000) (1024K)]
  0x0000028853253990 JavaThread "Thread-13"                  daemon [_thread_in_native, id=15884, stack(0x000000dd4b400000,0x000000dd4b500000) (1024K)]
  0x0000028853254020 JavaThread "pool-2-thread-1"                   [_thread_blocked, id=7116, stack(0x000000dd4b500000,0x000000dd4b600000) (1024K)]
  0x0000028853251f50 JavaThread "WorkspaceEventsHandler"            [_thread_in_vm, id=8004, stack(0x000000dd4b600000,0x000000dd4b700000) (1024K)]
  0x0000028853256780 JavaThread "pool-1-thread-1"                   [_thread_blocked, id=6580, stack(0x000000dd4b700000,0x000000dd4b800000) (1024K)]
  0x00000288532553d0 JavaThread "ForkJoinPool.commonPool-worker-1" daemon [_thread_blocked, id=20356, stack(0x000000dd4b800000,0x000000dd4b900000) (1024K)]
  0x0000028853255a60 JavaThread "ForkJoinPool.commonPool-worker-2" daemon [_thread_in_Java, id=20064, stack(0x000000dd4b900000,0x000000dd4ba00000) (1024K)]
  0x00000288532560f0 JavaThread "ForkJoinPool.commonPool-worker-3" daemon [_thread_blocked, id=28136, stack(0x000000dd4ba00000,0x000000dd4bb00000) (1024K)]
  0x0000028853253300 JavaThread "ForkJoinPool.commonPool-worker-4" daemon [_thread_blocked, id=21336, stack(0x000000dd4bb00000,0x000000dd4bc00000) (1024K)]
  0x0000028853258850 JavaThread "ForkJoinPool.commonPool-worker-5" daemon [_thread_blocked, id=24748, stack(0x000000dd4bc00000,0x000000dd4bd00000) (1024K)]
  0x00000288532574a0 JavaThread "ForkJoinPool.commonPool-worker-6" daemon [_thread_blocked, id=24948, stack(0x000000dd4bd00000,0x000000dd4be00000) (1024K)]
  0x0000028853256e10 JavaThread "ForkJoinPool.commonPool-worker-7" daemon [_thread_blocked, id=21904, stack(0x000000dd4be00000,0x000000dd4bf00000) (1024K)]
  0x0000028853257b30 JavaThread "ForkJoinPool.commonPool-worker-8" daemon [_thread_blocked, id=29084, stack(0x000000dd4bf00000,0x000000dd4c000000) (1024K)]
  0x00000288532581c0 JavaThread "ForkJoinPool.commonPool-worker-9" daemon [_thread_blocked, id=17432, stack(0x000000dd4c000000,0x000000dd4c100000) (1024K)]
  0x0000028853258ee0 JavaThread "ForkJoinPool.commonPool-worker-10" daemon [_thread_blocked, id=30044, stack(0x000000dd4c100000,0x000000dd4c200000) (1024K)]
  0x00000288533b3600 JavaThread "ForkJoinPool.commonPool-worker-11" daemon [_thread_blocked, id=15724, stack(0x000000dd4c200000,0x000000dd4c300000) (1024K)]
  0x00000288533b2250 JavaThread "LocalFile Deleter"          daemon [_thread_blocked, id=8252, stack(0x000000dd4c300000,0x000000dd4c400000) (1024K)]
  0x00000288533b49b0 JavaThread "LocalFile Deleter"          daemon [_thread_blocked, id=30256, stack(0x000000dd4c400000,0x000000dd4c500000) (1024K)]
  0x00000288533b3c90 JavaThread "LocalFile Deleter"          daemon [_thread_blocked, id=23448, stack(0x000000dd4c500000,0x000000dd4c600000) (1024K)]
  0x00000288533b28e0 JavaThread "LocalFile Deleter"          daemon [_thread_blocked, id=4188, stack(0x000000dd4c600000,0x000000dd4c700000) (1024K)]
  0x00000288533b2f70 JavaThread "LocalFile Deleter"          daemon [_thread_blocked, id=31092, stack(0x000000dd4c700000,0x000000dd4c800000) (1024K)]
  0x00000288533b4320 JavaThread "LocalFile Deleter"          daemon [_thread_blocked, id=28888, stack(0x000000dd4c800000,0x000000dd4c900000) (1024K)]
  0x00000288533b5040 JavaThread "LocalFile Deleter"          daemon [_thread_blocked, id=3684, stack(0x000000dd4c900000,0x000000dd4ca00000) (1024K)]
  0x00000288533b1bc0 JavaThread "LocalFile Deleter"          daemon [_thread_blocked, id=24260, stack(0x000000dd4ca00000,0x000000dd4cb00000) (1024K)]
  0x00000288533b7e30 JavaThread "LocalFile Deleter"          daemon [_thread_blocked, id=3840, stack(0x000000dd4cb00000,0x000000dd4cc00000) (1024K)]
  0x00000288533b5d60 JavaThread "LocalFile Deleter"          daemon [_thread_blocked, id=30224, stack(0x000000dd4cc00000,0x000000dd4cd00000) (1024K)]
  0x00000288533b6a80 JavaThread "LocalFile Deleter"          daemon [_thread_blocked, id=18048, stack(0x000000dd4cd00000,0x000000dd4ce00000) (1024K)]
  0x00000288533b77a0 JavaThread "LocalFile Deleter"          daemon [_thread_blocked, id=24648, stack(0x000000dd4ce00000,0x000000dd4cf00000) (1024K)]
  0x00000288533b84c0 JavaThread "Compiler Source File Reader" daemon [_thread_blocked, id=25224, stack(0x000000dd4cf00000,0x000000dd4d000000) (1024K)]
  0x00000288533b56d0 JavaThread "Compiler Source File Reader" daemon [_thread_blocked, id=30672, stack(0x000000dd4d000000,0x000000dd4d100000) (1024K)]
  0x00000288533b8b50 JavaThread "Compiler Source File Reader" daemon [_thread_blocked, id=27048, stack(0x000000dd4d100000,0x000000dd4d200000) (1024K)]
  0x00000288533b91e0 JavaThread "Compiler Source File Reader" daemon [_thread_blocked, id=19940, stack(0x000000dd4d200000,0x000000dd4d300000) (1024K)]
  0x00000288533b63f0 JavaThread "Compiler Source File Reader" daemon [_thread_blocked, id=21032, stack(0x000000dd4d300000,0x000000dd4d400000) (1024K)]
  0x00000288533b7110 JavaThread "Compiler Source File Reader" daemon [_thread_blocked, id=4560, stack(0x000000dd4d400000,0x000000dd4d500000) (1024K)]
  0x00000288537b93e0 JavaThread "Compiler Source File Reader" daemon [_thread_blocked, id=7628, stack(0x000000dd4d500000,0x000000dd4d600000) (1024K)]
  0x00000288537b86c0 JavaThread "Compiler Source File Reader" daemon [_thread_blocked, id=21204, stack(0x000000dd4d600000,0x000000dd4d700000) (1024K)]
  0x00000288537b8d50 JavaThread "Compiler Source File Reader" daemon [_thread_blocked, id=23360, stack(0x000000dd4d700000,0x000000dd4d800000) (1024K)]
  0x00000288537ba100 JavaThread "Compiler Source File Reader" daemon [_thread_blocked, id=18708, stack(0x000000dd4d800000,0x000000dd4d900000) (1024K)]
  0x00000288537bb4b0 JavaThread "Compiler Processing Task"   daemon [_thread_blocked, id=4568, stack(0x000000dd4d900000,0x000000dd4da00000) (1024K)]
  0x00000288537b9a70 JavaThread "Compiler Class File Writer" daemon [_thread_blocked, id=30620, stack(0x000000dd4da00000,0x000000dd4db00000) (1024K)]
  0x00000288537ba790 JavaThread "Compiler Class File Writer" daemon [_thread_blocked, id=20492, stack(0x000000dd4db00000,0x000000dd4dc00000) (1024K)]
  0x00000288537b8030 JavaThread "Compiler Class File Writer" daemon [_thread_blocked, id=31688, stack(0x000000dd4dc00000,0x000000dd4dd00000) (1024K)]
  0x00000288537bae20 JavaThread "Compiler Class File Writer" daemon [_thread_blocked, id=11168, stack(0x000000dd4dd00000,0x000000dd4de00000) (1024K)]
  0x000002887a04fd80 JavaThread "Compiler Class File Writer" daemon [_thread_blocked, id=30372, stack(0x000000dd4de00000,0x000000dd4df00000) (1024K)]
  0x000002887a04f6f0 JavaThread "Compiler Class File Writer" daemon [_thread_blocked, id=7080, stack(0x000000dd4df00000,0x000000dd4e000000) (1024K)]
  0x000002887a04e340 JavaThread "Compiler Class File Writer" daemon [_thread_blocked, id=23136, stack(0x000000dd4e000000,0x000000dd4e100000) (1024K)]
  0x000002887a050410 JavaThread "Compiler Class File Writer" daemon [_thread_blocked, id=26184, stack(0x000000dd4e100000,0x000000dd4e200000) (1024K)]
  0x000002887a050aa0 JavaThread "Compiler Class File Writer" daemon [_thread_blocked, id=3772, stack(0x000000dd4e200000,0x000000dd4e300000) (1024K)]
  0x000002887a04f060 JavaThread "Compiler Class File Writer" daemon [_thread_blocked, id=27416, stack(0x000000dd4e300000,0x000000dd4e400000) (1024K)]
  0x000002887f766a60 JavaThread "C2 CompilerThread1"         daemon [_thread_blocked, id=19024, stack(0x000000dd4a100000,0x000000dd4a200000) (1024K)]
Total: 87

Other Threads:
  0x0000028878963460 VMThread "VM Thread"                           [id=23688, stack(0x000000dd48200000,0x000000dd48300000) (1024K)]
  0x000002887885ca00 WatcherThread "VM Periodic Task Thread"        [id=12348, stack(0x000000dd48100000,0x000000dd48200000) (1024K)]
  0x0000028870efdc50 WorkerThread "GC Thread#0"                     [id=30460, stack(0x000000dd48000000,0x000000dd48100000) (1024K)]
  0x0000028850052370 WorkerThread "GC Thread#1"                     [id=4532, stack(0x000000dd48f00000,0x000000dd49000000) (1024K)]
  0x000002887f6b0d20 WorkerThread "GC Thread#2"                     [id=23156, stack(0x000000dd49000000,0x000000dd49100000) (1024K)]
  0x000002887f6b10c0 WorkerThread "GC Thread#3"                     [id=29024, stack(0x000000dd49100000,0x000000dd49200000) (1024K)]
  0x000002887f6b1460 WorkerThread "GC Thread#4"                     [id=17232, stack(0x000000dd49200000,0x000000dd49300000) (1024K)]
  0x000002887f6b1800 WorkerThread "GC Thread#5"                     [id=24344, stack(0x000000dd49300000,0x000000dd49400000) (1024K)]
  0x000002887f629260 WorkerThread "GC Thread#6"                     [id=9624, stack(0x000000dd49400000,0x000000dd49500000) (1024K)]
  0x000002887f720010 WorkerThread "GC Thread#7"                     [id=24040, stack(0x000000dd49500000,0x000000dd49600000) (1024K)]
  0x000002887f7203b0 WorkerThread "GC Thread#8"                     [id=16748, stack(0x000000dd49900000,0x000000dd49a00000) (1024K)]
  0x000002887f71f530 WorkerThread "GC Thread#9"                     [id=15048, stack(0x000000dd49a00000,0x000000dd49b00000) (1024K)]
Total: 12

Threads with active compile tasks:
C2 CompilerThread0  26627 13032 % !   4       org.eclipse.jdt.internal.compiler.classfmt.ClassFileReader::<init> @ 81 (1968 bytes)
C2 CompilerThread1  26627 13035 % !   4       org.eclipse.jdt.internal.core.JarPackageFragmentRoot::computeChildren @ 246 (605 bytes)
Total: 2

VM state: not at safepoint (normal execution)

VM Mutex/Monitor currently owned by a thread:  ([mutex/lock_event])
[0x00007ffdbe955558] Heap_lock - owner thread: 0x0000028853251f50

Heap address: 0x0000000080000000, size: 2048 MB, Compressed Oops mode: 32-bit

CDS archive(s) mapped at: [0x000002880f000000-0x000002880fba0000-0x000002880fba0000), size 12189696, SharedBaseAddress: 0x000002880f000000, ArchiveRelocationMode: 1.
Compressed class space mapped at: 0x0000028810000000-0x0000028850000000, reserved size: 1073741824
Narrow klass base: 0x000002880f000000, Narrow klass shift: 0, Narrow klass range: 0x100000000

GC Precious Log:
 CardTable entry size: 512
 CPUs: 12 total, 12 available
 Memory: 6005M
 Large Page Support: Disabled
 NUMA Support: Disabled
 Compressed Oops: Enabled (32-bit)
 Alignments: Space 512K, Generation 512K, Heap 2M
 Heap Min Capacity: 100M
 Heap Initial Capacity: 100M
 Heap Max Capacity: 2G
 Pre-touch: Disabled
 Parallel Workers: 10

Heap:
 PSYoungGen      total 8704K, used 833K [0x00000000d5580000, 0x00000000d6080000, 0x0000000100000000)
  eden space 8192K, 5% used [0x00000000d5580000,0x00000000d55ef3f8,0x00000000d5d80000)
  from space 512K, 87% used [0x00000000d6000000,0x00000000d6070020,0x00000000d6080000)
  to   space 512K, 0% used [0x00000000d5d80000,0x00000000d5d80000,0x00000000d5e00000)
 ParOldGen       total 122880K, used 122519K [0x0000000080000000, 0x0000000087800000, 0x00000000d5580000)
  object space 122880K, 99% used [0x0000000080000000,0x00000000877a5da8,0x0000000087800000)
 Metaspace       used 67651K, committed 69248K, reserved 1114112K
  class space    used 7036K, committed 7680K, reserved 1048576K

Card table byte_map: [0x0000028870880000,0x0000028870c90000] _byte_map_base: 0x0000028870480000

Marking Bits: (ParMarkBitMap*) 0x00007ffdbe95a340
 Begin Bits: [0x0000028874380000, 0x0000028876380000)
 End Bits:   [0x0000028876380000, 0x0000028878380000)

Polling page: 0x000002886eb30000

Metaspace:

Usage:
  Non-class:     59.19 MB used.
      Class:      6.87 MB used.
       Both:     66.07 MB used.

Virtual space:
  Non-class space:       64.00 MB reserved,      60.12 MB ( 94%) committed,  1 nodes.
      Class space:        1.00 GB reserved,       7.50 MB ( <1%) committed,  1 nodes.
             Both:        1.06 GB reserved,      67.62 MB (  6%) committed. 

Chunk freelists:
   Non-Class:  3.05 MB
       Class:  8.44 MB
        Both:  11.49 MB

MaxMetaspaceSize: unlimited
CompressedClassSpaceSize: 1.00 GB
Initial GC threshold: 21.00 MB
Current GC threshold: 97.31 MB
CDS: on
 - commit_granule_bytes: 65536.
 - commit_granule_words: 8192.
 - virtual_space_node_default_size: 8388608.
 - enlarge_chunks_in_place: 1.
 - use_allocation_guard: 0.


Internal statistics:

num_allocs_failed_limit: 9.
num_arena_births: 1402.
num_arena_deaths: 14.
num_vsnodes_births: 2.
num_vsnodes_deaths: 0.
num_space_committed: 1082.
num_space_uncommitted: 0.
num_chunks_returned_to_freelist: 23.
num_chunks_taken_from_freelist: 4751.
num_chunk_merges: 14.
num_chunk_splits: 2861.
num_chunks_enlarged: 1511.
num_inconsistent_stats: 0.

CodeHeap 'non-profiled nmethods': size=120000Kb used=7390Kb max_used=7390Kb free=112609Kb
 bounds [0x0000028807ad0000, 0x0000028808210000, 0x000002880f000000]
CodeHeap 'profiled nmethods': size=120000Kb used=27483Kb max_used=27483Kb free=92516Kb
 bounds [0x0000028800000000, 0x0000028801ae0000, 0x0000028807530000]
CodeHeap 'non-nmethods': size=5760Kb used=1453Kb max_used=1510Kb free=4307Kb
 bounds [0x0000028807530000, 0x00000288077a0000, 0x0000028807ad0000]
CodeCache: size=245760Kb, used=36326Kb, max_used=36383Kb, free=209432Kb
 total_blobs=13118, nmethods=12353, adapters=669, full_count=0
Compilation: enabled, stopped_count=0, restarted_count=0

Compilation events (20 events):
Event: 25.446 Thread 0x0000028879cd7220 13095       2       org.eclipse.jdt.internal.core.JarPackageFragmentRoot::getJar (11 bytes)
Event: 25.447 Thread 0x0000028879cd7220 nmethod 13095 0x0000028801acd390 code [0x0000028801acd560, 0x0000028801acd7a0]
Event: 25.502 Thread 0x0000028879cd7220 13097       2       java.util.ImmutableCollections$MapN$MapNIterator::<init> (40 bytes)
Event: 25.502 Thread 0x0000028879cd7220 nmethod 13097 0x0000028801acd990 code [0x0000028801acdb20, 0x0000028801acdc78]
Event: 25.517 Thread 0x0000028879cd7220 13098       1       org.eclipse.jdt.internal.core.JavaElementRequestor::isCanceled (5 bytes)
Event: 25.517 Thread 0x0000028879cd7220 nmethod 13098 0x0000028808207310 code [0x00000288082074a0, 0x0000028808207570]
Event: 25.517 Thread 0x0000028879cd7220 13100       3       org.eclipse.jdt.internal.core.util.Util::splitOn (134 bytes)
Event: 25.519 Thread 0x0000028879cd7220 nmethod 13100 0x0000028801acdd90 code [0x0000028801ace060, 0x0000028801acf290]
Event: 25.519 Thread 0x0000028879cd7220 13101       2       org.eclipse.jdt.internal.core.JavaElement::getElementInfo (18 bytes)
Event: 25.519 Thread 0x0000028879cd7220 nmethod 13101 0x0000028801acfa10 code [0x0000028801acfbe0, 0x0000028801acfda0]
Event: 25.519 Thread 0x0000028879cd7220 13099       1       org.eclipse.jdt.internal.core.JavaModelManager::getJavaModel (5 bytes)
Event: 25.519 Thread 0x0000028879cd7220 nmethod 13099 0x0000028808207610 code [0x00000288082077a0, 0x0000028808207868]
Event: 25.520 Thread 0x0000028879cd7220 13102       2       org.eclipse.jdt.internal.compiler.parser.ScannerHelper::toLowerCase (42 bytes)
Event: 25.520 Thread 0x0000028879cd7220 nmethod 13102 0x0000028801acfe90 code [0x0000028801ad0060, 0x0000028801ad0280]
Event: 25.530 Thread 0x0000028879cd7220 13103       3       org.eclipse.jdt.internal.compiler.parser.ScannerHelper::toLowerCase (42 bytes)
Event: 25.531 Thread 0x0000028879cd7220 nmethod 13103 0x0000028801ad0390 code [0x0000028801ad0580, 0x0000028801ad0978]
Event: 25.531 Thread 0x0000028879cd7220 13104       2       org.eclipse.jdt.internal.core.JavaElement::calculateHashCode (32 bytes)
Event: 25.532 Thread 0x0000028879cd7220 nmethod 13104 0x0000028801ad0b10 code [0x0000028801ad0d00, 0x0000028801ad0f30]
Event: 25.533 Thread 0x0000028879cd7220 13105       2       org.eclipse.jdt.internal.core.JavaElement::getParent (5 bytes)
Event: 25.533 Thread 0x0000028879cd7220 nmethod 13105 0x0000028801ad1090 code [0x0000028801ad1220, 0x0000028801ad1328]

GC Heap History (20 events):
Event: 25.465 GC heap after
{Heap after GC invocations=221 (full 3):
 PSYoungGen      total 6144K, used 436K [0x00000000d5580000, 0x00000000d5d00000, 0x0000000100000000)
  eden space 5632K, 0% used [0x00000000d5580000,0x00000000d5580000,0x00000000d5b00000)
  from space 512K, 85% used [0x00000000d5c80000,0x00000000d5ced200,0x00000000d5d00000)
  to   space 512K, 0% used [0x00000000d5c00000,0x00000000d5c00000,0x00000000d5c80000)
 ParOldGen       total 119808K, used 119638K [0x0000000080000000, 0x0000000087500000, 0x00000000d5580000)
  object space 119808K, 99% used [0x0000000080000000,0x00000000874d5988,0x0000000087500000)
 Metaspace       used 67553K, committed 69120K, reserved 1114112K
  class space    used 7023K, committed 7680K, reserved 1048576K
}
Event: 25.473 GC heap before
{Heap before GC invocations=222 (full 3):
 PSYoungGen      total 6144K, used 6068K [0x00000000d5580000, 0x00000000d5d00000, 0x0000000100000000)
  eden space 5632K, 100% used [0x00000000d5580000,0x00000000d5b00000,0x00000000d5b00000)
  from space 512K, 85% used [0x00000000d5c80000,0x00000000d5ced200,0x00000000d5d00000)
  to   space 512K, 0% used [0x00000000d5c00000,0x00000000d5c00000,0x00000000d5c80000)
 ParOldGen       total 119808K, used 119638K [0x0000000080000000, 0x0000000087500000, 0x00000000d5580000)
  object space 119808K, 99% used [0x0000000080000000,0x00000000874d5988,0x0000000087500000)
 Metaspace       used 67562K, committed 69120K, reserved 1114112K
  class space    used 7025K, committed 7680K, reserved 1048576K
}
Event: 25.474 GC heap after
{Heap after GC invocations=222 (full 3):
 PSYoungGen      total 6144K, used 372K [0x00000000d5580000, 0x00000000d5d00000, 0x0000000100000000)
  eden space 5632K, 0% used [0x00000000d5580000,0x00000000d5580000,0x00000000d5b00000)
  from space 512K, 72% used [0x00000000d5c00000,0x00000000d5c5d200,0x00000000d5c80000)
  to   space 512K, 0% used [0x00000000d5c80000,0x00000000d5c80000,0x00000000d5d00000)
 ParOldGen       total 120320K, used 119874K [0x0000000080000000, 0x0000000087580000, 0x00000000d5580000)
  object space 120320K, 99% used [0x0000000080000000,0x0000000087510b88,0x0000000087580000)
 Metaspace       used 67562K, committed 69120K, reserved 1114112K
  class space    used 7025K, committed 7680K, reserved 1048576K
}
Event: 25.495 GC heap before
{Heap before GC invocations=223 (full 3):
 PSYoungGen      total 6144K, used 6004K [0x00000000d5580000, 0x00000000d5d00000, 0x0000000100000000)
  eden space 5632K, 100% used [0x00000000d5580000,0x00000000d5b00000,0x00000000d5b00000)
  from space 512K, 72% used [0x00000000d5c00000,0x00000000d5c5d200,0x00000000d5c80000)
  to   space 512K, 0% used [0x00000000d5c80000,0x00000000d5c80000,0x00000000d5d00000)
 ParOldGen       total 120320K, used 119874K [0x0000000080000000, 0x0000000087580000, 0x00000000d5580000)
  object space 120320K, 99% used [0x0000000080000000,0x0000000087510b88,0x0000000087580000)
 Metaspace       used 67585K, committed 69120K, reserved 1114112K
  class space    used 7029K, committed 7680K, reserved 1048576K
}
Event: 25.496 GC heap after
{Heap after GC invocations=223 (full 3):
 PSYoungGen      total 6144K, used 288K [0x00000000d5580000, 0x00000000d5d00000, 0x0000000100000000)
  eden space 5632K, 0% used [0x00000000d5580000,0x00000000d5580000,0x00000000d5b00000)
  from space 512K, 56% used [0x00000000d5c80000,0x00000000d5cc8000,0x00000000d5d00000)
  to   space 512K, 0% used [0x00000000d5c00000,0x00000000d5c00000,0x00000000d5c80000)
 ParOldGen       total 120320K, used 120071K [0x0000000080000000, 0x0000000087580000, 0x00000000d5580000)
  object space 120320K, 99% used [0x0000000080000000,0x0000000087541d88,0x0000000087580000)
 Metaspace       used 67585K, committed 69120K, reserved 1114112K
  class space    used 7029K, committed 7680K, reserved 1048576K
}
Event: 25.503 GC heap before
{Heap before GC invocations=224 (full 3):
 PSYoungGen      total 6144K, used 5920K [0x00000000d5580000, 0x00000000d5d00000, 0x0000000100000000)
  eden space 5632K, 100% used [0x00000000d5580000,0x00000000d5b00000,0x00000000d5b00000)
  from space 512K, 56% used [0x00000000d5c80000,0x00000000d5cc8000,0x00000000d5d00000)
  to   space 512K, 0% used [0x00000000d5c00000,0x00000000d5c00000,0x00000000d5c80000)
 ParOldGen       total 120320K, used 120071K [0x0000000080000000, 0x0000000087580000, 0x00000000d5580000)
  object space 120320K, 99% used [0x0000000080000000,0x0000000087541d88,0x0000000087580000)
 Metaspace       used 67609K, committed 69184K, reserved 1114112K
  class space    used 7031K, committed 7680K, reserved 1048576K
}
Event: 25.504 GC heap after
{Heap after GC invocations=224 (full 3):
 PSYoungGen      total 6144K, used 320K [0x00000000d5580000, 0x00000000d5d00000, 0x0000000100000000)
  eden space 5632K, 0% used [0x00000000d5580000,0x00000000d5580000,0x00000000d5b00000)
  from space 512K, 62% used [0x00000000d5c00000,0x00000000d5c50000,0x00000000d5c80000)
  to   space 512K, 0% used [0x00000000d5c80000,0x00000000d5c80000,0x00000000d5d00000)
 ParOldGen       total 120320K, used 120191K [0x0000000080000000, 0x0000000087580000, 0x00000000d5580000)
  object space 120320K, 99% used [0x0000000080000000,0x000000008755fd88,0x0000000087580000)
 Metaspace       used 67609K, committed 69184K, reserved 1114112K
  class space    used 7031K, committed 7680K, reserved 1048576K
}
Event: 25.513 GC heap before
{Heap before GC invocations=225 (full 3):
 PSYoungGen      total 6144K, used 5952K [0x00000000d5580000, 0x00000000d5d00000, 0x0000000100000000)
  eden space 5632K, 100% used [0x00000000d5580000,0x00000000d5b00000,0x00000000d5b00000)
  from space 512K, 62% used [0x00000000d5c00000,0x00000000d5c50000,0x00000000d5c80000)
  to   space 512K, 0% used [0x00000000d5c80000,0x00000000d5c80000,0x00000000d5d00000)
 ParOldGen       total 120320K, used 120191K [0x0000000080000000, 0x0000000087580000, 0x00000000d5580000)
  object space 120320K, 99% used [0x0000000080000000,0x000000008755fd88,0x0000000087580000)
 Metaspace       used 67629K, committed 69184K, reserved 1114112K
  class space    used 7033K, committed 7680K, reserved 1048576K
}
Event: 25.514 GC heap after
{Heap after GC invocations=225 (full 3):
 PSYoungGen      total 6144K, used 256K [0x00000000d5580000, 0x00000000d5d00000, 0x0000000100000000)
  eden space 5632K, 0% used [0x00000000d5580000,0x00000000d5580000,0x00000000d5b00000)
  from space 512K, 50% used [0x00000000d5c80000,0x00000000d5cc0000,0x00000000d5d00000)
  to   space 512K, 0% used [0x00000000d5c00000,0x00000000d5c00000,0x00000000d5c80000)
 ParOldGen       total 120832K, used 120351K [0x0000000080000000, 0x0000000087600000, 0x00000000d5580000)
  object space 120832K, 99% used [0x0000000080000000,0x0000000087587d88,0x0000000087600000)
 Metaspace       used 67629K, committed 69184K, reserved 1114112K
  class space    used 7033K, committed 7680K, reserved 1048576K
}
Event: 25.526 GC heap before
{Heap before GC invocations=226 (full 3):
 PSYoungGen      total 6144K, used 5888K [0x00000000d5580000, 0x00000000d5d00000, 0x0000000100000000)
  eden space 5632K, 100% used [0x00000000d5580000,0x00000000d5b00000,0x00000000d5b00000)
  from space 512K, 50% used [0x00000000d5c80000,0x00000000d5cc0000,0x00000000d5d00000)
  to   space 512K, 0% used [0x00000000d5c00000,0x00000000d5c00000,0x00000000d5c80000)
 ParOldGen       total 120832K, used 120351K [0x0000000080000000, 0x0000000087600000, 0x00000000d5580000)
  object space 120832K, 99% used [0x0000000080000000,0x0000000087587d88,0x0000000087600000)
 Metaspace       used 67630K, committed 69184K, reserved 1114112K
  class space    used 7033K, committed 7680K, reserved 1048576K
}
Event: 25.527 GC heap after
{Heap after GC invocations=226 (full 3):
 PSYoungGen      total 6144K, used 224K [0x00000000d5580000, 0x00000000d5d00000, 0x0000000100000000)
  eden space 5632K, 0% used [0x00000000d5580000,0x00000000d5580000,0x00000000d5b00000)
  from space 512K, 43% used [0x00000000d5c00000,0x00000000d5c38000,0x00000000d5c80000)
  to   space 512K, 0% used [0x00000000d5c80000,0x00000000d5c80000,0x00000000d5d00000)
 ParOldGen       total 120832K, used 120519K [0x0000000080000000, 0x0000000087600000, 0x00000000d5580000)
  object space 120832K, 99% used [0x0000000080000000,0x00000000875b1d88,0x0000000087600000)
 Metaspace       used 67630K, committed 69184K, reserved 1114112K
  class space    used 7033K, committed 7680K, reserved 1048576K
}
Event: 25.539 GC heap before
{Heap before GC invocations=227 (full 3):
 PSYoungGen      total 6144K, used 5856K [0x00000000d5580000, 0x00000000d5d00000, 0x0000000100000000)
  eden space 5632K, 100% used [0x00000000d5580000,0x00000000d5b00000,0x00000000d5b00000)
  from space 512K, 43% used [0x00000000d5c00000,0x00000000d5c38000,0x00000000d5c80000)
  to   space 512K, 0% used [0x00000000d5c80000,0x00000000d5c80000,0x00000000d5d00000)
 ParOldGen       total 120832K, used 120519K [0x0000000080000000, 0x0000000087600000, 0x00000000d5580000)
  object space 120832K, 99% used [0x0000000080000000,0x00000000875b1d88,0x0000000087600000)
 Metaspace       used 67630K, committed 69184K, reserved 1114112K
  class space    used 7033K, committed 7680K, reserved 1048576K
}
Event: 25.541 GC heap after
{Heap after GC invocations=227 (full 3):
 PSYoungGen      total 6144K, used 320K [0x00000000d5580000, 0x00000000d5d00000, 0x0000000100000000)
  eden space 5632K, 0% used [0x00000000d5580000,0x00000000d5580000,0x00000000d5b00000)
  from space 512K, 62% used [0x00000000d5c80000,0x00000000d5cd0000,0x00000000d5d00000)
  to   space 512K, 0% used [0x00000000d5c00000,0x00000000d5c00000,0x00000000d5c80000)
 ParOldGen       total 120832K, used 120663K [0x0000000080000000, 0x0000000087600000, 0x00000000d5580000)
  object space 120832K, 99% used [0x0000000080000000,0x00000000875d5d88,0x0000000087600000)
 Metaspace       used 67630K, committed 69184K, reserved 1114112K
  class space    used 7033K, committed 7680K, reserved 1048576K
}
Event: 25.550 GC heap before
{Heap before GC invocations=228 (full 3):
 PSYoungGen      total 6144K, used 5952K [0x00000000d5580000, 0x00000000d5d00000, 0x0000000100000000)
  eden space 5632K, 100% used [0x00000000d5580000,0x00000000d5b00000,0x00000000d5b00000)
  from space 512K, 62% used [0x00000000d5c80000,0x00000000d5cd0000,0x00000000d5d00000)
  to   space 512K, 0% used [0x00000000d5c00000,0x00000000d5c00000,0x00000000d5c80000)
 ParOldGen       total 120832K, used 120663K [0x0000000080000000, 0x0000000087600000, 0x00000000d5580000)
  object space 120832K, 99% used [0x0000000080000000,0x00000000875d5d88,0x0000000087600000)
 Metaspace       used 67630K, committed 69184K, reserved 1114112K
  class space    used 7033K, committed 7680K, reserved 1048576K
}
Event: 25.552 GC heap after
{Heap after GC invocations=228 (full 3):
 PSYoungGen      total 6144K, used 320K [0x00000000d5580000, 0x00000000d5d00000, 0x0000000100000000)
  eden space 5632K, 0% used [0x00000000d5580000,0x00000000d5580000,0x00000000d5b00000)
  from space 512K, 62% used [0x00000000d5c00000,0x00000000d5c50000,0x00000000d5c80000)
  to   space 512K, 0% used [0x00000000d5c80000,0x00000000d5c80000,0x00000000d5d00000)
 ParOldGen       total 120832K, used 120807K [0x0000000080000000, 0x0000000087600000, 0x00000000d5580000)
  object space 120832K, 99% used [0x0000000080000000,0x00000000875f9d88,0x0000000087600000)
 Metaspace       used 67630K, committed 69184K, reserved 1114112K
  class space    used 7033K, committed 7680K, reserved 1048576K
}
Event: 25.562 GC heap before
{Heap before GC invocations=229 (full 3):
 PSYoungGen      total 6144K, used 5952K [0x00000000d5580000, 0x00000000d5d00000, 0x0000000100000000)
  eden space 5632K, 100% used [0x00000000d5580000,0x00000000d5b00000,0x00000000d5b00000)
  from space 512K, 62% used [0x00000000d5c00000,0x00000000d5c50000,0x00000000d5c80000)
  to   space 512K, 0% used [0x00000000d5c80000,0x00000000d5c80000,0x00000000d5d00000)
 ParOldGen       total 120832K, used 120807K [0x0000000080000000, 0x0000000087600000, 0x00000000d5580000)
  object space 120832K, 99% used [0x0000000080000000,0x00000000875f9d88,0x0000000087600000)
 Metaspace       used 67630K, committed 69184K, reserved 1114112K
  class space    used 7033K, committed 7680K, reserved 1048576K
}
Event: 25.563 GC heap after
{Heap after GC invocations=229 (full 3):
 PSYoungGen      total 6144K, used 384K [0x00000000d5580000, 0x00000000d5d00000, 0x0000000100000000)
  eden space 5632K, 0% used [0x00000000d5580000,0x00000000d5580000,0x00000000d5b00000)
  from space 512K, 75% used [0x00000000d5c80000,0x00000000d5ce0000,0x00000000d5d00000)
  to   space 512K, 0% used [0x00000000d5c00000,0x00000000d5c00000,0x00000000d5c80000)
 ParOldGen       total 121344K, used 121015K [0x0000000080000000, 0x0000000087680000, 0x00000000d5580000)
  object space 121344K, 99% used [0x0000000080000000,0x000000008762dd88,0x0000000087680000)
 Metaspace       used 67630K, committed 69184K, reserved 1114112K
  class space    used 7033K, committed 7680K, reserved 1048576K
}
Event: 25.572 GC heap before
{Heap before GC invocations=230 (full 3):
 PSYoungGen      total 6144K, used 6016K [0x00000000d5580000, 0x00000000d5d00000, 0x0000000100000000)
  eden space 5632K, 100% used [0x00000000d5580000,0x00000000d5b00000,0x00000000d5b00000)
  from space 512K, 75% used [0x00000000d5c80000,0x00000000d5ce0000,0x00000000d5d00000)
  to   space 512K, 0% used [0x00000000d5c00000,0x00000000d5c00000,0x00000000d5c80000)
 ParOldGen       total 121344K, used 121015K [0x0000000080000000, 0x0000000087680000, 0x00000000d5580000)
  object space 121344K, 99% used [0x0000000080000000,0x000000008762dd88,0x0000000087680000)
 Metaspace       used 67630K, committed 69184K, reserved 1114112K
  class space    used 7033K, committed 7680K, reserved 1048576K
}
Event: 25.573 GC heap after
{Heap after GC invocations=230 (full 3):
 PSYoungGen      total 6144K, used 352K [0x00000000d5580000, 0x00000000d5d00000, 0x0000000100000000)
  eden space 5632K, 0% used [0x00000000d5580000,0x00000000d5580000,0x00000000d5b00000)
  from space 512K, 68% used [0x00000000d5c00000,0x00000000d5c58000,0x00000000d5c80000)
  to   space 512K, 0% used [0x00000000d5c80000,0x00000000d5c80000,0x00000000d5d00000)
 ParOldGen       total 121344K, used 121215K [0x0000000080000000, 0x0000000087680000, 0x00000000d5580000)
  object space 121344K, 99% used [0x0000000080000000,0x000000008765fd98,0x0000000087680000)
 Metaspace       used 67630K, committed 69184K, reserved 1114112K
  class space    used 7033K, committed 7680K, reserved 1048576K
}
Event: 25.578 GC heap before
{Heap before GC invocations=231 (full 3):
 PSYoungGen      total 6144K, used 5984K [0x00000000d5580000, 0x00000000d5d00000, 0x0000000100000000)
  eden space 5632K, 100% used [0x00000000d5580000,0x00000000d5b00000,0x00000000d5b00000)
  from space 512K, 68% used [0x00000000d5c00000,0x00000000d5c58000,0x00000000d5c80000)
  to   space 512K, 0% used [0x00000000d5c80000,0x00000000d5c80000,0x00000000d5d00000)
 ParOldGen       total 121344K, used 121215K [0x0000000080000000, 0x0000000087680000, 0x00000000d5580000)
  object space 121344K, 99% used [0x0000000080000000,0x000000008765fd98,0x0000000087680000)
 Metaspace       used 67630K, committed 69184K, reserved 1114112K
  class space    used 7033K, committed 7680K, reserved 1048576K
}

Dll operation events (10 events):
Event: 0.014 Loaded shared library c:\Users\TEJASHWINI S\.vscode\extensions\redhat.java-1.46.0-win32-x64\jre\21.0.8-win32-x86_64\bin\java.dll
Event: 0.088 Loaded shared library c:\Users\TEJASHWINI S\.vscode\extensions\redhat.java-1.46.0-win32-x64\jre\21.0.8-win32-x86_64\bin\zip.dll
Event: 0.115 Loaded shared library C:\Users\TEJASHWINI S\.vscode\extensions\redhat.java-1.46.0-win32-x64\jre\21.0.8-win32-x86_64\bin\instrument.dll
Event: 0.122 Loaded shared library C:\Users\TEJASHWINI S\.vscode\extensions\redhat.java-1.46.0-win32-x64\jre\21.0.8-win32-x86_64\bin\net.dll
Event: 0.127 Loaded shared library C:\Users\TEJASHWINI S\.vscode\extensions\redhat.java-1.46.0-win32-x64\jre\21.0.8-win32-x86_64\bin\nio.dll
Event: 0.130 Loaded shared library C:\Users\TEJASHWINI S\.vscode\extensions\redhat.java-1.46.0-win32-x64\jre\21.0.8-win32-x86_64\bin\zip.dll
Event: 0.155 Loaded shared library C:\Users\TEJASHWINI S\.vscode\extensions\redhat.java-1.46.0-win32-x64\jre\21.0.8-win32-x86_64\bin\jimage.dll
Event: 0.267 Loaded shared library c:\Users\TEJASHWINI S\.vscode\extensions\redhat.java-1.46.0-win32-x64\jre\21.0.8-win32-x86_64\bin\verify.dll
Event: 1.525 Loaded shared library C:\Users\TEJASHWINI S\AppData\Roaming\Code\User\globalStorage\redhat.java\1.46.0\config_win\org.eclipse.equinox.launcher\org.eclipse.equinox.launcher.win32.win32.x86_64_1.2.1400.v20250801-0854\eclipse_11916.dll
Event: 3.522 Loaded shared library C:\Users\TEJASHWINI S\AppData\Local\Temp\jna-300574461\jna10561596426462019079.dll

Deoptimization events (20 events):
Event: 25.158 Thread 0x00000288500eb5d0 DEOPT PACKING pc=0x00000288082016bc sp=0x000000dd4a0fe750
Event: 25.158 Thread 0x00000288500eb5d0 DEOPT UNPACKING pc=0x0000028807583aa2 sp=0x000000dd4a0fe708 mode 2
Event: 25.304 Thread 0x0000028853256e10 DEOPT PACKING pc=0x00000288009c99a0 sp=0x000000dd4befe550
Event: 25.304 Thread 0x0000028853256e10 DEOPT UNPACKING pc=0x0000028807584242 sp=0x000000dd4befda58 mode 3
Event: 25.305 Thread 0x0000028853256e10 Uncommon trap: trap_request=0xffffff45 fr.pc=0x00000288080647c8 relative=0x0000000000000d08
Event: 25.305 Thread 0x0000028853256e10 Uncommon trap: reason=unstable_if action=reinterpret pc=0x00000288080647c8 method=java.util.concurrent.ConcurrentHashMap.putVal(Ljava/lang/Object;Ljava/lang/Object;Z)Ljava/lang/Object; @ 245 c2
Event: 25.305 Thread 0x0000028853256e10 DEOPT PACKING pc=0x00000288080647c8 sp=0x000000dd4befe740
Event: 25.305 Thread 0x0000028853256e10 DEOPT UNPACKING pc=0x0000028807583aa2 sp=0x000000dd4befe6e8 mode 2
Event: 25.342 Thread 0x0000028853255a60 DEOPT PACKING pc=0x0000028800a6c4a6 sp=0x000000dd4b9fdcf0
Event: 25.342 Thread 0x0000028853255a60 DEOPT UNPACKING pc=0x0000028807584242 sp=0x000000dd4b9fd1e0 mode 0
Event: 25.502 Thread 0x00000288500ed010 DEOPT PACKING pc=0x0000028801a19a74 sp=0x000000dd49efe7e0
Event: 25.502 Thread 0x00000288500ed010 DEOPT UNPACKING pc=0x0000028807584242 sp=0x000000dd49efdce0 mode 0
Event: 25.515 Thread 0x00000288500eb5d0 Uncommon trap: trap_request=0xffffff45 fr.pc=0x0000028807d1a66c relative=0x000000000000086c
Event: 25.515 Thread 0x00000288500eb5d0 Uncommon trap: reason=unstable_if action=reinterpret pc=0x0000028807d1a66c method=jdk.internal.jrtfs.JrtFileSystem.checkNode(Ljdk/internal/jrtfs/JrtPath;)Ljdk/internal/jimage/ImageReader$Node; @ 16 c2
Event: 25.515 Thread 0x00000288500eb5d0 DEOPT PACKING pc=0x0000028807d1a66c sp=0x000000dd4a0fdfb0
Event: 25.515 Thread 0x00000288500eb5d0 DEOPT UNPACKING pc=0x0000028807583aa2 sp=0x000000dd4a0fdfc0 mode 2
Event: 25.517 Thread 0x00000288500eb5d0 Uncommon trap: trap_request=0xffffff45 fr.pc=0x0000028807b8cccc relative=0x000000000000114c
Event: 25.517 Thread 0x00000288500eb5d0 Uncommon trap: reason=unstable_if action=reinterpret pc=0x0000028807b8cccc method=org.eclipse.jdt.internal.core.util.Util.splitOn(CLjava/lang/String;II)[Ljava/lang/String; @ 16 c2
Event: 25.517 Thread 0x00000288500eb5d0 DEOPT PACKING pc=0x0000028807b8cccc sp=0x000000dd4a0fe850
Event: 25.517 Thread 0x00000288500eb5d0 DEOPT UNPACKING pc=0x0000028807583aa2 sp=0x000000dd4a0fe840 mode 2

Classes loaded (20 events):
Event: 21.686 Loading class java/util/Collections$SynchronizedRandomAccessList
Event: 21.687 Loading class java/util/Collections$SynchronizedList
Event: 21.688 Loading class java/util/Collections$SynchronizedList done
Event: 21.688 Loading class java/util/Collections$SynchronizedRandomAccessList done
Event: 21.706 Loading class java/util/concurrent/CompletableFuture$Signaller
Event: 21.707 Loading class java/util/concurrent/CompletableFuture$Signaller done
Event: 22.154 Loading class java/nio/charset/CharacterCodingException
Event: 22.155 Loading class java/nio/charset/CharacterCodingException done
Event: 22.155 Loading class java/io/SequenceInputStream
Event: 22.156 Loading class java/io/SequenceInputStream done
Event: 22.220 Loading class java/util/concurrent/CompletableFuture$UniApply
Event: 22.221 Loading class java/util/concurrent/CompletableFuture$UniApply done
Event: 22.222 Loading class java/util/concurrent/CompletableFuture$UniExceptionally
Event: 22.222 Loading class java/util/concurrent/CompletableFuture$UniExceptionally done
Event: 22.351 Loading class java/util/Hashtable$KeySet
Event: 22.352 Loading class java/util/Hashtable$KeySet done
Event: 22.707 Loading class java/lang/UnsupportedClassVersionError
Event: 22.708 Loading class java/lang/UnsupportedClassVersionError done
Event: 22.742 Loading class java/lang/invoke/MethodHandleImpl$CountingWrapper$1
Event: 22.744 Loading class java/lang/invoke/MethodHandleImpl$CountingWrapper$1 done

Classes unloaded (7 events):
Event: 4.059 Thread 0x0000028878963460 Unloading class 0x00000288101ab000 'java/lang/invoke/LambdaForm$MH+0x00000288101ab000'
Event: 4.059 Thread 0x0000028878963460 Unloading class 0x00000288101aac00 'java/lang/invoke/LambdaForm$MH+0x00000288101aac00'
Event: 4.059 Thread 0x0000028878963460 Unloading class 0x00000288101aa800 'java/lang/invoke/LambdaForm$MH+0x00000288101aa800'
Event: 4.059 Thread 0x0000028878963460 Unloading class 0x00000288101aa400 'java/lang/invoke/LambdaForm$MH+0x00000288101aa400'
Event: 4.059 Thread 0x0000028878963460 Unloading class 0x00000288101aa000 'java/lang/invoke/LambdaForm$BMH+0x00000288101aa000'
Event: 4.059 Thread 0x0000028878963460 Unloading class 0x00000288101a9c00 'java/lang/invoke/LambdaForm$DMH+0x00000288101a9c00'
Event: 4.059 Thread 0x0000028878963460 Unloading class 0x00000288101a8800 'java/lang/invoke/LambdaForm$DMH+0x00000288101a8800'

Classes redefined (0 events):
No events

Internal exceptions (20 events):
Event: 23.349 Thread 0x0000028853256e10 Exception <a 'sun/nio/fs/WindowsException'{0x00000000d5718d00}> (0x00000000d5718d00) 
thrown [s\src\hotspot\share\prims\jni.cpp, line 520]
Event: 23.349 Thread 0x0000028853256e10 Exception <a 'sun/nio/fs/WindowsException'{0x00000000d573fb00}> (0x00000000d573fb00) 
thrown [s\src\hotspot\share\prims\jni.cpp, line 520]
Event: 23.354 Thread 0x0000028853256e10 Exception <a 'sun/nio/fs/WindowsException'{0x00000000d59487e8}> (0x00000000d59487e8) 
thrown [s\src\hotspot\share\prims\jni.cpp, line 520]
Event: 23.354 Thread 0x0000028853256e10 Exception <a 'sun/nio/fs/WindowsException'{0x00000000d5949588}> (0x00000000d5949588) 
thrown [s\src\hotspot\share\prims\jni.cpp, line 520]
Event: 23.354 Thread 0x0000028853256e10 Exception <a 'sun/nio/fs/WindowsException'{0x00000000d594adc8}> (0x00000000d594adc8) 
thrown [s\src\hotspot\share\prims\jni.cpp, line 520]
Event: 23.355 Thread 0x0000028853256e10 Exception <a 'sun/nio/fs/WindowsException'{0x00000000d594b920}> (0x00000000d594b920) 
thrown [s\src\hotspot\share\prims\jni.cpp, line 520]
Event: 23.355 Thread 0x0000028853256e10 Exception <a 'sun/nio/fs/WindowsException'{0x00000000d5964c30}> (0x00000000d5964c30) 
thrown [s\src\hotspot\share\prims\jni.cpp, line 520]
Event: 23.355 Thread 0x0000028853256e10 Exception <a 'sun/nio/fs/WindowsException'{0x00000000d5965d30}> (0x00000000d5965d30) 
thrown [s\src\hotspot\share\prims\jni.cpp, line 520]
Event: 23.378 Thread 0x0000028853256e10 Exception <a 'sun/nio/fs/WindowsException'{0x00000000d5587048}> (0x00000000d5587048) 
thrown [s\src\hotspot\share\prims\jni.cpp, line 520]
Event: 23.379 Thread 0x0000028853256e10 Exception <a 'sun/nio/fs/WindowsException'{0x00000000d5599848}> (0x00000000d5599848) 
thrown [s\src\hotspot\share\prims\jni.cpp, line 520]
Event: 23.379 Thread 0x0000028853256e10 Exception <a 'sun/nio/fs/WindowsException'{0x00000000d55fa290}> (0x00000000d55fa290) 
thrown [s\src\hotspot\share\prims\jni.cpp, line 520]
Event: 23.379 Thread 0x0000028853256e10 Exception <a 'sun/nio/fs/WindowsException'{0x00000000d561aa18}> (0x00000000d561aa18) 
thrown [s\src\hotspot\share\prims\jni.cpp, line 520]
Event: 23.379 Thread 0x0000028853256e10 Exception <a 'sun/nio/fs/WindowsException'{0x00000000d5650dc0}> (0x00000000d5650dc0) 
thrown [s\src\hotspot\share\prims\jni.cpp, line 520]
Event: 23.380 Thread 0x0000028853256e10 Exception <a 'sun/nio/fs/WindowsException'{0x00000000d566e0d8}> (0x00000000d566e0d8) 
thrown [s\src\hotspot\share\prims\jni.cpp, line 520]
Event: 23.380 Thread 0x0000028853256e10 Exception <a 'sun/nio/fs/WindowsException'{0x00000000d56a8208}> (0x00000000d56a8208) 
thrown [s\src\hotspot\share\prims\jni.cpp, line 520]
Event: 23.380 Thread 0x0000028853256e10 Exception <a 'sun/nio/fs/WindowsException'{0x00000000d56c5df0}> (0x00000000d56c5df0) 
thrown [s\src\hotspot\share\prims\jni.cpp, line 520]
Event: 23.382 Thread 0x0000028853256e10 Exception <a 'sun/nio/fs/WindowsException'{0x00000000d56e4a38}> (0x00000000d56e4a38) 
thrown [s\src\hotspot\share\prims\jni.cpp, line 520]
Event: 23.382 Thread 0x0000028853256e10 Exception <a 'sun/nio/fs/WindowsException'{0x00000000d585df78}> (0x00000000d585df78) 
thrown [s\src\hotspot\share\prims\jni.cpp, line 520]
Event: 23.635 Thread 0x0000028853255a60 Implicit null exception at 0x00000288081a2d06 to 0x00000288081a2e10
Event: 25.221 Thread 0x0000028853255a60 Exception <a 'java/lang/IncompatibleClassChangeError'{0x00000000d58c5ae8}: Found class java.lang.Object, but interface was expected> (0x00000000d58c5ae8) 
thrown [s\src\hotspot\share\interpreter\linkResolver.cpp, line 840]

ZGC Phase Switch (0 events):
No events

VM Operations (20 events):
Event: 25.474 Executing VM operation: ParallelGCFailedAllocation (Allocation Failure) done
Event: 25.480 Executing VM operation: ParallelGCFailedAllocation (Allocation Failure)
Event: 25.497 Executing VM operation: ParallelGCFailedAllocation (Allocation Failure) done
Event: 25.497 Executing VM operation: HandshakeAllThreads (Deoptimize)
Event: 25.497 Executing VM operation: HandshakeAllThreads (Deoptimize) done
Event: 25.503 Executing VM operation: ParallelGCFailedAllocation (Allocation Failure)
Event: 25.504 Executing VM operation: ParallelGCFailedAllocation (Allocation Failure) done
Event: 25.512 Executing VM operation: ParallelGCFailedAllocation (Allocation Failure)
Event: 25.514 Executing VM operation: ParallelGCFailedAllocation (Allocation Failure) done
Event: 25.526 Executing VM operation: ParallelGCFailedAllocation (Allocation Failure)
Event: 25.527 Executing VM operation: ParallelGCFailedAllocation (Allocation Failure) done
Event: 25.539 Executing VM operation: ParallelGCFailedAllocation (Allocation Failure)
Event: 25.541 Executing VM operation: ParallelGCFailedAllocation (Allocation Failure) done
Event: 25.550 Executing VM operation: ParallelGCFailedAllocation (Allocation Failure)
Event: 25.552 Executing VM operation: ParallelGCFailedAllocation (Allocation Failure) done
Event: 25.561 Executing VM operation: ParallelGCFailedAllocation (Allocation Failure)
Event: 25.563 Executing VM operation: ParallelGCFailedAllocation (Allocation Failure) done
Event: 25.571 Executing VM operation: ParallelGCFailedAllocation (Allocation Failure)
Event: 25.573 Executing VM operation: ParallelGCFailedAllocation (Allocation Failure) done
Event: 25.578 Executing VM operation: ParallelGCFailedAllocation (Allocation Failure)

Memory protections (0 events):
No events

Nmethod flushes (20 events):
Event: 13.563 Thread 0x0000028878963460 flushing  nmethod 0x000002880081cb10
Event: 13.563 Thread 0x0000028878963460 flushing  nmethod 0x000002880081d890
Event: 13.563 Thread 0x0000028878963460 flushing  nmethod 0x000002880083cc90
Event: 13.563 Thread 0x0000028878963460 flushing  nmethod 0x0000028800846810
Event: 13.563 Thread 0x0000028878963460 flushing osr nmethod 0x000002880084eb10
Event: 13.563 Thread 0x0000028878963460 flushing  nmethod 0x0000028800893190
Event: 13.563 Thread 0x0000028878963460 flushing  nmethod 0x00000288008a4190
Event: 13.563 Thread 0x0000028878963460 flushing  nmethod 0x00000288008aea90
Event: 13.563 Thread 0x0000028878963460 flushing  nmethod 0x00000288008b6f10
Event: 13.563 Thread 0x0000028878963460 flushing  nmethod 0x00000288008bdf10
Event: 13.563 Thread 0x0000028878963460 flushing  nmethod 0x00000288008cb290
Event: 13.563 Thread 0x0000028878963460 flushing  nmethod 0x00000288008f1d10
Event: 13.563 Thread 0x0000028878963460 flushing  nmethod 0x0000028800910390
Event: 13.563 Thread 0x0000028878963460 flushing  nmethod 0x0000028800912490
Event: 13.563 Thread 0x0000028878963460 flushing  nmethod 0x000002880091c010
Event: 13.563 Thread 0x0000028878963460 flushing  nmethod 0x000002880091c610
Event: 13.563 Thread 0x0000028878963460 flushing  nmethod 0x000002880091ce90
Event: 13.563 Thread 0x0000028878963460 flushing  nmethod 0x000002880091f490
Event: 13.563 Thread 0x0000028878963460 flushing  nmethod 0x0000028800920f90
Event: 13.563 Thread 0x0000028878963460 flushing  nmethod 0x000002880096ae90

Events (20 events):
Event: 19.197 Thread 0x000002887a053890 Thread exited: 0x000002887a053890
Event: 19.197 Thread 0x000002887a04e9d0 Thread exited: 0x000002887a04e9d0
Event: 19.197 Thread 0x000002887a055960 Thread exited: 0x000002887a055960
Event: 19.197 Thread 0x000002887a053200 Thread exited: 0x000002887a053200
Event: 19.197 Thread 0x000002887a0552d0 Thread exited: 0x000002887a0552d0
Event: 20.072 Thread 0x00000288500ed6a0 Thread added: 0x000002887a04e9d0
Event: 20.072 Thread 0x00000288500ed6a0 Thread added: 0x000002887a055960
Event: 20.072 Thread 0x00000288500ed6a0 Thread added: 0x000002887a0545b0
Event: 20.072 Thread 0x00000288500ed6a0 Thread added: 0x000002887a052b70
Event: 20.072 Thread 0x00000288500ed6a0 Thread added: 0x000002887a0552d0
Event: 20.113 Thread 0x000002887a04e9d0 Thread exited: 0x000002887a04e9d0
Event: 20.113 Thread 0x000002887a0545b0 Thread exited: 0x000002887a0545b0
Event: 20.113 Thread 0x000002887a055960 Thread exited: 0x000002887a055960
Event: 20.113 Thread 0x000002887a0552d0 Thread exited: 0x000002887a0552d0
Event: 20.113 Thread 0x000002887a052b70 Thread exited: 0x000002887a052b70
Event: 20.115 Thread 0x0000028879cd7220 Thread added: 0x000002887f766a60
Event: 20.867 Thread 0x000002887f766a60 Thread exited: 0x000002887f766a60
Event: 21.107 Thread 0x0000028879cd7220 Thread added: 0x000002887f766a60
Event: 21.247 Thread 0x000002887f766a60 Thread exited: 0x000002887f766a60
Event: 21.598 Thread 0x0000028879cd7220 Thread added: 0x000002887f766a60


Dynamic libraries:
0x00007ff7dc8c0000 - 0x00007ff7dc8ce000 	c:\Users\TEJASHWINI S\.vscode\extensions\redhat.java-1.46.0-win32-x64\jre\21.0.8-win32-x86_64\bin\java.exe
0x00007ffe920a0000 - 0x00007ffe92309000 	C:\WINDOWS\SYSTEM32\ntdll.dll
0x00007ffe914a0000 - 0x00007ffe91569000 	C:\WINDOWS\System32\KERNEL32.DLL
0x00007ffe8f490000 - 0x00007ffe8f883000 	C:\WINDOWS\System32\KERNELBASE.dll
0x00007ffe8f890000 - 0x00007ffe8f9db000 	C:\WINDOWS\System32\ucrtbase.dll
0x00007ffe3e3c0000 - 0x00007ffe3e3de000 	c:\Users\TEJASHWINI S\.vscode\extensions\redhat.java-1.46.0-win32-x64\jre\21.0.8-win32-x86_64\bin\VCRUNTIME140.dll
0x00007ffe18480000 - 0x00007ffe18498000 	c:\Users\TEJASHWINI S\.vscode\extensions\redhat.java-1.46.0-win32-x64\jre\21.0.8-win32-x86_64\bin\jli.dll
0x00007ffe91b10000 - 0x00007ffe91cd4000 	C:\WINDOWS\System32\USER32.dll
0x00007ffe7c040000 - 0x00007ffe7c2d3000 	C:\WINDOWS\WinSxS\amd64_microsoft.windows.common-controls_6595b64144ccf1df_6.0.26100.5074_none_3e0d6f78e32fd63f\COMCTL32.dll
0x00007ffe8f460000 - 0x00007ffe8f487000 	C:\WINDOWS\System32\win32u.dll
0x00007ffe90e20000 - 0x00007ffe90ec9000 	C:\WINDOWS\System32\msvcrt.dll
0x00007ffe90fd0000 - 0x00007ffe90ffb000 	C:\WINDOWS\System32\GDI32.dll
0x00007ffe8fa80000 - 0x00007ffe8fbad000 	C:\WINDOWS\System32\gdi32full.dll
0x00007ffe8f230000 - 0x00007ffe8f2d3000 	C:\WINDOWS\System32\msvcp_win.dll
0x00007ffe91750000 - 0x00007ffe9177f000 	C:\WINDOWS\System32\IMM32.DLL
0x00007ffe608f0000 - 0x00007ffe608fc000 	c:\Users\TEJASHWINI S\.vscode\extensions\redhat.java-1.46.0-win32-x64\jre\21.0.8-win32-x86_64\bin\vcruntime140_1.dll
0x00007ffe0cad0000 - 0x00007ffe0cb5d000 	c:\Users\TEJASHWINI S\.vscode\extensions\redhat.java-1.46.0-win32-x64\jre\21.0.8-win32-x86_64\bin\msvcp140.dll
0x00007ffdbdca0000 - 0x00007ffdbea37000 	c:\Users\TEJASHWINI S\.vscode\extensions\redhat.java-1.46.0-win32-x64\jre\21.0.8-win32-x86_64\bin\server\jvm.dll
0x00007ffe90820000 - 0x00007ffe908d4000 	C:\WINDOWS\System32\ADVAPI32.dll
0x00007ffe916a0000 - 0x00007ffe91746000 	C:\WINDOWS\System32\sechost.dll
0x00007ffe91380000 - 0x00007ffe91498000 	C:\WINDOWS\System32\RPCRT4.dll
0x00007ffe907a0000 - 0x00007ffe90814000 	C:\WINDOWS\System32\WS2_32.dll
0x00007ffe86390000 - 0x00007ffe863c5000 	C:\WINDOWS\SYSTEM32\WINMM.dll
0x00007ffe882c0000 - 0x00007ffe882cb000 	C:\WINDOWS\SYSTEM32\VERSION.dll
0x00007ffe8f090000 - 0x00007ffe8f0ee000 	C:\WINDOWS\SYSTEM32\POWRPROF.dll
0x00007ffe8f070000 - 0x00007ffe8f084000 	C:\WINDOWS\SYSTEM32\UMPDC.dll
0x00007ffe8e010000 - 0x00007ffe8e02b000 	C:\WINDOWS\SYSTEM32\kernel.appcore.dll
0x00007ffe3fab0000 - 0x00007ffe3faba000 	c:\Users\TEJASHWINI S\.vscode\extensions\redhat.java-1.46.0-win32-x64\jre\21.0.8-win32-x86_64\bin\jimage.dll
0x00007ffe8cae0000 - 0x00007ffe8cd22000 	C:\WINDOWS\SYSTEM32\DBGHELP.DLL
0x00007ffe91000000 - 0x00007ffe9137b000 	C:\WINDOWS\System32\combase.dll
0x00007ffe915c0000 - 0x00007ffe91697000 	C:\WINDOWS\System32\OLEAUT32.dll
0x00007ffe78ca0000 - 0x00007ffe78cdd000 	C:\WINDOWS\SYSTEM32\dbgcore.DLL
0x00007ffe8f9e0000 - 0x00007ffe8fa79000 	C:\WINDOWS\System32\bcryptPrimitives.dll
0x00007ffe685b0000 - 0x00007ffe685bf000 	c:\Users\TEJASHWINI S\.vscode\extensions\redhat.java-1.46.0-win32-x64\jre\21.0.8-win32-x86_64\bin\instrument.dll
0x00007ffe14ed0000 - 0x00007ffe14eef000 	c:\Users\TEJASHWINI S\.vscode\extensions\redhat.java-1.46.0-win32-x64\jre\21.0.8-win32-x86_64\bin\java.dll
0x00007ffe90050000 - 0x00007ffe9079d000 	C:\WINDOWS\System32\SHELL32.dll
0x00007ffe8fc70000 - 0x00007ffe8fddc000 	C:\WINDOWS\System32\wintypes.dll
0x00007ffe8ced0000 - 0x00007ffe8d729000 	C:\WINDOWS\SYSTEM32\windows.storage.dll
0x00007ffe90ed0000 - 0x00007ffe90fc0000 	C:\WINDOWS\System32\SHCORE.dll
0x00007ffe91de0000 - 0x00007ffe91e42000 	C:\WINDOWS\System32\shlwapi.dll
0x00007ffe8f150000 - 0x00007ffe8f179000 	C:\WINDOWS\SYSTEM32\profapi.dll
0x00007ffe14980000 - 0x00007ffe14998000 	c:\Users\TEJASHWINI S\.vscode\extensions\redhat.java-1.46.0-win32-x64\jre\21.0.8-win32-x86_64\bin\zip.dll
0x00007ffe14930000 - 0x00007ffe14940000 	C:\Users\TEJASHWINI S\.vscode\extensions\redhat.java-1.46.0-win32-x64\jre\21.0.8-win32-x86_64\bin\net.dll
0x00007ffe868a0000 - 0x00007ffe869bf000 	C:\WINDOWS\SYSTEM32\WINHTTP.dll
0x00007ffe8e590000 - 0x00007ffe8e5fb000 	C:\WINDOWS\system32\mswsock.dll
0x00007ffe10c90000 - 0x00007ffe10ca6000 	C:\Users\TEJASHWINI S\.vscode\extensions\redhat.java-1.46.0-win32-x64\jre\21.0.8-win32-x86_64\bin\nio.dll
0x00007ffe89ed0000 - 0x00007ffe89ee0000 	c:\Users\TEJASHWINI S\.vscode\extensions\redhat.java-1.46.0-win32-x64\jre\21.0.8-win32-x86_64\bin\verify.dll
0x00007ffe86d10000 - 0x00007ffe86d54000 	C:\Users\TEJASHWINI S\AppData\Roaming\Code\User\globalStorage\redhat.java\1.46.0\config_win\org.eclipse.equinox.launcher\org.eclipse.equinox.launcher.win32.win32.x86_64_1.2.1400.v20250801-0854\eclipse_11916.dll
0x00007ffe91790000 - 0x00007ffe91928000 	C:\WINDOWS\System32\ole32.dll
0x00007ffe8e830000 - 0x00007ffe8e84b000 	C:\WINDOWS\SYSTEM32\CRYPTSP.dll
0x00007ffe8df70000 - 0x00007ffe8dfab000 	C:\WINDOWS\system32\rsaenh.dll
0x00007ffe8e630000 - 0x00007ffe8e65b000 	C:\WINDOWS\SYSTEM32\USERENV.dll
0x00007ffe8f120000 - 0x00007ffe8f146000 	C:\WINDOWS\SYSTEM32\bcrypt.dll
0x00007ffe8e850000 - 0x00007ffe8e85c000 	C:\WINDOWS\SYSTEM32\CRYPTBASE.dll
0x00007ffe8da30000 - 0x00007ffe8da64000 	C:\WINDOWS\SYSTEM32\IPHLPAPI.DLL
0x00007ffe91dd0000 - 0x00007ffe91dda000 	C:\WINDOWS\System32\NSI.dll
0x00007ffe86c90000 - 0x00007ffe86cd9000 	C:\Users\TEJASHWINI S\AppData\Local\Temp\jna-300574461\jna10561596426462019079.dll
0x00007ffe908f0000 - 0x00007ffe908f8000 	C:\WINDOWS\System32\PSAPI.DLL
0x00007ffe86690000 - 0x00007ffe866ae000 	C:\WINDOWS\SYSTEM32\dhcpcsvc6.DLL
0x00007ffe86660000 - 0x00007ffe86683000 	C:\WINDOWS\SYSTEM32\dhcpcsvc.DLL

JVMTI agents:
c:\Users\TEJASHWINI S\.vscode\extensions\redhat.java-1.46.0-win32-x64\lombok\lombok-1.18.39-4050.jar path:c:\Users\TEJASHWINI S\.vscode\extensions\redhat.java-1.46.0-win32-x64\jre\21.0.8-win32-x86_64\bin\instrument.dll, loaded, initialized, instrumentlib options:none

dbghelp: loaded successfully - version: 4.0.5 - missing functions: none
symbol engine: initialized successfully - sym options: 0x614 - pdb path: .;c:\Users\TEJASHWINI S\.vscode\extensions\redhat.java-1.46.0-win32-x64\jre\21.0.8-win32-x86_64\bin;C:\WINDOWS\SYSTEM32;C:\WINDOWS\WinSxS\amd64_microsoft.windows.common-controls_6595b64144ccf1df_6.0.26100.5074_none_3e0d6f78e32fd63f;c:\Users\TEJASHWINI S\.vscode\extensions\redhat.java-1.46.0-win32-x64\jre\21.0.8-win32-x86_64\bin\server;C:\Users\TEJASHWINI S\AppData\Roaming\Code\User\globalStorage\redhat.java\1.46.0\config_win\org.eclipse.equinox.launcher\org.eclipse.equinox.launcher.win32.win32.x86_64_1.2.1400.v20250801-0854;C:\Users\TEJASHWINI S\AppData\Local\Temp\jna-300574461

VM Arguments:
jvm_args: --add-modules=ALL-SYSTEM --add-opens=java.base/java.util=ALL-UNNAMED --add-opens=java.base/java.lang=ALL-UNNAMED --add-opens=java.base/sun.nio.fs=ALL-UNNAMED -Declipse.application=org.eclipse.jdt.ls.core.id1 -Dosgi.bundles.defaultStartLevel=4 -Declipse.product=org.eclipse.jdt.ls.core.product -Djava.import.generatesMetadataFilesAtProjectRoot=false -DDetectVMInstallationsJob.disabled=true -Dfile.encoding=utf8 -XX:+UseParallelGC -XX:GCTimeRatio=4 -XX:AdaptiveSizePolicyWeight=90 -Dsun.zip.disableMemoryMapping=true -Xmx2G -Xms100m -Xlog:disable -javaagent:c:\Users\TEJASHWINI S\.vscode\extensions\redhat.java-1.46.0-win32-x64\lombok\lombok-1.18.39-4050.jar -XX:+HeapDumpOnOutOfMemoryError -XX:HeapDumpPath=c:\Users\TEJASHWINI S\AppData\Roaming\Code\User\workspaceStorage\609db315db7d13efddf576384252da58\redhat.java -Daether.dependencyCollector.impl=bf 
java_command: c:\Users\TEJASHWINI S\.vscode\extensions\redhat.java-1.46.0-win32-x64\server\plugins\org.eclipse.equinox.launcher_1.7.0.v20250519-0528.jar -configuration c:\Users\TEJASHWINI S\AppData\Roaming\Code\User\globalStorage\redhat.java\1.46.0\config_win -data c:\Users\TEJASHWINI S\AppData\Roaming\Code\User\workspaceStorage\609db315db7d13efddf576384252da58\redhat.java\jdt_ws --pipe=\\.\pipe\lsp-64404543c8c8ee2ba5b7fc02b0aaad09-sock
java_class_path (initial): c:\Users\TEJASHWINI S\.vscode\extensions\redhat.java-1.46.0-win32-x64\server\plugins\org.eclipse.equinox.launcher_1.7.0.v20250519-0528.jar
Launcher Type: SUN_STANDARD

[Global flags]
    uintx AdaptiveSizePolicyWeight                 = 90                                        {product} {command line}
     intx CICompilerCount                          = 4                                         {product} {ergonomic}
    uintx GCTimeRatio                              = 4                                         {product} {command line}
     bool HeapDumpOnOutOfMemoryError               = true                                   {manageable} {command line}
    ccstr HeapDumpPath                             = c:\Users\TEJASHWINI S\AppData\Roaming\Code\User\workspaceStorage\609db315db7d13efddf576384252da58\redhat.java         {manageable} {command line}
   size_t InitialHeapSize                          = 104857600                                 {product} {command line}
   size_t MaxHeapSize                              = 2147483648                                {product} {command line}
   size_t MaxNewSize                               = 715653120                                 {product} {ergonomic}
   size_t MinHeapDeltaBytes                        = 524288                                    {product} {ergonomic}
   size_t MinHeapSize                              = 104857600                                 {product} {command line}
   size_t NewSize                                  = 34603008                                  {product} {ergonomic}
    uintx NonNMethodCodeHeapSize                   = 5839372                                {pd product} {ergonomic}
    uintx NonProfiledCodeHeapSize                  = 122909434                              {pd product} {ergonomic}
   size_t OldSize                                  = 70254592                                  {product} {ergonomic}
    uintx ProfiledCodeHeapSize                     = 122909434                              {pd product} {ergonomic}
    uintx ReservedCodeCacheSize                    = 251658240                              {pd product} {ergonomic}
     bool SegmentedCodeCache                       = true                                      {product} {ergonomic}
   size_t SoftMaxHeapSize                          = 2147483648                             {manageable} {ergonomic}
     bool UseCompressedOops                        = true                           {product lp64_product} {ergonomic}
     bool UseLargePagesIndividualAllocation        = false                                  {pd product} {ergonomic}
     bool UseParallelGC                            = true                                      {product} {command line}

Logging:
Log output configuration:
 #0: stdout all=off uptime,level,tags foldmultilines=false
 #1: stderr all=off uptime,level,tags foldmultilines=false

Environment Variables:
JAVA_HOME=C:\Program Files\Java\jdk-22
PATH=C:\Program Files\Common Files\Oracle\Java\javapath;C:\Program Files (x86)\VMware\VMware Workstation\bin\;C:\oraclexe\app\oracle\product\11.2.0\server\bin;C:\WINDOWS\system32;C:\WINDOWS;C:\WINDOWS\System32\Wbem;C:\WINDOWS\System32\WindowsPowerShell\v1.0\;C:\WINDOWS\System32\OpenSSH\;C:\Program Files (x86)\Microsoft SQL Server\160\Tools\Binn\;C:\Program Files\Microsoft SQL Server\160\Tools\Binn\;C:\Program Files\Microsoft SQL Server\Client SDK\ODBC\170\Tools\Binn\;C:\Program Files\Microsoft SQL Server\160\DTS\Binn\;C:\Program Files (x86)\Microsoft SQL Server\160\DTS\Binn\;C:\Program Files\Azure Data Studio\bin;C:\Program Files\Java\jdk-22\bin;C:\MinGW\bin;C:\Program Files\Git\cmd;C:\Program Files\Git\bin;C:\Program Files\nodejs\;C:\Program Files\MySQL\MySQL Server 9.1\bin;C:\Users\TEJASHWINI S\anaconda3\;C:\Users\TEJASHWINI S\anaconda3\Scripts\;C:\Users\TEJASHWINI S\anaconda3\Library\bin\;C:\Users\TEJASHWINI S\AppData\Roaming\npm;C:\Program Files\apache-maven-3.9.11\bin;C:\Users\TEJASHWINI S\AppData\Local\Programs\Python\Python313\Scripts\;C:\Users\TEJASHWINI S\AppData\Local\Programs\Python\Python313\;C:\Users\TEJASHWINI S\AppData\Local\Programs\Python\Python311\Scripts\;C:\Users\TEJASHWINI S\AppData\Local\Programs\Python\Python311\;C:\Users\TEJASHWINI S\AppData\Local\Programs\Python\Python312\Scripts\;C:\Users\TEJASHWINI S\AppData\Local\Programs\Python\Python312\;C:\Users\TEJASHWINI S\AppData\Local\Microsoft\WindowsApps;C:\Program Files\Azure Data Studio\bin;C:\Users\TEJASHWINI S\AppData\Local\Programs\Microsoft VS Code\bin;C:\Users\TEJASHWINI S\AppData\Roaming\npm;C:\Users\TEJASHWINI S\AppData\Local\Programs\cursor\resources\app\bin;
USERNAME=TEJASHWINI S
OS=Windows_NT
PROCESSOR_IDENTIFIER=AMD64 Family 23 Model 104 Stepping 1, AuthenticAMD
TMP=C:\Users\TEJASH~1\AppData\Local\Temp
TEMP=C:\Users\TEJASH~1\AppData\Local\Temp




Periodic native trim disabled

---------------  S Y S T E M  ---------------

OS:
 Windows 11 , 64 bit Build 26100 (10.0.26100.5074)
OS uptime: 2 days 9:24 hours

CPU: total 12 (initial active 12) (12 cores per cpu, 2 threads per core) family 23 model 104 stepping 1 microcode 0x8608103, cx8, cmov, fxsr, ht, mmx, 3dnowpref, sse, sse2, sse3, ssse3, sse4a, sse4.1, sse4.2, popcnt, lzcnt, tsc, tscinvbit, avx, avx2, aes, clmul, bmi1, bmi2, adx, sha, fma, vzeroupper, clflush, clflushopt, rdtscp, rdpid, f16c
Processor Information for the first 12 processors :
  Max Mhz: 2100, Current Mhz: 2100, Mhz Limit: 2100

Memory: 4k page, system-wide physical 6005M (493M free)
TotalPageFile size 24437M (AvailPageFile size 26M)
current process WorkingSet (physical memory assigned to process): 273M, peak: 326M
current process commit charge ("private bytes"): 436M, peak: 452M

vm_info: OpenJDK 64-Bit Server VM (21.0.8+9-LTS) for windows-amd64 JRE (21.0.8+9-LTS), built on 2025-07-15T00:00:00Z by "admin" with MS VC++ 17.7 (VS2022)

END.
