#
# There is insufficient memory for the Java Runtime Environment to continue.
# Native memory allocation (malloc) failed to allocate 1048576 bytes. Error detail: AllocateHeap
# Possible reasons:
#   The system is out of physical RAM or swap space
#   This process is running with CompressedOops enabled, and the Java Heap may be blocking the growth of the native heap
# Possible solutions:
#   Reduce memory load on the system
#   Increase physical memory or swap space
#   Check if swap backing store is full
#   Decrease Java heap size (-Xmx/-Xms)
#   Decrease number of Java threads
#   Decrease Java thread stack sizes (-Xss)
#   Set larger code cache with -XX:ReservedCodeCacheSize=
#   JVM is running with Unscaled Compressed Oops mode in which the Java heap is
#     placed in the first 4GB address space. The Java Heap base address is the
#     maximum limit for the native heap growth. Please use -XX:HeapBaseMinAddress
#     to set the Java Heap base and to place the Java Heap above 4GB virtual address.
# This output file may be truncated or incomplete.
#
#  Out of Memory Error (allocation.cpp:44), pid=20236, tid=26160
#
# JRE version:  (22.0.2+9) (build )
# Java VM: Java HotSpot(TM) 64-Bit Server VM (22.0.2+9-70, mixed mode, sharing, tiered, compressed oops, compressed class ptrs, g1 gc, windows-amd64)
# No core dump will be written. Minidumps are not enabled by default on client versions of Windows
#

---------------  S U M M A R Y ------------

Command Line: -Dnet.bytebuddy.agent.attacher.dump= net.bytebuddy.agent.Attacher com.sun.tools.attach.VirtualMachine 4852 C:\Users\TEJASHWINI S\.m2\repository\net\bytebuddy\byte-buddy-agent\1.17.7\byte-buddy-agent-1.17.7.jar false 

Host: AMD Ryzen 5 5500U with Radeon Graphics         , 12 cores, 5G,  Windows 11 , 64 bit Build 26100 (10.0.26100.5074)
Time: Wed Oct 15 05:30:24 2025 India Standard Time elapsed time: 1.014724 seconds (0d 0h 0m 1s)

---------------  T H R E A D  ---------------

Current thread (0x00000225dbe4f820):  JavaThread "Unknown thread" [_thread_in_vm, id=26160, stack(0x0000009e69400000,0x0000009e69500000) (1024K)]

Stack: [0x0000009e69400000,0x0000009e69500000]
Native frames: (J=compiled Java code, j=interpreted, Vv=VM code, C=native code)
V  [jvm.dll+0x6e26e9]  (no source info available)
V  [jvm.dll+0x875753]  (no source info available)
V  [jvm.dll+0x877b7e]  (no source info available)
V  [jvm.dll+0x878253]  (no source info available)
V  [jvm.dll+0x27fc86]  (no source info available)
V  [jvm.dll+0xbe877]  (no source info available)
V  [jvm.dll+0x335144]  (no source info available)
V  [jvm.dll+0x32d22e]  (no source info available)
V  [jvm.dll+0x83d5ac]  (no source info available)
V  [jvm.dll+0x3c10d1]  (no source info available)
V  [jvm.dll+0x8264cc]  (no source info available)
V  [jvm.dll+0x45bd5e]  (no source info available)
V  [jvm.dll+0x45dbe1]  (no source info available)
C  [jli.dll+0x52a3]  (no source info available)
C  [ucrtbase.dll+0x37b0]  (no source info available)
C  [KERNEL32.DLL+0x2e8d7]  (no source info available)
C  [ntdll.dll+0x8d9c]  (no source info available)


---------------  P R O C E S S  ---------------

Threads class SMR info:
_java_thread_list=0x00007ffee17ec1c8, length=0, elements={
}

Java Threads: ( => current thread )
Total: 0

Other Threads:
  0x00000225dbe97790 WorkerThread "GC Thread#0"                     [id=26856, stack(0x0000009e69500000,0x0000009e69600000) (1024K)]

[error occurred during error reporting (printing all threads), id 0xc0000005, EXCEPTION_ACCESS_VIOLATION (0xc0000005) at pc=0x00007ffee0f39c30]
VM state: not at safepoint (not fully initialized)

VM Mutex/Monitor currently owned by a thread:  ([mutex/lock_event])
[0x00007ffee186cc80] Heap_lock - owner thread: 0x00000225dbe4f820

Heap address: 0x00000000a2200000, size: 1502 MB, Compressed Oops mode: 32-bit

CDS archive(s) mapped at: [0x0000000000000000-0x0000000000000000-0x0000000000000000), size 0, SharedBaseAddress: 0x0000000800000000, ArchiveRelocationMode: 1.
Narrow klass base: 0x0000000000000000, Narrow klass shift: 0, Narrow klass range: 0x0

GC Precious Log:
 CardTable entry size: 512
 Card Set container configuration: InlinePtr #cards 5 size 8 Array Of Cards #cards 12 size 40 Howl #buckets 4 coarsen threshold 1843 Howl Bitmap #cards 512 size 80 coarsen threshold 460 Card regions per heap region 1 cards per card region 2048

Heap:
 garbage-first heap   total reserved 1538048K, committed 0K, used 0K [0x00000000a2200000, 0x0000000100000000)
  region size 1024K, 0 young (0K), 0 survivors (0K)

[error occurred during error reporting (printing heap information), id 0xc0000005, EXCEPTION_ACCESS_VIOLATION (0xc0000005) at pc=0x00007ffee133e869]
GC Heap History (0 events):
No events

Dll operation events (1 events):
Event: 0.009 Loaded shared library C:\Program Files\Java\jdk-22\bin\java.dll

Deoptimization events (0 events):
No events

Classes loaded (0 events):
No events

Classes unloaded (0 events):
No events

Classes redefined (0 events):
No events

Internal exceptions (0 events):
No events

ZGC Phase Switch (0 events):
No events

VM Operations (0 events):
No events

Memory protections (0 events):
No events

Nmethod flushes (0 events):
No events

Events (0 events):
No events


Dynamic libraries:
0x00007ff770570000 - 0x00007ff770580000 	C:\Program Files\Java\jdk-22\bin\java.exe
0x00007fff7d160000 - 0x00007fff7d3c9000 	C:\WINDOWS\SYSTEM32\ntdll.dll
0x00007fff7af30000 - 0x00007fff7aff9000 	C:\WINDOWS\System32\KERNEL32.DLL
0x00007fff7aaa0000 - 0x00007fff7ae93000 	C:\WINDOWS\System32\KERNELBASE.dll
0x00007fff7a5f0000 - 0x00007fff7a73b000 	C:\WINDOWS\System32\ucrtbase.dll
0x00007fff768d0000 - 0x00007fff768e7000 	C:\Program Files\Java\jdk-22\bin\jli.dll
0x00007fff767a0000 - 0x00007fff767bb000 	C:\Program Files\Java\jdk-22\bin\VCRUNTIME140.dll
0x00007fff7bfa0000 - 0x00007fff7c164000 	C:\WINDOWS\System32\USER32.dll
0x00007fff66770000 - 0x00007fff66a03000 	C:\WINDOWS\WinSxS\amd64_microsoft.windows.common-controls_6595b64144ccf1df_6.0.26100.5074_none_3e0d6f78e32fd63f\COMCTL32.dll
0x00007fff7a2f0000 - 0x00007fff7a317000 	C:\WINDOWS\System32\win32u.dll
0x00007fff7bbd0000 - 0x00007fff7bbfb000 	C:\WINDOWS\System32\GDI32.dll
0x00007fff7cb60000 - 0x00007fff7cc09000 	C:\WINDOWS\System32\msvcrt.dll
0x00007fff7a970000 - 0x00007fff7aa9d000 	C:\WINDOWS\System32\gdi32full.dll
0x00007fff7a8c0000 - 0x00007fff7a963000 	C:\WINDOWS\System32\msvcp_win.dll
0x00007fff7b100000 - 0x00007fff7b12f000 	C:\WINDOWS\System32\IMM32.DLL
0x00007fff76ca0000 - 0x00007fff76cac000 	C:\Program Files\Java\jdk-22\bin\vcruntime140_1.dll
0x00007fff3f880000 - 0x00007fff3f90e000 	C:\Program Files\Java\jdk-22\bin\msvcp140.dll
0x00007ffee0c00000 - 0x00007ffee1949000 	C:\Program Files\Java\jdk-22\bin\server\jvm.dll
0x00007fff7ca70000 - 0x00007fff7cb24000 	C:\WINDOWS\System32\ADVAPI32.dll
0x00007fff7c9c0000 - 0x00007fff7ca66000 	C:\WINDOWS\System32\sechost.dll
0x00007fff7cef0000 - 0x00007fff7d008000 	C:\WINDOWS\System32\RPCRT4.dll
0x00007fff7d020000 - 0x00007fff7d094000 	C:\WINDOWS\System32\WS2_32.dll
0x00007fff71570000 - 0x00007fff715a5000 	C:\WINDOWS\SYSTEM32\WINMM.dll
0x00007fff7a150000 - 0x00007fff7a1ae000 	C:\WINDOWS\SYSTEM32\POWRPROF.dll
0x00007fff73310000 - 0x00007fff7331b000 	C:\WINDOWS\SYSTEM32\VERSION.dll
0x00007fff7a130000 - 0x00007fff7a144000 	C:\WINDOWS\SYSTEM32\UMPDC.dll
0x00007fff79070000 - 0x00007fff7908b000 	C:\WINDOWS\SYSTEM32\kernel.appcore.dll
0x00007fff76890000 - 0x00007fff7689a000 	C:\Program Files\Java\jdk-22\bin\jimage.dll
0x00007fff77ba0000 - 0x00007fff77de2000 	C:\WINDOWS\SYSTEM32\DBGHELP.DLL
0x00007fff7bc00000 - 0x00007fff7bf7b000 	C:\WINDOWS\System32\combase.dll
0x00007fff7ba40000 - 0x00007fff7bb17000 	C:\WINDOWS\System32\OLEAUT32.dll
0x00007fff64d80000 - 0x00007fff64dbd000 	C:\WINDOWS\SYSTEM32\dbgcore.DLL
0x00007fff7a3e0000 - 0x00007fff7a479000 	C:\WINDOWS\System32\bcryptPrimitives.dll
0x00007fff735f0000 - 0x00007fff7360e000 	C:\Program Files\Java\jdk-22\bin\java.dll
0x00007fff7b2f0000 - 0x00007fff7ba3d000 	C:\WINDOWS\System32\SHELL32.dll
0x00007fff7a480000 - 0x00007fff7a5ec000 	C:\WINDOWS\System32\wintypes.dll
0x00007fff7c270000 - 0x00007fff7c408000 	C:\WINDOWS\System32\ole32.dll

dbghelp: loaded successfully - version: 4.0.5 - missing functions: none
symbol engine: initialized successfully - sym options: 0x614 - pdb path: .;C:\Program Files\Java\jdk-22\bin;C:\WINDOWS\SYSTEM32;C:\WINDOWS\WinSxS\amd64_microsoft.windows.common-controls_6595b64144ccf1df_6.0.26100.5074_none_3e0d6f78e32fd63f;C:\Program Files\Java\jdk-22\bin\server

VM Arguments:
jvm_args: -Dnet.bytebuddy.agent.attacher.dump= 
java_command: net.bytebuddy.agent.Attacher com.sun.tools.attach.VirtualMachine 4852 C:\Users\TEJASHWINI S\.m2\repository\net\bytebuddy\byte-buddy-agent\1.17.7\byte-buddy-agent-1.17.7.jar false 
java_class_path (initial): C:\Users\TEJASHWINI S\.m2\repository\net\bytebuddy\byte-buddy-agent\1.17.7\byte-buddy-agent-1.17.7.jar
Launcher Type: SUN_STANDARD

[Global flags]
     intx CICompilerCount                          = 4                                         {product} {ergonomic}
     uint ConcGCThreads                            = 3                                         {product} {ergonomic}
     uint G1ConcRefinementThreads                  = 10                                        {product} {ergonomic}
   size_t G1HeapRegionSize                         = 1048576                                   {product} {ergonomic}
   size_t InitialHeapSize                          = 98566144                                  {product} {ergonomic}
   size_t MarkStackSize                            = 4194304                                   {product} {ergonomic}
   size_t MaxHeapSize                              = 1574961152                                {product} {ergonomic}
   size_t MinHeapDeltaBytes                        = 1048576                                   {product} {ergonomic}
   size_t MinHeapSize                              = 8388608                                   {product} {ergonomic}
    uintx NonNMethodCodeHeapSize                   = 5839372                                {pd product} {ergonomic}
    uintx NonProfiledCodeHeapSize                  = 122909434                              {pd product} {ergonomic}
    uintx ProfiledCodeHeapSize                     = 122909434                              {pd product} {ergonomic}
    uintx ReservedCodeCacheSize                    = 251658240                              {pd product} {ergonomic}
     bool SegmentedCodeCache                       = true                                      {product} {ergonomic}
   size_t SoftMaxHeapSize                          = 1574961152                             {manageable} {ergonomic}
     bool UseCompressedOops                        = true                           {product lp64_product} {ergonomic}
     bool UseG1GC                                  = true                                      {product} {ergonomic}
     bool UseLargePagesIndividualAllocation        = false                                  {pd product} {ergonomic}

Logging:
Log output configuration:
 #0: stdout all=warning uptime,level,tags foldmultilines=false
 #1: stderr all=off uptime,level,tags foldmultilines=false

Environment Variables:
JAVA_HOME=C:\Program Files\Java\jdk-22
PATH=C:\Users\TEJASH~1\Documents\Anaconda;C:\Users\TEJASH~1\Documents\Anaconda\Library\mingw-w64\bin;C:\Users\TEJASH~1\Documents\Anaconda\Library\usr\bin;C:\Users\TEJASH~1\Documents\Anaconda\Library\bin;C:\Users\TEJASH~1\Documents\Anaconda\Scripts;C:\Users\TEJASH~1\Documents\Anaconda\bin;C:\Users\TEJASH~1\Documents\Anaconda\condabin;C:\Program Files\Common Files\Oracle\Java\javapath;C:\Program Files (x86)\VMware\VMware Workstation\bin;C:\oraclexe\app\oracle\product\11.2.0\server\bin;C:\WINDOWS\system32;C:\WINDOWS;C:\WINDOWS\System32\Wbem;C:\WINDOWS\System32\WindowsPowerShell\v1.0;C:\WINDOWS\System32\OpenSSH;C:\Program Files (x86)\Microsoft SQL Server\160\Tools\Binn;C:\Program Files\Microsoft SQL Server\160\Tools\Binn;C:\Program Files\Microsoft SQL Server\Client SDK\ODBC\170\Tools\Binn;C:\Program Files\Microsoft SQL Server\160\DTS\Binn;C:\Program Files (x86)\Microsoft SQL Server\160\DTS\Binn;C:\Program Files\Azure Data Studio\bin;C:\Program Files\Java\jdk-22\bin;C:\MinGW\bin;C:\Program Files\Git\cmd;C:\Program Files\Git\bin;C:\Program Files\nodejs;C:\Program Files\MySQL\MySQL Server 9.1\bin;C:\Users\TEJASHWINI S\anaconda3;C:\Users\TEJASHWINI S\anaconda3\Scripts;C:\Users\TEJASHWINI S\anaconda3\Library\bin;C:\Users\TEJASHWINI S\AppData\Roaming\npm;C:\Program Files\apache-maven-3.9.11\bin;C:\Users\TEJASHWINI S\AppData\Local\Programs\Python\Python313\Scripts;C:\Users\TEJASHWINI S\AppData\Local\Programs\Python\Python313;C:\Users\TEJASHWINI S\AppData\Local\Programs\Python\Python311\Scripts;C:\Users\TEJASHWINI S\AppData\Local\Programs\Python\Python311;C:\Users\TEJASHWINI S\AppData\Local\Programs\Python\Python312\Scripts;C:\Users\TEJASHWINI S\AppData\Local\Programs\Python\Python312;C:\Users\TEJASHWINI S\AppData\Local\Microsoft\WindowsApps;C:\Program Files\Azure Data Studio\bin;C:\Users\TEJASHWINI S\AppData\Local\Programs\Microsoft VS Code\bin;C:\Users\TEJASHWINI S\AppData\Roaming\npm;C:\Users\TEJASHWINI S\AppData\Local\Programs\cursor\resources\app\bin;.
USERNAME=TEJASHWINI S
LANG=en_US.UTF-8
OS=Windows_NT
PROCESSOR_IDENTIFIER=AMD64 Family 23 Model 104 Stepping 1, AuthenticAMD
TMP=C:\Users\TEJASH~1\AppData\Local\Temp
TEMP=C:\Users\TEJASH~1\AppData\Local\Temp




Periodic native trim disabled

---------------  S Y S T E M  ---------------

OS:
 Windows 11 , 64 bit Build 26100 (10.0.26100.5074)
OS uptime: 0 days 11:17 hours

CPU: total 12 (initial active 12) (12 cores per cpu, 2 threads per core) family 23 model 104 stepping 1 microcode 0x8608103, cx8, cmov, fxsr, ht, mmx, 3dnowpref, sse, sse2, sse3, ssse3, sse4a, sse4.1, sse4.2, popcnt, lzcnt, tsc, tscinvbit, avx, avx2, aes, clmul, bmi1, bmi2, adx, sha, fma, vzeroupper, clflush, clflushopt, rdtscp, rdpid, f16c
Processor Information for processor 0
  Max Mhz: 2100, Current Mhz: 2100, Mhz Limit: 2100
Processor Information for processor 1
  Max Mhz: 2100, Current Mhz: 2100, Mhz Limit: 2100
Processor Information for processor 2
  Max Mhz: 2100, Current Mhz: 2100, Mhz Limit: 2100
Processor Information for processor 3
  Max Mhz: 2100, Current Mhz: 1988, Mhz Limit: 2100
Processor Information for processor 4
  Max Mhz: 2100, Current Mhz: 1988, Mhz Limit: 2100
Processor Information for processor 5
  Max Mhz: 2100, Current Mhz: 2100, Mhz Limit: 2100
Processor Information for processor 6
  Max Mhz: 2100, Current Mhz: 1988, Mhz Limit: 2100
Processor Information for processor 7
  Max Mhz: 2100, Current Mhz: 1988, Mhz Limit: 2100
Processor Information for processor 8
  Max Mhz: 2100, Current Mhz: 2100, Mhz Limit: 2100
Processor Information for processor 9
  Max Mhz: 2100, Current Mhz: 1988, Mhz Limit: 2100
Processor Information for processor 10
  Max Mhz: 2100, Current Mhz: 1988, Mhz Limit: 2100
Processor Information for processor 11
  Max Mhz: 2100, Current Mhz: 1988, Mhz Limit: 2100

Memory: 4k page, system-wide physical 6005M (413M free)
TotalPageFile size 24437M (AvailPageFile size 5M)
current process WorkingSet (physical memory assigned to process): 13M, peak: 13M
current process commit charge ("private bytes"): 54M, peak: 55M

vm_info: Java HotSpot(TM) 64-Bit Server VM (22.0.2+9-70) for windows-amd64 JRE (22.0.2+9-70), built on 2024-06-04T16:52:23Z by "mach5one" with MS VC++ 17.6 (VS2022)

END.
