#
# There is insufficient memory for the Java Runtime Environment to continue.
# Native memory allocation (mmap) failed to map 105906176 bytes. Error detail: G1 virtual space
# Possible reasons:
#   The system is out of physical RAM or swap space
#   This process is running with CompressedOops enabled, and the Java Heap may be blocking the growth of the native heap
# Possible solutions:
#   Reduce memory load on the system
#   Increase physical memory or swap space
#   Check if swap backing store is full
#   Decrease Java heap size (-Xmx/-Xms)
#   Decrease number of Java threads
#   Decrease Java thread stack sizes (-Xss)
#   Set larger code cache with -XX:ReservedCodeCacheSize=
#   JVM is running with Unscaled Compressed Oops mode in which the Java heap is
#     placed in the first 4GB address space. The Java Heap base address is the
#     maximum limit for the native heap growth. Please use -XX:HeapBaseMinAddress
#     to set the Java Heap base and to place the Java Heap above 4GB virtual address.
# This output file may be truncated or incomplete.
#
#  Out of Memory Error (os_windows.cpp:3631), pid=26576, tid=23476
#
# JRE version: Java(TM) SE Runtime Environment (22.0.2+9) (build 22.0.2+9-70)
# Java VM: Java HotSpot(TM) 64-Bit Server VM (22.0.2+9-70, mixed mode, sharing, tiered, compressed oops, compressed class ptrs, g1 gc, windows-amd64)
# No core dump will be written. Minidumps are not enabled by default on client versions of Windows
#

---------------  S U M M A R Y ------------

Command Line: --enable-native-access=ALL-UNNAMED -Dclassworlds.conf=C:\Program Files\apache-maven-3.9.11\bin\m2.conf -Dmaven.home=C:\Program Files\apache-maven-3.9.11 -Dlibrary.jansi.path=C:\Program Files\apache-maven-3.9.11\lib\jansi-native -Dmaven.multiModuleProjectDirectory=C:\Users\TEJASHWINI S\Desktop\CursorCopy\expensemate_backend\expensemate-backend org.codehaus.plexus.classworlds.launcher.Launcher spring-boot:run -X

Host: AMD Ryzen 5 5500U with Radeon Graphics         , 12 cores, 5G,  Windows 11 , 64 bit Build 26100 (10.0.26100.5074)
Time: Fri Oct 10 17:39:48 2025 India Standard Time elapsed time: 14.184483 seconds (0d 0h 0m 14s)

---------------  T H R E A D  ---------------

Current thread (0x000001dff96c5df0):  VMThread "VM Thread"          [id=23476, stack(0x0000002170600000,0x0000002170700000) (1024K)]

Stack: [0x0000002170600000,0x0000002170700000]
Native frames: (J=compiled Java code, j=interpreted, Vv=VM code, C=native code)
V  [jvm.dll+0x6e26e9]  (no source info available)
V  [jvm.dll+0x875753]  (no source info available)
V  [jvm.dll+0x877b7e]  (no source info available)
V  [jvm.dll+0x878253]  (no source info available)
V  [jvm.dll+0x27fc86]  (no source info available)
V  [jvm.dll+0x6ded85]  (no source info available)
V  [jvm.dll+0x6d388a]  (no source info available)
V  [jvm.dll+0x358b8a]  (no source info available)
V  [jvm.dll+0x3610b6]  (no source info available)
V  [jvm.dll+0x3b419e]  (no source info available)
V  [jvm.dll+0x3b4448]  (no source info available)
V  [jvm.dll+0x32c5ec]  (no source info available)
V  [jvm.dll+0x32c677]  (no source info available)
V  [jvm.dll+0x37244c]  (no source info available)
V  [jvm.dll+0x370b46]  (no source info available)
V  [jvm.dll+0x32bcd7]  (no source info available)
V  [jvm.dll+0x370304]  (no source info available)
V  [jvm.dll+0x87e0f0]  (no source info available)
V  [jvm.dll+0x87f477]  (no source info available)
V  [jvm.dll+0x87f9f0]  (no source info available)
V  [jvm.dll+0x87fc93]  (no source info available)
V  [jvm.dll+0x81dc0b]  (no source info available)
V  [jvm.dll+0x6e0d85]  (no source info available)
C  [ucrtbase.dll+0x37b0]  (no source info available)
C  [KERNEL32.DLL+0x2e8d7]  (no source info available)
C  [ntdll.dll+0x8d9c]  (no source info available)

VM_Operation (0x000000216fffe230): G1CollectForAllocation, mode: safepoint, requested by thread 0x000001dfdb347390


---------------  P R O C E S S  ---------------

Threads class SMR info:
_java_thread_list=0x000001dfc66e7460, length=12, elements={
0x000001dfdb347390, 0x000001dff96e7cf0, 0x000001dff96e8510, 0x000001dff96ed550,
0x000001dff96edcf0, 0x000001dff96f2880, 0x000001dff96f6480, 0x000001dff9709590,
0x000001dff970b110, 0x000001dfc5225c50, 0x000001dfc5231920, 0x000001dfc63d5770
}

Java Threads: ( => current thread )
  0x000001dfdb347390 JavaThread "main"                              [_thread_blocked, id=24288, stack(0x000000216ff00000,0x0000002170000000) (1024K)]
  0x000001dff96e7cf0 JavaThread "Reference Handler"          daemon [_thread_blocked, id=10184, stack(0x0000002170700000,0x0000002170800000) (1024K)]
  0x000001dff96e8510 JavaThread "Finalizer"                  daemon [_thread_blocked, id=7976, stack(0x0000002170800000,0x0000002170900000) (1024K)]
  0x000001dff96ed550 JavaThread "Signal Dispatcher"          daemon [_thread_blocked, id=24780, stack(0x0000002170900000,0x0000002170a00000) (1024K)]
  0x000001dff96edcf0 JavaThread "Attach Listener"            daemon [_thread_blocked, id=25300, stack(0x0000002170a00000,0x0000002170b00000) (1024K)]
  0x000001dff96f2880 JavaThread "Service Thread"             daemon [_thread_blocked, id=25200, stack(0x0000002170b00000,0x0000002170c00000) (1024K)]
  0x000001dff96f6480 JavaThread "Monitor Deflation Thread"   daemon [_thread_blocked, id=11880, stack(0x0000002170c00000,0x0000002170d00000) (1024K)]
  0x000001dff9709590 JavaThread "C2 CompilerThread0"         daemon [_thread_blocked, id=19676, stack(0x0000002170d00000,0x0000002170e00000) (1024K)]
  0x000001dff970b110 JavaThread "C1 CompilerThread0"         daemon [_thread_blocked, id=25412, stack(0x0000002170e00000,0x0000002170f00000) (1024K)]
  0x000001dfc5225c50 JavaThread "Notification Thread"        daemon [_thread_blocked, id=1504, stack(0x0000002170f00000,0x0000002171000000) (1024K)]
  0x000001dfc5231920 JavaThread "Common-Cleaner"             daemon [_thread_blocked, id=22456, stack(0x0000002171000000,0x0000002171100000) (1024K)]
  0x000001dfc63d5770 JavaThread "Thread-1"                   daemon [_thread_blocked, id=24732, stack(0x0000002171b00000,0x0000002171c00000) (1024K)]
Total: 12

Other Threads:
=>0x000001dff96c5df0 VMThread "VM Thread"                           [id=23476, stack(0x0000002170600000,0x0000002170700000) (1024K)]
  0x000001dff96aac50 WatcherThread "VM Periodic Task Thread"        [id=25476, stack(0x0000002170500000,0x0000002170600000) (1024K)]
  0x000001dfdb558f00 WorkerThread "GC Thread#0"                     [id=21236, stack(0x0000002170000000,0x0000002170100000) (1024K)]
  0x000001dfc5f43630 WorkerThread "GC Thread#1"                     [id=18888, stack(0x0000002171200000,0x0000002171300000) (1024K)]
  0x000001dfc5cea4c0 WorkerThread "GC Thread#2"                     [id=4448, stack(0x0000002171300000,0x0000002171400000) (1024K)]
  0x000001dfc5ebbee0 WorkerThread "GC Thread#3"                     [id=3796, stack(0x0000002171400000,0x0000002171500000) (1024K)]
  0x000001dfc5ebc290 WorkerThread "GC Thread#4"                     [id=9212, stack(0x0000002171500000,0x0000002171600000) (1024K)]
  0x000001dfc5ebc640 WorkerThread "GC Thread#5"                     [id=25440, stack(0x0000002171600000,0x0000002171700000) (1024K)]
  0x000001dfc5ebc9f0 WorkerThread "GC Thread#6"                     [id=23464, stack(0x0000002171700000,0x0000002171800000) (1024K)]
  0x000001dfc5ebcda0 WorkerThread "GC Thread#7"                     [id=9496, stack(0x0000002171800000,0x0000002171900000) (1024K)]
  0x000001dfc60040e0 WorkerThread "GC Thread#8"                     [id=15448, stack(0x0000002171900000,0x0000002171a00000) (1024K)]
  0x000001dfc6299bd0 WorkerThread "GC Thread#9"                     [id=20528, stack(0x0000002171a00000,0x0000002171b00000) (1024K)]
  0x000001dfdb565a60 ConcurrentGCThread "G1 Main Marker"            [id=20064, stack(0x0000002170100000,0x0000002170200000) (1024K)]
  0x000001dfdb567300 WorkerThread "G1 Conc#0"                       [id=9832, stack(0x0000002170200000,0x0000002170300000) (1024K)]
  0x000001dfdb5ce3f0 ConcurrentGCThread "G1 Refine#0"               [id=14952, stack(0x0000002170300000,0x0000002170400000) (1024K)]
  0x000001dfdb5ce990 ConcurrentGCThread "G1 Service"                [id=22872, stack(0x0000002170400000,0x0000002170500000) (1024K)]
Total: 16

Threads with active compile tasks:
Total: 0

VM state: at safepoint (normal execution)

VM Mutex/Monitor currently owned by a thread:  ([mutex/lock_event])
[0x00007ffa9073cb80] Threads_lock - owner thread: 0x000001dff96c5df0
[0x00007ffa9073cc80] Heap_lock - owner thread: 0x000001dfdb347390

Heap address: 0x00000000a2200000, size: 1502 MB, Compressed Oops mode: 32-bit

CDS archive(s) mapped at: [0x000001df80000000-0x000001df80c60000-0x000001df80c60000), size 12976128, SharedBaseAddress: 0x000001df80000000, ArchiveRelocationMode: 1.
Compressed class space mapped at: 0x000001df81000000-0x000001dfc1000000, reserved size: 1073741824
Narrow klass base: 0x000001df80000000, Narrow klass shift: 0, Narrow klass range: 0x41000000

GC Precious Log:
 CardTable entry size: 512
 Card Set container configuration: InlinePtr #cards 5 size 8 Array Of Cards #cards 12 size 40 Howl #buckets 4 coarsen threshold 1843 Howl Bitmap #cards 512 size 80 coarsen threshold 460 Card regions per heap region 1 cards per card region 2048
 CPUs: 12 total, 12 available
 Memory: 6005M
 Large Page Support: Disabled
 NUMA Support: Disabled
 Compressed Oops: Enabled (32-bit)
 Heap Region Size: 1M
 Heap Min Capacity: 8M
 Heap Initial Capacity: 94M
 Heap Max Capacity: 1502M
 Pre-touch: Disabled
 Parallel Workers: 10
 Concurrent Workers: 3
 Concurrent Refinement Workers: 10
 Periodic GC: Disabled

Heap:
 garbage-first heap   total reserved 1538048K, committed 103424K, used 21042K [0x00000000a2200000, 0x0000000100000000)
  region size 1024K, 1 young (1024K), 1 survivors (1024K)
 Metaspace       used 18995K, committed 19264K, reserved 1114112K
  class space    used 2171K, committed 2304K, reserved 1048576K

Heap Regions: E=young(eden), S=young(survivor), O=old, HS=humongous(starts), HC=humongous(continues), CS=collection set, F=free, TAMS=top-at-mark-start, PB=parsable bottom
|   0|0x00000000a2200000, 0x00000000a2300000, 0x00000000a2300000|100%| O|  |TAMS 0x00000000a2200000| PB 0x00000000a2200000| Untracked |  0
|   1|0x00000000a2300000, 0x00000000a2400000, 0x00000000a2400000|100%| O|  |TAMS 0x00000000a2300000| PB 0x00000000a2300000| Untracked |  0
|   2|0x00000000a2400000, 0x00000000a2500000, 0x00000000a2500000|100%| O|  |TAMS 0x00000000a2400000| PB 0x00000000a2400000| Untracked |  0
|   3|0x00000000a2500000, 0x00000000a2600000, 0x00000000a2600000|100%| O|  |TAMS 0x00000000a2500000| PB 0x00000000a2500000| Untracked |  0
|   4|0x00000000a2600000, 0x00000000a2700000, 0x00000000a2700000|100%| O|  |TAMS 0x00000000a2600000| PB 0x00000000a2600000| Untracked |  0
|   5|0x00000000a2700000, 0x00000000a2800000, 0x00000000a2800000|100%| O|  |TAMS 0x00000000a2700000| PB 0x00000000a2700000| Untracked |  0
|   6|0x00000000a2800000, 0x00000000a2900000, 0x00000000a2900000|100%| O|  |TAMS 0x00000000a2800000| PB 0x00000000a2800000| Untracked |  0
|   7|0x00000000a2900000, 0x00000000a2a00000, 0x00000000a2a00000|100%| O|  |TAMS 0x00000000a2900000| PB 0x00000000a2900000| Untracked |  0
|   8|0x00000000a2a00000, 0x00000000a2b00000, 0x00000000a2b00000|100%| O|  |TAMS 0x00000000a2a00000| PB 0x00000000a2a00000| Untracked |  0
|   9|0x00000000a2b00000, 0x00000000a2c00000, 0x00000000a2c00000|100%| O|  |TAMS 0x00000000a2b00000| PB 0x00000000a2b00000| Untracked |  0
|  10|0x00000000a2c00000, 0x00000000a2d00000, 0x00000000a2d00000|100%| O|  |TAMS 0x00000000a2c00000| PB 0x00000000a2c00000| Untracked |  0
|  11|0x00000000a2d00000, 0x00000000a2e00000, 0x00000000a2e00000|100%| O|  |TAMS 0x00000000a2d00000| PB 0x00000000a2d00000| Untracked |  0
|  12|0x00000000a2e00000, 0x00000000a2f00000, 0x00000000a2f00000|100%| O|  |TAMS 0x00000000a2e00000| PB 0x00000000a2e00000| Untracked |  0
|  13|0x00000000a2f00000, 0x00000000a3000000, 0x00000000a3000000|100%| O|  |TAMS 0x00000000a2f00000| PB 0x00000000a2f00000| Untracked |  0
|  14|0x00000000a3000000, 0x00000000a3100000, 0x00000000a3100000|100%| O|  |TAMS 0x00000000a3000000| PB 0x00000000a3000000| Untracked |  0
|  15|0x00000000a3100000, 0x00000000a3200000, 0x00000000a3200000|100%| O|  |TAMS 0x00000000a3100000| PB 0x00000000a3100000| Untracked |  0
|  16|0x00000000a3200000, 0x00000000a3300000, 0x00000000a3300000|100%| O|  |TAMS 0x00000000a3200000| PB 0x00000000a3200000| Untracked |  0
|  17|0x00000000a3300000, 0x00000000a3400000, 0x00000000a3400000|100%| O|  |TAMS 0x00000000a3300000| PB 0x00000000a3300000| Untracked |  0
|  18|0x00000000a3400000, 0x00000000a3500000, 0x00000000a3500000|100%| O|  |TAMS 0x00000000a3400000| PB 0x00000000a3400000| Untracked |  0
|  19|0x00000000a3500000, 0x00000000a358cb80, 0x00000000a3600000| 54%| O|  |TAMS 0x00000000a3500000| PB 0x00000000a3500000| Untracked |  0
|  20|0x00000000a3600000, 0x00000000a3600000, 0x00000000a3700000|  0%| F|  |TAMS 0x00000000a3600000| PB 0x00000000a3600000| Untracked |  0
|  21|0x00000000a3700000, 0x00000000a3700000, 0x00000000a3800000|  0%| F|  |TAMS 0x00000000a3700000| PB 0x00000000a3700000| Untracked |  0
|  22|0x00000000a3800000, 0x00000000a3800000, 0x00000000a3900000|  0%| F|  |TAMS 0x00000000a3800000| PB 0x00000000a3800000| Untracked |  0
|  23|0x00000000a3900000, 0x00000000a3900000, 0x00000000a3a00000|  0%| F|  |TAMS 0x00000000a3900000| PB 0x00000000a3900000| Untracked |  0
|  24|0x00000000a3a00000, 0x00000000a3a00000, 0x00000000a3b00000|  0%| F|  |TAMS 0x00000000a3a00000| PB 0x00000000a3a00000| Untracked |  0
|  25|0x00000000a3b00000, 0x00000000a3b00000, 0x00000000a3c00000|  0%| F|  |TAMS 0x00000000a3b00000| PB 0x00000000a3b00000| Untracked |  0
|  26|0x00000000a3c00000, 0x00000000a3c00000, 0x00000000a3d00000|  0%| F|  |TAMS 0x00000000a3c00000| PB 0x00000000a3c00000| Untracked |  0
|  27|0x00000000a3d00000, 0x00000000a3d00000, 0x00000000a3e00000|  0%| F|  |TAMS 0x00000000a3d00000| PB 0x00000000a3d00000| Untracked |  0
|  28|0x00000000a3e00000, 0x00000000a3e00000, 0x00000000a3f00000|  0%| F|  |TAMS 0x00000000a3e00000| PB 0x00000000a3e00000| Untracked |  0
|  29|0x00000000a3f00000, 0x00000000a3f00000, 0x00000000a4000000|  0%| F|  |TAMS 0x00000000a3f00000| PB 0x00000000a3f00000| Untracked |  0
|  30|0x00000000a4000000, 0x00000000a4000000, 0x00000000a4100000|  0%| F|  |TAMS 0x00000000a4000000| PB 0x00000000a4000000| Untracked |  0
|  31|0x00000000a4100000, 0x00000000a4100000, 0x00000000a4200000|  0%| F|  |TAMS 0x00000000a4100000| PB 0x00000000a4100000| Untracked |  0
|  32|0x00000000a4200000, 0x00000000a4200000, 0x00000000a4300000|  0%| F|  |TAMS 0x00000000a4200000| PB 0x00000000a4200000| Untracked |  0
|  33|0x00000000a4300000, 0x00000000a4300000, 0x00000000a4400000|  0%| F|  |TAMS 0x00000000a4300000| PB 0x00000000a4300000| Untracked |  0
|  34|0x00000000a4400000, 0x00000000a4400000, 0x00000000a4500000|  0%| F|  |TAMS 0x00000000a4400000| PB 0x00000000a4400000| Untracked |  0
|  35|0x00000000a4500000, 0x00000000a4500000, 0x00000000a4600000|  0%| F|  |TAMS 0x00000000a4500000| PB 0x00000000a4500000| Untracked |  0
|  36|0x00000000a4600000, 0x00000000a4600000, 0x00000000a4700000|  0%| F|  |TAMS 0x00000000a4600000| PB 0x00000000a4600000| Untracked |  0
|  37|0x00000000a4700000, 0x00000000a4700000, 0x00000000a4800000|  0%| F|  |TAMS 0x00000000a4700000| PB 0x00000000a4700000| Untracked |  0
|  38|0x00000000a4800000, 0x00000000a4800000, 0x00000000a4900000|  0%| F|  |TAMS 0x00000000a4800000| PB 0x00000000a4800000| Untracked |  0
|  39|0x00000000a4900000, 0x00000000a4900000, 0x00000000a4a00000|  0%| F|  |TAMS 0x00000000a4900000| PB 0x00000000a4900000| Untracked |  0
|  40|0x00000000a4a00000, 0x00000000a4a00000, 0x00000000a4b00000|  0%| F|  |TAMS 0x00000000a4a00000| PB 0x00000000a4a00000| Untracked |  0
|  41|0x00000000a4b00000, 0x00000000a4b00000, 0x00000000a4c00000|  0%| F|  |TAMS 0x00000000a4b00000| PB 0x00000000a4b00000| Untracked |  0
|  42|0x00000000a4c00000, 0x00000000a4c00000, 0x00000000a4d00000|  0%| F|  |TAMS 0x00000000a4c00000| PB 0x00000000a4c00000| Untracked |  0
|  43|0x00000000a4d00000, 0x00000000a4d00000, 0x00000000a4e00000|  0%| F|  |TAMS 0x00000000a4d00000| PB 0x00000000a4d00000| Untracked |  0
|  44|0x00000000a4e00000, 0x00000000a4e00000, 0x00000000a4f00000|  0%| F|  |TAMS 0x00000000a4e00000| PB 0x00000000a4e00000| Untracked |  0
|  45|0x00000000a4f00000, 0x00000000a4f00000, 0x00000000a5000000|  0%| F|  |TAMS 0x00000000a4f00000| PB 0x00000000a4f00000| Untracked |  0
|  46|0x00000000a5000000, 0x00000000a5000000, 0x00000000a5100000|  0%| F|  |TAMS 0x00000000a5000000| PB 0x00000000a5000000| Untracked |  0
|  47|0x00000000a5100000, 0x00000000a5100000, 0x00000000a5200000|  0%| F|  |TAMS 0x00000000a5100000| PB 0x00000000a5100000| Untracked |  0
|  48|0x00000000a5200000, 0x00000000a5200000, 0x00000000a5300000|  0%| F|  |TAMS 0x00000000a5200000| PB 0x00000000a5200000| Untracked |  0
|  49|0x00000000a5300000, 0x00000000a5300000, 0x00000000a5400000|  0%| F|  |TAMS 0x00000000a5300000| PB 0x00000000a5300000| Untracked |  0
|  50|0x00000000a5400000, 0x00000000a5400000, 0x00000000a5500000|  0%| F|  |TAMS 0x00000000a5400000| PB 0x00000000a5400000| Untracked |  0
|  51|0x00000000a5500000, 0x00000000a5500000, 0x00000000a5600000|  0%| F|  |TAMS 0x00000000a5500000| PB 0x00000000a5500000| Untracked |  0
|  52|0x00000000a5600000, 0x00000000a5600000, 0x00000000a5700000|  0%| F|  |TAMS 0x00000000a5600000| PB 0x00000000a5600000| Untracked |  0
|  53|0x00000000a5700000, 0x00000000a5700000, 0x00000000a5800000|  0%| F|  |TAMS 0x00000000a5700000| PB 0x00000000a5700000| Untracked |  0
|  54|0x00000000a5800000, 0x00000000a5800000, 0x00000000a5900000|  0%| F|  |TAMS 0x00000000a5800000| PB 0x00000000a5800000| Untracked |  0
|  55|0x00000000a5900000, 0x00000000a5900000, 0x00000000a5a00000|  0%| F|  |TAMS 0x00000000a5900000| PB 0x00000000a5900000| Untracked |  0
|  56|0x00000000a5a00000, 0x00000000a5a00000, 0x00000000a5b00000|  0%| F|  |TAMS 0x00000000a5a00000| PB 0x00000000a5a00000| Untracked |  0
|  57|0x00000000a5b00000, 0x00000000a5b00000, 0x00000000a5c00000|  0%| F|  |TAMS 0x00000000a5b00000| PB 0x00000000a5b00000| Untracked |  0
|  58|0x00000000a5c00000, 0x00000000a5c00000, 0x00000000a5d00000|  0%| F|  |TAMS 0x00000000a5c00000| PB 0x00000000a5c00000| Untracked |  0
|  59|0x00000000a5d00000, 0x00000000a5d00000, 0x00000000a5e00000|  0%| F|  |TAMS 0x00000000a5d00000| PB 0x00000000a5d00000| Untracked |  0
|  60|0x00000000a5e00000, 0x00000000a5e00000, 0x00000000a5f00000|  0%| F|  |TAMS 0x00000000a5e00000| PB 0x00000000a5e00000| Untracked |  0
|  61|0x00000000a5f00000, 0x00000000a5f00000, 0x00000000a6000000|  0%| F|  |TAMS 0x00000000a5f00000| PB 0x00000000a5f00000| Untracked |  0
|  62|0x00000000a6000000, 0x00000000a6000000, 0x00000000a6100000|  0%| F|  |TAMS 0x00000000a6000000| PB 0x00000000a6000000| Untracked |  0
|  63|0x00000000a6100000, 0x00000000a6100000, 0x00000000a6200000|  0%| F|  |TAMS 0x00000000a6100000| PB 0x00000000a6100000| Untracked |  0
|  64|0x00000000a6200000, 0x00000000a6200000, 0x00000000a6300000|  0%| F|  |TAMS 0x00000000a6200000| PB 0x00000000a6200000| Untracked |  0
|  65|0x00000000a6300000, 0x00000000a6300000, 0x00000000a6400000|  0%| F|  |TAMS 0x00000000a6300000| PB 0x00000000a6300000| Untracked |  0
|  66|0x00000000a6400000, 0x00000000a6400000, 0x00000000a6500000|  0%| F|  |TAMS 0x00000000a6400000| PB 0x00000000a6400000| Untracked |  0
|  67|0x00000000a6500000, 0x00000000a6500000, 0x00000000a6600000|  0%| F|  |TAMS 0x00000000a6500000| PB 0x00000000a6500000| Untracked |  0
|  68|0x00000000a6600000, 0x00000000a6600000, 0x00000000a6700000|  0%| F|  |TAMS 0x00000000a6600000| PB 0x00000000a6600000| Untracked |  0
|  69|0x00000000a6700000, 0x00000000a6700000, 0x00000000a6800000|  0%| F|  |TAMS 0x00000000a6700000| PB 0x00000000a6700000| Untracked |  0
|  70|0x00000000a6800000, 0x00000000a6800000, 0x00000000a6900000|  0%| F|  |TAMS 0x00000000a6800000| PB 0x00000000a6800000| Untracked |  0
|  71|0x00000000a6900000, 0x00000000a6900000, 0x00000000a6a00000|  0%| F|  |TAMS 0x00000000a6900000| PB 0x00000000a6900000| Untracked |  0
|  72|0x00000000a6a00000, 0x00000000a6a00000, 0x00000000a6b00000|  0%| F|  |TAMS 0x00000000a6a00000| PB 0x00000000a6a00000| Untracked |  0
|  73|0x00000000a6b00000, 0x00000000a6b00000, 0x00000000a6c00000|  0%| F|  |TAMS 0x00000000a6b00000| PB 0x00000000a6b00000| Untracked |  0
|  74|0x00000000a6c00000, 0x00000000a6c00000, 0x00000000a6d00000|  0%| F|  |TAMS 0x00000000a6c00000| PB 0x00000000a6c00000| Untracked |  0
|  75|0x00000000a6d00000, 0x00000000a6d00000, 0x00000000a6e00000|  0%| F|  |TAMS 0x00000000a6d00000| PB 0x00000000a6d00000| Untracked |  0
|  76|0x00000000a6e00000, 0x00000000a6e00000, 0x00000000a6f00000|  0%| F|  |TAMS 0x00000000a6e00000| PB 0x00000000a6e00000| Untracked |  0
|  77|0x00000000a6f00000, 0x00000000a6f00000, 0x00000000a7000000|  0%| F|  |TAMS 0x00000000a6f00000| PB 0x00000000a6f00000| Untracked |  0
|  78|0x00000000a7000000, 0x00000000a7000000, 0x00000000a7100000|  0%| F|  |TAMS 0x00000000a7000000| PB 0x00000000a7000000| Untracked |  0
|  79|0x00000000a7100000, 0x00000000a7100000, 0x00000000a7200000|  0%| F|  |TAMS 0x00000000a7100000| PB 0x00000000a7100000| Untracked |  0
|  80|0x00000000a7200000, 0x00000000a7200000, 0x00000000a7300000|  0%| F|  |TAMS 0x00000000a7200000| PB 0x00000000a7200000| Untracked |  0
|  81|0x00000000a7300000, 0x00000000a7300000, 0x00000000a7400000|  0%| F|  |TAMS 0x00000000a7300000| PB 0x00000000a7300000| Untracked |  0
|  82|0x00000000a7400000, 0x00000000a7400000, 0x00000000a7500000|  0%| F|  |TAMS 0x00000000a7400000| PB 0x00000000a7400000| Untracked |  0
|  83|0x00000000a7500000, 0x00000000a7500000, 0x00000000a7600000|  0%| F|  |TAMS 0x00000000a7500000| PB 0x00000000a7500000| Untracked |  0
|  84|0x00000000a7600000, 0x00000000a7600000, 0x00000000a7700000|  0%| F|  |TAMS 0x00000000a7600000| PB 0x00000000a7600000| Untracked |  0
|  85|0x00000000a7700000, 0x00000000a7700000, 0x00000000a7800000|  0%| F|  |TAMS 0x00000000a7700000| PB 0x00000000a7700000| Untracked |  0
|  86|0x00000000a7800000, 0x00000000a7800000, 0x00000000a7900000|  0%| F|  |TAMS 0x00000000a7800000| PB 0x00000000a7800000| Untracked |  0
|  87|0x00000000a7900000, 0x00000000a7900000, 0x00000000a7a00000|  0%| F|  |TAMS 0x00000000a7900000| PB 0x00000000a7900000| Untracked |  0
|  88|0x00000000a7a00000, 0x00000000a7a00000, 0x00000000a7b00000|  0%| F|  |TAMS 0x00000000a7a00000| PB 0x00000000a7a00000| Untracked |  0
|  89|0x00000000a7b00000, 0x00000000a7b00000, 0x00000000a7c00000|  0%| F|  |TAMS 0x00000000a7b00000| PB 0x00000000a7b00000| Untracked |  0
|  90|0x00000000a7c00000, 0x00000000a7c00000, 0x00000000a7d00000|  0%| F|  |TAMS 0x00000000a7c00000| PB 0x00000000a7c00000| Untracked |  0
|  91|0x00000000a7d00000, 0x00000000a7d00000, 0x00000000a7e00000|  0%| F|  |TAMS 0x00000000a7d00000| PB 0x00000000a7d00000| Untracked |  0
|  92|0x00000000a7e00000, 0x00000000a7f00000, 0x00000000a7f00000|100%| S|CS|TAMS 0x00000000a7e00000| PB 0x00000000a7e00000| Complete |  0
|  93|0x00000000a7f00000, 0x00000000a7f00000, 0x00000000a8000000|  0%| F|  |TAMS 0x00000000a7f00000| PB 0x00000000a7f00000| Untracked |  0
|  94|0x00000000a8000000, 0x00000000a8000000, 0x00000000a8100000|  0%| F|  |TAMS 0x00000000a8000000| PB 0x00000000a8000000| Untracked |  0
|  95|0x00000000a8100000, 0x00000000a8100000, 0x00000000a8200000|  0%| F|  |TAMS 0x00000000a8100000| PB 0x00000000a8100000| Untracked |  0
|  96|0x00000000a8200000, 0x00000000a8200000, 0x00000000a8300000|  0%| F|  |TAMS 0x00000000a8200000| PB 0x00000000a8200000| Untracked |  0
|  97|0x00000000a8300000, 0x00000000a8300000, 0x00000000a8400000|  0%| F|  |TAMS 0x00000000a8300000| PB 0x00000000a8300000| Untracked |  0
|  98|0x00000000a8400000, 0x00000000a8400000, 0x00000000a8500000|  0%| F|  |TAMS 0x00000000a8400000| PB 0x00000000a8400000| Untracked |  0
|  99|0x00000000a8500000, 0x00000000a8500000, 0x00000000a8600000|  0%| F|  |TAMS 0x00000000a8500000| PB 0x00000000a8500000| Untracked |  0
| 100|0x00000000a8600000, 0x00000000a8600000, 0x00000000a8700000|  0%| F|  |TAMS 0x00000000a8600000| PB 0x00000000a8600000| Untracked |  0

Card table byte_map: [0x000001dff4fc0000,0x000001dff52b0000] _byte_map_base: 0x000001dff4aaf000

Marking Bits: (CMBitMap*) 0x000001dfdb559520
 Bits: [0x000001dff52b0000, 0x000001dff6a28000)

Polling page: 0x000001dfdb5d0000

Metaspace:

Usage:
  Non-class:     16.43 MB used.
      Class:      2.12 MB used.
       Both:     18.55 MB used.

Virtual space:
  Non-class space:       64.00 MB reserved,      16.56 MB ( 26%) committed,  1 nodes.
      Class space:        1.00 GB reserved,       2.25 MB ( <1%) committed,  1 nodes.
             Both:        1.06 GB reserved,      18.81 MB (  2%) committed. 

Chunk freelists:
   Non-Class:  15.19 MB
       Class:  13.63 MB
        Both:  28.82 MB

MaxMetaspaceSize: unlimited
CompressedClassSpaceSize: 1.00 GB
Initial GC threshold: 21.00 MB
Current GC threshold: 21.00 MB
CDS: on
 - commit_granule_bytes: 65536.
 - commit_granule_words: 8192.
 - virtual_space_node_default_size: 8388608.
 - enlarge_chunks_in_place: 1.
 - use_allocation_guard: 0.


Internal statistics:

num_allocs_failed_limit: 0.
num_arena_births: 198.
num_arena_deaths: 0.
num_vsnodes_births: 2.
num_vsnodes_deaths: 0.
num_space_committed: 301.
num_space_uncommitted: 0.
num_chunks_returned_to_freelist: 0.
num_chunks_taken_from_freelist: 858.
num_chunk_merges: 0.
num_chunk_splits: 596.
num_chunks_enlarged: 483.
num_inconsistent_stats: 0.

CodeHeap 'non-profiled nmethods': size=120000Kb used=2951Kb max_used=2951Kb free=117049Kb
 bounds [0x000001dfecb10000, 0x000001dfece00000, 0x000001dff4040000]
CodeHeap 'profiled nmethods': size=120000Kb used=11645Kb max_used=11645Kb free=108354Kb
 bounds [0x000001dfe5040000, 0x000001dfe5ba0000, 0x000001dfec570000]
CodeHeap 'non-nmethods': size=5760Kb used=1435Kb max_used=1482Kb free=4324Kb
 bounds [0x000001dfec570000, 0x000001dfec7e0000, 0x000001dfecb10000]
 total_blobs=5895 nmethods=5373 adapters=426
 compilation: enabled
              stopped_count=0, restarted_count=0
 full_count=0

Compilation events (20 events):
Event: 12.025 Thread 0x000001dff9709590 5364       4       jdk.internal.ref.PhantomCleanable::<init> (49 bytes)
Event: 12.026 Thread 0x000001dff970b110 5365       3       org.springframework.asm.ClassReader::readUtf (161 bytes)
Event: 12.027 Thread 0x000001dff970b110 nmethod 5365 0x000001dfe5b97290 code [0x000001dfe5b97460, 0x000001dfe5b978b0]
Event: 12.030 Thread 0x000001dff970b110 5367       3       org.springframework.asm.ClassReader::readInt (52 bytes)
Event: 12.030 Thread 0x000001dff970b110 nmethod 5367 0x000001dfe5b97b90 code [0x000001dfe5b97d20, 0x000001dfe5b97ef8]
Event: 12.032 Thread 0x000001dff970b110 5368       3       org.springframework.asm.ClassReader::readUtf (44 bytes)
Event: 12.033 Thread 0x000001dff970b110 nmethod 5368 0x000001dfe5b98010 code [0x000001dfe5b981e0, 0x000001dfe5b985c8]
Event: 12.034 Thread 0x000001dff970b110 5369       3       org.springframework.asm.ClassReader::readUTF8 (23 bytes)
Event: 12.034 Thread 0x000001dff970b110 nmethod 5369 0x000001dfe5b98790 code [0x000001dfe5b98960, 0x000001dfe5b98ba8]
Event: 12.045 Thread 0x000001dff9709590 nmethod 5364 0x000001dfecdef490 code [0x000001dfecdef680, 0x000001dfecdf0168]
Event: 12.045 Thread 0x000001dff9709590 5366       4       org.springframework.asm.ClassReader::readUnsignedShort (26 bytes)
Event: 12.046 Thread 0x000001dff9709590 nmethod 5366 0x000001dfecdf0490 code [0x000001dfecdf0620, 0x000001dfecdf0728]
Event: 12.108 Thread 0x000001dff9709590 5370       4       org.springframework.asm.ClassReader::readInt (52 bytes)
Event: 12.110 Thread 0x000001dff9709590 nmethod 5370 0x000001dfecdf0810 code [0x000001dfecdf09a0, 0x000001dfecdf0ac0]
Event: 12.115 Thread 0x000001dff970b110 5371       3       org.springframework.asm.ClassReader::readMethod (1061 bytes)
Event: 12.117 Thread 0x000001dff9709590 5373       4       org.springframework.asm.ClassReader::readUtf (161 bytes)
Event: 12.122 Thread 0x000001dff970b110 nmethod 5371 0x000001dfe5b98c90 code [0x000001dfe5b99400, 0x000001dfe5b9d3a0]
Event: 12.123 Thread 0x000001dff970b110 5372       3       org.springframework.boot.loader.tools.MainClassFinder$ClassDescriptor::visitMethod (49 bytes)
Event: 12.123 Thread 0x000001dff970b110 nmethod 5372 0x000001dfe5b9ef10 code [0x000001dfe5b9f100, 0x000001dfe5b9f458]
Event: 12.137 Thread 0x000001dff9709590 nmethod 5373 0x000001dfecdf0b90 code [0x000001dfecdf0d60, 0x000001dfecdf17a8]

GC Heap History (13 events):
Event: 1.403 GC heap before
{Heap before GC invocations=0 (full 0):
 garbage-first heap   total reserved 1538048K, committed 96256K, used 24576K [0x00000000a2200000, 0x0000000100000000)
  region size 1024K, 24 young (24576K), 0 survivors (0K)
 Metaspace       used 5594K, committed 5760K, reserved 1114112K
  class space    used 671K, committed 768K, reserved 1048576K
}
Event: 1.417 GC heap after
{Heap after GC invocations=1 (full 0):
 garbage-first heap   total reserved 1538048K, committed 96256K, used 3808K [0x00000000a2200000, 0x0000000100000000)
  region size 1024K, 3 young (3072K), 3 survivors (3072K)
 Metaspace       used 5594K, committed 5760K, reserved 1114112K
  class space    used 671K, committed 768K, reserved 1048576K
}
Event: 2.333 GC heap before
{Heap before GC invocations=1 (full 0):
 garbage-first heap   total reserved 1538048K, committed 96256K, used 36576K [0x00000000a2200000, 0x0000000100000000)
  region size 1024K, 35 young (35840K), 3 survivors (3072K)
 Metaspace       used 10146K, committed 10304K, reserved 1114112K
  class space    used 1242K, committed 1344K, reserved 1048576K
}
Event: 2.341 GC heap after
{Heap after GC invocations=2 (full 0):
 garbage-first heap   total reserved 1538048K, committed 96256K, used 6176K [0x00000000a2200000, 0x0000000100000000)
  region size 1024K, 3 young (3072K), 3 survivors (3072K)
 Metaspace       used 10146K, committed 10304K, reserved 1114112K
  class space    used 1242K, committed 1344K, reserved 1048576K
}
Event: 3.941 GC heap before
{Heap before GC invocations=2 (full 0):
 garbage-first heap   total reserved 1538048K, committed 96256K, used 60448K [0x00000000a2200000, 0x0000000100000000)
  region size 1024K, 56 young (57344K), 3 survivors (3072K)
 Metaspace       used 15586K, committed 15808K, reserved 1114112K
  class space    used 1883K, committed 1984K, reserved 1048576K
}
Event: 3.959 GC heap after
{Heap after GC invocations=3 (full 0):
 garbage-first heap   total reserved 1538048K, committed 96256K, used 12696K [0x00000000a2200000, 0x0000000100000000)
  region size 1024K, 7 young (7168K), 7 survivors (7168K)
 Metaspace       used 15586K, committed 15808K, reserved 1114112K
  class space    used 1883K, committed 1984K, reserved 1048576K
}
Event: 4.945 GC heap before
{Heap before GC invocations=3 (full 0):
 garbage-first heap   total reserved 1538048K, committed 96256K, used 62872K [0x00000000a2200000, 0x0000000100000000)
  region size 1024K, 56 young (57344K), 7 survivors (7168K)
 Metaspace       used 16112K, committed 16384K, reserved 1114112K
  class space    used 1897K, committed 1984K, reserved 1048576K
}
Event: 4.957 GC heap after
{Heap after GC invocations=4 (full 0):
 garbage-first heap   total reserved 1538048K, committed 96256K, used 15688K [0x00000000a2200000, 0x0000000100000000)
  region size 1024K, 3 young (3072K), 3 survivors (3072K)
 Metaspace       used 16112K, committed 16384K, reserved 1114112K
  class space    used 1897K, committed 1984K, reserved 1048576K
}
Event: 5.504 GC heap before
{Heap before GC invocations=4 (full 0):
 garbage-first heap   total reserved 1538048K, committed 96256K, used 52552K [0x00000000a2200000, 0x0000000100000000)
  region size 1024K, 20 young (20480K), 3 survivors (3072K)
 Metaspace       used 17299K, committed 17600K, reserved 1114112K
  class space    used 2022K, committed 2176K, reserved 1048576K
}
Event: 5.510 GC heap after
{Heap after GC invocations=5 (full 0):
 garbage-first heap   total reserved 1538048K, committed 96256K, used 37505K [0x00000000a2200000, 0x0000000100000000)
  region size 1024K, 4 young (4096K), 4 survivors (4096K)
 Metaspace       used 17299K, committed 17600K, reserved 1114112K
  class space    used 2022K, committed 2176K, reserved 1048576K
}
Event: 9.951 GC heap before
{Heap before GC invocations=5 (full 0):
 garbage-first heap   total reserved 1538048K, committed 96256K, used 95873K [0x00000000a2200000, 0x0000000100000000)
  region size 1024K, 49 young (50176K), 4 survivors (4096K)
 Metaspace       used 18887K, committed 19200K, reserved 1114112K
  class space    used 2168K, committed 2304K, reserved 1048576K
}
Event: 11.990 GC heap after
{Heap after GC invocations=6 (full 0):
 garbage-first heap   total reserved 1538048K, committed 103424K, used 20118K [0x00000000a2200000, 0x0000000100000000)
  region size 1024K, 7 young (7168K), 7 survivors (7168K)
 Metaspace       used 18887K, committed 19200K, reserved 1114112K
  class space    used 2168K, committed 2304K, reserved 1048576K
}
Event: 12.147 GC heap before
{Heap before GC invocations=6 (full 0):
 garbage-first heap   total reserved 1538048K, committed 103424K, used 21142K [0x00000000a2200000, 0x0000000100000000)
  region size 1024K, 8 young (8192K), 7 survivors (7168K)
 Metaspace       used 18995K, committed 19264K, reserved 1114112K
  class space    used 2171K, committed 2304K, reserved 1048576K
}

Dll operation events (8 events):
Event: 0.016 Loaded shared library C:\Program Files\Java\jdk-22\bin\java.dll
Event: 0.066 Loaded shared library C:\Program Files\Java\jdk-22\bin\jsvml.dll
Event: 0.099 Loaded shared library C:\Program Files\Java\jdk-22\bin\net.dll
Event: 0.103 Loaded shared library C:\Program Files\Java\jdk-22\bin\nio.dll
Event: 0.111 Loaded shared library C:\Program Files\Java\jdk-22\bin\zip.dll
Event: 0.398 Loaded shared library C:\Program Files\Java\jdk-22\bin\jimage.dll
Event: 0.401 Loaded shared library C:\Program Files\apache-maven-3.9.11\lib\jansi-native\Windows\x86_64\jansi.dll
Event: 0.427 Loaded shared library C:\Program Files\Java\jdk-22\bin\verify.dll

Deoptimization events (20 events):
Event: 9.917 Thread 0x000001dfdb347390 Uncommon trap: trap_request=0xffffff45 fr.pc=0x000001dfecc09d30 relative=0x0000000000000ef0
Event: 9.917 Thread 0x000001dfdb347390 Uncommon trap: reason=unstable_if action=reinterpret pc=0x000001dfecc09d30 method=com.google.inject.internal.MoreTypes.canonicalize(Ljava/lang/reflect/Type;)Ljava/lang/reflect/Type; @ 16 c2
Event: 9.917 Thread 0x000001dfdb347390 DEOPT PACKING pc=0x000001dfecc09d30 sp=0x000000216fffe3e0
Event: 9.917 Thread 0x000001dfdb347390 DEOPT UNPACKING pc=0x000001dfec5c46a2 sp=0x000000216fffe360 mode 2
Event: 9.917 Thread 0x000001dfdb347390 Uncommon trap: trap_request=0xffffffde fr.pc=0x000001dfecc00d50 relative=0x0000000000000090
Event: 9.917 Thread 0x000001dfdb347390 Uncommon trap: reason=class_check action=maybe_recompile pc=0x000001dfecc00d50 method=com.google.inject.internal.MoreTypes.getRawType(Ljava/lang/reflect/Type;)Ljava/lang/Class; @ 13 c2
Event: 9.917 Thread 0x000001dfdb347390 DEOPT PACKING pc=0x000001dfecc00d50 sp=0x000000216fffe3c0
Event: 9.917 Thread 0x000001dfdb347390 DEOPT UNPACKING pc=0x000001dfec5c46a2 sp=0x000000216fffe350 mode 2
Event: 9.918 Thread 0x000001dfdb347390 Uncommon trap: trap_request=0xffffff45 fr.pc=0x000001dfecc07db8 relative=0x0000000000000a78
Event: 9.918 Thread 0x000001dfdb347390 Uncommon trap: reason=unstable_if action=reinterpret pc=0x000001dfecc07db8 method=com.google.inject.internal.MoreTypes.canonicalize(Ljava/lang/reflect/Type;)Ljava/lang/reflect/Type; @ 16 c2
Event: 9.918 Thread 0x000001dfdb347390 DEOPT PACKING pc=0x000001dfecc07db8 sp=0x000000216fffe380
Event: 9.918 Thread 0x000001dfdb347390 DEOPT UNPACKING pc=0x000001dfec5c46a2 sp=0x000000216fffe358 mode 2
Event: 9.918 Thread 0x000001dfdb347390 Uncommon trap: trap_request=0xffffffde fr.pc=0x000001dfecc00d50 relative=0x0000000000000090
Event: 9.918 Thread 0x000001dfdb347390 Uncommon trap: reason=class_check action=maybe_recompile pc=0x000001dfecc00d50 method=com.google.inject.internal.MoreTypes.getRawType(Ljava/lang/reflect/Type;)Ljava/lang/Class; @ 13 c2
Event: 9.918 Thread 0x000001dfdb347390 DEOPT PACKING pc=0x000001dfecc00d50 sp=0x000000216fffe3c0
Event: 9.918 Thread 0x000001dfdb347390 DEOPT UNPACKING pc=0x000001dfec5c46a2 sp=0x000000216fffe350 mode 2
Event: 9.926 Thread 0x000001dfdb347390 Uncommon trap: trap_request=0xffffffde fr.pc=0x000001dfecc00d50 relative=0x0000000000000090
Event: 9.926 Thread 0x000001dfdb347390 Uncommon trap: reason=class_check action=maybe_recompile pc=0x000001dfecc00d50 method=com.google.inject.internal.MoreTypes.getRawType(Ljava/lang/reflect/Type;)Ljava/lang/Class; @ 13 c2
Event: 9.926 Thread 0x000001dfdb347390 DEOPT PACKING pc=0x000001dfecc00d50 sp=0x000000216fffe3d0
Event: 9.927 Thread 0x000001dfdb347390 DEOPT UNPACKING pc=0x000001dfec5c46a2 sp=0x000000216fffe358 mode 2

Classes loaded (20 events):
Event: 9.884 Loading class javax/management/JMException
Event: 9.885 Loading class javax/management/JMException done
Event: 9.885 Loading class javax/management/OperationsException done
Event: 9.885 Loading class javax/management/InstanceNotFoundException done
Event: 9.885 Loading class javax/management/MBeanServerConnection
Event: 9.885 Loading class javax/management/MBeanServerConnection done
Event: 9.888 Loading class javax/management/ReflectionException
Event: 9.889 Loading class javax/management/ReflectionException done
Event: 9.893 Loading class java/util/zip/ZipException
Event: 9.894 Loading class java/util/zip/ZipException done
Event: 9.894 Loading class java/io/PushbackInputStream
Event: 9.895 Loading class java/io/PushbackInputStream done
Event: 9.895 Loading class java/util/jar/JarOutputStream
Event: 9.896 Loading class java/util/zip/ZipOutputStream
Event: 9.896 Loading class java/util/zip/DeflaterOutputStream
Event: 9.896 Loading class java/util/zip/DeflaterOutputStream done
Event: 9.896 Loading class java/util/zip/ZipOutputStream done
Event: 9.896 Loading class java/util/jar/JarOutputStream done
Event: 9.936 Loading class java/io/FileFilter
Event: 9.937 Loading class java/io/FileFilter done

Classes unloaded (0 events):
No events

Classes redefined (0 events):
No events

Internal exceptions (20 events):
Event: 2.690 Thread 0x000001dfdb347390 Exception <a 'java/lang/NoClassDefFoundError'{0x00000000a7447b88}: com/google/inject/servlet/ServletModuleTargetVisitor> (0x00000000a7447b88) 
thrown [s\open\src\hotspot\share\classfile\systemDictionary.cpp, line 302]
Event: 2.810 Thread 0x000001dfdb347390 Exception <a 'java/lang/NoSuchMethodError'{0x00000000a72229f0}: 'void java.lang.invoke.DirectMethodHandle$Holder.invokeVirtual(java.lang.Object, java.lang.Object)'> (0x00000000a72229f0) 
thrown [s\open\src\hotspot\share\interpreter\linkResolver.cpp, line 774]
Event: 2.863 Thread 0x000001dfdb347390 Exception <a 'java/lang/NoSuchMethodError'{0x00000000a72c07e8}: 'java.lang.Object java.lang.invoke.DirectMethodHandle$Holder.invokeStaticInit(java.lang.Object, int, int, int, int)'> (0x00000000a72c07e8) 
thrown [s\open\src\hotspot\share\interpreter\linkResolver.cpp, line 774]
Event: 3.019 Thread 0x000001dfdb347390 Implicit null exception at 0x000001dfecb38ca4 to 0x000001dfecb392f8
Event: 3.019 Thread 0x000001dfdb347390 Implicit null exception at 0x000001dfecb3b820 to 0x000001dfecb3be5c
Event: 3.075 Thread 0x000001dfdb347390 Exception <a 'java/lang/NoSuchMethodError'{0x00000000a6c1e788}: 'void java.lang.invoke.DirectMethodHandle$Holder.invokeSpecial(java.lang.Object, java.lang.Object, java.lang.Object, java.lang.Object, java.lang.Object)'> (0x00000000a6c1e788) 
thrown [s\open\src\hotspot\share\interpreter\linkResolver.cpp, line 774]
Event: 3.077 Thread 0x000001dfdb347390 Exception <a 'java/lang/NoSuchMethodError'{0x00000000a6c34d98}: 'void java.lang.invoke.DirectMethodHandle$Holder.invokeSpecial(java.lang.Object, java.lang.Object, java.lang.Object, java.lang.Object, java.lang.Object, java.lang.Object)'> (0x00000000a6c34d98) 
thrown [s\open\src\hotspot\share\interpreter\linkResolver.cpp, line 774]
Event: 3.096 Thread 0x000001dfdb347390 Exception <a 'java/lang/NoSuchMethodError'{0x00000000a6b2a010}: 'java.lang.Object java.lang.invoke.DirectMethodHandle$Holder.invokeVirtual(java.lang.Object, java.lang.Object, java.lang.Object)'> (0x00000000a6b2a010) 
thrown [s\open\src\hotspot\share\interpreter\linkResolver.cpp, line 774]
Event: 3.168 Thread 0x000001dfdb347390 Exception <a 'java/lang/NoSuchMethodError'{0x00000000a69051d0}: 'void java.lang.invoke.DirectMethodHandle$Holder.invokeVirtual(java.lang.Object, java.lang.Object, int)'> (0x00000000a69051d0) 
thrown [s\open\src\hotspot\share\interpreter\linkResolver.cpp, line 774]
Event: 3.168 Thread 0x000001dfdb347390 Exception <a 'java/lang/NoSuchMethodError'{0x00000000a6908fd0}: 'void java.lang.invoke.DirectMethodHandle$Holder.invokeSpecial(java.lang.Object, java.lang.Object, java.lang.Object, int)'> (0x00000000a6908fd0) 
thrown [s\open\src\hotspot\share\interpreter\linkResolver.cpp, line 774]
Event: 3.169 Thread 0x000001dfdb347390 Exception <a 'java/lang/NoSuchMethodError'{0x00000000a690c6a0}: 'void java.lang.invoke.DelegatingMethodHandle$Holder.reinvoke_L(java.lang.Object, java.lang.Object, int)'> (0x00000000a690c6a0) 
thrown [s\open\src\hotspot\share\interpreter\linkResolver.cpp, line 774]
Event: 3.759 Thread 0x000001dfdb347390 Implicit null exception at 0x000001dfecc582f4 to 0x000001dfecc59ce0
Event: 3.760 Thread 0x000001dfdb347390 Implicit null exception at 0x000001dfecbcd998 to 0x000001dfecbcdb74
Event: 3.760 Thread 0x000001dfdb347390 Implicit null exception at 0x000001dfecc34a89 to 0x000001dfecc35324
Event: 3.783 Thread 0x000001dfdb347390 Exception <a 'java/lang/NoSuchMethodError'{0x00000000a4ede3c8}: 'int java.lang.invoke.DirectMethodHandle$Holder.invokeSpecialIFC(java.lang.Object, java.lang.Object, java.lang.Object, java.lang.Object)'> (0x00000000a4ede3c8) 
thrown [s\open\src\hotspot\share\interpreter\linkResolver.cpp, line 774]
Event: 4.940 Thread 0x000001dfdb347390 Implicit null exception at 0x000001dfecbcb2bd to 0x000001dfecbcb33d
Event: 5.167 Thread 0x000001dfdb347390 Exception <a 'java/lang/NoSuchMethodError'{0x00000000a7c78a60}: 'java.lang.Object java.lang.invoke.DirectMethodHandle$Holder.newInvokeSpecial(java.lang.Object, java.lang.Object, java.lang.Object, java.lang.Object, java.lang.Object, java.lang.Object, java.lang.Object)'> (0x00000000a7c78a60) 
thrown [s\open\src\hotspot\share\interpreter\linkResolver.cpp, line 774]
Event: 5.344 Thread 0x000001dfdb347390 Implicit null exception at 0x000001dfecd0b5d7 to 0x000001dfecd0bd94
Event: 5.353 Thread 0x000001dfdb347390 Exception <a 'java/lang/NoSuchMethodError'{0x00000000a7277bb0}: 'int java.lang.invoke.DirectMethodHandle$Holder.invokeVirtual(java.lang.Object, java.lang.Object)'> (0x00000000a7277bb0) 
thrown [s\open\src\hotspot\share\interpreter\linkResolver.cpp, line 774]
Event: 5.388 Thread 0x000001dfdb347390 Exception <a 'java/lang/NoSuchMethodError'{0x00000000a719a720}: 'void java.lang.invoke.Invokers$Holder.invokeExact_MT(java.lang.Object, java.lang.Object, int, java.lang.Object)'> (0x00000000a719a720) 
thrown [s\open\src\hotspot\share\interpreter\linkResolver.cpp, line 774]

ZGC Phase Switch (0 events):
No events

VM Operations (20 events):
Event: 5.339 Executing VM operation: ICBufferFull done
Event: 5.496 Executing VM operation: HandshakeAllThreads (Deoptimize)
Event: 5.496 Executing VM operation: HandshakeAllThreads (Deoptimize) done
Event: 5.504 Executing VM operation: G1TryInitiateConcMark (G1 Humongous Allocation)
Event: 5.510 Executing VM operation: G1TryInitiateConcMark (G1 Humongous Allocation) done
Event: 5.719 Executing VM operation: HandshakeAllThreads (Deoptimize)
Event: 5.719 Executing VM operation: HandshakeAllThreads (Deoptimize) done
Event: 5.944 Executing VM operation: HandshakeAllThreads (Deoptimize)
Event: 5.944 Executing VM operation: HandshakeAllThreads (Deoptimize) done
Event: 6.051 Executing VM operation: ICBufferFull
Event: 6.051 Executing VM operation: ICBufferFull done
Event: 7.051 Executing VM operation: Cleanup
Event: 7.114 Executing VM operation: Cleanup done
Event: 8.116 Executing VM operation: Cleanup
Event: 8.116 Executing VM operation: Cleanup done
Event: 9.129 Executing VM operation: Cleanup
Event: 9.794 Executing VM operation: Cleanup done
Event: 9.951 Executing VM operation: G1CollectForAllocation (G1 Evacuation Pause)
Event: 11.990 Executing VM operation: G1CollectForAllocation (G1 Evacuation Pause) done
Event: 12.147 Executing VM operation: G1CollectForAllocation (G1 Evacuation Pause)

Memory protections (0 events):
No events

Nmethod flushes (0 events):
No events

Events (20 events):
Event: 0.041 Thread 0x000001dfdb347390 Thread added: 0x000001dfdb347390
Event: 0.062 Thread 0x000001dfdb347390 Thread added: 0x000001dff96e7cf0
Event: 0.062 Thread 0x000001dfdb347390 Thread added: 0x000001dff96e8510
Event: 0.063 Thread 0x000001dfdb347390 Thread added: 0x000001dff96ed550
Event: 0.063 Thread 0x000001dfdb347390 Thread added: 0x000001dff96edcf0
Event: 0.063 Thread 0x000001dfdb347390 Thread added: 0x000001dff96f2880
Event: 0.063 Thread 0x000001dfdb347390 Thread added: 0x000001dff96f6480
Event: 0.063 Thread 0x000001dfdb347390 Thread added: 0x000001dff9709590
Event: 0.063 Thread 0x000001dfdb347390 Thread added: 0x000001dff970b110
Event: 0.088 Thread 0x000001dfdb347390 Thread added: 0x000001dfc5225c50
Event: 0.095 Thread 0x000001dfdb347390 Thread added: 0x000001dfc5231920
Event: 0.396 Thread 0x000001dfdb347390 Thread added: 0x000001dfc558a1a0
Event: 0.430 Thread 0x000001dfc558a1a0 Thread exited: 0x000001dfc558a1a0
Event: 1.331 Thread 0x000001dff970b110 Thread added: 0x000001dff970b7e0
Event: 1.445 Thread 0x000001dff970b110 Thread added: 0x000001dff970cc50
Event: 2.094 Thread 0x000001dff970cc50 Thread exited: 0x000001dff970cc50
Event: 2.940 Thread 0x000001dfdb347390 Thread added: 0x000001dfc63d5770
Event: 3.197 Thread 0x000001dff970b110 Thread added: 0x000001dff970beb0
Event: 7.441 Thread 0x000001dff970b7e0 Thread exited: 0x000001dff970b7e0
Event: 7.441 Thread 0x000001dff970beb0 Thread exited: 0x000001dff970beb0


Dynamic libraries:
0x00007ff752810000 - 0x00007ff752820000 	C:\Program Files\Java\jdk-22\bin\java.exe
0x00007ffb6e920000 - 0x00007ffb6eb89000 	C:\WINDOWS\SYSTEM32\ntdll.dll
0x00007ffb6d3b0000 - 0x00007ffb6d479000 	C:\WINDOWS\System32\KERNEL32.DLL
0x00007ffb6bb50000 - 0x00007ffb6bf43000 	C:\WINDOWS\System32\KERNELBASE.dll
0x00007ffb6c4f0000 - 0x00007ffb6c63b000 	C:\WINDOWS\System32\ucrtbase.dll
0x00007ffb5a310000 - 0x00007ffb5a32b000 	C:\Program Files\Java\jdk-22\bin\VCRUNTIME140.dll
0x00007ffb5a2f0000 - 0x00007ffb5a307000 	C:\Program Files\Java\jdk-22\bin\jli.dll
0x00007ffb6c870000 - 0x00007ffb6ca34000 	C:\WINDOWS\System32\USER32.dll
0x00007ffb586b0000 - 0x00007ffb58943000 	C:\WINDOWS\WinSxS\amd64_microsoft.windows.common-controls_6595b64144ccf1df_6.0.26100.5074_none_3e0d6f78e32fd63f\COMCTL32.dll
0x00007ffb6c2d0000 - 0x00007ffb6c2f7000 	C:\WINDOWS\System32\win32u.dll
0x00007ffb6e830000 - 0x00007ffb6e8d9000 	C:\WINDOWS\System32\msvcrt.dll
0x00007ffb6c7d0000 - 0x00007ffb6c7fb000 	C:\WINDOWS\System32\GDI32.dll
0x00007ffb6c300000 - 0x00007ffb6c42d000 	C:\WINDOWS\System32\gdi32full.dll
0x00007ffb6c640000 - 0x00007ffb6c6e3000 	C:\WINDOWS\System32\msvcp_win.dll
0x00007ffb6d480000 - 0x00007ffb6d4af000 	C:\WINDOWS\System32\IMM32.DLL
0x00007ffb66f60000 - 0x00007ffb66f6c000 	C:\Program Files\Java\jdk-22\bin\vcruntime140_1.dll
0x00007ffb3bc50000 - 0x00007ffb3bcde000 	C:\Program Files\Java\jdk-22\bin\msvcp140.dll
0x00007ffa8fad0000 - 0x00007ffa90819000 	C:\Program Files\Java\jdk-22\bin\server\jvm.dll
0x00007ffb6cbe0000 - 0x00007ffb6cc94000 	C:\WINDOWS\System32\ADVAPI32.dll
0x00007ffb6c6f0000 - 0x00007ffb6c796000 	C:\WINDOWS\System32\sechost.dll
0x00007ffb6d290000 - 0x00007ffb6d3a8000 	C:\WINDOWS\System32\RPCRT4.dll
0x00007ffb6d950000 - 0x00007ffb6d9c4000 	C:\WINDOWS\System32\WS2_32.dll
0x00007ffb6b910000 - 0x00007ffb6b96e000 	C:\WINDOWS\SYSTEM32\POWRPROF.dll
0x00007ffb60f80000 - 0x00007ffb60fb5000 	C:\WINDOWS\SYSTEM32\WINMM.dll
0x00007ffb64c30000 - 0x00007ffb64c3b000 	C:\WINDOWS\SYSTEM32\VERSION.dll
0x00007ffb6b8f0000 - 0x00007ffb6b904000 	C:\WINDOWS\SYSTEM32\UMPDC.dll
0x00007ffb6a890000 - 0x00007ffb6a8ab000 	C:\WINDOWS\SYSTEM32\kernel.appcore.dll
0x00007ffb66f40000 - 0x00007ffb66f4a000 	C:\Program Files\Java\jdk-22\bin\jimage.dll
0x00007ffb69360000 - 0x00007ffb695a2000 	C:\WINDOWS\SYSTEM32\DBGHELP.DLL
0x00007ffb6d550000 - 0x00007ffb6d8cb000 	C:\WINDOWS\System32\combase.dll
0x00007ffb6d9d0000 - 0x00007ffb6daa7000 	C:\WINDOWS\System32\OLEAUT32.dll
0x00007ffb5aa90000 - 0x00007ffb5aacd000 	C:\WINDOWS\SYSTEM32\dbgcore.DLL
0x00007ffb6bab0000 - 0x00007ffb6bb49000 	C:\WINDOWS\System32\bcryptPrimitives.dll
0x00007ffb45930000 - 0x00007ffb4594e000 	C:\Program Files\Java\jdk-22\bin\java.dll
0x00007ffb6e060000 - 0x00007ffb6e7ad000 	C:\WINDOWS\System32\SHELL32.dll
0x00007ffb6c160000 - 0x00007ffb6c2cc000 	C:\WINDOWS\System32\wintypes.dll
0x00007ffb6ca40000 - 0x00007ffb6cbd8000 	C:\WINDOWS\System32\ole32.dll
0x00007ffb69750000 - 0x00007ffb69fa9000 	C:\WINDOWS\SYSTEM32\windows.storage.dll
0x00007ffb6ded0000 - 0x00007ffb6dfc0000 	C:\WINDOWS\System32\SHCORE.dll
0x00007ffb6c800000 - 0x00007ffb6c862000 	C:\WINDOWS\System32\shlwapi.dll
0x00007ffb6b9d0000 - 0x00007ffb6b9f9000 	C:\WINDOWS\SYSTEM32\profapi.dll
0x00007ffaf3f90000 - 0x00007ffaf4067000 	C:\Program Files\Java\jdk-22\bin\jsvml.dll
0x00007ffb4e530000 - 0x00007ffb4e540000 	C:\Program Files\Java\jdk-22\bin\net.dll
0x00007ffb6ae10000 - 0x00007ffb6ae7b000 	C:\WINDOWS\system32\mswsock.dll
0x00007ffb457c0000 - 0x00007ffb457d6000 	C:\Program Files\Java\jdk-22\bin\nio.dll
0x00007ffb44f60000 - 0x00007ffb44f77000 	C:\Program Files\Java\jdk-22\bin\zip.dll
0x00007ffb3e510000 - 0x00007ffb3e534000 	C:\Program Files\apache-maven-3.9.11\lib\jansi-native\Windows\x86_64\jansi.dll
0x00007ffb3d8c0000 - 0x00007ffb3d8d0000 	C:\Program Files\Java\jdk-22\bin\verify.dll

dbghelp: loaded successfully - version: 4.0.5 - missing functions: none
symbol engine: initialized successfully - sym options: 0x614 - pdb path: .;C:\Program Files\Java\jdk-22\bin;C:\WINDOWS\SYSTEM32;C:\WINDOWS\WinSxS\amd64_microsoft.windows.common-controls_6595b64144ccf1df_6.0.26100.5074_none_3e0d6f78e32fd63f;C:\Program Files\Java\jdk-22\bin\server;C:\Program Files\apache-maven-3.9.11\lib\jansi-native\Windows\x86_64

VM Arguments:
jvm_args: --enable-native-access=ALL-UNNAMED -Dclassworlds.conf=C:\Program Files\apache-maven-3.9.11\bin\m2.conf -Dmaven.home=C:\Program Files\apache-maven-3.9.11 -Dlibrary.jansi.path=C:\Program Files\apache-maven-3.9.11\lib\jansi-native -Dmaven.multiModuleProjectDirectory=C:\Users\TEJASHWINI S\Desktop\CursorCopy\expensemate_backend\expensemate-backend 
java_command: org.codehaus.plexus.classworlds.launcher.Launcher spring-boot:run -X
java_class_path (initial): C:\Program Files\apache-maven-3.9.11\boot\plexus-classworlds-2.9.0.jar
Launcher Type: SUN_STANDARD

[Global flags]
     intx CICompilerCount                          = 4                                         {product} {ergonomic}
     uint ConcGCThreads                            = 3                                         {product} {ergonomic}
     uint G1ConcRefinementThreads                  = 10                                        {product} {ergonomic}
   size_t G1HeapRegionSize                         = 1048576                                   {product} {ergonomic}
   size_t InitialHeapSize                          = 98566144                                  {product} {ergonomic}
   size_t MarkStackSize                            = 4194304                                   {product} {ergonomic}
   size_t MaxHeapSize                              = 1574961152                                {product} {ergonomic}
   size_t MaxNewSize                               = 944766976                                 {product} {ergonomic}
   size_t MinHeapDeltaBytes                        = 1048576                                   {product} {ergonomic}
   size_t MinHeapSize                              = 8388608                                   {product} {ergonomic}
    uintx NonNMethodCodeHeapSize                   = 5839372                                {pd product} {ergonomic}
    uintx NonProfiledCodeHeapSize                  = 122909434                              {pd product} {ergonomic}
    uintx ProfiledCodeHeapSize                     = 122909434                              {pd product} {ergonomic}
    uintx ReservedCodeCacheSize                    = 251658240                              {pd product} {ergonomic}
     bool SegmentedCodeCache                       = true                                      {product} {ergonomic}
   size_t SoftMaxHeapSize                          = 1574961152                             {manageable} {ergonomic}
     bool UseCompressedOops                        = true                           {product lp64_product} {ergonomic}
     bool UseG1GC                                  = true                                      {product} {ergonomic}
     bool UseLargePagesIndividualAllocation        = false                                  {pd product} {ergonomic}

Logging:
Log output configuration:
 #0: stdout all=warning uptime,level,tags foldmultilines=false
 #1: stderr all=off uptime,level,tags foldmultilines=false

Environment Variables:
JAVA_HOME=C:\Program Files\Java\jdk-22
PATH=C:\Users\TEJASH~1\Documents\Anaconda;C:\Users\TEJASH~1\Documents\Anaconda\Library\mingw-w64\bin;C:\Users\TEJASH~1\Documents\Anaconda\Library\usr\bin;C:\Users\TEJASH~1\Documents\Anaconda\Library\bin;C:\Users\TEJASH~1\Documents\Anaconda\Scripts;C:\Users\TEJASH~1\Documents\Anaconda\bin;C:\Users\TEJASH~1\Documents\Anaconda\condabin;C:\Program Files\Common Files\Oracle\Java\javapath;C:\Program Files (x86)\VMware\VMware Workstation\bin;C:\oraclexe\app\oracle\product\11.2.0\server\bin;C:\WINDOWS\system32;C:\WINDOWS;C:\WINDOWS\System32\Wbem;C:\WINDOWS\System32\WindowsPowerShell\v1.0;C:\WINDOWS\System32\OpenSSH;C:\Program Files (x86)\Microsoft SQL Server\160\Tools\Binn;C:\Program Files\Microsoft SQL Server\160\Tools\Binn;C:\Program Files\Microsoft SQL Server\Client SDK\ODBC\170\Tools\Binn;C:\Program Files\Microsoft SQL Server\160\DTS\Binn;C:\Program Files (x86)\Microsoft SQL Server\160\DTS\Binn;C:\Program Files\Azure Data Studio\bin;C:\Program Files\Java\jdk-22\bin;C:\MinGW\bin;C:\Program Files\Git\cmd;C:\Program Files\Git\bin;C:\Program Files\nodejs;C:\Program Files\MySQL\MySQL Server 9.1\bin;C:\Users\TEJASHWINI S\anaconda3;C:\Users\TEJASHWINI S\anaconda3\Scripts;C:\Users\TEJASHWINI S\anaconda3\Library\bin;C:\Users\TEJASHWINI S\AppData\Roaming\npm;C:\Program Files\apache-maven-3.9.11\bin;C:\Users\TEJASHWINI S\AppData\Local\Programs\Python\Python313\Scripts;C:\Users\TEJASHWINI S\AppData\Local\Programs\Python\Python313;C:\Users\TEJASHWINI S\AppData\Local\Programs\Python\Python311\Scripts;C:\Users\TEJASHWINI S\AppData\Local\Programs\Python\Python311;C:\Users\TEJASHWINI S\AppData\Local\Programs\Python\Python312\Scripts;C:\Users\TEJASHWINI S\AppData\Local\Programs\Python\Python312;C:\Users\TEJASHWINI S\AppData\Local\Microsoft\WindowsApps;C:\Program Files\Azure Data Studio\bin;C:\Users\TEJASHWINI S\AppData\Local\Programs\Microsoft VS Code\bin;C:\Users\TEJASHWINI S\AppData\Roaming\npm;C:\Users\TEJASHWINI S\AppData\Local\Programs\cursor\resources\app\bin;.
USERNAME=TEJASHWINI S
LANG=en_US.UTF-8
OS=Windows_NT
PROCESSOR_IDENTIFIER=AMD64 Family 23 Model 104 Stepping 1, AuthenticAMD
TMP=C:\Users\TEJASH~1\AppData\Local\Temp
TEMP=C:\Users\TEJASH~1\AppData\Local\Temp




Periodic native trim disabled

---------------  S Y S T E M  ---------------

OS:
 Windows 11 , 64 bit Build 26100 (10.0.26100.5074)
OS uptime: 0 days 7:22 hours

CPU: total 12 (initial active 12) (12 cores per cpu, 2 threads per core) family 23 model 104 stepping 1 microcode 0x8608103, cx8, cmov, fxsr, ht, mmx, 3dnowpref, sse, sse2, sse3, ssse3, sse4a, sse4.1, sse4.2, popcnt, lzcnt, tsc, tscinvbit, avx, avx2, aes, clmul, bmi1, bmi2, adx, sha, fma, vzeroupper, clflush, clflushopt, rdtscp, rdpid, f16c
Processor Information for processor 0
  Max Mhz: 2100, Current Mhz: 2100, Mhz Limit: 2100
Processor Information for processor 1
  Max Mhz: 2100, Current Mhz: 2100, Mhz Limit: 2100
Processor Information for processor 2
  Max Mhz: 2100, Current Mhz: 2100, Mhz Limit: 2100
Processor Information for processor 3
  Max Mhz: 2100, Current Mhz: 1813, Mhz Limit: 2100
Processor Information for processor 4
  Max Mhz: 2100, Current Mhz: 2100, Mhz Limit: 2100
Processor Information for processor 5
  Max Mhz: 2100, Current Mhz: 2100, Mhz Limit: 2100
Processor Information for processor 6
  Max Mhz: 2100, Current Mhz: 2100, Mhz Limit: 2100
Processor Information for processor 7
  Max Mhz: 2100, Current Mhz: 2100, Mhz Limit: 2100
Processor Information for processor 8
  Max Mhz: 2100, Current Mhz: 1813, Mhz Limit: 2100
Processor Information for processor 9
  Max Mhz: 2100, Current Mhz: 1813, Mhz Limit: 2100
Processor Information for processor 10
  Max Mhz: 2100, Current Mhz: 1813, Mhz Limit: 2100
Processor Information for processor 11
  Max Mhz: 2100, Current Mhz: 1813, Mhz Limit: 2100

Memory: 4k page, system-wide physical 6005M (907M free)
TotalPageFile size 24437M (AvailPageFile size 109M)
current process WorkingSet (physical memory assigned to process): 188M, peak: 205M
current process commit charge ("private bytes"): 232M, peak: 333M

vm_info: Java HotSpot(TM) 64-Bit Server VM (22.0.2+9-70) for windows-amd64 JRE (22.0.2+9-70), built on 2024-06-04T16:52:23Z by "mach5one" with MS VC++ 17.6 (VS2022)

END.
