#
# There is insufficient memory for the Java Runtime Environment to continue.
# Native memory allocation (mmap) failed to map 50331648 bytes. Error detail: G1 virtual space
# Possible reasons:
#   The system is out of physical RAM or swap space
#   This process is running with CompressedOops enabled, and the Java Heap may be blocking the growth of the native heap
# Possible solutions:
#   Reduce memory load on the system
#   Increase physical memory or swap space
#   Check if swap backing store is full
#   Decrease Java heap size (-Xmx/-Xms)
#   Decrease number of Java threads
#   Decrease Java thread stack sizes (-Xss)
#   Set larger code cache with -XX:ReservedCodeCacheSize=
#   JVM is running with Unscaled Compressed Oops mode in which the Java heap is
#     placed in the first 4GB address space. The Java Heap base address is the
#     maximum limit for the native heap growth. Please use -XX:HeapBaseMinAddress
#     to set the Java Heap base and to place the Java Heap above 4GB virtual address.
# This output file may be truncated or incomplete.
#
#  Out of Memory Error (os_windows.cpp:3631), pid=14120, tid=18376
#
# JRE version: Java(TM) SE Runtime Environment (22.0.2+9) (build 22.0.2+9-70)
# Java VM: Java HotSpot(TM) 64-Bit Server VM (22.0.2+9-70, mixed mode, emulated-client, sharing, tiered, compressed oops, compressed class ptrs, g1 gc, windows-amd64)
# No core dump will be written. Minidumps are not enabled by default on client versions of Windows
#

---------------  S U M M A R Y ------------

Command Line: -XX:TieredStopAtLevel=1 -Dserver.port=9090 com.expensemate.expensemate_backend.ExpensemateBackendApplication

Host: AMD Ryzen 5 5500U with Radeon Graphics         , 12 cores, 5G,  Windows 11 , 64 bit Build 26100 (10.0.26100.5074)
Time: Tue Oct 14 17:03:13 2025 India Standard Time elapsed time: 12.940106 seconds (0d 0h 0m 12s)

---------------  T H R E A D  ---------------

Current thread (0x000001aca0830400):  VMThread "VM Thread"          [id=18376, stack(0x00000053f2e00000,0x00000053f2f00000) (1024K)]

Stack: [0x00000053f2e00000,0x00000053f2f00000]
Native frames: (J=compiled Java code, j=interpreted, Vv=VM code, C=native code)
V  [jvm.dll+0x6e26e9]  (no source info available)
V  [jvm.dll+0x875753]  (no source info available)
V  [jvm.dll+0x877b7e]  (no source info available)
V  [jvm.dll+0x878253]  (no source info available)
V  [jvm.dll+0x27fc86]  (no source info available)
V  [jvm.dll+0x6ded85]  (no source info available)
V  [jvm.dll+0x6d388a]  (no source info available)
V  [jvm.dll+0x358b8a]  (no source info available)
V  [jvm.dll+0x3610b6]  (no source info available)
V  [jvm.dll+0x3b419e]  (no source info available)
V  [jvm.dll+0x3b4448]  (no source info available)
V  [jvm.dll+0x32c5ec]  (no source info available)
V  [jvm.dll+0x32c677]  (no source info available)
V  [jvm.dll+0x37244c]  (no source info available)
V  [jvm.dll+0x370b46]  (no source info available)
V  [jvm.dll+0x32bcd7]  (no source info available)
V  [jvm.dll+0x370304]  (no source info available)
V  [jvm.dll+0x87e0f0]  (no source info available)
V  [jvm.dll+0x87f477]  (no source info available)
V  [jvm.dll+0x87f9f0]  (no source info available)
V  [jvm.dll+0x87fc93]  (no source info available)
V  [jvm.dll+0x81dc0b]  (no source info available)
V  [jvm.dll+0x6e0d85]  (no source info available)
C  [ucrtbase.dll+0x37b0]  (no source info available)
C  [KERNEL32.DLL+0x2e8d7]  (no source info available)
C  [ntdll.dll+0x8d9c]  (no source info available)

VM_Operation (0x00000053f3bfaeb0): G1CollectForAllocation, mode: safepoint, requested by thread 0x000001ace65fa380


---------------  P R O C E S S  ---------------

Threads class SMR info:
_java_thread_list=0x000001ace834f3a0, length=21, elements={
0x000001ac8e5b0470, 0x000001aca084c360, 0x000001aca084d070, 0x000001aca0851bb0,
0x000001aca0856890, 0x000001aca0858140, 0x000001aca08626e0, 0x000001aca0867020,
0x000001aca09d9480, 0x000001aca0aee610, 0x000001aca0afd0b0, 0x000001ace617c5d0,
0x000001ace65f9d10, 0x000001ace65fa380, 0x000001ace6857e70, 0x000001ace7bd28f0,
0x000001ace6427420, 0x000001aca09e96f0, 0x000001ace74ba730, 0x000001ace74b9380,
0x000001ace74badc0
}

Java Threads: ( => current thread )
  0x000001ac8e5b0470 JavaThread "main"                              [_thread_blocked, id=27044, stack(0x00000053f2700000,0x00000053f2800000) (1024K)]
  0x000001aca084c360 JavaThread "Reference Handler"          daemon [_thread_blocked, id=21360, stack(0x00000053f2f00000,0x00000053f3000000) (1024K)]
  0x000001aca084d070 JavaThread "Finalizer"                  daemon [_thread_blocked, id=9312, stack(0x00000053f3000000,0x00000053f3100000) (1024K)]
  0x000001aca0851bb0 JavaThread "Signal Dispatcher"          daemon [_thread_blocked, id=24800, stack(0x00000053f3100000,0x00000053f3200000) (1024K)]
  0x000001aca0856890 JavaThread "Attach Listener"            daemon [_thread_blocked, id=20896, stack(0x00000053f3200000,0x00000053f3300000) (1024K)]
  0x000001aca0858140 JavaThread "Service Thread"             daemon [_thread_blocked, id=26104, stack(0x00000053f3300000,0x00000053f3400000) (1024K)]
  0x000001aca08626e0 JavaThread "Monitor Deflation Thread"   daemon [_thread_blocked, id=24884, stack(0x00000053f3400000,0x00000053f3500000) (1024K)]
  0x000001aca0867020 JavaThread "C1 CompilerThread0"         daemon [_thread_blocked, id=27392, stack(0x00000053f3500000,0x00000053f3600000) (1024K)]
  0x000001aca09d9480 JavaThread "C1 CompilerThread1"         daemon [_thread_blocked, id=21432, stack(0x00000053f3600000,0x00000053f3700000) (1024K)]
  0x000001aca0aee610 JavaThread "Notification Thread"        daemon [_thread_blocked, id=3616, stack(0x00000053f3700000,0x00000053f3800000) (1024K)]
  0x000001aca0afd0b0 JavaThread "Common-Cleaner"             daemon [_thread_blocked, id=3600, stack(0x00000053f3800000,0x00000053f3900000) (1024K)]
  0x000001ace617c5d0 JavaThread "C1 CompilerThread2"         daemon [_thread_blocked, id=15792, stack(0x00000053f3900000,0x00000053f3a00000) (1024K)]
  0x000001ace65f9d10 JavaThread "Thread-0"                          [_thread_blocked, id=8244, stack(0x00000053f3a00000,0x00000053f3b00000) (1024K)]
  0x000001ace65fa380 JavaThread "restartedMain"                     [_thread_blocked, id=15452, stack(0x00000053f3b00000,0x00000053f3c00000) (1024K)]
  0x000001ace6857e70 JavaThread "WindowsStreamPump"          daemon [_thread_blocked, id=11268, stack(0x00000053f4100000,0x00000053f4200000) (1024K)]
  0x000001ace7bd28f0 JavaThread "mysql-cj-abandoned-connection-cleanup" daemon [_thread_blocked, id=24276, stack(0x00000053f4900000,0x00000053f4a00000) (1024K)]
  0x000001ace6427420 JavaThread "HikariPool-1:housekeeper"   daemon [_thread_blocked, id=1112, stack(0x00000053f4a00000,0x00000053f4b00000) (1024K)]
  0x000001aca09e96f0 JavaThread "HikariPool-1:connection-adder" daemon [_thread_blocked, id=14988, stack(0x00000053f4b00000,0x00000053f4c00000) (1024K)]
  0x000001ace74ba730 JavaThread "Catalina-utility-1"                [_thread_blocked, id=3052, stack(0x00000053f4c00000,0x00000053f4d00000) (1024K)]
  0x000001ace74b9380 JavaThread "Catalina-utility-2"                [_thread_blocked, id=26612, stack(0x00000053f4d00000,0x00000053f4e00000) (1024K)]
  0x000001ace74badc0 JavaThread "container-0"                       [_thread_blocked, id=25644, stack(0x00000053f4e00000,0x00000053f4f00000) (1024K)]
Total: 21

Other Threads:
=>0x000001aca0830400 VMThread "VM Thread"                           [id=18376, stack(0x00000053f2e00000,0x00000053f2f00000) (1024K)]
  0x000001aca0814080 WatcherThread "VM Periodic Task Thread"        [id=23176, stack(0x00000053f2d00000,0x00000053f2e00000) (1024K)]
  0x000001ac8ea63850 WorkerThread "GC Thread#0"                     [id=28452, stack(0x00000053f2800000,0x00000053f2900000) (1024K)]
  0x000001ace659abd0 WorkerThread "GC Thread#1"                     [id=23508, stack(0x00000053f3c00000,0x00000053f3d00000) (1024K)]
  0x000001ace659af80 WorkerThread "GC Thread#2"                     [id=6616, stack(0x00000053f3d00000,0x00000053f3e00000) (1024K)]
  0x000001ace659b330 WorkerThread "GC Thread#3"                     [id=976, stack(0x00000053f3e00000,0x00000053f3f00000) (1024K)]
  0x000001ace659b6e0 WorkerThread "GC Thread#4"                     [id=12744, stack(0x00000053f3f00000,0x00000053f4000000) (1024K)]
  0x000001ace6580430 WorkerThread "GC Thread#5"                     [id=15240, stack(0x00000053f4000000,0x00000053f4100000) (1024K)]
  0x000001ace695c1d0 WorkerThread "GC Thread#6"                     [id=20512, stack(0x00000053f4300000,0x00000053f4400000) (1024K)]
  0x000001ace6a0df50 WorkerThread "GC Thread#7"                     [id=19856, stack(0x00000053f4400000,0x00000053f4500000) (1024K)]
  0x000001ace6aa5cc0 WorkerThread "GC Thread#8"                     [id=30776, stack(0x00000053f4500000,0x00000053f4600000) (1024K)]
  0x000001ace6aa6070 WorkerThread "GC Thread#9"                     [id=7020, stack(0x00000053f4600000,0x00000053f4700000) (1024K)]
  0x000001ac8ea70400 ConcurrentGCThread "G1 Main Marker"            [id=20200, stack(0x00000053f2900000,0x00000053f2a00000) (1024K)]
  0x000001ac8ea71e30 WorkerThread "G1 Conc#0"                       [id=30504, stack(0x00000053f2a00000,0x00000053f2b00000) (1024K)]
  0x000001ace6e26e10 WorkerThread "G1 Conc#1"                       [id=30536, stack(0x00000053f4200000,0x00000053f4300000) (1024K)]
  0x000001ace6e271c0 WorkerThread "G1 Conc#2"                       [id=26180, stack(0x00000053f4700000,0x00000053f4800000) (1024K)]
  0x000001ac8eabe5f0 ConcurrentGCThread "G1 Refine#0"               [id=18600, stack(0x00000053f2b00000,0x00000053f2c00000) (1024K)]
  0x000001aca06e43e0 ConcurrentGCThread "G1 Service"                [id=2180, stack(0x00000053f2c00000,0x00000053f2d00000) (1024K)]
Total: 18

Threads with active compile tasks:
Total: 0

VM state: at safepoint (normal execution)

VM Mutex/Monitor currently owned by a thread:  ([mutex/lock_event])
[0x00007ffdcbb7cb80] Threads_lock - owner thread: 0x000001aca0830400
[0x00007ffdcbb7cc80] Heap_lock - owner thread: 0x000001ace65fa380

Heap address: 0x00000000a2200000, size: 1502 MB, Compressed Oops mode: 32-bit

CDS archive(s) mapped at: [0x000001aca1000000-0x000001aca1c60000-0x000001aca1c60000), size 12976128, SharedBaseAddress: 0x000001aca1000000, ArchiveRelocationMode: 1.
Compressed class space mapped at: 0x000001aca2000000-0x000001ace2000000, reserved size: 1073741824
Narrow klass base: 0x000001aca1000000, Narrow klass shift: 0, Narrow klass range: 0x41000000

GC Precious Log:
 CardTable entry size: 512
 Card Set container configuration: InlinePtr #cards 5 size 8 Array Of Cards #cards 12 size 40 Howl #buckets 4 coarsen threshold 1843 Howl Bitmap #cards 512 size 80 coarsen threshold 460 Card regions per heap region 1 cards per card region 2048
 CPUs: 12 total, 12 available
 Memory: 6005M
 Large Page Support: Disabled
 NUMA Support: Disabled
 Compressed Oops: Enabled (32-bit)
 Heap Region Size: 1M
 Heap Min Capacity: 8M
 Heap Initial Capacity: 94M
 Heap Max Capacity: 1502M
 Pre-touch: Disabled
 Parallel Workers: 10
 Concurrent Workers: 3
 Concurrent Refinement Workers: 10
 Periodic GC: Disabled

Heap:
 garbage-first heap   total reserved 1538048K, committed 107520K, used 58325K [0x00000000a2200000, 0x0000000100000000)
  region size 1024K, 1 young (1024K), 1 survivors (1024K)
 Metaspace       used 65530K, committed 66304K, reserved 1114112K
  class space    used 9912K, committed 10240K, reserved 1048576K

Heap Regions: E=young(eden), S=young(survivor), O=old, HS=humongous(starts), HC=humongous(continues), CS=collection set, F=free, TAMS=top-at-mark-start, PB=parsable bottom
|   0|0x00000000a2200000, 0x00000000a2300000, 0x00000000a2300000|100%|HS|  |TAMS 0x00000000a2200000| PB 0x00000000a2200000| Complete |  0
|   1|0x00000000a2300000, 0x00000000a2400000, 0x00000000a2400000|100%|HS|  |TAMS 0x00000000a2300000| PB 0x00000000a2300000| Complete |  0
|   2|0x00000000a2400000, 0x00000000a2500000, 0x00000000a2500000|100%| O|  |TAMS 0x00000000a2400000| PB 0x00000000a2400000| Untracked |  0
|   3|0x00000000a2500000, 0x00000000a2600000, 0x00000000a2600000|100%| O|  |TAMS 0x00000000a2500000| PB 0x00000000a2500000| Untracked |  0
|   4|0x00000000a2600000, 0x00000000a2700000, 0x00000000a2700000|100%| O|  |TAMS 0x00000000a2600000| PB 0x00000000a2600000| Untracked |  0
|   5|0x00000000a2700000, 0x00000000a2800000, 0x00000000a2800000|100%| O|  |TAMS 0x00000000a2700000| PB 0x00000000a2700000| Untracked |  0
|   6|0x00000000a2800000, 0x00000000a2900000, 0x00000000a2900000|100%| O|  |TAMS 0x00000000a2800000| PB 0x00000000a2800000| Untracked |  0
|   7|0x00000000a2900000, 0x00000000a2a00000, 0x00000000a2a00000|100%| O|  |TAMS 0x00000000a2900000| PB 0x00000000a2900000| Untracked |  0
|   8|0x00000000a2a00000, 0x00000000a2b00000, 0x00000000a2b00000|100%| O|  |TAMS 0x00000000a2a00000| PB 0x00000000a2a00000| Untracked |  0
|   9|0x00000000a2b00000, 0x00000000a2c00000, 0x00000000a2c00000|100%| O|  |TAMS 0x00000000a2b00000| PB 0x00000000a2b00000| Untracked |  0
|  10|0x00000000a2c00000, 0x00000000a2d00000, 0x00000000a2d00000|100%| O|  |TAMS 0x00000000a2c00000| PB 0x00000000a2c00000| Untracked |  0
|  11|0x00000000a2d00000, 0x00000000a2e00000, 0x00000000a2e00000|100%| O|  |TAMS 0x00000000a2d00000| PB 0x00000000a2d00000| Untracked |  0
|  12|0x00000000a2e00000, 0x00000000a2f00000, 0x00000000a2f00000|100%| O|  |TAMS 0x00000000a2e00000| PB 0x00000000a2e00000| Untracked |  0
|  13|0x00000000a2f00000, 0x00000000a3000000, 0x00000000a3000000|100%| O|  |TAMS 0x00000000a2f00000| PB 0x00000000a2f00000| Untracked |  0
|  14|0x00000000a3000000, 0x00000000a3100000, 0x00000000a3100000|100%| O|  |TAMS 0x00000000a3000000| PB 0x00000000a3000000| Untracked |  0
|  15|0x00000000a3100000, 0x00000000a3200000, 0x00000000a3200000|100%| O|  |TAMS 0x00000000a3100000| PB 0x00000000a3100000| Untracked |  0
|  16|0x00000000a3200000, 0x00000000a3300000, 0x00000000a3300000|100%| O|  |TAMS 0x00000000a3200000| PB 0x00000000a3200000| Untracked |  0
|  17|0x00000000a3300000, 0x00000000a3400000, 0x00000000a3400000|100%| O|  |TAMS 0x00000000a3300000| PB 0x00000000a3300000| Untracked |  0
|  18|0x00000000a3400000, 0x00000000a3500000, 0x00000000a3500000|100%| O|  |TAMS 0x00000000a3400000| PB 0x00000000a3400000| Untracked |  0
|  19|0x00000000a3500000, 0x00000000a3600000, 0x00000000a3600000|100%| O|  |TAMS 0x00000000a3500000| PB 0x00000000a3500000| Untracked |  0
|  20|0x00000000a3600000, 0x00000000a3700000, 0x00000000a3700000|100%| O|  |TAMS 0x00000000a3600000| PB 0x00000000a3600000| Untracked |  0
|  21|0x00000000a3700000, 0x00000000a3800000, 0x00000000a3800000|100%| O|  |TAMS 0x00000000a3700000| PB 0x00000000a3700000| Untracked |  0
|  22|0x00000000a3800000, 0x00000000a3900000, 0x00000000a3900000|100%| O|  |TAMS 0x00000000a3800000| PB 0x00000000a3800000| Untracked |  0
|  23|0x00000000a3900000, 0x00000000a3a00000, 0x00000000a3a00000|100%| O|  |TAMS 0x00000000a3900000| PB 0x00000000a3900000| Untracked |  0
|  24|0x00000000a3a00000, 0x00000000a3b00000, 0x00000000a3b00000|100%| O|  |TAMS 0x00000000a3a00000| PB 0x00000000a3a00000| Untracked |  0
|  25|0x00000000a3b00000, 0x00000000a3c00000, 0x00000000a3c00000|100%| O|  |TAMS 0x00000000a3b00000| PB 0x00000000a3b00000| Untracked |  0
|  26|0x00000000a3c00000, 0x00000000a3d00000, 0x00000000a3d00000|100%| O|  |TAMS 0x00000000a3c00000| PB 0x00000000a3c00000| Untracked |  0
|  27|0x00000000a3d00000, 0x00000000a3e00000, 0x00000000a3e00000|100%| O|  |TAMS 0x00000000a3d00000| PB 0x00000000a3d00000| Untracked |  0
|  28|0x00000000a3e00000, 0x00000000a3f00000, 0x00000000a3f00000|100%| O|  |TAMS 0x00000000a3e00000| PB 0x00000000a3e00000| Untracked |  0
|  29|0x00000000a3f00000, 0x00000000a4000000, 0x00000000a4000000|100%| O|  |TAMS 0x00000000a3f00000| PB 0x00000000a3f00000| Untracked |  0
|  30|0x00000000a4000000, 0x00000000a4100000, 0x00000000a4100000|100%| O|  |TAMS 0x00000000a4000000| PB 0x00000000a4000000| Untracked |  0
|  31|0x00000000a4100000, 0x00000000a4200000, 0x00000000a4200000|100%| O|  |TAMS 0x00000000a4100000| PB 0x00000000a4100000| Untracked |  0
|  32|0x00000000a4200000, 0x00000000a4300000, 0x00000000a4300000|100%| O|  |TAMS 0x00000000a4200000| PB 0x00000000a4200000| Untracked |  0
|  33|0x00000000a4300000, 0x00000000a4400000, 0x00000000a4400000|100%| O|  |TAMS 0x00000000a4300000| PB 0x00000000a4300000| Untracked |  0
|  34|0x00000000a4400000, 0x00000000a4500000, 0x00000000a4500000|100%| O|  |TAMS 0x00000000a4400000| PB 0x00000000a4400000| Untracked |  0
|  35|0x00000000a4500000, 0x00000000a4600000, 0x00000000a4600000|100%| O|  |TAMS 0x00000000a4500000| PB 0x00000000a4500000| Untracked |  0
|  36|0x00000000a4600000, 0x00000000a460a580, 0x00000000a4700000|  4%| O|  |TAMS 0x00000000a4600000| PB 0x00000000a4600000| Untracked |  0
|  37|0x00000000a4700000, 0x00000000a4800000, 0x00000000a4800000|100%| O|  |TAMS 0x00000000a4700000| PB 0x00000000a4700000| Untracked |  0
|  38|0x00000000a4800000, 0x00000000a4900000, 0x00000000a4900000|100%| O|Cm|TAMS 0x00000000a4800000| PB 0x00000000a4800000| Complete |  0
|  39|0x00000000a4900000, 0x00000000a4900000, 0x00000000a4a00000|  0%| F|  |TAMS 0x00000000a4900000| PB 0x00000000a4900000| Untracked |  0
|  40|0x00000000a4a00000, 0x00000000a4b00000, 0x00000000a4b00000|100%| O|  |TAMS 0x00000000a4a00000| PB 0x00000000a4a00000| Untracked |  0
|  41|0x00000000a4b00000, 0x00000000a4c00000, 0x00000000a4c00000|100%| O|Cm|TAMS 0x00000000a4b00000| PB 0x00000000a4b00000| Complete |  0
|  42|0x00000000a4c00000, 0x00000000a4d00000, 0x00000000a4d00000|100%| O|Cm|TAMS 0x00000000a4c00000| PB 0x00000000a4c00000| Complete |  0
|  43|0x00000000a4d00000, 0x00000000a4d00000, 0x00000000a4e00000|  0%| F|  |TAMS 0x00000000a4d00000| PB 0x00000000a4d00000| Untracked |  0
|  44|0x00000000a4e00000, 0x00000000a4e00000, 0x00000000a4f00000|  0%| F|  |TAMS 0x00000000a4e00000| PB 0x00000000a4e00000| Untracked |  0
|  45|0x00000000a4f00000, 0x00000000a5000000, 0x00000000a5000000|100%| O|Cm|TAMS 0x00000000a4f00000| PB 0x00000000a4f00000| Complete |  0
|  46|0x00000000a5000000, 0x00000000a5100000, 0x00000000a5100000|100%| O|Cm|TAMS 0x00000000a5000000| PB 0x00000000a5000000| Complete |  0
|  47|0x00000000a5100000, 0x00000000a5200000, 0x00000000a5200000|100%| O|Cm|TAMS 0x00000000a5100000| PB 0x00000000a5100000| Complete |  0
|  48|0x00000000a5200000, 0x00000000a5300000, 0x00000000a5300000|100%| O|  |TAMS 0x00000000a5200000| PB 0x00000000a5200000| Untracked |  0
|  49|0x00000000a5300000, 0x00000000a5400000, 0x00000000a5400000|100%| O|Cm|TAMS 0x00000000a5300000| PB 0x00000000a5300000| Complete |  0
|  50|0x00000000a5400000, 0x00000000a5500000, 0x00000000a5500000|100%| O|Cm|TAMS 0x00000000a5400000| PB 0x00000000a5400000| Complete |  0
|  51|0x00000000a5500000, 0x00000000a5600000, 0x00000000a5600000|100%| O|Cm|TAMS 0x00000000a5500000| PB 0x00000000a5500000| Complete |  0
|  52|0x00000000a5600000, 0x00000000a5700000, 0x00000000a5700000|100%| O|  |TAMS 0x00000000a5600000| PB 0x00000000a5600000| Untracked |  0
|  53|0x00000000a5700000, 0x00000000a5800000, 0x00000000a5800000|100%| O|  |TAMS 0x00000000a5700000| PB 0x00000000a5700000| Untracked |  0
|  54|0x00000000a5800000, 0x00000000a5900000, 0x00000000a5900000|100%| O|  |TAMS 0x00000000a5800000| PB 0x00000000a5800000| Untracked |  0
|  55|0x00000000a5900000, 0x00000000a5a00000, 0x00000000a5a00000|100%| O|  |TAMS 0x00000000a5900000| PB 0x00000000a5900000| Untracked |  0
|  56|0x00000000a5a00000, 0x00000000a5b00000, 0x00000000a5b00000|100%| O|  |TAMS 0x00000000a5a00000| PB 0x00000000a5a00000| Untracked |  0
|  57|0x00000000a5b00000, 0x00000000a5c00000, 0x00000000a5c00000|100%| O|  |TAMS 0x00000000a5b00000| PB 0x00000000a5b00000| Untracked |  0
|  58|0x00000000a5c00000, 0x00000000a5d00000, 0x00000000a5d00000|100%| O|Cm|TAMS 0x00000000a5c00000| PB 0x00000000a5c00000| Complete |  0
|  59|0x00000000a5d00000, 0x00000000a5e00000, 0x00000000a5e00000|100%| O|  |TAMS 0x00000000a5d00000| PB 0x00000000a5d00000| Untracked |  0
|  60|0x00000000a5e00000, 0x00000000a5e00000, 0x00000000a5f00000|  0%| F|  |TAMS 0x00000000a5e00000| PB 0x00000000a5e00000| Untracked |  0
|  61|0x00000000a5f00000, 0x00000000a5f00000, 0x00000000a6000000|  0%| F|  |TAMS 0x00000000a5f00000| PB 0x00000000a5f00000| Untracked |  0
|  62|0x00000000a6000000, 0x00000000a6000000, 0x00000000a6100000|  0%| F|  |TAMS 0x00000000a6000000| PB 0x00000000a6000000| Untracked |  0
|  63|0x00000000a6100000, 0x00000000a6100000, 0x00000000a6200000|  0%| F|  |TAMS 0x00000000a6100000| PB 0x00000000a6100000| Untracked |  0
|  64|0x00000000a6200000, 0x00000000a6200000, 0x00000000a6300000|  0%| F|  |TAMS 0x00000000a6200000| PB 0x00000000a6200000| Untracked |  0
|  65|0x00000000a6300000, 0x00000000a6300000, 0x00000000a6400000|  0%| F|  |TAMS 0x00000000a6300000| PB 0x00000000a6300000| Untracked |  0
|  66|0x00000000a6400000, 0x00000000a6400000, 0x00000000a6500000|  0%| F|  |TAMS 0x00000000a6400000| PB 0x00000000a6400000| Untracked |  0
|  67|0x00000000a6500000, 0x00000000a6500000, 0x00000000a6600000|  0%| F|  |TAMS 0x00000000a6500000| PB 0x00000000a6500000| Untracked |  0
|  68|0x00000000a6600000, 0x00000000a6600000, 0x00000000a6700000|  0%| F|  |TAMS 0x00000000a6600000| PB 0x00000000a6600000| Untracked |  0
|  69|0x00000000a6700000, 0x00000000a6700000, 0x00000000a6800000|  0%| F|  |TAMS 0x00000000a6700000| PB 0x00000000a6700000| Untracked |  0
|  70|0x00000000a6800000, 0x00000000a6800000, 0x00000000a6900000|  0%| F|  |TAMS 0x00000000a6800000| PB 0x00000000a6800000| Untracked |  0
|  71|0x00000000a6900000, 0x00000000a6900000, 0x00000000a6a00000|  0%| F|  |TAMS 0x00000000a6900000| PB 0x00000000a6900000| Untracked |  0
|  72|0x00000000a6a00000, 0x00000000a6a00000, 0x00000000a6b00000|  0%| F|  |TAMS 0x00000000a6a00000| PB 0x00000000a6a00000| Untracked |  0
|  73|0x00000000a6b00000, 0x00000000a6b00000, 0x00000000a6c00000|  0%| F|  |TAMS 0x00000000a6b00000| PB 0x00000000a6b00000| Untracked |  0
|  74|0x00000000a6c00000, 0x00000000a6c00000, 0x00000000a6d00000|  0%| F|  |TAMS 0x00000000a6c00000| PB 0x00000000a6c00000| Untracked |  0
|  75|0x00000000a6d00000, 0x00000000a6deb260, 0x00000000a6e00000| 91%| S|CS|TAMS 0x00000000a6d00000| PB 0x00000000a6d00000| Complete |  0
|  76|0x00000000a6e00000, 0x00000000a6e00000, 0x00000000a6f00000|  0%| F|  |TAMS 0x00000000a6e00000| PB 0x00000000a6e00000| Untracked |  0
|  77|0x00000000a6f00000, 0x00000000a6f00000, 0x00000000a7000000|  0%| F|  |TAMS 0x00000000a6f00000| PB 0x00000000a6f00000| Untracked |  0
|  78|0x00000000a7000000, 0x00000000a7000000, 0x00000000a7100000|  0%| F|  |TAMS 0x00000000a7000000| PB 0x00000000a7000000| Untracked |  0
|  79|0x00000000a7100000, 0x00000000a7100000, 0x00000000a7200000|  0%| F|  |TAMS 0x00000000a7100000| PB 0x00000000a7100000| Untracked |  0
|  80|0x00000000a7200000, 0x00000000a7200000, 0x00000000a7300000|  0%| F|  |TAMS 0x00000000a7200000| PB 0x00000000a7200000| Untracked |  0
|  81|0x00000000a7300000, 0x00000000a7300000, 0x00000000a7400000|  0%| F|  |TAMS 0x00000000a7300000| PB 0x00000000a7300000| Untracked |  0
|  82|0x00000000a7400000, 0x00000000a7400000, 0x00000000a7500000|  0%| F|  |TAMS 0x00000000a7400000| PB 0x00000000a7400000| Untracked |  0
|  83|0x00000000a7500000, 0x00000000a7500000, 0x00000000a7600000|  0%| F|  |TAMS 0x00000000a7500000| PB 0x00000000a7500000| Untracked |  0
|  84|0x00000000a7600000, 0x00000000a7600000, 0x00000000a7700000|  0%| F|  |TAMS 0x00000000a7600000| PB 0x00000000a7600000| Untracked |  0
|  85|0x00000000a7700000, 0x00000000a7700000, 0x00000000a7800000|  0%| F|  |TAMS 0x00000000a7700000| PB 0x00000000a7700000| Untracked |  0
|  86|0x00000000a7800000, 0x00000000a7800000, 0x00000000a7900000|  0%| F|  |TAMS 0x00000000a7800000| PB 0x00000000a7800000| Untracked |  0
|  87|0x00000000a7900000, 0x00000000a7900000, 0x00000000a7a00000|  0%| F|  |TAMS 0x00000000a7900000| PB 0x00000000a7900000| Untracked |  0
|  88|0x00000000a7a00000, 0x00000000a7a00000, 0x00000000a7b00000|  0%| F|  |TAMS 0x00000000a7a00000| PB 0x00000000a7a00000| Untracked |  0
|  89|0x00000000a7b00000, 0x00000000a7b00000, 0x00000000a7c00000|  0%| F|  |TAMS 0x00000000a7b00000| PB 0x00000000a7b00000| Untracked |  0
|  90|0x00000000a7c00000, 0x00000000a7c00000, 0x00000000a7d00000|  0%| F|  |TAMS 0x00000000a7c00000| PB 0x00000000a7c00000| Untracked |  0
|  91|0x00000000a7d00000, 0x00000000a7d00000, 0x00000000a7e00000|  0%| F|  |TAMS 0x00000000a7d00000| PB 0x00000000a7d00000| Untracked |  0
|  92|0x00000000a7e00000, 0x00000000a7e00000, 0x00000000a7f00000|  0%| F|  |TAMS 0x00000000a7e00000| PB 0x00000000a7e00000| Untracked |  0
|  93|0x00000000a7f00000, 0x00000000a7f00000, 0x00000000a8000000|  0%| F|  |TAMS 0x00000000a7f00000| PB 0x00000000a7f00000| Untracked |  0
|  94|0x00000000a8000000, 0x00000000a8000000, 0x00000000a8100000|  0%| F|  |TAMS 0x00000000a8000000| PB 0x00000000a8000000| Untracked |  0
|  95|0x00000000a8100000, 0x00000000a8100000, 0x00000000a8200000|  0%| F|  |TAMS 0x00000000a8100000| PB 0x00000000a8100000| Untracked |  0
|  96|0x00000000a8200000, 0x00000000a8200000, 0x00000000a8300000|  0%| F|  |TAMS 0x00000000a8200000| PB 0x00000000a8200000| Untracked |  0
|  97|0x00000000a8300000, 0x00000000a8300000, 0x00000000a8400000|  0%| F|  |TAMS 0x00000000a8300000| PB 0x00000000a8300000| Untracked |  0
|  98|0x00000000a8400000, 0x00000000a8400000, 0x00000000a8500000|  0%| F|  |TAMS 0x00000000a8400000| PB 0x00000000a8400000| Untracked |  0
|  99|0x00000000a8500000, 0x00000000a8500000, 0x00000000a8600000|  0%| F|  |TAMS 0x00000000a8500000| PB 0x00000000a8500000| Untracked |  0
| 100|0x00000000a8600000, 0x00000000a8600000, 0x00000000a8700000|  0%| F|  |TAMS 0x00000000a8600000| PB 0x00000000a8600000| Untracked |  0
| 101|0x00000000a8700000, 0x00000000a8700000, 0x00000000a8800000|  0%| F|  |TAMS 0x00000000a8700000| PB 0x00000000a8700000| Untracked |  0
| 102|0x00000000a8800000, 0x00000000a8800000, 0x00000000a8900000|  0%| F|  |TAMS 0x00000000a8800000| PB 0x00000000a8800000| Untracked |  0
| 103|0x00000000a8900000, 0x00000000a8900000, 0x00000000a8a00000|  0%| F|  |TAMS 0x00000000a8900000| PB 0x00000000a8900000| Untracked |  0
| 104|0x00000000a8a00000, 0x00000000a8a00000, 0x00000000a8b00000|  0%| F|  |TAMS 0x00000000a8a00000| PB 0x00000000a8a00000| Untracked |  0

Card table byte_map: [0x000001ac9c120000,0x000001ac9c410000] _byte_map_base: 0x000001ac9bc0f000

Marking Bits: (CMBitMap*) 0x000001ac8ea63f60
 Bits: [0x000001ac9c410000, 0x000001ac9db88000)

Polling page: 0x000001ac8eac0000

Metaspace:

Usage:
  Non-class:     54.31 MB used.
      Class:      9.68 MB used.
       Both:     63.99 MB used.

Virtual space:
  Non-class space:       64.00 MB reserved,      54.75 MB ( 86%) committed,  1 nodes.
      Class space:        1.00 GB reserved,      10.00 MB ( <1%) committed,  1 nodes.
             Both:        1.06 GB reserved,      64.75 MB (  6%) committed. 

Chunk freelists:
   Non-Class:  9.28 MB
       Class:  5.92 MB
        Both:  15.20 MB

MaxMetaspaceSize: unlimited
CompressedClassSpaceSize: 1.00 GB
Initial GC threshold: 21.00 MB
Current GC threshold: 107.50 MB
CDS: on
 - commit_granule_bytes: 65536.
 - commit_granule_words: 8192.
 - virtual_space_node_default_size: 8388608.
 - enlarge_chunks_in_place: 1.
 - use_allocation_guard: 0.


Internal statistics:

num_allocs_failed_limit: 6.
num_arena_births: 964.
num_arena_deaths: 0.
num_vsnodes_births: 2.
num_vsnodes_deaths: 0.
num_space_committed: 1036.
num_space_uncommitted: 0.
num_chunks_returned_to_freelist: 6.
num_chunks_taken_from_freelist: 3394.
num_chunk_merges: 6.
num_chunk_splits: 2483.
num_chunks_enlarged: 1935.
num_inconsistent_stats: 0.

CodeCache: size=49152Kb used=11920Kb max_used=11920Kb free=37231Kb
 bounds [0x000001ac98320000, 0x000001ac98ed0000, 0x000001ac9b320000]
 total_blobs=6862 nmethods=6156 adapters=628
 compilation: enabled
              stopped_count=0, restarted_count=0
 full_count=0

Compilation events (20 events):
Event: 11.415 Thread 0x000001aca0867020 nmethod 6250 0x000001ac98ec1a90 code [0x000001ac98ec1c20, 0x000001ac98ec1d30]
Event: 11.416 Thread 0x000001ace617c5d0 6253       1       org.springframework.data.util.Streamable$$Lambda/0x000001aca2364578::iterator (10 bytes)
Event: 11.416 Thread 0x000001aca09d9480 nmethod 6252 0x000001ac98ec1d90 code [0x000001ac98ec1f40, 0x000001ac98ec2168]
Event: 11.416 Thread 0x000001ace617c5d0 nmethod 6253 0x000001ac98ec2310 code [0x000001ac98ec24a0, 0x000001ac98ec2598]
Event: 11.416 Thread 0x000001aca09d9480 6254       1       org.springframework.util.ConcurrentLruCache$Node::getNext (5 bytes)
Event: 11.416 Thread 0x000001aca09d9480 nmethod 6254 0x000001ac98ec2610 code [0x000001ac98ec27a0, 0x000001ac98ec2868]
Event: 11.416 Thread 0x000001aca09d9480 6255   !   1       jdk.proxy2.$Proxy151::annotationType (29 bytes)
Event: 11.416 Thread 0x000001aca09d9480 nmethod 6255 0x000001ac98ec2910 code [0x000001ac98ec2ac0, 0x000001ac98ec2cf0]
Event: 11.437 Thread 0x000001aca09d9480 6256       1       org.hibernate.query.internal.QueryEngineImpl::getCriteriaBuilder (5 bytes)
Event: 11.437 Thread 0x000001aca09d9480 nmethod 6256 0x000001ac98ec2e10 code [0x000001ac98ec2fa0, 0x000001ac98ec3068]
Event: 11.438 Thread 0x000001aca09d9480 6257   !   1       org.springframework.core.$Proxy6::hashCode (32 bytes)
Event: 11.438 Thread 0x000001aca09d9480 nmethod 6257 0x000001ac98ec3110 code [0x000001ac98ec32c0, 0x000001ac98ec34f0]
Event: 11.444 Thread 0x000001ace617c5d0 6258       1       org.hibernate.query.sqm.tree.domain.AbstractSqmPath::getNavigablePath (5 bytes)
Event: 11.444 Thread 0x000001ace617c5d0 nmethod 6258 0x000001ac98ec3690 code [0x000001ac98ec3820, 0x000001ac98ec38e8]
Event: 11.444 Thread 0x000001ace617c5d0 6259       1       org.hibernate.metamodel.model.domain.internal.AbstractSqmPathSource::getSqmPathType (5 bytes)
Event: 11.444 Thread 0x000001aca09d9480 6260       1       org.hibernate.type.BasicType::getExpressibleJavaType (7 bytes)
Event: 11.444 Thread 0x000001ace617c5d0 nmethod 6259 0x000001ac98ec3990 code [0x000001ac98ec3b20, 0x000001ac98ec3be8]
Event: 11.444 Thread 0x000001aca09d9480 nmethod 6260 0x000001ac98ec3c90 code [0x000001ac98ec3e20, 0x000001ac98ec3f10]
Event: 11.457 Thread 0x000001aca09d9480 6261       1       org.springframework.beans.factory.support.AbstractBeanFactory::getCustomTypeConverter (5 bytes)
Event: 11.457 Thread 0x000001aca09d9480 nmethod 6261 0x000001ac98ec3f90 code [0x000001ac98ec4120, 0x000001ac98ec41f0]

GC Heap History (20 events):
Event: 10.283 GC heap after
{Heap after GC invocations=18 (full 0):
 garbage-first heap   total reserved 1538048K, committed 69632K, used 36531K [0x00000000a2200000, 0x0000000100000000)
  region size 1024K, 2 young (2048K), 2 survivors (2048K)
 Metaspace       used 63327K, committed 64000K, reserved 1114112K
  class space    used 9553K, committed 9856K, reserved 1048576K
}
Event: 10.456 GC heap before
{Heap before GC invocations=19 (full 0):
 garbage-first heap   total reserved 1538048K, committed 69632K, used 63155K [0x00000000a2200000, 0x0000000100000000)
  region size 1024K, 28 young (28672K), 2 survivors (2048K)
 Metaspace       used 64756K, committed 65472K, reserved 1114112K
  class space    used 9785K, committed 10112K, reserved 1048576K
}
Event: 10.458 GC heap after
{Heap after GC invocations=20 (full 0):
 garbage-first heap   total reserved 1538048K, committed 69632K, used 37041K [0x00000000a2200000, 0x0000000100000000)
  region size 1024K, 3 young (3072K), 3 survivors (3072K)
 Metaspace       used 64756K, committed 65472K, reserved 1114112K
  class space    used 9785K, committed 10112K, reserved 1048576K
}
Event: 10.687 GC heap before
{Heap before GC invocations=20 (full 0):
 garbage-first heap   total reserved 1538048K, committed 69632K, used 61617K [0x00000000a2200000, 0x0000000100000000)
  region size 1024K, 27 young (27648K), 3 survivors (3072K)
 Metaspace       used 65385K, committed 66048K, reserved 1114112K
  class space    used 9884K, committed 10176K, reserved 1048576K
}
Event: 10.692 GC heap after
{Heap after GC invocations=21 (full 0):
 garbage-first heap   total reserved 1538048K, committed 69632K, used 40284K [0x00000000a2200000, 0x0000000100000000)
  region size 1024K, 4 young (4096K), 4 survivors (4096K)
 Metaspace       used 65385K, committed 66048K, reserved 1114112K
  class space    used 9884K, committed 10176K, reserved 1048576K
}
Event: 10.756 GC heap before
{Heap before GC invocations=21 (full 0):
 garbage-first heap   total reserved 1538048K, committed 69632K, used 60764K [0x00000000a2200000, 0x0000000100000000)
  region size 1024K, 24 young (24576K), 4 survivors (4096K)
 Metaspace       used 65385K, committed 66048K, reserved 1114112K
  class space    used 9884K, committed 10176K, reserved 1048576K
}
Event: 10.761 GC heap after
{Heap after GC invocations=22 (full 0):
 garbage-first heap   total reserved 1538048K, committed 69632K, used 44404K [0x00000000a2200000, 0x0000000100000000)
  region size 1024K, 3 young (3072K), 3 survivors (3072K)
 Metaspace       used 65385K, committed 66048K, reserved 1114112K
  class space    used 9884K, committed 10176K, reserved 1048576K
}
Event: 10.829 GC heap before
{Heap before GC invocations=23 (full 0):
 garbage-first heap   total reserved 1538048K, committed 75776K, used 60788K [0x00000000a2200000, 0x0000000100000000)
  region size 1024K, 19 young (19456K), 3 survivors (3072K)
 Metaspace       used 65385K, committed 66048K, reserved 1114112K
  class space    used 9884K, committed 10176K, reserved 1048576K
}
Event: 10.834 GC heap after
{Heap after GC invocations=24 (full 0):
 garbage-first heap   total reserved 1538048K, committed 75776K, used 49231K [0x00000000a2200000, 0x0000000100000000)
  region size 1024K, 3 young (3072K), 3 survivors (3072K)
 Metaspace       used 65385K, committed 66048K, reserved 1114112K
  class space    used 9884K, committed 10176K, reserved 1048576K
}
Event: 10.896 GC heap before
{Heap before GC invocations=24 (full 0):
 garbage-first heap   total reserved 1538048K, committed 75776K, used 65615K [0x00000000a2200000, 0x0000000100000000)
  region size 1024K, 19 young (19456K), 3 survivors (3072K)
 Metaspace       used 65388K, committed 66048K, reserved 1114112K
  class space    used 9884K, committed 10176K, reserved 1048576K
}
Event: 10.901 GC heap after
{Heap after GC invocations=25 (full 0):
 garbage-first heap   total reserved 1538048K, committed 107520K, used 53754K [0x00000000a2200000, 0x0000000100000000)
  region size 1024K, 3 young (3072K), 3 survivors (3072K)
 Metaspace       used 65388K, committed 66048K, reserved 1114112K
  class space    used 9884K, committed 10176K, reserved 1048576K
}
Event: 11.036 GC heap before
{Heap before GC invocations=25 (full 0):
 garbage-first heap   total reserved 1538048K, committed 107520K, used 86522K [0x00000000a2200000, 0x0000000100000000)
  region size 1024K, 35 young (35840K), 3 survivors (3072K)
 Metaspace       used 65388K, committed 66048K, reserved 1114112K
  class space    used 9884K, committed 10176K, reserved 1048576K
}
Event: 11.042 GC heap after
{Heap after GC invocations=26 (full 0):
 garbage-first heap   total reserved 1538048K, committed 107520K, used 60612K [0x00000000a2200000, 0x0000000100000000)
  region size 1024K, 5 young (5120K), 5 survivors (5120K)
 Metaspace       used 65388K, committed 66048K, reserved 1114112K
  class space    used 9884K, committed 10176K, reserved 1048576K
}
Event: 11.145 GC heap before
{Heap before GC invocations=27 (full 0):
 garbage-first heap   total reserved 1538048K, committed 107520K, used 87236K [0x00000000a2200000, 0x0000000100000000)
  region size 1024K, 32 young (32768K), 5 survivors (5120K)
 Metaspace       used 65388K, committed 66048K, reserved 1114112K
  class space    used 9884K, committed 10176K, reserved 1048576K
}
Event: 11.148 GC heap after
{Heap after GC invocations=28 (full 0):
 garbage-first heap   total reserved 1538048K, committed 107520K, used 60949K [0x00000000a2200000, 0x0000000100000000)
  region size 1024K, 1 young (1024K), 1 survivors (1024K)
 Metaspace       used 65388K, committed 66048K, reserved 1114112K
  class space    used 9884K, committed 10176K, reserved 1048576K
}
Event: 11.235 GC heap before
{Heap before GC invocations=28 (full 0):
 garbage-first heap   total reserved 1538048K, committed 107520K, used 90645K [0x00000000a2200000, 0x0000000100000000)
  region size 1024K, 30 young (30720K), 1 survivors (1024K)
 Metaspace       used 65407K, committed 66112K, reserved 1114112K
  class space    used 9889K, committed 10176K, reserved 1048576K
}
Event: 11.239 GC heap after
{Heap after GC invocations=29 (full 0):
 garbage-first heap   total reserved 1538048K, committed 107520K, used 60939K [0x00000000a2200000, 0x0000000100000000)
  region size 1024K, 4 young (4096K), 4 survivors (4096K)
 Metaspace       used 65407K, committed 66112K, reserved 1114112K
  class space    used 9889K, committed 10176K, reserved 1048576K
}
Event: 11.313 GC heap before
{Heap before GC invocations=29 (full 0):
 garbage-first heap   total reserved 1538048K, committed 107520K, used 91659K [0x00000000a2200000, 0x0000000100000000)
  region size 1024K, 34 young (34816K), 4 survivors (4096K)
 Metaspace       used 65409K, committed 66112K, reserved 1114112K
  class space    used 9889K, committed 10176K, reserved 1048576K
}
Event: 11.316 GC heap after
{Heap after GC invocations=30 (full 0):
 garbage-first heap   total reserved 1538048K, committed 107520K, used 62574K [0x00000000a2200000, 0x0000000100000000)
  region size 1024K, 5 young (5120K), 5 survivors (5120K)
 Metaspace       used 65409K, committed 66112K, reserved 1114112K
  class space    used 9889K, committed 10176K, reserved 1048576K
}
Event: 11.458 GC heap before
{Heap before GC invocations=31 (full 0):
 garbage-first heap   total reserved 1538048K, committed 107520K, used 91246K [0x00000000a2200000, 0x0000000100000000)
  region size 1024K, 34 young (34816K), 5 survivors (5120K)
 Metaspace       used 65530K, committed 66304K, reserved 1114112K
  class space    used 9912K, committed 10240K, reserved 1048576K
}

Dll operation events (11 events):
Event: 0.012 Loaded shared library C:\Program Files\Java\jdk-22\bin\java.dll
Event: 0.132 Loaded shared library C:\Program Files\Java\jdk-22\bin\net.dll
Event: 0.135 Loaded shared library C:\Program Files\Java\jdk-22\bin\nio.dll
Event: 0.139 Loaded shared library C:\Program Files\Java\jdk-22\bin\zip.dll
Event: 0.296 Loaded shared library C:\Program Files\Java\jdk-22\bin\jimage.dll
Event: 0.786 Loaded shared library C:\Program Files\Java\jdk-22\bin\management.dll
Event: 0.799 Loaded shared library C:\Program Files\Java\jdk-22\bin\management_ext.dll
Event: 1.539 Loaded shared library C:\Program Files\Java\jdk-22\bin\le.dll
Event: 2.392 Loaded shared library C:\Program Files\Java\jdk-22\bin\sunmscapi.dll
Event: 6.636 Loaded shared library C:\Program Files\Java\jdk-22\bin\verify.dll
Event: 7.015 Loaded shared library C:\Program Files\Java\jdk-22\bin\extnet.dll

Deoptimization events (4 events):
Event: 4.684 Thread 0x000001ace65fa380 DEOPT PACKING pc=0x000001ac98b1a31c sp=0x00000053f3bfbd20
Event: 4.684 Thread 0x000001ace65fa380 DEOPT UNPACKING pc=0x000001ac98374e42 sp=0x00000053f3bfb2c8 mode 0
Event: 4.684 Thread 0x000001ace65fa380 DEOPT PACKING pc=0x000001ac98aae5ec sp=0x00000053f3bfbf20
Event: 4.684 Thread 0x000001ace65fa380 DEOPT UNPACKING pc=0x000001ac98374e42 sp=0x00000053f3bfb3e0 mode 0

Classes loaded (20 events):
Event: 9.670 Loading class java/util/EmptyStackException
Event: 9.670 Loading class java/util/EmptyStackException done
Event: 9.823 Loading class java/io/InvalidClassException
Event: 9.823 Loading class java/io/InvalidClassException done
Event: 10.482 Loading class java/util/stream/SortedOps$SizedRefSortingSink
Event: 10.483 Loading class java/util/stream/SortedOps$SizedRefSortingSink done
Event: 10.497 Loading class javax/net/ssl/SSLException
Event: 10.498 Loading class javax/net/ssl/SSLException done
Event: 10.514 Loading class java/nio/channels/CompletionHandler
Event: 10.515 Loading class java/nio/channels/CompletionHandler done
Event: 10.592 Loading class java/util/regex/PatternSyntaxException
Event: 10.592 Loading class java/util/regex/PatternSyntaxException done
Event: 10.599 Loading class java/util/Comparators$NullComparator
Event: 10.600 Loading class java/util/Comparators$NullComparator done
Event: 10.632 Loading class java/util/WeakHashMap$KeyIterator
Event: 10.633 Loading class java/util/WeakHashMap$KeyIterator done
Event: 11.367 Loading class sun/reflect/generics/tree/IntSignature
Event: 11.368 Loading class sun/reflect/generics/tree/IntSignature done
Event: 11.387 Loading class java/lang/invoke/MethodHandleImpl$CountingWrapper$1
Event: 11.388 Loading class java/lang/invoke/MethodHandleImpl$CountingWrapper$1 done

Classes unloaded (0 events):
No events

Classes redefined (0 events):
No events

Internal exceptions (20 events):
Event: 8.576 Thread 0x000001ace65fa380 Exception <a 'java/lang/NoSuchMethodError'{0x00000000a5222148}: 'void java.lang.invoke.DirectMethodHandle$Holder.invokeSpecial(java.lang.Object, java.lang.Object, int, java.lang.Object)'> (0x00000000a5222148) 
thrown [s\open\src\hotspot\share\interpreter\linkResolver.cpp, line 774]
Event: 8.576 Thread 0x000001ace65fa380 Exception <a 'java/lang/NoSuchMethodError'{0x00000000a5228d60}: 'java.lang.Object java.lang.invoke.DirectMethodHandle$Holder.newInvokeSpecial(java.lang.Object, java.lang.Object, int)'> (0x00000000a5228d60) 
thrown [s\open\src\hotspot\share\interpreter\linkResolver.cpp, line 774]
Event: 8.606 Thread 0x000001ace65fa380 Exception <a 'java/lang/NoSuchMethodError'{0x00000000a518f2b0}: 'int java.lang.invoke.DirectMethodHandle$Holder.invokeStatic(java.lang.Object, int, java.lang.Object)'> (0x00000000a518f2b0) 
thrown [s\open\src\hotspot\share\interpreter\linkResolver.cpp, line 774]
Event: 8.610 Thread 0x000001ace65fa380 Exception <a 'java/lang/NoSuchMethodError'{0x00000000a51ae850}: 'java.lang.Object java.lang.invoke.DirectMethodHandle$Holder.newInvokeSpecial(java.lang.Object, java.lang.Object, java.lang.Object, java.lang.Object, java.lang.Object, int, java.lang.Object)'> (0x00000000a51ae850) 
thrown [s\open\src\hotspot\share\interpreter\linkResolver.cpp, line 774]
Event: 8.614 Thread 0x000001ace65fa380 Exception <a 'java/lang/NoSuchMethodError'{0x00000000a51e21c0}: 'java.lang.Object java.lang.invoke.Invokers$Holder.linkToTargetMethod(java.lang.Object, java.lang.Object, java.lang.Object, java.lang.Object, java.lang.Object, java.lang.Object, java.lang.Object, java.lang.Object, java.lang.Object, java.lang.Object, java.lang.Object, java.lang.Object)'> (0x00000000a51e21c0) 
thrown [s\open\src\hotspot\share\interpreter\linkResolver.cpp, line 774]
Event: 8.655 Thread 0x000001ace65fa380 Exception <a 'java/lang/IncompatibleClassChangeError'{0x00000000a4f78288}: Found class java.lang.Object, but interface was expected> (0x00000000a4f78288) 
thrown [s\open\src\hotspot\share\interpreter\linkResolver.cpp, line 841]
Event: 8.671 Thread 0x000001ace65fa380 Exception <a 'java/lang/NoSuchMethodError'{0x00000000a4e18558}: 'java.lang.Object java.lang.invoke.DirectMethodHandle$Holder.newInvokeSpecial(java.lang.Object, java.lang.Object, int, java.lang.Object, int, java.lang.Object, java.lang.Object)'> (0x00000000a4e18558) 
thrown [s\open\src\hotspot\share\interpreter\linkResolver.cpp, line 774]
Event: 8.682 Thread 0x000001ace65fa380 Exception <a 'java/lang/NoSuchMethodError'{0x00000000a4e8b418}: 'java.lang.Object java.lang.invoke.DirectMethodHandle$Holder.newInvokeSpecial(java.lang.Object, java.lang.Object, java.lang.Object, java.lang.Object, java.lang.Object, java.lang.Object, java.lang.Object, int)'> (0x00000000a4e8b418) 
thrown [s\open\src\hotspot\share\interpreter\linkResolver.cpp, line 774]
Event: 8.682 Thread 0x000001ace65fa380 Exception <a 'java/lang/NoSuchMethodError'{0x00000000a4e90268}: 'java.lang.Object java.lang.invoke.DirectMethodHandle$Holder.invokeSpecial(java.lang.Object, java.lang.Object, java.lang.Object, java.lang.Object, java.lang.Object, java.lang.Object, java.lang.Object, java.lang.Object, int)'> (0x00000000a4e90268) 
thrown [s\open\src\hotspot\share\interpreter\linkResolver.cpp, line 774]
Event: 8.682 Thread 0x000001ace65fa380 Exception <a 'java/lang/NoSuchMethodError'{0x00000000a4e94aa0}: 'java.lang.Object java.lang.invoke.Invokers$Holder.linkToTargetMethod(java.lang.Object, java.lang.Object, java.lang.Object, java.lang.Object, java.lang.Object, java.lang.Object, int, java.lang.Object)'> (0x00000000a4e94aa0) 
thrown [s\open\src\hotspot\share\interpreter\linkResolver.cpp, line 774]
Event: 9.039 Thread 0x000001ace65fa380 Exception <a 'java/lang/NoSuchMethodError'{0x00000000a611e790}: 'java.lang.Object java.lang.invoke.DirectMethodHandle$Holder.invokeSpecial(java.lang.Object, java.lang.Object, int, java.lang.Object, int)'> (0x00000000a611e790) 
thrown [s\open\src\hotspot\share\interpreter\linkResolver.cpp, line 774]
Event: 9.193 Thread 0x000001ace65fa380 Exception <a 'java/lang/IncompatibleClassChangeError'{0x00000000a5c4bd08}: Found class java.lang.Object, but interface was expected> (0x00000000a5c4bd08) 
thrown [s\open\src\hotspot\share\interpreter\linkResolver.cpp, line 841]
Event: 9.263 Thread 0x000001ace65fa380 Exception <a 'java/lang/IncompatibleClassChangeError'{0x00000000a5a573a0}: Found class java.lang.Object, but interface was expected> (0x00000000a5a573a0) 
thrown [s\open\src\hotspot\share\interpreter\linkResolver.cpp, line 841]
Event: 9.378 Thread 0x000001ace65fa380 Exception <a 'java/lang/IncompatibleClassChangeError'{0x00000000a569a2c0}: Found class java.lang.Object, but interface was expected> (0x00000000a569a2c0) 
thrown [s\open\src\hotspot\share\interpreter\linkResolver.cpp, line 841]
Event: 9.553 Thread 0x000001ace65fa380 Exception <a 'java/lang/IncompatibleClassChangeError'{0x00000000a51f1dd8}: Found class java.lang.Object, but interface was expected> (0x00000000a51f1dd8) 
thrown [s\open\src\hotspot\share\interpreter\linkResolver.cpp, line 841]
Event: 9.553 Thread 0x000001ace65fa380 Exception <a 'java/lang/IncompatibleClassChangeError'{0x00000000a51f7a30}: Found class java.lang.Object, but interface was expected> (0x00000000a51f7a30) 
thrown [s\open\src\hotspot\share\interpreter\linkResolver.cpp, line 841]
Event: 10.515 Thread 0x000001ace65fa380 Exception <a 'java/lang/NoSuchMethodError'{0x00000000a63753e8}: 'long java.lang.invoke.DirectMethodHandle$Holder.invokeVirtual(java.lang.Object, java.lang.Object)'> (0x00000000a63753e8) 
thrown [s\open\src\hotspot\share\interpreter\linkResolver.cpp, line 774]
Event: 10.521 Thread 0x000001ace65fa380 Exception <a 'java/io/FileNotFoundException'{0x00000000a63a1f00}> (0x00000000a63a1f00) 
thrown [s\open\src\hotspot\share\prims\jni.cpp, line 520]
Event: 10.552 Thread 0x000001ace65fa380 Exception <a 'java/lang/NoSuchMethodError'{0x00000000a6121218}: 'void java.lang.invoke.DirectMethodHandle$Holder.invokeVirtual(java.lang.Object, java.lang.Object, long)'> (0x00000000a6121218) 
thrown [s\open\src\hotspot\share\interpreter\linkResolver.cpp, line 774]
Event: 10.571 Thread 0x000001ace65fa380 Exception <a 'java/lang/NoSuchMethodError'{0x00000000a6032c60}: 'void java.lang.invoke.Invokers$Holder.invokeExact_MT(java.lang.Object, java.lang.Object, java.lang.Object, java.lang.Object)'> (0x00000000a6032c60) 
thrown [s\open\src\hotspot\share\interpreter\linkResolver.cpp, line 774]

ZGC Phase Switch (0 events):
No events

VM Operations (20 events):
Event: 10.834 Executing VM operation: G1CollectForAllocation (G1 Evacuation Pause) done
Event: 10.895 Executing VM operation: G1CollectForAllocation (G1 Evacuation Pause)
Event: 10.901 Executing VM operation: G1CollectForAllocation (G1 Evacuation Pause) done
Event: 11.036 Executing VM operation: G1CollectForAllocation (G1 Evacuation Pause)
Event: 11.042 Executing VM operation: G1CollectForAllocation (G1 Evacuation Pause) done
Event: 11.073 Executing VM operation: G1PauseRemark
Event: 11.076 Executing VM operation: G1PauseRemark done
Event: 11.088 Executing VM operation: G1PauseCleanup
Event: 11.088 Executing VM operation: G1PauseCleanup done
Event: 11.145 Executing VM operation: G1CollectForAllocation (G1 Evacuation Pause)
Event: 11.148 Executing VM operation: G1CollectForAllocation (G1 Evacuation Pause) done
Event: 11.235 Executing VM operation: G1CollectForAllocation (G1 Evacuation Pause)
Event: 11.239 Executing VM operation: G1CollectForAllocation (G1 Evacuation Pause) done
Event: 11.313 Executing VM operation: G1CollectForAllocation (G1 Evacuation Pause)
Event: 11.316 Executing VM operation: G1CollectForAllocation (G1 Evacuation Pause) done
Event: 11.346 Executing VM operation: G1PauseRemark
Event: 11.349 Executing VM operation: G1PauseRemark done
Event: 11.360 Executing VM operation: G1PauseCleanup
Event: 11.360 Executing VM operation: G1PauseCleanup done
Event: 11.458 Executing VM operation: G1CollectForAllocation (G1 Evacuation Pause)

Memory protections (0 events):
No events

Nmethod flushes (20 events):
Event: 10.307 Thread 0x000001aca0830400 flushing  nmethod 0x000001ac98c84a10
Event: 10.307 Thread 0x000001aca0830400 flushing  nmethod 0x000001ac98cbdf90
Event: 10.307 Thread 0x000001aca0830400 flushing  nmethod 0x000001ac98cbe290
Event: 10.307 Thread 0x000001aca0830400 flushing  nmethod 0x000001ac98501b10
Event: 10.307 Thread 0x000001aca0830400 flushing  nmethod 0x000001ac98bfe590
Event: 10.307 Thread 0x000001aca0830400 flushing  nmethod 0x000001ac98bff190
Event: 10.307 Thread 0x000001aca0830400 flushing  nmethod 0x000001ac98d71990
Event: 10.307 Thread 0x000001aca0830400 flushing  nmethod 0x000001ac98c2ed10
Event: 10.788 Thread 0x000001aca0830400 flushing  nmethod 0x000001ac98e45c10
Event: 10.788 Thread 0x000001aca0830400 flushing  nmethod 0x000001ac98e49b10
Event: 10.788 Thread 0x000001aca0830400 flushing  nmethod 0x000001ac98e37590
Event: 10.788 Thread 0x000001aca0830400 flushing  nmethod 0x000001ac98ba8710
Event: 10.788 Thread 0x000001aca0830400 flushing  nmethod 0x000001ac98e2c110
Event: 10.788 Thread 0x000001aca0830400 flushing  nmethod 0x000001ac98e5dc10
Event: 10.788 Thread 0x000001aca0830400 flushing  nmethod 0x000001ac98cb5c10
Event: 10.788 Thread 0x000001aca0830400 flushing  nmethod 0x000001ac98e56a90
Event: 11.076 Thread 0x000001aca0830400 flushing  nmethod 0x000001ac98a0c290
Event: 11.076 Thread 0x000001aca0830400 flushing  nmethod 0x000001ac98af7b90
Event: 11.076 Thread 0x000001aca0830400 flushing  nmethod 0x000001ac98ad7c90
Event: 11.076 Thread 0x000001aca0830400 flushing  nmethod 0x000001ac98729890

Events (20 events):
Event: 0.048 Thread 0x000001ac8e5b0470 Thread added: 0x000001aca0867020
Event: 0.050 Thread 0x000001aca0867020 Thread added: 0x000001aca09d9480
Event: 0.120 Thread 0x000001ac8e5b0470 Thread added: 0x000001aca0aee610
Event: 0.125 Thread 0x000001ac8e5b0470 Thread added: 0x000001aca0afd0b0
Event: 0.386 Thread 0x000001aca09d9480 Thread added: 0x000001ace617c5d0
Event: 0.912 Thread 0x000001ac8e5b0470 Thread added: 0x000001ace65f9d10
Event: 0.925 Thread 0x000001ace65f9d10 Thread added: 0x000001ace65fa380
Event: 1.593 Thread 0x000001ace65fa380 Thread added: 0x000001ace6857e70
Event: 1.704 Thread 0x000001ace65fa380 Thread added: 0x000001ace68a8d20
Event: 2.424 Thread 0x000001ace68a8d20 Thread exited: 0x000001ace68a8d20
Event: 2.434 Thread 0x000001ace65fa380 Thread added: 0x000001ace68a8d20
Event: 2.598 Thread 0x000001ace68a8d20 Thread exited: 0x000001ace68a8d20
Event: 4.819 Thread 0x000001aca09d9480 Thread added: 0x000001ace7528ab0
Event: 5.576 Thread 0x000001ace65fa380 Thread added: 0x000001ace7bd28f0
Event: 6.403 Thread 0x000001ace7528ab0 Thread exited: 0x000001ace7528ab0
Event: 7.217 Thread 0x000001ace65fa380 Thread added: 0x000001ace6427420
Event: 7.334 Thread 0x000001ace6427420 Thread added: 0x000001aca09e96f0
Event: 10.531 Thread 0x000001ace65fa380 Thread added: 0x000001ace74ba730
Event: 10.532 Thread 0x000001ace74ba730 Thread added: 0x000001ace74b9380
Event: 10.537 Thread 0x000001ace65fa380 Thread added: 0x000001ace74badc0


Dynamic libraries:
0x00007ff67c660000 - 0x00007ff67c670000 	C:\Program Files\Java\jdk-22\bin\java.exe
0x00007ffe920a0000 - 0x00007ffe92309000 	C:\WINDOWS\SYSTEM32\ntdll.dll
0x00007ffe914a0000 - 0x00007ffe91569000 	C:\WINDOWS\System32\KERNEL32.DLL
0x00007ffe8f490000 - 0x00007ffe8f883000 	C:\WINDOWS\System32\KERNELBASE.dll
0x00007ffe8f890000 - 0x00007ffe8f9db000 	C:\WINDOWS\System32\ucrtbase.dll
0x00007ffe6e130000 - 0x00007ffe6e147000 	C:\Program Files\Java\jdk-22\bin\jli.dll
0x00007ffe7ee10000 - 0x00007ffe7ee2b000 	C:\Program Files\Java\jdk-22\bin\VCRUNTIME140.dll
0x00007ffe91b10000 - 0x00007ffe91cd4000 	C:\WINDOWS\System32\USER32.dll
0x00007ffe7c040000 - 0x00007ffe7c2d3000 	C:\WINDOWS\WinSxS\amd64_microsoft.windows.common-controls_6595b64144ccf1df_6.0.26100.5074_none_3e0d6f78e32fd63f\COMCTL32.dll
0x00007ffe8f460000 - 0x00007ffe8f487000 	C:\WINDOWS\System32\win32u.dll
0x00007ffe90e20000 - 0x00007ffe90ec9000 	C:\WINDOWS\System32\msvcrt.dll
0x00007ffe90fd0000 - 0x00007ffe90ffb000 	C:\WINDOWS\System32\GDI32.dll
0x00007ffe8fa80000 - 0x00007ffe8fbad000 	C:\WINDOWS\System32\gdi32full.dll
0x00007ffe8f230000 - 0x00007ffe8f2d3000 	C:\WINDOWS\System32\msvcp_win.dll
0x00007ffe91750000 - 0x00007ffe9177f000 	C:\WINDOWS\System32\IMM32.DLL
0x00007ffe7ef60000 - 0x00007ffe7ef6c000 	C:\Program Files\Java\jdk-22\bin\vcruntime140_1.dll
0x00007ffe3e2d0000 - 0x00007ffe3e35e000 	C:\Program Files\Java\jdk-22\bin\msvcp140.dll
0x00007ffdcaf10000 - 0x00007ffdcbc59000 	C:\Program Files\Java\jdk-22\bin\server\jvm.dll
0x00007ffe90820000 - 0x00007ffe908d4000 	C:\WINDOWS\System32\ADVAPI32.dll
0x00007ffe916a0000 - 0x00007ffe91746000 	C:\WINDOWS\System32\sechost.dll
0x00007ffe91380000 - 0x00007ffe91498000 	C:\WINDOWS\System32\RPCRT4.dll
0x00007ffe907a0000 - 0x00007ffe90814000 	C:\WINDOWS\System32\WS2_32.dll
0x00007ffe86390000 - 0x00007ffe863c5000 	C:\WINDOWS\SYSTEM32\WINMM.dll
0x00007ffe8f090000 - 0x00007ffe8f0ee000 	C:\WINDOWS\SYSTEM32\POWRPROF.dll
0x00007ffe882c0000 - 0x00007ffe882cb000 	C:\WINDOWS\SYSTEM32\VERSION.dll
0x00007ffe8f070000 - 0x00007ffe8f084000 	C:\WINDOWS\SYSTEM32\UMPDC.dll
0x00007ffe8e010000 - 0x00007ffe8e02b000 	C:\WINDOWS\SYSTEM32\kernel.appcore.dll
0x00007ffe78970000 - 0x00007ffe7897a000 	C:\Program Files\Java\jdk-22\bin\jimage.dll
0x00007ffe8cae0000 - 0x00007ffe8cd22000 	C:\WINDOWS\SYSTEM32\DBGHELP.DLL
0x00007ffe91000000 - 0x00007ffe9137b000 	C:\WINDOWS\System32\combase.dll
0x00007ffe915c0000 - 0x00007ffe91697000 	C:\WINDOWS\System32\OLEAUT32.dll
0x00007ffe78ca0000 - 0x00007ffe78cdd000 	C:\WINDOWS\SYSTEM32\dbgcore.DLL
0x00007ffe8f9e0000 - 0x00007ffe8fa79000 	C:\WINDOWS\System32\bcryptPrimitives.dll
0x00007ffe6e0e0000 - 0x00007ffe6e0fe000 	C:\Program Files\Java\jdk-22\bin\java.dll
0x00007ffe90050000 - 0x00007ffe9079d000 	C:\WINDOWS\System32\SHELL32.dll
0x00007ffe8fc70000 - 0x00007ffe8fddc000 	C:\WINDOWS\System32\wintypes.dll
0x00007ffe91790000 - 0x00007ffe91928000 	C:\WINDOWS\System32\ole32.dll
0x00007ffe8ced0000 - 0x00007ffe8d729000 	C:\WINDOWS\SYSTEM32\windows.storage.dll
0x00007ffe90ed0000 - 0x00007ffe90fc0000 	C:\WINDOWS\System32\SHCORE.dll
0x00007ffe91de0000 - 0x00007ffe91e42000 	C:\WINDOWS\System32\shlwapi.dll
0x00007ffe8f150000 - 0x00007ffe8f179000 	C:\WINDOWS\SYSTEM32\profapi.dll
0x00007ffe61ba0000 - 0x00007ffe61bb0000 	C:\Program Files\Java\jdk-22\bin\net.dll
0x00007ffe8e590000 - 0x00007ffe8e5fb000 	C:\WINDOWS\system32\mswsock.dll
0x00007ffe60690000 - 0x00007ffe606a6000 	C:\Program Files\Java\jdk-22\bin\nio.dll
0x00007ffe60670000 - 0x00007ffe60687000 	C:\Program Files\Java\jdk-22\bin\zip.dll
0x00007ffe86e30000 - 0x00007ffe86e3a000 	C:\Program Files\Java\jdk-22\bin\management.dll
0x00007ffe86260000 - 0x00007ffe8626b000 	C:\Program Files\Java\jdk-22\bin\management_ext.dll
0x00007ffe908f0000 - 0x00007ffe908f8000 	C:\WINDOWS\System32\PSAPI.DLL
0x00007ffe7d410000 - 0x00007ffe7d41b000 	C:\Program Files\Java\jdk-22\bin\le.dll
0x00007ffe6dfc0000 - 0x00007ffe6dfce000 	C:\Program Files\Java\jdk-22\bin\sunmscapi.dll
0x00007ffe8f2e0000 - 0x00007ffe8f457000 	C:\WINDOWS\System32\CRYPT32.dll
0x00007ffe8ea50000 - 0x00007ffe8ea80000 	C:\WINDOWS\SYSTEM32\ncrypt.dll
0x00007ffe8ea00000 - 0x00007ffe8ea3f000 	C:\WINDOWS\SYSTEM32\NTASN1.dll
0x00007ffe8e830000 - 0x00007ffe8e84b000 	C:\WINDOWS\SYSTEM32\CRYPTSP.dll
0x00007ffe8df70000 - 0x00007ffe8dfab000 	C:\WINDOWS\system32\rsaenh.dll
0x00007ffe8e630000 - 0x00007ffe8e65b000 	C:\WINDOWS\SYSTEM32\USERENV.dll
0x00007ffe8f120000 - 0x00007ffe8f146000 	C:\WINDOWS\SYSTEM32\bcrypt.dll
0x00007ffe8e850000 - 0x00007ffe8e85c000 	C:\WINDOWS\SYSTEM32\CRYPTBASE.dll
0x00007ffe8da30000 - 0x00007ffe8da64000 	C:\WINDOWS\SYSTEM32\IPHLPAPI.DLL
0x00007ffe91dd0000 - 0x00007ffe91dda000 	C:\WINDOWS\System32\NSI.dll
0x00007ffe86e40000 - 0x00007ffe86e50000 	C:\Program Files\Java\jdk-22\bin\verify.dll
0x00007ffe8dac0000 - 0x00007ffe8dbe6000 	C:\WINDOWS\SYSTEM32\DNSAPI.dll
0x00007ffe81c40000 - 0x00007ffe81c4b000 	C:\Windows\System32\rasadhlp.dll
0x00007ffe82590000 - 0x00007ffe82616000 	C:\WINDOWS\System32\fwpuclnt.dll
0x00007ffe86250000 - 0x00007ffe86259000 	C:\Program Files\Java\jdk-22\bin\extnet.dll

dbghelp: loaded successfully - version: 4.0.5 - missing functions: none
symbol engine: initialized successfully - sym options: 0x614 - pdb path: .;C:\Program Files\Java\jdk-22\bin;C:\WINDOWS\SYSTEM32;C:\WINDOWS\WinSxS\amd64_microsoft.windows.common-controls_6595b64144ccf1df_6.0.26100.5074_none_3e0d6f78e32fd63f;C:\Program Files\Java\jdk-22\bin\server

VM Arguments:
jvm_args: -XX:TieredStopAtLevel=1 -Dserver.port=9090 
java_command: com.expensemate.expensemate_backend.ExpensemateBackendApplication
java_class_path (initial): C:\Users\TEJASHWINI S\Desktop\CursorCopy\expensemate_backend\expensemate-backend\target\classes;C:\Users\TEJASHWINI S\.m2\repository\ch\qos\logback\logback-classic\1.5.18\logback-classic-1.5.18.jar;C:\Users\TEJASHWINI S\.m2\repository\ch\qos\logback\logback-core\1.5.18\logback-core-1.5.18.jar;C:\Users\TEJASHWINI S\.m2\repository\org\apache\logging\log4j\log4j-to-slf4j\2.24.3\log4j-to-slf4j-2.24.3.jar;C:\Users\TEJASHWINI S\.m2\repository\org\slf4j\jul-to-slf4j\2.0.17\jul-to-slf4j-2.0.17.jar;C:\Users\TEJASHWINI S\.m2\repository\org\yaml\snakeyaml\2.4\snakeyaml-2.4.jar;C:\Users\TEJASHWINI S\.m2\repository\org\springframework\boot\spring-boot-actuator-autoconfigure\3.5.6\spring-boot-actuator-autoconfigure-3.5.6.jar;C:\Users\TEJASHWINI S\.m2\repository\org\springframework\boot\spring-boot-actuator\3.5.6\spring-boot-actuator-3.5.6.jar;C:\Users\TEJASHWINI S\.m2\repository\com\fasterxml\jackson\datatype\jackson-datatype-jsr310\2.19.2\jackson-datatype-jsr310-2.19.2.jar;C:\Users\TEJASHWINI S\.m2\repository\io\micrometer\micrometer-observation\1.15.4\micrometer-observation-1.15.4.jar;C:\Users\TEJASHWINI S\.m2\repository\io\micrometer\micrometer-commons\1.15.4\micrometer-commons-1.15.4.jar;C:\Users\TEJASHWINI S\.m2\repository\io\micrometer\micrometer-jakarta9\1.15.4\micrometer-jakarta9-1.15.4.jar;C:\Users\TEJASHWINI S\.m2\repository\io\micrometer\micrometer-core\1.15.4\micrometer-core-1.15.4.jar;C:\Users\TEJASHWINI S\.m2\repository\org\hdrhistogram\HdrHistogram\2.2.2\HdrHistogram-2.2.2.jar;C:\Users\TEJASHWINI S\.m2\repository\org\latencyutils\LatencyUtils\2.0.3\LatencyUtils-2.0.3.jar;C:\Users\TEJASHWINI S\.m2\repository\com\zaxxer\HikariCP\6.3.3\HikariCP-6.3.3.jar;C:\Users\TEJASHWINI S\.m2\repository\org\springframework\spring-jdbc\6.2.11\spring-jdbc-6.2.11.jar;C:\Users\TEJASHWINI S\.m2\repository\org\hibernate\orm\hibernate-core\6.6.29.Final\hibernate-core-6.6.29.Final.jar;C:\Users\TEJASHWINI S\.m2\repository\jakarta\persistence\jakarta.persistence-api\3.1.0\jakarta.persistence-api-3.1.0.jar;C:\Users\TEJASHWINI S\.m2\repository\jakarta\transaction\jakarta.transaction-api\2.0.1\jakarta.transaction-api-2.0.1.jar;C:\Users\TEJASHWINI S\.m2\repository\org\jboss\logging\jboss-logging\3.6.1.Final\jboss-logging-3.6.1.Final.jar;C:\Users\TEJASHWINI S\.m2\repository\org\hibernate\common\hibernate-commons-annotations\7.0.3.Final\hibernate-commons-annotations-7.0.3.Final.jar;C:\Users\TEJASHWINI S\.m2\repository\io\smallrye\jandex\3.2.0\jandex-3.2.0.jar;C:\Users\TEJASHWINI S\.m2\repository\com\fasterxml\classmate\1.7.0\classmate-1.7.0.jar;C:\Users\TEJASHWINI S\.m2\repository\net\bytebuddy\byte-buddy\1.17.7\byte-buddy-1.17.7.jar;C:\Users\TEJASHWINI S\.m2\repository\org\glassfish\jaxb\jaxb-runtime\4.0.5\jaxb-runtime-4.0.5.jar;C:\Users\TEJASHWINI S\.m2\repository\org\glassfish\jaxb\jaxb-core\4.0.5\jaxb-core-4.0.5.jar;C:\Users\TEJASHWINI S\.m2\repository\org\glassfish\jaxb\txw2\4.0.5\txw2-4.0.5.jar;C:\Users\TEJASHWINI S\.m2\repository\com\sun\istack\istack-commons-runtime\4.1.2\istack-commons-runtime-4.1.2.jar;C:\Users\TEJASHWINI S\.m2\repository\jakarta\inject\jakarta.inject-api\2.0.1\jakarta.inject-api-2.0.1.jar;C:\Users\TEJASHWINI S\.m2\repository\org\antlr\antlr4-runtime\4.13.0\antlr4-runtime-4.13.0.jar;C:\Users\TEJASHWINI S\.m2\repository\org\springframework\data\spring-data-jpa\3.5.4\spring-data-jpa-3.5.4.jar;C:\Users\TEJASHWINI S\.m2\repository\org\springframework\data\spring-data-commons\3.5.4\spring-data-commons-3.5.4.jar;C:\Users\TEJASHWINI S\.m2\repository\org\springframework\spring-orm\6.2.11\spring-orm-6.2.11.jar;C:\Users\TEJASHWINI S\.m2\repository\org\springframework\spring-context\6.2.11\spring-context-6.2.11.jar;C:\Users\TEJASHWINI S\.m2\repository\org\springframework\spring-tx\6.2.11\spring-tx-6.2.11.jar;C:\Users\TEJASHWINI S\.m2\repository\org\springframework\spring-beans\6.2.11\spring-beans-6.2.11.jar;C:\Users\TEJASHWINI S\.m2\repository\org\slf4j\slf4j-api\2.0.17\slf4j-api-2.0.17.jar;C:\Users\TEJASHWINI S\.m2\repository\org\springframework\spring-aspects\6.2.11\spring-aspects-6.2.11.jar;C:\Users\TEJASHWINI S\.m2\repository\org\aspectj\aspectjweaver\1.9.24\aspectjweaver-1.9.24.jar;C:\Users\TEJASHWINI S\.m2\repository\com\fasterxml\jackson\datatype\jackson-datatype-jdk8\2.19.2\jackson-datatype-jdk8-2.19.2.jar;C:\Users\TEJASHWINI S\.m2\repository\com\fasterxml\jackson\module\jackson-module-parameter-names\2.19.2\jackson-module-parameter-names-2.19.2.jar;C:\Users\TEJASHWINI S\.m2\repository\org\apache\tomcat\embed\tomcat-embed-core\10.1.46\tomcat-embed-core-10.1.46.jar;C:\Users\TEJASHWINI S\.m2\repository\org\apache\tomcat\embed\tomcat-embed-el\10.1.46\tomcat-embed-el-10.1.46.jar;C:\Users\TEJASHWINI S\.m2\repository\org\apache\tomcat\embed\tomcat-embed-websocket\10.1.46\tomcat-embed-websocket-10.1.46.jar;C:\Users\TEJASHWINI S\.m2\repository\org\springframework\spring-web\6.2.11\spring-web-6.2.11.jar;C:\Users\TEJASHWINI S\.m2\repository\org\springframework\spring-webmvc\6.2.11\spring-webmvc-6.2.11.jar;C:\Users\TEJASHWINI S\.m2\repository\org\springframework\spring-expression\6.2.11\spring-expression-6.2.11.jar;C:\Users\TEJASHWINI S\.m2\repository\org\springframework\spring-aop\6.2.11\spring-aop-6.2.11.jar;C:\Users\TEJASHWINI S\.m2\repository\org\springframework\security\spring-security-config\6.5.5\spring-security-config-6.5.5.jar;C:\Users\TEJASHWINI S\.m2\repository\org\springframework\security\spring-security-core\6.5.5\spring-security-core-6.5.5.jar;C:\Users\TEJASHWINI S\.m2\repository\org\springframework\security\spring-security-crypto\6.5.5\spring-security-crypto-6.5.5.jar;C:\Users\TEJASHWINI S\.m2\repository\org\springframework\security\spring-security-web\6.5.5\spring-security-web-6.5.5.jar;C:\Users\TEJASHWINI S\.m2\repository\org\springframework\spring-context-support\6.2.11\spring-context-support-6.2.11.jar;C:\Users\TEJASHWINI S\.m2\repository\org\eclipse\angus\jakarta.mail\2.0.4\jakarta.mail-2.0.4.jar;C:\Users\TEJASHWINI S\.m2\repository\jakarta\activation\jakarta.activation-api\2.1.4\jakarta.activation-api-2.1.4.jar;C:\Users\TEJASHWINI S\.m2\repository\org\eclipse\angus\angus-activation\2.0.2\angus-activation-2.0.2.jar;C:\Users\TEJASHWINI S\.m2\repository\org\springframework\boot\spring-boot-devtools\3.5.6\spring-boot-devtools-3.5.6.jar;C:\Users\TEJASHWINI S\.m2\repository\org\springframework\boot\spring-boot\3.5.6\spring-boot-3.5.6.jar;C:\Users\TEJASHWINI S\.m2\repository\org\springframework\boot\spring-boot-autoconfigure\3.5.6\spring-boot-autoconfigure-3.5.6.jar;C:\Users\TEJASHWINI S\.m2\repository\com\mysql\mysql-connector-j\9.4.0\mysql-connector-j-9.4.0.jar;C:\Users\TEJASHWINI S\.m2\repository\jakarta\xml\bind\jakarta.xml.bind-api\4.0.2\jakarta.xml.bind-api-4.0.2.jar;C:\Users\TEJASHWINI S\.m2\repository\org\springframework\spring-core\6.2.11\spring-core-6.2.11.jar;C:\Users\TEJASHWINI S\.m2\repository\org\springframework\spring-jcl\6.2.11\spring-jcl-6.2.11.jar;C:\Users\TEJASHWINI S\.m2\repository\me\paulschwarz\spring-dotenv\3.0.0\spring-dotenv-3.0.0.jar;C:\Users\TEJASHWINI S\.m2\repository\io\github\cdimascio\dotenv-java\2.2.4\dotenv-java-2.2.4.jar;C:\Users\TEJASHWINI S\.m2\repository\io\jsonwebtoken\jjwt-api\0.11.5\jjwt-api-0.11.5.jar;C:\Users\TEJASHWINI S\.m2\repository\io\jsonwebtoken\jjwt-impl\0.11.5\jjwt-impl-0.11.5.jar;C:\Users\TEJASHWINI S\.m2\repository\io\jsonwebtoken\jjwt-jackson\0.11.5\jjwt-jackson-0.11.5.jar;C:\Users\TEJASHWINI S\.m2\repository\com\fasterxml\jackson\core\jackson-databind\2.19.2\jackson-databind-2.19.2.jar;C:\Users\TEJASHWINI S\.m2\repository\com\fasterxml\jackson\core\jackson-annotations\2.19.2\jackson-annotations-2.19.2.jar;C:\Users\TEJASHWINI S\.m2\repository\com\fasterxml\jackson\core\jackson-core\2.19.2\jackson-core-2.19.2.jar;C:\Users\TEJASHWINI S\.m2\repository\jakarta\annotation\jakarta.annotation-api\2.1.1\jakarta.annotation-api-2.1.1.jar;C:\Users\TEJASHWINI S\.m2\repository\com\itextpdf\itextpdf\5.5.13.3\itextpdf-5.5.13.3.jar;C:\Users\TEJASHWINI S\.m2\repository\org\apache\poi\poi-ooxml\5.2.5\poi-ooxml-5.2.5.jar;C:\Users\TEJASHWINI S\.m2\repository\org\apache\poi\poi\5.2.5\poi-5.2.5.jar;C:\Users\TEJASHWINI S\.m2\repository\commons-codec\commons-codec\1.18.0\commons-codec-1.18.0.jar;C:\Users\TEJASHWINI S\.m2\repository\org\apache\commons\commons-math3\3.6.1\commons-math3-3.6.1.jar;C:\Users\TEJASHWINI S\.m2\repository\com\zaxxer\SparseBitSet\1.3\SparseBitSet-1.3.jar;C:\Users\TEJASHWINI S\.m2\repository\org\apache\poi\poi-ooxml-lite\5.2.5\poi-ooxml-lite-5.2.5.jar;C:\Users\TEJASHWINI S\.m2\repository\org\apache\xmlbeans\xmlbeans\5.2.0\xmlbeans-5.2.0.jar;C:\Users\TEJASHWINI S\.m2\repository\org\apache\commons\commons-compress\1.25.0\commons-compress-1.25.0.jar;C:\Users\TEJASHWINI S\.m2\repository\commons-io\commons-io\2.15.0\commons-io-2.15.0.jar;C:\Users\TEJASHWINI S\.m2\repository\com\github\virtuald\curvesapi\1.08\curvesapi-1.08.jar;C:\Users\TEJASHWINI S\.m2\repository\org\apache\logging\log4j\log4j-api\2.24.3\log4j-api-2.24.3.jar;C:\Users\TEJASHWINI S\.m2\repository\org\apache\commons\commons-collections4\4.4\commons-collections4-4.4.jar;C:\Users\TEJASHWINI S\.m2\repository\org\jfree\jfreechart\1.5.3\jfreechart-1.5.3.jar;C:\Users\TEJASHWINI S\.m2\repository\org\jfree\jcommon\1.0.24\jcommon-1.0.24.jar
Launcher Type: SUN_STANDARD

[Global flags]
     intx CICompilerCount                          = 4                                         {product} {ergonomic}
     uint ConcGCThreads                            = 3                                         {product} {ergonomic}
     uint G1ConcRefinementThreads                  = 10                                        {product} {ergonomic}
   size_t G1HeapRegionSize                         = 1048576                                   {product} {ergonomic}
   size_t InitialHeapSize                          = 98566144                                  {product} {ergonomic}
   size_t MarkStackSize                            = 4194304                                   {product} {ergonomic}
   size_t MaxHeapSize                              = 1574961152                                {product} {ergonomic}
   size_t MaxNewSize                               = 944766976                                 {product} {ergonomic}
   size_t MinHeapDeltaBytes                        = 1048576                                   {product} {ergonomic}
   size_t MinHeapSize                              = 8388608                                   {product} {ergonomic}
    uintx NonNMethodCodeHeapSize                   = 4096                                   {pd product} {ergonomic}
    uintx NonProfiledCodeHeapSize                  = 0                                      {pd product} {ergonomic}
     bool ProfileInterpreter                       = false                                  {pd product} {command line}
    uintx ProfiledCodeHeapSize                     = 0                                      {pd product} {ergonomic}
   size_t SoftMaxHeapSize                          = 1574961152                             {manageable} {ergonomic}
     intx TieredStopAtLevel                        = 1                                         {product} {command line}
     bool UseCompressedOops                        = true                           {product lp64_product} {ergonomic}
     bool UseG1GC                                  = true                                      {product} {ergonomic}
     bool UseLargePagesIndividualAllocation        = false                                  {pd product} {ergonomic}

Logging:
Log output configuration:
 #0: stdout all=warning uptime,level,tags foldmultilines=false
 #1: stderr all=off uptime,level,tags foldmultilines=false

Environment Variables:
JAVA_HOME=C:\Program Files\Java\jdk-22
PATH=C:\Users\TEJASH~1\Documents\Anaconda;C:\Users\TEJASH~1\Documents\Anaconda\Library\mingw-w64\bin;C:\Users\TEJASH~1\Documents\Anaconda\Library\usr\bin;C:\Users\TEJASH~1\Documents\Anaconda\Library\bin;C:\Users\TEJASH~1\Documents\Anaconda\Scripts;C:\Users\TEJASH~1\Documents\Anaconda\bin;C:\Users\TEJASH~1\Documents\Anaconda\condabin;C:\Program Files\Common Files\Oracle\Java\javapath;C:\Program Files (x86)\VMware\VMware Workstation\bin;C:\oraclexe\app\oracle\product\11.2.0\server\bin;C:\WINDOWS\system32;C:\WINDOWS;C:\WINDOWS\System32\Wbem;C:\WINDOWS\System32\WindowsPowerShell\v1.0;C:\WINDOWS\System32\OpenSSH;C:\Program Files (x86)\Microsoft SQL Server\160\Tools\Binn;C:\Program Files\Microsoft SQL Server\160\Tools\Binn;C:\Program Files\Microsoft SQL Server\Client SDK\ODBC\170\Tools\Binn;C:\Program Files\Microsoft SQL Server\160\DTS\Binn;C:\Program Files (x86)\Microsoft SQL Server\160\DTS\Binn;C:\Program Files\Azure Data Studio\bin;C:\Program Files\Java\jdk-22\bin;C:\MinGW\bin;C:\Program Files\Git\cmd;C:\Program Files\Git\bin;C:\Program Files\nodejs;C:\Program Files\MySQL\MySQL Server 9.1\bin;C:\Users\TEJASHWINI S\anaconda3;C:\Users\TEJASHWINI S\anaconda3\Scripts;C:\Users\TEJASHWINI S\anaconda3\Library\bin;C:\Users\TEJASHWINI S\AppData\Roaming\npm;C:\Program Files\apache-maven-3.9.11\bin;C:\Users\TEJASHWINI S\AppData\Local\Programs\Python\Python313\Scripts;C:\Users\TEJASHWINI S\AppData\Local\Programs\Python\Python313;C:\Users\TEJASHWINI S\AppData\Local\Programs\Python\Python311\Scripts;C:\Users\TEJASHWINI S\AppData\Local\Programs\Python\Python311;C:\Users\TEJASHWINI S\AppData\Local\Programs\Python\Python312\Scripts;C:\Users\TEJASHWINI S\AppData\Local\Programs\Python\Python312;C:\Users\TEJASHWINI S\AppData\Local\Microsoft\WindowsApps;C:\Program Files\Azure Data Studio\bin;C:\Users\TEJASHWINI S\AppData\Local\Programs\Microsoft VS Code\bin;C:\Users\TEJASHWINI S\AppData\Roaming\npm;C:\Users\TEJASHWINI S\AppData\Local\Programs\cursor\resources\app\bin;.
USERNAME=TEJASHWINI S
LANG=en_US.UTF-8
OS=Windows_NT
PROCESSOR_IDENTIFIER=AMD64 Family 23 Model 104 Stepping 1, AuthenticAMD
TMP=C:\Users\TEJASH~1\AppData\Local\Temp
TEMP=C:\Users\TEJASH~1\AppData\Local\Temp




Periodic native trim disabled

---------------  S Y S T E M  ---------------

OS:
 Windows 11 , 64 bit Build 26100 (10.0.26100.5074)
OS uptime: 3 days 12:28 hours

CPU: total 12 (initial active 12) (12 cores per cpu, 2 threads per core) family 23 model 104 stepping 1 microcode 0x8608103, cx8, cmov, fxsr, ht, mmx, 3dnowpref, sse, sse2, sse3, ssse3, sse4a, sse4.1, sse4.2, popcnt, lzcnt, tsc, tscinvbit, avx, avx2, aes, clmul, bmi1, bmi2, adx, sha, fma, vzeroupper, clflush, clflushopt, rdtscp, rdpid, f16c
Processor Information for processor 0
  Max Mhz: 2100, Current Mhz: 2100, Mhz Limit: 2100
Processor Information for processor 1
  Max Mhz: 2100, Current Mhz: 2100, Mhz Limit: 2100
Processor Information for processor 2
  Max Mhz: 2100, Current Mhz: 2100, Mhz Limit: 2100
Processor Information for processor 3
  Max Mhz: 2100, Current Mhz: 2100, Mhz Limit: 2100
Processor Information for processor 4
  Max Mhz: 2100, Current Mhz: 1813, Mhz Limit: 2100
Processor Information for processor 5
  Max Mhz: 2100, Current Mhz: 2100, Mhz Limit: 2100
Processor Information for processor 6
  Max Mhz: 2100, Current Mhz: 2100, Mhz Limit: 2100
Processor Information for processor 7
  Max Mhz: 2100, Current Mhz: 2100, Mhz Limit: 2100
Processor Information for processor 8
  Max Mhz: 2100, Current Mhz: 1813, Mhz Limit: 2100
Processor Information for processor 9
  Max Mhz: 2100, Current Mhz: 1813, Mhz Limit: 2100
Processor Information for processor 10
  Max Mhz: 2100, Current Mhz: 1813, Mhz Limit: 2100
Processor Information for processor 11
  Max Mhz: 2100, Current Mhz: 1813, Mhz Limit: 2100

Memory: 4k page, system-wide physical 6005M (394M free)
TotalPageFile size 24437M (AvailPageFile size 122M)
current process WorkingSet (physical memory assigned to process): 267M, peak: 267M
current process commit charge ("private bytes"): 309M, peak: 356M

vm_info: Java HotSpot(TM) 64-Bit Server VM (22.0.2+9-70) for windows-amd64 JRE (22.0.2+9-70), built on 2024-06-04T16:52:23Z by "mach5one" with MS VC++ 17.6 (VS2022)

END.
