#
# There is insufficient memory for the Java Runtime Environment to continue.
# Native memory allocation (malloc) failed to allocate 1048576 bytes. Error detail: AllocateHeap
# Possible reasons:
#   The system is out of physical RAM or swap space
#   This process is running with CompressedOops enabled, and the Java Heap may be blocking the growth of the native heap
# Possible solutions:
#   Reduce memory load on the system
#   Increase physical memory or swap space
#   Check if swap backing store is full
#   Decrease Java heap size (-Xmx/-Xms)
#   Decrease number of Java threads
#   Decrease Java thread stack sizes (-Xss)
#   Set larger code cache with -XX:ReservedCodeCacheSize=
#   JVM is running with Unscaled Compressed Oops mode in which the Java heap is
#     placed in the first 4GB address space. The Java Heap base address is the
#     maximum limit for the native heap growth. Please use -XX:HeapBaseMinAddress
#     to set the Java Heap base and to place the Java Heap above 4GB virtual address.
# This output file may be truncated or incomplete.
#
#  Out of Memory Error (allocation.cpp:44), pid=23956, tid=24504
#
# JRE version:  (22.0.2+9) (build )
# Java VM: Java HotSpot(TM) 64-Bit Server VM (22.0.2+9-70, mixed mode, sharing, tiered, compressed oops, compressed class ptrs, g1 gc, windows-amd64)
# No core dump will be written. Minidumps are not enabled by default on client versions of Windows
#

---------------  S U M M A R Y ------------

Command Line: --enable-native-access=ALL-UNNAMED 

Host: AMD Ryzen 5 5500U with Radeon Graphics         , 12 cores, 5G,  Windows 11 , 64 bit Build 26100 (10.0.26100.5074)
Time: Fri Oct 10 17:40:34 2025 India Standard Time elapsed time: 1.089937 seconds (0d 0h 0m 1s)

---------------  T H R E A D  ---------------

Current thread (0x000001cbc787e8d0):  JavaThread "Unknown thread" [_thread_in_vm, id=24504, stack(0x0000003840700000,0x0000003840800000) (1024K)]

Stack: [0x0000003840700000,0x0000003840800000]
Native frames: (J=compiled Java code, j=interpreted, Vv=VM code, C=native code)
V  [jvm.dll+0x6e26e9]  (no source info available)
V  [jvm.dll+0x875753]  (no source info available)
V  [jvm.dll+0x877b7e]  (no source info available)
V  [jvm.dll+0x878253]  (no source info available)
V  [jvm.dll+0x27fc86]  (no source info available)
V  [jvm.dll+0xbe877]  (no source info available)
V  [jvm.dll+0x335144]  (no source info available)
V  [jvm.dll+0x32d22e]  (no source info available)
V  [jvm.dll+0x83d5ac]  (no source info available)
V  [jvm.dll+0x3c10d1]  (no source info available)
V  [jvm.dll+0x8264cc]  (no source info available)
V  [jvm.dll+0x45bd5e]  (no source info available)
V  [jvm.dll+0x45dbe1]  (no source info available)
C  [jli.dll+0x52a3]  (no source info available)
C  [ucrtbase.dll+0x37b0]  (no source info available)
C  [KERNEL32.DLL+0x2e8d7]  (no source info available)
C  [ntdll.dll+0x8d9c]  (no source info available)


---------------  P R O C E S S  ---------------

Threads class SMR info:
_java_thread_list=0x00007ffa906bc1c8, length=0, elements={
}

Java Threads: ( => current thread )
Total: 0

Other Threads:
  0x000001cbc7ca7920 WorkerThread "GC Thread#0"                     [id=2584, stack(0x0000003840800000,0x0000003840900000) (1024K)]

[error occurred during error reporting (printing all threads), id 0xc0000005, EXCEPTION_ACCESS_VIOLATION (0xc0000005) at pc=0x00007ffa8fe09c30]
VM state: not at safepoint (not fully initialized)

VM Mutex/Monitor currently owned by a thread:  ([mutex/lock_event])
[0x00007ffa9073cc80] Heap_lock - owner thread: 0x000001cbc787e8d0

Heap address: 0x00000000a2200000, size: 1502 MB, Compressed Oops mode: 32-bit

CDS archive(s) mapped at: [0x0000000000000000-0x0000000000000000-0x0000000000000000), size 0, SharedBaseAddress: 0x0000000800000000, ArchiveRelocationMode: 1.
Narrow klass base: 0x0000000000000000, Narrow klass shift: 0, Narrow klass range: 0x0

GC Precious Log:
 CardTable entry size: 512
 Card Set container configuration: InlinePtr #cards 5 size 8 Array Of Cards #cards 12 size 40 Howl #buckets 4 coarsen threshold 1843 Howl Bitmap #cards 512 size 80 coarsen threshold 460 Card regions per heap region 1 cards per card region 2048

Heap:
 garbage-first heap   total reserved 1538048K, committed 0K, used 0K [0x00000000a2200000, 0x0000000100000000)
  region size 1024K, 0 young (0K), 0 survivors (0K)

[error occurred during error reporting (printing heap information), id 0xc0000005, EXCEPTION_ACCESS_VIOLATION (0xc0000005) at pc=0x00007ffa9020e869]
GC Heap History (0 events):
No events

Dll operation events (1 events):
Event: 0.055 Loaded shared library C:\Program Files\Java\jdk-22\bin\java.dll

Deoptimization events (0 events):
No events

Classes loaded (0 events):
No events

Classes unloaded (0 events):
No events

Classes redefined (0 events):
No events

Internal exceptions (0 events):
No events

ZGC Phase Switch (0 events):
No events

VM Operations (0 events):
No events

Memory protections (0 events):
No events

Nmethod flushes (0 events):
No events

Events (0 events):
No events


Dynamic libraries:
0x00007ff7f4940000 - 0x00007ff7f4950000 	C:\Program Files\Java\jdk-22\bin\java.exe
0x00007ffb6e920000 - 0x00007ffb6eb89000 	C:\WINDOWS\SYSTEM32\ntdll.dll
0x00007ffb6d3b0000 - 0x00007ffb6d479000 	C:\WINDOWS\System32\KERNEL32.DLL
0x00007ffb6bb50000 - 0x00007ffb6bf43000 	C:\WINDOWS\System32\KERNELBASE.dll
0x00007ffb6c4f0000 - 0x00007ffb6c63b000 	C:\WINDOWS\System32\ucrtbase.dll
0x00007ffb457c0000 - 0x00007ffb457db000 	C:\Program Files\Java\jdk-22\bin\VCRUNTIME140.dll
0x00007ffb455b0000 - 0x00007ffb455c7000 	C:\Program Files\Java\jdk-22\bin\jli.dll
0x00007ffb6c870000 - 0x00007ffb6ca34000 	C:\WINDOWS\System32\USER32.dll
0x00007ffb6c2d0000 - 0x00007ffb6c2f7000 	C:\WINDOWS\System32\win32u.dll
0x00007ffb586b0000 - 0x00007ffb58943000 	C:\WINDOWS\WinSxS\amd64_microsoft.windows.common-controls_6595b64144ccf1df_6.0.26100.5074_none_3e0d6f78e32fd63f\COMCTL32.dll
0x00007ffb6c7d0000 - 0x00007ffb6c7fb000 	C:\WINDOWS\System32\GDI32.dll
0x00007ffb6e830000 - 0x00007ffb6e8d9000 	C:\WINDOWS\System32\msvcrt.dll
0x00007ffb6c300000 - 0x00007ffb6c42d000 	C:\WINDOWS\System32\gdi32full.dll
0x00007ffb6c640000 - 0x00007ffb6c6e3000 	C:\WINDOWS\System32\msvcp_win.dll
0x00007ffb6d480000 - 0x00007ffb6d4af000 	C:\WINDOWS\System32\IMM32.DLL
0x00007ffb4ae10000 - 0x00007ffb4ae1c000 	C:\Program Files\Java\jdk-22\bin\vcruntime140_1.dll
0x00007ffaf69b0000 - 0x00007ffaf6a3e000 	C:\Program Files\Java\jdk-22\bin\msvcp140.dll
0x00007ffa8fad0000 - 0x00007ffa90819000 	C:\Program Files\Java\jdk-22\bin\server\jvm.dll
0x00007ffb6cbe0000 - 0x00007ffb6cc94000 	C:\WINDOWS\System32\ADVAPI32.dll
0x00007ffb6c6f0000 - 0x00007ffb6c796000 	C:\WINDOWS\System32\sechost.dll
0x00007ffb6d290000 - 0x00007ffb6d3a8000 	C:\WINDOWS\System32\RPCRT4.dll
0x00007ffb6d950000 - 0x00007ffb6d9c4000 	C:\WINDOWS\System32\WS2_32.dll
0x00007ffb6b910000 - 0x00007ffb6b96e000 	C:\WINDOWS\SYSTEM32\POWRPROF.dll
0x00007ffb64c30000 - 0x00007ffb64c3b000 	C:\WINDOWS\SYSTEM32\VERSION.dll
0x00007ffb60f80000 - 0x00007ffb60fb5000 	C:\WINDOWS\SYSTEM32\WINMM.dll
0x00007ffb6b8f0000 - 0x00007ffb6b904000 	C:\WINDOWS\SYSTEM32\UMPDC.dll
0x00007ffb6a890000 - 0x00007ffb6a8ab000 	C:\WINDOWS\SYSTEM32\kernel.appcore.dll
0x00007ffb48aa0000 - 0x00007ffb48aaa000 	C:\Program Files\Java\jdk-22\bin\jimage.dll
0x00007ffb69360000 - 0x00007ffb695a2000 	C:\WINDOWS\SYSTEM32\DBGHELP.DLL
0x00007ffb6d550000 - 0x00007ffb6d8cb000 	C:\WINDOWS\System32\combase.dll
0x00007ffb6d9d0000 - 0x00007ffb6daa7000 	C:\WINDOWS\System32\OLEAUT32.dll
0x00007ffb5aa90000 - 0x00007ffb5aacd000 	C:\WINDOWS\SYSTEM32\dbgcore.DLL
0x00007ffb6bab0000 - 0x00007ffb6bb49000 	C:\WINDOWS\System32\bcryptPrimitives.dll
0x00007ffb432d0000 - 0x00007ffb432ee000 	C:\Program Files\Java\jdk-22\bin\java.dll
0x00007ffb6e060000 - 0x00007ffb6e7ad000 	C:\WINDOWS\System32\SHELL32.dll
0x00007ffb6c160000 - 0x00007ffb6c2cc000 	C:\WINDOWS\System32\wintypes.dll
0x00007ffb6ca40000 - 0x00007ffb6cbd8000 	C:\WINDOWS\System32\ole32.dll

dbghelp: loaded successfully - version: 4.0.5 - missing functions: none
symbol engine: initialized successfully - sym options: 0x614 - pdb path: .;C:\Program Files\Java\jdk-22\bin;C:\WINDOWS\SYSTEM32;C:\WINDOWS\WinSxS\amd64_microsoft.windows.common-controls_6595b64144ccf1df_6.0.26100.5074_none_3e0d6f78e32fd63f;C:\Program Files\Java\jdk-22\bin\server

VM Arguments:
jvm_args: --enable-native-access=ALL-UNNAMED 
java_command: <unknown>
java_class_path (initial): <not set>
Launcher Type: SUN_STANDARD

[Global flags]
     intx CICompilerCount                          = 4                                         {product} {ergonomic}
     uint ConcGCThreads                            = 3                                         {product} {ergonomic}
     uint G1ConcRefinementThreads                  = 10                                        {product} {ergonomic}
   size_t G1HeapRegionSize                         = 1048576                                   {product} {ergonomic}
   size_t InitialHeapSize                          = 98566144                                  {product} {ergonomic}
   size_t MarkStackSize                            = 4194304                                   {product} {ergonomic}
   size_t MaxHeapSize                              = 1574961152                                {product} {ergonomic}
   size_t MinHeapDeltaBytes                        = 1048576                                   {product} {ergonomic}
   size_t MinHeapSize                              = 8388608                                   {product} {ergonomic}
    uintx NonNMethodCodeHeapSize                   = 5839372                                {pd product} {ergonomic}
    uintx NonProfiledCodeHeapSize                  = 122909434                              {pd product} {ergonomic}
    uintx ProfiledCodeHeapSize                     = 122909434                              {pd product} {ergonomic}
    uintx ReservedCodeCacheSize                    = 251658240                              {pd product} {ergonomic}
     bool SegmentedCodeCache                       = true                                      {product} {ergonomic}
   size_t SoftMaxHeapSize                          = 1574961152                             {manageable} {ergonomic}
     bool UseCompressedOops                        = true                           {product lp64_product} {ergonomic}
     bool UseG1GC                                  = true                                      {product} {ergonomic}
     bool UseLargePagesIndividualAllocation        = false                                  {pd product} {ergonomic}

Logging:
Log output configuration:
 #0: stdout all=warning uptime,level,tags foldmultilines=false
 #1: stderr all=off uptime,level,tags foldmultilines=false

Environment Variables:
JAVA_HOME=C:\Program Files\Java\jdk-22
PATH=C:\Users\TEJASH~1\Documents\Anaconda;C:\Users\TEJASH~1\Documents\Anaconda\Library\mingw-w64\bin;C:\Users\TEJASH~1\Documents\Anaconda\Library\usr\bin;C:\Users\TEJASH~1\Documents\Anaconda\Library\bin;C:\Users\TEJASH~1\Documents\Anaconda\Scripts;C:\Users\TEJASH~1\Documents\Anaconda\bin;C:\Users\TEJASH~1\Documents\Anaconda\condabin;C:\Program Files\Common Files\Oracle\Java\javapath;C:\Program Files (x86)\VMware\VMware Workstation\bin;C:\oraclexe\app\oracle\product\11.2.0\server\bin;C:\WINDOWS\system32;C:\WINDOWS;C:\WINDOWS\System32\Wbem;C:\WINDOWS\System32\WindowsPowerShell\v1.0;C:\WINDOWS\System32\OpenSSH;C:\Program Files (x86)\Microsoft SQL Server\160\Tools\Binn;C:\Program Files\Microsoft SQL Server\160\Tools\Binn;C:\Program Files\Microsoft SQL Server\Client SDK\ODBC\170\Tools\Binn;C:\Program Files\Microsoft SQL Server\160\DTS\Binn;C:\Program Files (x86)\Microsoft SQL Server\160\DTS\Binn;C:\Program Files\Azure Data Studio\bin;C:\Program Files\Java\jdk-22\bin;C:\MinGW\bin;C:\Program Files\Git\cmd;C:\Program Files\Git\bin;C:\Program Files\nodejs;C:\Program Files\MySQL\MySQL Server 9.1\bin;C:\Users\TEJASHWINI S\anaconda3;C:\Users\TEJASHWINI S\anaconda3\Scripts;C:\Users\TEJASHWINI S\anaconda3\Library\bin;C:\Users\TEJASHWINI S\AppData\Roaming\npm;C:\Program Files\apache-maven-3.9.11\bin;C:\Users\TEJASHWINI S\AppData\Local\Programs\Python\Python313\Scripts;C:\Users\TEJASHWINI S\AppData\Local\Programs\Python\Python313;C:\Users\TEJASHWINI S\AppData\Local\Programs\Python\Python311\Scripts;C:\Users\TEJASHWINI S\AppData\Local\Programs\Python\Python311;C:\Users\TEJASHWINI S\AppData\Local\Programs\Python\Python312\Scripts;C:\Users\TEJASHWINI S\AppData\Local\Programs\Python\Python312;C:\Users\TEJASHWINI S\AppData\Local\Microsoft\WindowsApps;C:\Program Files\Azure Data Studio\bin;C:\Users\TEJASHWINI S\AppData\Local\Programs\Microsoft VS Code\bin;C:\Users\TEJASHWINI S\AppData\Roaming\npm;C:\Users\TEJASHWINI S\AppData\Local\Programs\cursor\resources\app\bin;.
USERNAME=TEJASHWINI S
LANG=en_US.UTF-8
OS=Windows_NT
PROCESSOR_IDENTIFIER=AMD64 Family 23 Model 104 Stepping 1, AuthenticAMD
TMP=C:\Users\TEJASH~1\AppData\Local\Temp
TEMP=C:\Users\TEJASH~1\AppData\Local\Temp




Periodic native trim disabled

---------------  S Y S T E M  ---------------

OS:
 Windows 11 , 64 bit Build 26100 (10.0.26100.5074)
OS uptime: 0 days 7:23 hours

CPU: total 12 (initial active 12) (12 cores per cpu, 2 threads per core) family 23 model 104 stepping 1 microcode 0x8608103, cx8, cmov, fxsr, ht, mmx, 3dnowpref, sse, sse2, sse3, ssse3, sse4a, sse4.1, sse4.2, popcnt, lzcnt, tsc, tscinvbit, avx, avx2, aes, clmul, bmi1, bmi2, adx, sha, fma, vzeroupper, clflush, clflushopt, rdtscp, rdpid, f16c
Processor Information for processor 0
  Max Mhz: 2100, Current Mhz: 2100, Mhz Limit: 2100
Processor Information for processor 1
  Max Mhz: 2100, Current Mhz: 1813, Mhz Limit: 2100
Processor Information for processor 2
  Max Mhz: 2100, Current Mhz: 1813, Mhz Limit: 2100
Processor Information for processor 3
  Max Mhz: 2100, Current Mhz: 1813, Mhz Limit: 2100
Processor Information for processor 4
  Max Mhz: 2100, Current Mhz: 1813, Mhz Limit: 2100
Processor Information for processor 5
  Max Mhz: 2100, Current Mhz: 2100, Mhz Limit: 2100
Processor Information for processor 6
  Max Mhz: 2100, Current Mhz: 2100, Mhz Limit: 2100
Processor Information for processor 7
  Max Mhz: 2100, Current Mhz: 1813, Mhz Limit: 2100
Processor Information for processor 8
  Max Mhz: 2100, Current Mhz: 1813, Mhz Limit: 2100
Processor Information for processor 9
  Max Mhz: 2100, Current Mhz: 1813, Mhz Limit: 2100
Processor Information for processor 10
  Max Mhz: 2100, Current Mhz: 2100, Mhz Limit: 2100
Processor Information for processor 11
  Max Mhz: 2100, Current Mhz: 2100, Mhz Limit: 2100

Memory: 4k page, system-wide physical 6005M (417M free)
TotalPageFile size 24437M (AvailPageFile size 80M)
current process WorkingSet (physical memory assigned to process): 13M, peak: 13M
current process commit charge ("private bytes"): 62M, peak: 63M

vm_info: Java HotSpot(TM) 64-Bit Server VM (22.0.2+9-70) for windows-amd64 JRE (22.0.2+9-70), built on 2024-06-04T16:52:23Z by "mach5one" with MS VC++ 17.6 (VS2022)

END.
