#
# There is insufficient memory for the Java Runtime Environment to continue.
# Native memory allocation (malloc) failed to allocate 1710032 bytes. Error detail: Chunk::new
# Possible reasons:
#   The system is out of physical RAM or swap space
#   This process is running with CompressedOops enabled, and the Java Heap may be blocking the growth of the native heap
# Possible solutions:
#   Reduce memory load on the system
#   Increase physical memory or swap space
#   Check if swap backing store is full
#   Decrease Java heap size (-Xmx/-Xms)
#   Decrease number of Java threads
#   Decrease Java thread stack sizes (-Xss)
#   Set larger code cache with -XX:ReservedCodeCacheSize=
#   JVM is running with Unscaled Compressed Oops mode in which the Java heap is
#     placed in the first 4GB address space. The Java Heap base address is the
#     maximum limit for the native heap growth. Please use -XX:HeapBaseMinAddress
#     to set the Java Heap base and to place the Java Heap above 4GB virtual address.
# This output file may be truncated or incomplete.
#
#  Out of Memory Error (arena.cpp:150), pid=16436, tid=16948
#
# JRE version: Java(TM) SE Runtime Environment (22.0.2+9) (build 22.0.2+9-70)
# Java VM: Java HotSpot(TM) 64-Bit Server VM (22.0.2+9-70, mixed mode, sharing, tiered, compressed oops, compressed class ptrs, g1 gc, windows-amd64)
# No core dump will be written. Minidumps are not enabled by default on client versions of Windows
#

---------------  S U M M A R Y ------------

Command Line: --enable-native-access=ALL-UNNAMED -Dclassworlds.conf=C:\Program Files\apache-maven-3.9.11\bin\m2.conf -Dmaven.home=C:\Program Files\apache-maven-3.9.11 -Dlibrary.jansi.path=C:\Program Files\apache-maven-3.9.11\lib\jansi-native -Dmaven.multiModuleProjectDirectory=C:\Users\TEJASHWINI S\Desktop\CursorCopy\expensemate_backend\expensemate-backend org.codehaus.plexus.classworlds.launcher.Launcher clean compile

Host: AMD Ryzen 5 5500U with Radeon Graphics         , 12 cores, 5G,  Windows 11 , 64 bit Build 26100 (10.0.26100.5074)
Time: Wed Oct 15 05:28:42 2025 India Standard Time elapsed time: 3.802743 seconds (0d 0h 0m 3s)

---------------  T H R E A D  ---------------

Current thread (0x000001f9ab4a3ce0):  JavaThread "C2 CompilerThread1" daemon [_thread_in_native, id=16948, stack(0x0000003019000000,0x0000003019100000) (1024K)]


Current CompileTask:
C2:3802 3853   !   4       org.codehaus.plexus.interpolation.StringSearchInterpolator::interpolate (692 bytes)

Stack: [0x0000003019000000,0x0000003019100000]
Native frames: (J=compiled Java code, j=interpreted, Vv=VM code, C=native code)
V  [jvm.dll+0x6e26e9]  (no source info available)
V  [jvm.dll+0x875753]  (no source info available)
V  [jvm.dll+0x877b7e]  (no source info available)
V  [jvm.dll+0x878253]  (no source info available)
V  [jvm.dll+0x27fc86]  (no source info available)
V  [jvm.dll+0xc3d0f]  (no source info available)
V  [jvm.dll+0xc3f6b]  (no source info available)
V  [jvm.dll+0x3bb47c]  (no source info available)
V  [jvm.dll+0x1df6ae]  (no source info available)
V  [jvm.dll+0x24793c]  (no source info available)
V  [jvm.dll+0x246e9f]  (no source info available)
V  [jvm.dll+0x1c4e80]  (no source info available)
V  [jvm.dll+0x2568f3]  (no source info available)
V  [jvm.dll+0x254baa]  (no source info available)
V  [jvm.dll+0x3f57a6]  (no source info available)
V  [jvm.dll+0x81dc0b]  (no source info available)
V  [jvm.dll+0x6e0d85]  (no source info available)
C  [ucrtbase.dll+0x37b0]  (no source info available)
C  [KERNEL32.DLL+0x2e8d7]  (no source info available)
C  [ntdll.dll+0x8d9c]  (no source info available)


---------------  P R O C E S S  ---------------

Threads class SMR info:
_java_thread_list=0x000001f9f23967f0, length=14, elements={
0x000001f98f32f800, 0x000001f9ab461570, 0x000001f9ab461fd0, 0x000001f9ab4645a0,
0x000001f9ab465390, 0x000001f9ab466c40, 0x000001f9ab46fee0, 0x000001f9ab46d6b0,
0x000001f9ab4a4a80, 0x000001f9ab6f9360, 0x000001f9ab704200, 0x000001f9ab4a3ce0,
0x000001f9f244ed80, 0x000001f9ab4a43b0
}

Java Threads: ( => current thread )
  0x000001f98f32f800 JavaThread "main"                              [_thread_in_Java, id=11920, stack(0x0000003017e00000,0x0000003017f00000) (1024K)]
  0x000001f9ab461570 JavaThread "Reference Handler"          daemon [_thread_blocked, id=25300, stack(0x0000003018600000,0x0000003018700000) (1024K)]
  0x000001f9ab461fd0 JavaThread "Finalizer"                  daemon [_thread_blocked, id=20672, stack(0x0000003018700000,0x0000003018800000) (1024K)]
  0x000001f9ab4645a0 JavaThread "Signal Dispatcher"          daemon [_thread_blocked, id=16708, stack(0x0000003018800000,0x0000003018900000) (1024K)]
  0x000001f9ab465390 JavaThread "Attach Listener"            daemon [_thread_blocked, id=21084, stack(0x0000003018900000,0x0000003018a00000) (1024K)]
  0x000001f9ab466c40 JavaThread "Service Thread"             daemon [_thread_blocked, id=27500, stack(0x0000003018a00000,0x0000003018b00000) (1024K)]
  0x000001f9ab46fee0 JavaThread "Monitor Deflation Thread"   daemon [_thread_blocked, id=1372, stack(0x0000003018b00000,0x0000003018c00000) (1024K)]
  0x000001f9ab46d6b0 JavaThread "C2 CompilerThread0"         daemon [_thread_in_vm, id=20992, stack(0x0000003018c00000,0x0000003018d00000) (1024K)]
  0x000001f9ab4a4a80 JavaThread "C1 CompilerThread0"         daemon [_thread_blocked, id=18896, stack(0x0000003018d00000,0x0000003018e00000) (1024K)]
  0x000001f9ab6f9360 JavaThread "Notification Thread"        daemon [_thread_blocked, id=24776, stack(0x0000003018e00000,0x0000003018f00000) (1024K)]
  0x000001f9ab704200 JavaThread "Common-Cleaner"             daemon [_thread_blocked, id=24768, stack(0x0000003018f00000,0x0000003019000000) (1024K)]
=>0x000001f9ab4a3ce0 JavaThread "C2 CompilerThread1"         daemon [_thread_in_native, id=16948, stack(0x0000003019000000,0x0000003019100000) (1024K)]
  0x000001f9f244ed80 JavaThread "Thread-1"                   daemon [_thread_blocked, id=12664, stack(0x0000003019a00000,0x0000003019b00000) (1024K)]
  0x000001f9ab4a43b0 JavaThread "C2 CompilerThread2"         daemon [_thread_in_native, id=25932, stack(0x0000003019b00000,0x0000003019c00000) (1024K)]
Total: 14

Other Threads:
  0x000001f9ab442b90 VMThread "VM Thread"                           [id=27592, stack(0x0000003018500000,0x0000003018600000) (1024K)]
  0x000001f9ab4266a0 WatcherThread "VM Periodic Task Thread"        [id=10876, stack(0x0000003018400000,0x0000003018500000) (1024K)]
  0x000001f98f3782e0 WorkerThread "GC Thread#0"                     [id=19168, stack(0x0000003017f00000,0x0000003018000000) (1024K)]
  0x000001f9f194b2e0 WorkerThread "GC Thread#1"                     [id=5272, stack(0x0000003019200000,0x0000003019300000) (1024K)]
  0x000001f9f194b690 WorkerThread "GC Thread#2"                     [id=27624, stack(0x0000003019300000,0x0000003019400000) (1024K)]
  0x000001f9f194ba40 WorkerThread "GC Thread#3"                     [id=19652, stack(0x0000003019400000,0x0000003019500000) (1024K)]
  0x000001f9f1483210 WorkerThread "GC Thread#4"                     [id=2484, stack(0x0000003019500000,0x0000003019600000) (1024K)]
  0x000001f9f14835c0 WorkerThread "GC Thread#5"                     [id=19320, stack(0x0000003019600000,0x0000003019700000) (1024K)]
  0x000001f9f1e00580 WorkerThread "GC Thread#6"                     [id=12504, stack(0x0000003019700000,0x0000003019800000) (1024K)]
  0x000001f9f1e00d30 WorkerThread "GC Thread#7"                     [id=19384, stack(0x0000003019800000,0x0000003019900000) (1024K)]
  0x000001f9f2028100 WorkerThread "GC Thread#8"                     [id=4116, stack(0x0000003019100000,0x0000003019200000) (1024K)]
  0x000001f9f1ce3d80 WorkerThread "GC Thread#9"                     [id=26000, stack(0x0000003019900000,0x0000003019a00000) (1024K)]
  0x000001f98f384da0 ConcurrentGCThread "G1 Main Marker"            [id=26388, stack(0x0000003018000000,0x0000003018100000) (1024K)]
  0x000001f98f3866e0 WorkerThread "G1 Conc#0"                       [id=15840, stack(0x0000003018100000,0x0000003018200000) (1024K)]
  0x000001f9ab2fb510 ConcurrentGCThread "G1 Refine#0"               [id=22840, stack(0x0000003018200000,0x0000003018300000) (1024K)]
  0x000001f9ab2fbd40 ConcurrentGCThread "G1 Service"                [id=17392, stack(0x0000003018300000,0x0000003018400000) (1024K)]
Total: 16

Threads with active compile tasks:
C2 CompilerThread1  3887 3853   !   4       org.codehaus.plexus.interpolation.StringSearchInterpolator::interpolate (692 bytes)
C2 CompilerThread2  3887 4259       4       org.codehaus.plexus.interpolation.PrefixAwareRecursionInterceptor::expressionResolutionStarted (23 bytes)
Total: 2

VM state: not at safepoint (normal execution)

VM Mutex/Monitor currently owned by a thread: None

Heap address: 0x00000000a2200000, size: 1502 MB, Compressed Oops mode: 32-bit

CDS archive(s) mapped at: [0x000001f9ac000000-0x000001f9acc60000-0x000001f9acc60000), size 12976128, SharedBaseAddress: 0x000001f9ac000000, ArchiveRelocationMode: 1.
Compressed class space mapped at: 0x000001f9ad000000-0x000001f9ed000000, reserved size: 1073741824
Narrow klass base: 0x000001f9ac000000, Narrow klass shift: 0, Narrow klass range: 0x41000000

GC Precious Log:
 CardTable entry size: 512
 Card Set container configuration: InlinePtr #cards 5 size 8 Array Of Cards #cards 12 size 40 Howl #buckets 4 coarsen threshold 1843 Howl Bitmap #cards 512 size 80 coarsen threshold 460 Card regions per heap region 1 cards per card region 2048
 CPUs: 12 total, 12 available
 Memory: 6005M
 Large Page Support: Disabled
 NUMA Support: Disabled
 Compressed Oops: Enabled (32-bit)
 Heap Region Size: 1M
 Heap Min Capacity: 8M
 Heap Initial Capacity: 94M
 Heap Max Capacity: 1502M
 Pre-touch: Disabled
 Parallel Workers: 10
 Concurrent Workers: 3
 Concurrent Refinement Workers: 10
 Periodic GC: Disabled

Heap:
 garbage-first heap   total reserved 1538048K, committed 96256K, used 46648K [0x00000000a2200000, 0x0000000100000000)
  region size 1024K, 41 young (41984K), 7 survivors (7168K)
 Metaspace       used 15819K, committed 16128K, reserved 1114112K
  class space    used 1875K, committed 1984K, reserved 1048576K

Heap Regions: E=young(eden), S=young(survivor), O=old, HS=humongous(starts), HC=humongous(continues), CS=collection set, F=free, TAMS=top-at-mark-start, PB=parsable bottom
|   0|0x00000000a2200000, 0x00000000a2300000, 0x00000000a2300000|100%| O|  |TAMS 0x00000000a2200000| PB 0x00000000a2200000| Untracked |  0
|   1|0x00000000a2300000, 0x00000000a2400000, 0x00000000a2400000|100%| O|  |TAMS 0x00000000a2300000| PB 0x00000000a2300000| Untracked |  0
|   2|0x00000000a2400000, 0x00000000a2500000, 0x00000000a2500000|100%| O|  |TAMS 0x00000000a2400000| PB 0x00000000a2400000| Untracked |  0
|   3|0x00000000a2500000, 0x00000000a2600000, 0x00000000a2600000|100%| O|  |TAMS 0x00000000a2500000| PB 0x00000000a2500000| Untracked |  0
|   4|0x00000000a2600000, 0x00000000a2700000, 0x00000000a2700000|100%| O|  |TAMS 0x00000000a2600000| PB 0x00000000a2600000| Untracked |  0
|   5|0x00000000a2700000, 0x00000000a278e368, 0x00000000a2800000| 55%| O|  |TAMS 0x00000000a2700000| PB 0x00000000a2700000| Untracked |  0
|   6|0x00000000a2800000, 0x00000000a2800000, 0x00000000a2900000|  0%| F|  |TAMS 0x00000000a2800000| PB 0x00000000a2800000| Untracked |  0
|   7|0x00000000a2900000, 0x00000000a2900000, 0x00000000a2a00000|  0%| F|  |TAMS 0x00000000a2900000| PB 0x00000000a2900000| Untracked |  0
|   8|0x00000000a2a00000, 0x00000000a2a00000, 0x00000000a2b00000|  0%| F|  |TAMS 0x00000000a2a00000| PB 0x00000000a2a00000| Untracked |  0
|   9|0x00000000a2b00000, 0x00000000a2b00000, 0x00000000a2c00000|  0%| F|  |TAMS 0x00000000a2b00000| PB 0x00000000a2b00000| Untracked |  0
|  10|0x00000000a2c00000, 0x00000000a2c00000, 0x00000000a2d00000|  0%| F|  |TAMS 0x00000000a2c00000| PB 0x00000000a2c00000| Untracked |  0
|  11|0x00000000a2d00000, 0x00000000a2d00000, 0x00000000a2e00000|  0%| F|  |TAMS 0x00000000a2d00000| PB 0x00000000a2d00000| Untracked |  0
|  12|0x00000000a2e00000, 0x00000000a2e00000, 0x00000000a2f00000|  0%| F|  |TAMS 0x00000000a2e00000| PB 0x00000000a2e00000| Untracked |  0
|  13|0x00000000a2f00000, 0x00000000a2f00000, 0x00000000a3000000|  0%| F|  |TAMS 0x00000000a2f00000| PB 0x00000000a2f00000| Untracked |  0
|  14|0x00000000a3000000, 0x00000000a3000000, 0x00000000a3100000|  0%| F|  |TAMS 0x00000000a3000000| PB 0x00000000a3000000| Untracked |  0
|  15|0x00000000a3100000, 0x00000000a3100000, 0x00000000a3200000|  0%| F|  |TAMS 0x00000000a3100000| PB 0x00000000a3100000| Untracked |  0
|  16|0x00000000a3200000, 0x00000000a3200000, 0x00000000a3300000|  0%| F|  |TAMS 0x00000000a3200000| PB 0x00000000a3200000| Untracked |  0
|  17|0x00000000a3300000, 0x00000000a3300000, 0x00000000a3400000|  0%| F|  |TAMS 0x00000000a3300000| PB 0x00000000a3300000| Untracked |  0
|  18|0x00000000a3400000, 0x00000000a3400000, 0x00000000a3500000|  0%| F|  |TAMS 0x00000000a3400000| PB 0x00000000a3400000| Untracked |  0
|  19|0x00000000a3500000, 0x00000000a3500000, 0x00000000a3600000|  0%| F|  |TAMS 0x00000000a3500000| PB 0x00000000a3500000| Untracked |  0
|  20|0x00000000a3600000, 0x00000000a3600000, 0x00000000a3700000|  0%| F|  |TAMS 0x00000000a3600000| PB 0x00000000a3600000| Untracked |  0
|  21|0x00000000a3700000, 0x00000000a3700000, 0x00000000a3800000|  0%| F|  |TAMS 0x00000000a3700000| PB 0x00000000a3700000| Untracked |  0
|  22|0x00000000a3800000, 0x00000000a3800000, 0x00000000a3900000|  0%| F|  |TAMS 0x00000000a3800000| PB 0x00000000a3800000| Untracked |  0
|  23|0x00000000a3900000, 0x00000000a3900000, 0x00000000a3a00000|  0%| F|  |TAMS 0x00000000a3900000| PB 0x00000000a3900000| Untracked |  0
|  24|0x00000000a3a00000, 0x00000000a3a00000, 0x00000000a3b00000|  0%| F|  |TAMS 0x00000000a3a00000| PB 0x00000000a3a00000| Untracked |  0
|  25|0x00000000a3b00000, 0x00000000a3b00000, 0x00000000a3c00000|  0%| F|  |TAMS 0x00000000a3b00000| PB 0x00000000a3b00000| Untracked |  0
|  26|0x00000000a3c00000, 0x00000000a3c00000, 0x00000000a3d00000|  0%| F|  |TAMS 0x00000000a3c00000| PB 0x00000000a3c00000| Untracked |  0
|  27|0x00000000a3d00000, 0x00000000a3d00000, 0x00000000a3e00000|  0%| F|  |TAMS 0x00000000a3d00000| PB 0x00000000a3d00000| Untracked |  0
|  28|0x00000000a3e00000, 0x00000000a3e00000, 0x00000000a3f00000|  0%| F|  |TAMS 0x00000000a3e00000| PB 0x00000000a3e00000| Untracked |  0
|  29|0x00000000a3f00000, 0x00000000a3f00000, 0x00000000a4000000|  0%| F|  |TAMS 0x00000000a3f00000| PB 0x00000000a3f00000| Untracked |  0
|  30|0x00000000a4000000, 0x00000000a4000000, 0x00000000a4100000|  0%| F|  |TAMS 0x00000000a4000000| PB 0x00000000a4000000| Untracked |  0
|  31|0x00000000a4100000, 0x00000000a4200000, 0x00000000a4200000|100%| S|CS|TAMS 0x00000000a4100000| PB 0x00000000a4100000| Complete |  0
|  32|0x00000000a4200000, 0x00000000a4300000, 0x00000000a4300000|100%| S|CS|TAMS 0x00000000a4200000| PB 0x00000000a4200000| Complete |  0
|  33|0x00000000a4300000, 0x00000000a4400000, 0x00000000a4400000|100%| S|CS|TAMS 0x00000000a4300000| PB 0x00000000a4300000| Complete |  0
|  34|0x00000000a4400000, 0x00000000a4500000, 0x00000000a4500000|100%| S|CS|TAMS 0x00000000a4400000| PB 0x00000000a4400000| Complete |  0
|  35|0x00000000a4500000, 0x00000000a4600000, 0x00000000a4600000|100%| S|CS|TAMS 0x00000000a4500000| PB 0x00000000a4500000| Complete |  0
|  36|0x00000000a4600000, 0x00000000a4700000, 0x00000000a4700000|100%| S|CS|TAMS 0x00000000a4600000| PB 0x00000000a4600000| Complete |  0
|  37|0x00000000a4700000, 0x00000000a4800000, 0x00000000a4800000|100%| S|CS|TAMS 0x00000000a4700000| PB 0x00000000a4700000| Complete |  0
|  38|0x00000000a4800000, 0x00000000a4800000, 0x00000000a4900000|  0%| F|  |TAMS 0x00000000a4800000| PB 0x00000000a4800000| Untracked |  0
|  39|0x00000000a4900000, 0x00000000a4900000, 0x00000000a4a00000|  0%| F|  |TAMS 0x00000000a4900000| PB 0x00000000a4900000| Untracked |  0
|  40|0x00000000a4a00000, 0x00000000a4a00000, 0x00000000a4b00000|  0%| F|  |TAMS 0x00000000a4a00000| PB 0x00000000a4a00000| Untracked |  0
|  41|0x00000000a4b00000, 0x00000000a4b00000, 0x00000000a4c00000|  0%| F|  |TAMS 0x00000000a4b00000| PB 0x00000000a4b00000| Untracked |  0
|  42|0x00000000a4c00000, 0x00000000a4c00000, 0x00000000a4d00000|  0%| F|  |TAMS 0x00000000a4c00000| PB 0x00000000a4c00000| Untracked |  0
|  43|0x00000000a4d00000, 0x00000000a4d00000, 0x00000000a4e00000|  0%| F|  |TAMS 0x00000000a4d00000| PB 0x00000000a4d00000| Untracked |  0
|  44|0x00000000a4e00000, 0x00000000a4e00000, 0x00000000a4f00000|  0%| F|  |TAMS 0x00000000a4e00000| PB 0x00000000a4e00000| Untracked |  0
|  45|0x00000000a4f00000, 0x00000000a4f00000, 0x00000000a5000000|  0%| F|  |TAMS 0x00000000a4f00000| PB 0x00000000a4f00000| Untracked |  0
|  46|0x00000000a5000000, 0x00000000a5000000, 0x00000000a5100000|  0%| F|  |TAMS 0x00000000a5000000| PB 0x00000000a5000000| Untracked |  0
|  47|0x00000000a5100000, 0x00000000a5100000, 0x00000000a5200000|  0%| F|  |TAMS 0x00000000a5100000| PB 0x00000000a5100000| Untracked |  0
|  48|0x00000000a5200000, 0x00000000a5200000, 0x00000000a5300000|  0%| F|  |TAMS 0x00000000a5200000| PB 0x00000000a5200000| Untracked |  0
|  49|0x00000000a5300000, 0x00000000a5300000, 0x00000000a5400000|  0%| F|  |TAMS 0x00000000a5300000| PB 0x00000000a5300000| Untracked |  0
|  50|0x00000000a5400000, 0x00000000a5400000, 0x00000000a5500000|  0%| F|  |TAMS 0x00000000a5400000| PB 0x00000000a5400000| Untracked |  0
|  51|0x00000000a5500000, 0x00000000a5500000, 0x00000000a5600000|  0%| F|  |TAMS 0x00000000a5500000| PB 0x00000000a5500000| Untracked |  0
|  52|0x00000000a5600000, 0x00000000a5600000, 0x00000000a5700000|  0%| F|  |TAMS 0x00000000a5600000| PB 0x00000000a5600000| Untracked |  0
|  53|0x00000000a5700000, 0x00000000a5700000, 0x00000000a5800000|  0%| F|  |TAMS 0x00000000a5700000| PB 0x00000000a5700000| Untracked |  0
|  54|0x00000000a5800000, 0x00000000a5800000, 0x00000000a5900000|  0%| F|  |TAMS 0x00000000a5800000| PB 0x00000000a5800000| Untracked |  0
|  55|0x00000000a5900000, 0x00000000a5900000, 0x00000000a5a00000|  0%| F|  |TAMS 0x00000000a5900000| PB 0x00000000a5900000| Untracked |  0
|  56|0x00000000a5a00000, 0x00000000a5a00000, 0x00000000a5b00000|  0%| F|  |TAMS 0x00000000a5a00000| PB 0x00000000a5a00000| Untracked |  0
|  57|0x00000000a5b00000, 0x00000000a5b00000, 0x00000000a5c00000|  0%| F|  |TAMS 0x00000000a5b00000| PB 0x00000000a5b00000| Untracked |  0
|  58|0x00000000a5c00000, 0x00000000a5c00000, 0x00000000a5d00000|  0%| F|  |TAMS 0x00000000a5c00000| PB 0x00000000a5c00000| Untracked |  0
|  59|0x00000000a5d00000, 0x00000000a5d00000, 0x00000000a5e00000|  0%| F|  |TAMS 0x00000000a5d00000| PB 0x00000000a5d00000| Untracked |  0
|  60|0x00000000a5e00000, 0x00000000a5f00000, 0x00000000a5f00000|100%| E|  |TAMS 0x00000000a5e00000| PB 0x00000000a5e00000| Complete |  0
|  61|0x00000000a5f00000, 0x00000000a6000000, 0x00000000a6000000|100%| E|CS|TAMS 0x00000000a5f00000| PB 0x00000000a5f00000| Complete |  0
|  62|0x00000000a6000000, 0x00000000a6100000, 0x00000000a6100000|100%| E|CS|TAMS 0x00000000a6000000| PB 0x00000000a6000000| Complete |  0
|  63|0x00000000a6100000, 0x00000000a6200000, 0x00000000a6200000|100%| E|CS|TAMS 0x00000000a6100000| PB 0x00000000a6100000| Complete |  0
|  64|0x00000000a6200000, 0x00000000a6300000, 0x00000000a6300000|100%| E|CS|TAMS 0x00000000a6200000| PB 0x00000000a6200000| Complete |  0
|  65|0x00000000a6300000, 0x00000000a6400000, 0x00000000a6400000|100%| E|CS|TAMS 0x00000000a6300000| PB 0x00000000a6300000| Complete |  0
|  66|0x00000000a6400000, 0x00000000a6500000, 0x00000000a6500000|100%| E|CS|TAMS 0x00000000a6400000| PB 0x00000000a6400000| Complete |  0
|  67|0x00000000a6500000, 0x00000000a6600000, 0x00000000a6600000|100%| E|CS|TAMS 0x00000000a6500000| PB 0x00000000a6500000| Complete |  0
|  68|0x00000000a6600000, 0x00000000a6700000, 0x00000000a6700000|100%| E|CS|TAMS 0x00000000a6600000| PB 0x00000000a6600000| Complete |  0
|  69|0x00000000a6700000, 0x00000000a6800000, 0x00000000a6800000|100%| E|CS|TAMS 0x00000000a6700000| PB 0x00000000a6700000| Complete |  0
|  70|0x00000000a6800000, 0x00000000a6900000, 0x00000000a6900000|100%| E|CS|TAMS 0x00000000a6800000| PB 0x00000000a6800000| Complete |  0
|  71|0x00000000a6900000, 0x00000000a6a00000, 0x00000000a6a00000|100%| E|CS|TAMS 0x00000000a6900000| PB 0x00000000a6900000| Complete |  0
|  72|0x00000000a6a00000, 0x00000000a6b00000, 0x00000000a6b00000|100%| E|CS|TAMS 0x00000000a6a00000| PB 0x00000000a6a00000| Complete |  0
|  73|0x00000000a6b00000, 0x00000000a6c00000, 0x00000000a6c00000|100%| E|CS|TAMS 0x00000000a6b00000| PB 0x00000000a6b00000| Complete |  0
|  74|0x00000000a6c00000, 0x00000000a6d00000, 0x00000000a6d00000|100%| E|CS|TAMS 0x00000000a6c00000| PB 0x00000000a6c00000| Complete |  0
|  75|0x00000000a6d00000, 0x00000000a6e00000, 0x00000000a6e00000|100%| E|CS|TAMS 0x00000000a6d00000| PB 0x00000000a6d00000| Complete |  0
|  76|0x00000000a6e00000, 0x00000000a6f00000, 0x00000000a6f00000|100%| E|CS|TAMS 0x00000000a6e00000| PB 0x00000000a6e00000| Complete |  0
|  77|0x00000000a6f00000, 0x00000000a7000000, 0x00000000a7000000|100%| E|CS|TAMS 0x00000000a6f00000| PB 0x00000000a6f00000| Complete |  0
|  78|0x00000000a7000000, 0x00000000a7100000, 0x00000000a7100000|100%| E|CS|TAMS 0x00000000a7000000| PB 0x00000000a7000000| Complete |  0
|  79|0x00000000a7100000, 0x00000000a7200000, 0x00000000a7200000|100%| E|CS|TAMS 0x00000000a7100000| PB 0x00000000a7100000| Complete |  0
|  80|0x00000000a7200000, 0x00000000a7300000, 0x00000000a7300000|100%| E|CS|TAMS 0x00000000a7200000| PB 0x00000000a7200000| Complete |  0
|  81|0x00000000a7300000, 0x00000000a7400000, 0x00000000a7400000|100%| E|CS|TAMS 0x00000000a7300000| PB 0x00000000a7300000| Complete |  0
|  82|0x00000000a7400000, 0x00000000a7500000, 0x00000000a7500000|100%| E|CS|TAMS 0x00000000a7400000| PB 0x00000000a7400000| Complete |  0
|  83|0x00000000a7500000, 0x00000000a7600000, 0x00000000a7600000|100%| E|CS|TAMS 0x00000000a7500000| PB 0x00000000a7500000| Complete |  0
|  84|0x00000000a7600000, 0x00000000a7700000, 0x00000000a7700000|100%| E|CS|TAMS 0x00000000a7600000| PB 0x00000000a7600000| Complete |  0
|  85|0x00000000a7700000, 0x00000000a7800000, 0x00000000a7800000|100%| E|CS|TAMS 0x00000000a7700000| PB 0x00000000a7700000| Complete |  0
|  86|0x00000000a7800000, 0x00000000a7900000, 0x00000000a7900000|100%| E|CS|TAMS 0x00000000a7800000| PB 0x00000000a7800000| Complete |  0
|  87|0x00000000a7900000, 0x00000000a7a00000, 0x00000000a7a00000|100%| E|CS|TAMS 0x00000000a7900000| PB 0x00000000a7900000| Complete |  0
|  88|0x00000000a7a00000, 0x00000000a7b00000, 0x00000000a7b00000|100%| E|CS|TAMS 0x00000000a7a00000| PB 0x00000000a7a00000| Complete |  0
|  89|0x00000000a7b00000, 0x00000000a7c00000, 0x00000000a7c00000|100%| E|CS|TAMS 0x00000000a7b00000| PB 0x00000000a7b00000| Complete |  0
|  90|0x00000000a7c00000, 0x00000000a7d00000, 0x00000000a7d00000|100%| E|CS|TAMS 0x00000000a7c00000| PB 0x00000000a7c00000| Complete |  0
|  91|0x00000000a7d00000, 0x00000000a7e00000, 0x00000000a7e00000|100%| E|CS|TAMS 0x00000000a7d00000| PB 0x00000000a7d00000| Complete |  0
|  92|0x00000000a7e00000, 0x00000000a7f00000, 0x00000000a7f00000|100%| E|CS|TAMS 0x00000000a7e00000| PB 0x00000000a7e00000| Complete |  0
|  93|0x00000000a7f00000, 0x00000000a8000000, 0x00000000a8000000|100%| E|CS|TAMS 0x00000000a7f00000| PB 0x00000000a7f00000| Complete |  0

Card table byte_map: [0x000001f9a6db0000,0x000001f9a70a0000] _byte_map_base: 0x000001f9a689f000

Marking Bits: (CMBitMap*) 0x000001f98f378900
 Bits: [0x000001f9a70a0000, 0x000001f9a8818000)

Polling page: 0x000001f98d1b0000

Metaspace:

Usage:
  Non-class:     13.62 MB used.
      Class:      1.83 MB used.
       Both:     15.45 MB used.

Virtual space:
  Non-class space:       64.00 MB reserved,      13.81 MB ( 22%) committed,  1 nodes.
      Class space:        1.00 GB reserved,       1.94 MB ( <1%) committed,  1 nodes.
             Both:        1.06 GB reserved,      15.75 MB (  1%) committed. 

Chunk freelists:
   Non-Class:  1.91 MB
       Class:  13.92 MB
        Both:  15.82 MB

MaxMetaspaceSize: unlimited
CompressedClassSpaceSize: 1.00 GB
Initial GC threshold: 21.00 MB
Current GC threshold: 21.00 MB
CDS: on
 - commit_granule_bytes: 65536.
 - commit_granule_words: 8192.
 - virtual_space_node_default_size: 8388608.
 - enlarge_chunks_in_place: 1.
 - use_allocation_guard: 0.


Internal statistics:

num_allocs_failed_limit: 0.
num_arena_births: 180.
num_arena_deaths: 0.
num_vsnodes_births: 2.
num_vsnodes_deaths: 0.
num_space_committed: 252.
num_space_uncommitted: 0.
num_chunks_returned_to_freelist: 0.
num_chunks_taken_from_freelist: 713.
num_chunk_merges: 0.
num_chunk_splits: 497.
num_chunks_enlarged: 402.
num_inconsistent_stats: 0.

CodeHeap 'non-profiled nmethods': size=120000Kb used=2015Kb max_used=2015Kb free=117984Kb
 bounds [0x000001f99f150000, 0x000001f99f3c0000, 0x000001f9a6680000]
CodeHeap 'profiled nmethods': size=120000Kb used=8564Kb max_used=8564Kb free=111435Kb
 bounds [0x000001f997680000, 0x000001f997ee0000, 0x000001f99ebb0000]
CodeHeap 'non-nmethods': size=5760Kb used=1408Kb max_used=1459Kb free=4351Kb
 bounds [0x000001f99ebb0000, 0x000001f99ee20000, 0x000001f99f150000]
 total_blobs=4759 nmethods=4260 adapters=403
 compilation: enabled
              stopped_count=0, restarted_count=0
 full_count=0

Compilation events (20 events):
Event: 3.637 Thread 0x000001f9ab4a43b0 nmethod 4171 0x000001f99f337b10 code [0x000001f99f337d60, 0x000001f99f338808]
Event: 3.637 Thread 0x000001f9ab4a43b0 4179       4       java.lang.String::indexOf (7 bytes)
Event: 3.639 Thread 0x000001f9ab4a43b0 nmethod 4179 0x000001f99f338e10 code [0x000001f99f338fc0, 0x000001f99f339230]
Event: 3.639 Thread 0x000001f9ab4a43b0 4175       4       org.codehaus.plexus.interpolation.reflection.ClassMap::makeMethodKey (75 bytes)
Event: 3.639 Thread 0x000001f9ab4a4a80 4180       1       org.eclipse.aether.collection.DependencyManagement::getProperties (5 bytes)
Event: 3.639 Thread 0x000001f9ab4a43b0 nmethod 4175 0x000001f99f339410 code [0x000001f99f339580, 0x000001f99f339628]
Event: 3.639 Thread 0x000001f9ab4a4a80 nmethod 4180 0x000001f99f339710 code [0x000001f99f3398a0, 0x000001f99f339968]
Event: 3.640 Thread 0x000001f9ab4a4a80 4181       1       org.eclipse.aether.collection.DependencyManagement::getScope (5 bytes)
Event: 3.640 Thread 0x000001f9ab4a4a80 nmethod 4181 0x000001f99f339a10 code [0x000001f99f339ba0, 0x000001f99f339c68]
Event: 3.640 Thread 0x000001f9ab4a4a80 4182       1       org.eclipse.aether.collection.DependencyManagement::getOptional (5 bytes)
Event: 3.640 Thread 0x000001f9ab4a4a80 nmethod 4182 0x000001f99f339d10 code [0x000001f99f339ea0, 0x000001f99f339f68]
Event: 3.640 Thread 0x000001f9ab4a4a80 4183       1       org.eclipse.aether.collection.DependencyManagement::getExclusions (5 bytes)
Event: 3.640 Thread 0x000001f9ab4a4a80 nmethod 4183 0x000001f99f33a010 code [0x000001f99f33a1a0, 0x000001f99f33a268]
Event: 3.645 Thread 0x000001f9ab4a4a80 4184   !   3       java.lang.Class::getEnumConstantsShared (71 bytes)
Event: 3.647 Thread 0x000001f9ab4a4a80 nmethod 4184 0x000001f997e9be90 code [0x000001f997e9c200, 0x000001f997e9d628]
Event: 3.647 Thread 0x000001f9ab4a43b0 4186       4       org.apache.maven.model.merge.ModelMerger::merge (15 bytes)
Event: 3.647 Thread 0x000001f9ab4a4a80 4185       3       org.apache.maven.model.normalization.DefaultModelNormalizer::mergeDuplicates (264 bytes)
Event: 3.648 Thread 0x000001f9ab4a4a80 nmethod 4185 0x000001f997e9df10 code [0x000001f997e9e400, 0x000001f997ea0c88]
Event: 3.649 Thread 0x000001f9ab4a4a80 4187       3       org.apache.maven.plugin.internal.DefaultPluginValidationManager::onEvent (72 bytes)
Event: 3.797 Thread 0x000001f9ab4a4a80 nmethod 4187 0x000001f997ea1990 code [0x000001f997ea1d60, 0x000001f997ea3d28]

GC Heap History (6 events):
Event: 1.039 GC heap before
{Heap before GC invocations=0 (full 0):
 garbage-first heap   total reserved 1538048K, committed 96256K, used 23552K [0x00000000a2200000, 0x0000000100000000)
  region size 1024K, 24 young (24576K), 0 survivors (0K)
 Metaspace       used 5595K, committed 5760K, reserved 1114112K
  class space    used 671K, committed 768K, reserved 1048576K
}
Event: 1.048 GC heap after
{Heap after GC invocations=1 (full 0):
 garbage-first heap   total reserved 1538048K, committed 96256K, used 3792K [0x00000000a2200000, 0x0000000100000000)
  region size 1024K, 3 young (3072K), 3 survivors (3072K)
 Metaspace       used 5595K, committed 5760K, reserved 1114112K
  class space    used 671K, committed 768K, reserved 1048576K
}
Event: 1.879 GC heap before
{Heap before GC invocations=1 (full 0):
 garbage-first heap   total reserved 1538048K, committed 96256K, used 36560K [0x00000000a2200000, 0x0000000100000000)
  region size 1024K, 35 young (35840K), 3 survivors (3072K)
 Metaspace       used 10269K, committed 10432K, reserved 1114112K
  class space    used 1259K, committed 1344K, reserved 1048576K
}
Event: 1.887 GC heap after
{Heap after GC invocations=2 (full 0):
 garbage-first heap   total reserved 1538048K, committed 96256K, used 6331K [0x00000000a2200000, 0x0000000100000000)
  region size 1024K, 3 young (3072K), 3 survivors (3072K)
 Metaspace       used 10269K, committed 10432K, reserved 1114112K
  class space    used 1259K, committed 1344K, reserved 1048576K
}
Event: 3.164 GC heap before
{Heap before GC invocations=2 (full 0):
 garbage-first heap   total reserved 1538048K, committed 96256K, used 60603K [0x00000000a2200000, 0x0000000100000000)
  region size 1024K, 56 young (57344K), 3 survivors (3072K)
 Metaspace       used 15455K, committed 15744K, reserved 1114112K
  class space    used 1872K, committed 1984K, reserved 1048576K
}
Event: 3.184 GC heap after
{Heap after GC invocations=3 (full 0):
 garbage-first heap   total reserved 1538048K, committed 96256K, used 12856K [0x00000000a2200000, 0x0000000100000000)
  region size 1024K, 7 young (7168K), 7 survivors (7168K)
 Metaspace       used 15455K, committed 15744K, reserved 1114112K
  class space    used 1872K, committed 1984K, reserved 1048576K
}

Dll operation events (8 events):
Event: 0.011 Loaded shared library C:\Program Files\Java\jdk-22\bin\java.dll
Event: 0.048 Loaded shared library C:\Program Files\Java\jdk-22\bin\jsvml.dll
Event: 0.075 Loaded shared library C:\Program Files\Java\jdk-22\bin\net.dll
Event: 0.078 Loaded shared library C:\Program Files\Java\jdk-22\bin\nio.dll
Event: 0.083 Loaded shared library C:\Program Files\Java\jdk-22\bin\zip.dll
Event: 0.275 Loaded shared library C:\Program Files\Java\jdk-22\bin\jimage.dll
Event: 0.276 Loaded shared library C:\Program Files\apache-maven-3.9.11\lib\jansi-native\Windows\x86_64\jansi.dll
Event: 0.298 Loaded shared library C:\Program Files\Java\jdk-22\bin\verify.dll

Deoptimization events (20 events):
Event: 3.475 Thread 0x000001f98f32f800 Uncommon trap: trap_request=0xffffff45 fr.pc=0x000001f99f2eee98 relative=0x0000000000002bf8
Event: 3.475 Thread 0x000001f98f32f800 Uncommon trap: reason=unstable_if action=reinterpret pc=0x000001f99f2eee98 method=org.codehaus.plexus.util.xml.pull.MXParser.parseAttribute()C @ 786 c2
Event: 3.475 Thread 0x000001f98f32f800 DEOPT PACKING pc=0x000001f99f2eee98 sp=0x0000003017efc5f0
Event: 3.475 Thread 0x000001f98f32f800 DEOPT UNPACKING pc=0x000001f99ec046a2 sp=0x0000003017efc588 mode 2
Event: 3.593 Thread 0x000001f98f32f800 Uncommon trap: trap_request=0xffffffbe fr.pc=0x000001f99f3336f4 relative=0x0000000000001134
Event: 3.593 Thread 0x000001f98f32f800 Uncommon trap: reason=profile_predicate action=maybe_recompile pc=0x000001f99f3336f4 method=java.util.concurrent.ConcurrentHashMap.putAll(Ljava/util/Map;)V @ 28 c2
Event: 3.593 Thread 0x000001f98f32f800 DEOPT PACKING pc=0x000001f99f3336f4 sp=0x0000003017efd7b0
Event: 3.593 Thread 0x000001f98f32f800 DEOPT UNPACKING pc=0x000001f99ec046a2 sp=0x0000003017efd790 mode 2
Event: 3.597 Thread 0x000001f98f32f800 Uncommon trap: trap_request=0xffffffbe fr.pc=0x000001f99f3336f4 relative=0x0000000000001134
Event: 3.598 Thread 0x000001f98f32f800 Uncommon trap: reason=profile_predicate action=maybe_recompile pc=0x000001f99f3336f4 method=java.util.concurrent.ConcurrentHashMap.putAll(Ljava/util/Map;)V @ 28 c2
Event: 3.598 Thread 0x000001f98f32f800 DEOPT PACKING pc=0x000001f99f3336f4 sp=0x0000003017efd410
Event: 3.598 Thread 0x000001f98f32f800 DEOPT UNPACKING pc=0x000001f99ec046a2 sp=0x0000003017efd3f0 mode 2
Event: 3.601 Thread 0x000001f98f32f800 Uncommon trap: trap_request=0xffffffbe fr.pc=0x000001f99f3336f4 relative=0x0000000000001134
Event: 3.601 Thread 0x000001f98f32f800 Uncommon trap: reason=profile_predicate action=maybe_recompile pc=0x000001f99f3336f4 method=java.util.concurrent.ConcurrentHashMap.putAll(Ljava/util/Map;)V @ 28 c2
Event: 3.601 Thread 0x000001f98f32f800 DEOPT PACKING pc=0x000001f99f3336f4 sp=0x0000003017efd410
Event: 3.601 Thread 0x000001f98f32f800 DEOPT UNPACKING pc=0x000001f99ec046a2 sp=0x0000003017efd3f0 mode 2
Event: 3.603 Thread 0x000001f98f32f800 Uncommon trap: trap_request=0xffffffbe fr.pc=0x000001f99f3336f4 relative=0x0000000000001134
Event: 3.603 Thread 0x000001f98f32f800 Uncommon trap: reason=profile_predicate action=maybe_recompile pc=0x000001f99f3336f4 method=java.util.concurrent.ConcurrentHashMap.putAll(Ljava/util/Map;)V @ 28 c2
Event: 3.603 Thread 0x000001f98f32f800 DEOPT PACKING pc=0x000001f99f3336f4 sp=0x0000003017efd130
Event: 3.603 Thread 0x000001f98f32f800 DEOPT UNPACKING pc=0x000001f99ec046a2 sp=0x0000003017efd110 mode 2

Classes loaded (20 events):
Event: 2.471 Loading class java/util/spi/ResourceBundleProvider
Event: 2.471 Loading class java/util/spi/ResourceBundleProvider done
Event: 2.471 Loading class sun/util/resources/LocaleData$LocaleDataResourceBundleProvider done
Event: 2.471 Loading class sun/util/resources/LocaleData$CommonResourceBundleProvider done
Event: 2.472 Loading class sun/util/resources/Bundles$2
Event: 2.472 Loading class sun/util/resources/Bundles$2 done
Event: 2.503 Loading class java/util/StringTokenizer
Event: 2.504 Loading class java/util/StringTokenizer done
Event: 2.585 Loading class java/util/stream/Streams$RangeIntSpliterator
Event: 2.586 Loading class java/util/stream/Streams$RangeIntSpliterator done
Event: 2.919 Loading class java/util/stream/MatchOps$MatchKind
Event: 2.920 Loading class java/util/stream/MatchOps$MatchKind done
Event: 2.920 Loading class java/util/stream/MatchOps
Event: 2.920 Loading class java/util/stream/MatchOps done
Event: 2.920 Loading class java/util/stream/MatchOps$MatchOp
Event: 2.920 Loading class java/util/stream/MatchOps$MatchOp done
Event: 2.920 Loading class java/util/stream/MatchOps$BooleanTerminalSink
Event: 2.920 Loading class java/util/stream/MatchOps$BooleanTerminalSink done
Event: 2.920 Loading class java/util/stream/MatchOps$1MatchSink
Event: 2.921 Loading class java/util/stream/MatchOps$1MatchSink done

Classes unloaded (0 events):
No events

Classes redefined (0 events):
No events

Internal exceptions (20 events):
Event: 1.924 Thread 0x000001f98f32f800 Exception <a 'java/lang/NoSuchMethodError'{0x00000000a7eada38}: 'long java.lang.invoke.DirectMethodHandle$Holder.invokeStatic(java.lang.Object, java.lang.Object, int)'> (0x00000000a7eada38) 
thrown [s\open\src\hotspot\share\interpreter\linkResolver.cpp, line 774]
Event: 1.926 Thread 0x000001f98f32f800 Exception <a 'java/lang/NoSuchMethodError'{0x00000000a7ec11b8}: 'java.lang.Object java.lang.invoke.DirectMethodHandle$Holder.invokeStatic(java.lang.Object, java.lang.Object, java.lang.Object, java.lang.Object, int)'> (0x00000000a7ec11b8) 
thrown [s\open\src\hotspot\share\interpreter\linkResolver.cpp, line 774]
Event: 1.927 Thread 0x000001f98f32f800 Exception <a 'java/lang/NoSuchMethodError'{0x00000000a7ec9370}: 'java.lang.Object java.lang.invoke.DirectMethodHandle$Holder.invokeSpecial(java.lang.Object, java.lang.Object, java.lang.Object, java.lang.Object, long)'> (0x00000000a7ec9370) 
thrown [s\open\src\hotspot\share\interpreter\linkResolver.cpp, line 774]
Event: 1.928 Thread 0x000001f98f32f800 Exception <a 'java/lang/NoSuchMethodError'{0x00000000a7ed5540}: 'java.lang.Object java.lang.invoke.DirectMethodHandle$Holder.invokeSpecial(java.lang.Object, java.lang.Object, java.lang.Object, int, java.lang.Object)'> (0x00000000a7ed5540) 
thrown [s\open\src\hotspot\share\interpreter\linkResolver.cpp, line 774]
Event: 1.929 Thread 0x000001f98f32f800 Exception <a 'java/lang/NoSuchMethodError'{0x00000000a7edd870}: 'int java.lang.invoke.DirectMethodHandle$Holder.invokeSpecial(java.lang.Object, java.lang.Object, java.lang.Object, int)'> (0x00000000a7edd870) 
thrown [s\open\src\hotspot\share\interpreter\linkResolver.cpp, line 774]
Event: 1.933 Thread 0x000001f98f32f800 Implicit null exception at 0x000001f99f1d5bba to 0x000001f99f1d5db4
Event: 1.935 Thread 0x000001f98f32f800 Exception <a 'java/lang/NoSuchMethodError'{0x00000000a7d02670}: 'java.lang.Object java.lang.invoke.Invokers$Holder.invokeExact_MT(java.lang.Object, int, java.lang.Object)'> (0x00000000a7d02670) 
thrown [s\open\src\hotspot\share\interpreter\linkResolver.cpp, line 774]
Event: 2.137 Thread 0x000001f98f32f800 Exception <a 'java/lang/NoSuchMethodError'{0x00000000a76ee9f0}: 'void java.lang.invoke.Invokers$Holder.invokeExact_MT(java.lang.Object, java.lang.Object, java.lang.Object, java.lang.Object)'> (0x00000000a76ee9f0) 
thrown [s\open\src\hotspot\share\interpreter\linkResolver.cpp, line 774]
Event: 2.152 Thread 0x000001f98f32f800 Exception <a 'java/lang/NoClassDefFoundError'{0x00000000a757c5b8}: com/google/inject/servlet/ServletModuleTargetVisitor> (0x00000000a757c5b8) 
thrown [s\open\src\hotspot\share\classfile\systemDictionary.cpp, line 302]
Event: 2.221 Thread 0x000001f98f32f800 Exception <a 'java/lang/NoSuchMethodError'{0x00000000a7344a90}: 'void java.lang.invoke.DirectMethodHandle$Holder.invokeVirtual(java.lang.Object, java.lang.Object)'> (0x00000000a7344a90) 
thrown [s\open\src\hotspot\share\interpreter\linkResolver.cpp, line 774]
Event: 2.267 Thread 0x000001f98f32f800 Exception <a 'java/lang/NoSuchMethodError'{0x00000000a73c3d88}: 'java.lang.Object java.lang.invoke.DirectMethodHandle$Holder.invokeStaticInit(java.lang.Object, int, int, int, int)'> (0x00000000a73c3d88) 
thrown [s\open\src\hotspot\share\interpreter\linkResolver.cpp, line 774]
Event: 2.395 Thread 0x000001f98f32f800 Implicit null exception at 0x000001f99f177b24 to 0x000001f99f178178
Event: 2.395 Thread 0x000001f98f32f800 Implicit null exception at 0x000001f99f17cfa0 to 0x000001f99f17d5dc
Event: 2.437 Thread 0x000001f98f32f800 Exception <a 'java/lang/NoSuchMethodError'{0x00000000a6d34a98}: 'void java.lang.invoke.DirectMethodHandle$Holder.invokeSpecial(java.lang.Object, java.lang.Object, java.lang.Object, java.lang.Object, java.lang.Object)'> (0x00000000a6d34a98) 
thrown [s\open\src\hotspot\share\interpreter\linkResolver.cpp, line 774]
Event: 2.439 Thread 0x000001f98f32f800 Exception <a 'java/lang/NoSuchMethodError'{0x00000000a6d4b0a8}: 'void java.lang.invoke.DirectMethodHandle$Holder.invokeSpecial(java.lang.Object, java.lang.Object, java.lang.Object, java.lang.Object, java.lang.Object, java.lang.Object)'> (0x00000000a6d4b0a8) 
thrown [s\open\src\hotspot\share\interpreter\linkResolver.cpp, line 774]
Event: 2.452 Thread 0x000001f98f32f800 Exception <a 'java/lang/NoSuchMethodError'{0x00000000a6c405b8}: 'java.lang.Object java.lang.invoke.DirectMethodHandle$Holder.invokeVirtual(java.lang.Object, java.lang.Object, java.lang.Object)'> (0x00000000a6c405b8) 
thrown [s\open\src\hotspot\share\interpreter\linkResolver.cpp, line 774]
Event: 2.515 Thread 0x000001f98f32f800 Exception <a 'java/lang/NoSuchMethodError'{0x00000000a6a1da50}: 'void java.lang.invoke.DirectMethodHandle$Holder.invokeVirtual(java.lang.Object, java.lang.Object, int)'> (0x00000000a6a1da50) 
thrown [s\open\src\hotspot\share\interpreter\linkResolver.cpp, line 774]
Event: 2.515 Thread 0x000001f98f32f800 Exception <a 'java/lang/NoSuchMethodError'{0x00000000a6a21850}: 'void java.lang.invoke.DirectMethodHandle$Holder.invokeSpecial(java.lang.Object, java.lang.Object, java.lang.Object, int)'> (0x00000000a6a21850) 
thrown [s\open\src\hotspot\share\interpreter\linkResolver.cpp, line 774]
Event: 2.516 Thread 0x000001f98f32f800 Exception <a 'java/lang/NoSuchMethodError'{0x00000000a6a24f20}: 'void java.lang.invoke.DelegatingMethodHandle$Holder.reinvoke_L(java.lang.Object, java.lang.Object, int)'> (0x00000000a6a24f20) 
thrown [s\open\src\hotspot\share\interpreter\linkResolver.cpp, line 774]
Event: 3.020 Thread 0x000001f98f32f800 Exception <a 'java/lang/NoSuchMethodError'{0x00000000a4e40180}: 'int java.lang.invoke.DirectMethodHandle$Holder.invokeSpecialIFC(java.lang.Object, java.lang.Object, java.lang.Object, java.lang.Object)'> (0x00000000a4e40180) 
thrown [s\open\src\hotspot\share\interpreter\linkResolver.cpp, line 774]

ZGC Phase Switch (0 events):
No events

VM Operations (20 events):
Event: 2.159 Executing VM operation: ICBufferFull
Event: 2.159 Executing VM operation: ICBufferFull done
Event: 2.236 Executing VM operation: HandshakeAllThreads (Deoptimize)
Event: 2.236 Executing VM operation: HandshakeAllThreads (Deoptimize) done
Event: 2.282 Executing VM operation: HandshakeAllThreads (Deoptimize)
Event: 2.282 Executing VM operation: HandshakeAllThreads (Deoptimize) done
Event: 2.314 Executing VM operation: HandshakeAllThreads (Deoptimize)
Event: 2.314 Executing VM operation: HandshakeAllThreads (Deoptimize) done
Event: 2.334 Executing VM operation: HandshakeAllThreads (Deoptimize)
Event: 2.334 Executing VM operation: HandshakeAllThreads (Deoptimize) done
Event: 2.364 Executing VM operation: HandshakeAllThreads (Deoptimize)
Event: 2.364 Executing VM operation: HandshakeAllThreads (Deoptimize) done
Event: 2.514 Executing VM operation: ICBufferFull
Event: 2.514 Executing VM operation: ICBufferFull done
Event: 2.855 Executing VM operation: ICBufferFull
Event: 2.855 Executing VM operation: ICBufferFull done
Event: 3.164 Executing VM operation: G1CollectForAllocation (G1 Evacuation Pause)
Event: 3.184 Executing VM operation: G1CollectForAllocation (G1 Evacuation Pause) done
Event: 3.612 Executing VM operation: ICBufferFull
Event: 3.612 Executing VM operation: ICBufferFull done

Memory protections (0 events):
No events

Nmethod flushes (0 events):
No events

Events (20 events):
Event: 0.031 Thread 0x000001f98f32f800 Thread added: 0x000001f98f32f800
Event: 0.046 Thread 0x000001f98f32f800 Thread added: 0x000001f9ab461570
Event: 0.046 Thread 0x000001f98f32f800 Thread added: 0x000001f9ab461fd0
Event: 0.047 Thread 0x000001f98f32f800 Thread added: 0x000001f9ab4645a0
Event: 0.047 Thread 0x000001f98f32f800 Thread added: 0x000001f9ab465390
Event: 0.047 Thread 0x000001f98f32f800 Thread added: 0x000001f9ab466c40
Event: 0.047 Thread 0x000001f98f32f800 Thread added: 0x000001f9ab46fee0
Event: 0.047 Thread 0x000001f98f32f800 Thread added: 0x000001f9ab46d6b0
Event: 0.047 Thread 0x000001f98f32f800 Thread added: 0x000001f9ab4a4a80
Event: 0.067 Thread 0x000001f98f32f800 Thread added: 0x000001f9ab6f9360
Event: 0.071 Thread 0x000001f98f32f800 Thread added: 0x000001f9ab704200
Event: 0.272 Thread 0x000001f98f32f800 Thread added: 0x000001f9ab8d9750
Event: 0.293 Thread 0x000001f9ab8d9750 Thread exited: 0x000001f9ab8d9750
Event: 0.973 Thread 0x000001f9ab4a4a80 Thread added: 0x000001f9ab4a5150
Event: 0.989 Thread 0x000001f9ab4a4a80 Thread added: 0x000001f9ab4a43b0
Event: 1.698 Thread 0x000001f9ab4a43b0 Thread exited: 0x000001f9ab4a43b0
Event: 1.890 Thread 0x000001f9ab4a5150 Thread exited: 0x000001f9ab4a5150
Event: 2.224 Thread 0x000001f9ab4a4a80 Thread added: 0x000001f9ab4a3ce0
Event: 2.333 Thread 0x000001f98f32f800 Thread added: 0x000001f9f244ed80
Event: 2.584 Thread 0x000001f9ab4a3ce0 Thread added: 0x000001f9ab4a43b0


Dynamic libraries:
0x00007ff770570000 - 0x00007ff770580000 	C:\Program Files\Java\jdk-22\bin\java.exe
0x00007fff7d160000 - 0x00007fff7d3c9000 	C:\WINDOWS\SYSTEM32\ntdll.dll
0x00007fff7af30000 - 0x00007fff7aff9000 	C:\WINDOWS\System32\KERNEL32.DLL
0x00007fff7aaa0000 - 0x00007fff7ae93000 	C:\WINDOWS\System32\KERNELBASE.dll
0x00007fff7a5f0000 - 0x00007fff7a73b000 	C:\WINDOWS\System32\ucrtbase.dll
0x00007fff71c50000 - 0x00007fff71c6b000 	C:\Program Files\Java\jdk-22\bin\VCRUNTIME140.dll
0x00007fff71b30000 - 0x00007fff71b47000 	C:\Program Files\Java\jdk-22\bin\jli.dll
0x00007fff7bfa0000 - 0x00007fff7c164000 	C:\WINDOWS\System32\USER32.dll
0x00007fff66770000 - 0x00007fff66a03000 	C:\WINDOWS\WinSxS\amd64_microsoft.windows.common-controls_6595b64144ccf1df_6.0.26100.5074_none_3e0d6f78e32fd63f\COMCTL32.dll
0x00007fff7a2f0000 - 0x00007fff7a317000 	C:\WINDOWS\System32\win32u.dll
0x00007fff7cb60000 - 0x00007fff7cc09000 	C:\WINDOWS\System32\msvcrt.dll
0x00007fff7bbd0000 - 0x00007fff7bbfb000 	C:\WINDOWS\System32\GDI32.dll
0x00007fff7a970000 - 0x00007fff7aa9d000 	C:\WINDOWS\System32\gdi32full.dll
0x00007fff7a8c0000 - 0x00007fff7a963000 	C:\WINDOWS\System32\msvcp_win.dll
0x00007fff7b100000 - 0x00007fff7b12f000 	C:\WINDOWS\System32\IMM32.DLL
0x00007fff767a0000 - 0x00007fff767ac000 	C:\Program Files\Java\jdk-22\bin\vcruntime140_1.dll
0x00007fff3f880000 - 0x00007fff3f90e000 	C:\Program Files\Java\jdk-22\bin\msvcp140.dll
0x00007ffee0b30000 - 0x00007ffee1879000 	C:\Program Files\Java\jdk-22\bin\server\jvm.dll
0x00007fff7ca70000 - 0x00007fff7cb24000 	C:\WINDOWS\System32\ADVAPI32.dll
0x00007fff7c9c0000 - 0x00007fff7ca66000 	C:\WINDOWS\System32\sechost.dll
0x00007fff7cef0000 - 0x00007fff7d008000 	C:\WINDOWS\System32\RPCRT4.dll
0x00007fff7d020000 - 0x00007fff7d094000 	C:\WINDOWS\System32\WS2_32.dll
0x00007fff7a150000 - 0x00007fff7a1ae000 	C:\WINDOWS\SYSTEM32\POWRPROF.dll
0x00007fff73310000 - 0x00007fff7331b000 	C:\WINDOWS\SYSTEM32\VERSION.dll
0x00007fff71570000 - 0x00007fff715a5000 	C:\WINDOWS\SYSTEM32\WINMM.dll
0x00007fff7a130000 - 0x00007fff7a144000 	C:\WINDOWS\SYSTEM32\UMPDC.dll
0x00007fff79070000 - 0x00007fff7908b000 	C:\WINDOWS\SYSTEM32\kernel.appcore.dll
0x00007fff76620000 - 0x00007fff7662a000 	C:\Program Files\Java\jdk-22\bin\jimage.dll
0x00007fff77ba0000 - 0x00007fff77de2000 	C:\WINDOWS\SYSTEM32\DBGHELP.DLL
0x00007fff7bc00000 - 0x00007fff7bf7b000 	C:\WINDOWS\System32\combase.dll
0x00007fff7ba40000 - 0x00007fff7bb17000 	C:\WINDOWS\System32\OLEAUT32.dll
0x00007fff64d80000 - 0x00007fff64dbd000 	C:\WINDOWS\SYSTEM32\dbgcore.DLL
0x00007fff7a3e0000 - 0x00007fff7a479000 	C:\WINDOWS\System32\bcryptPrimitives.dll
0x00007fff71af0000 - 0x00007fff71b0e000 	C:\Program Files\Java\jdk-22\bin\java.dll
0x00007fff7b2f0000 - 0x00007fff7ba3d000 	C:\WINDOWS\System32\SHELL32.dll
0x00007fff7a480000 - 0x00007fff7a5ec000 	C:\WINDOWS\System32\wintypes.dll
0x00007fff7c270000 - 0x00007fff7c408000 	C:\WINDOWS\System32\ole32.dll
0x00007fff77f90000 - 0x00007fff787e9000 	C:\WINDOWS\SYSTEM32\windows.storage.dll
0x00007fff7cdf0000 - 0x00007fff7cee0000 	C:\WINDOWS\System32\SHCORE.dll
0x00007fff7b090000 - 0x00007fff7b0f2000 	C:\WINDOWS\System32\shlwapi.dll
0x00007fff7a210000 - 0x00007fff7a239000 	C:\WINDOWS\SYSTEM32\profapi.dll
0x00007fff13070000 - 0x00007fff13147000 	C:\Program Files\Java\jdk-22\bin\jsvml.dll
0x00007fff72a70000 - 0x00007fff72a80000 	C:\Program Files\Java\jdk-22\bin\net.dll
0x00007fff79650000 - 0x00007fff796bb000 	C:\WINDOWS\system32\mswsock.dll
0x00007fff6fd30000 - 0x00007fff6fd46000 	C:\Program Files\Java\jdk-22\bin\nio.dll
0x00007fff6da30000 - 0x00007fff6da47000 	C:\Program Files\Java\jdk-22\bin\zip.dll
0x00007fff5b630000 - 0x00007fff5b654000 	C:\Program Files\apache-maven-3.9.11\lib\jansi-native\Windows\x86_64\jansi.dll
0x00007fff71ae0000 - 0x00007fff71af0000 	C:\Program Files\Java\jdk-22\bin\verify.dll

dbghelp: loaded successfully - version: 4.0.5 - missing functions: none
symbol engine: initialized successfully - sym options: 0x614 - pdb path: .;C:\Program Files\Java\jdk-22\bin;C:\WINDOWS\SYSTEM32;C:\WINDOWS\WinSxS\amd64_microsoft.windows.common-controls_6595b64144ccf1df_6.0.26100.5074_none_3e0d6f78e32fd63f;C:\Program Files\Java\jdk-22\bin\server;C:\Program Files\apache-maven-3.9.11\lib\jansi-native\Windows\x86_64

VM Arguments:
jvm_args: --enable-native-access=ALL-UNNAMED -Dclassworlds.conf=C:\Program Files\apache-maven-3.9.11\bin\m2.conf -Dmaven.home=C:\Program Files\apache-maven-3.9.11 -Dlibrary.jansi.path=C:\Program Files\apache-maven-3.9.11\lib\jansi-native -Dmaven.multiModuleProjectDirectory=C:\Users\TEJASHWINI S\Desktop\CursorCopy\expensemate_backend\expensemate-backend 
java_command: org.codehaus.plexus.classworlds.launcher.Launcher clean compile
java_class_path (initial): C:\Program Files\apache-maven-3.9.11\boot\plexus-classworlds-2.9.0.jar
Launcher Type: SUN_STANDARD

[Global flags]
     intx CICompilerCount                          = 4                                         {product} {ergonomic}
     uint ConcGCThreads                            = 3                                         {product} {ergonomic}
     uint G1ConcRefinementThreads                  = 10                                        {product} {ergonomic}
   size_t G1HeapRegionSize                         = 1048576                                   {product} {ergonomic}
   size_t InitialHeapSize                          = 98566144                                  {product} {ergonomic}
   size_t MarkStackSize                            = 4194304                                   {product} {ergonomic}
   size_t MaxHeapSize                              = 1574961152                                {product} {ergonomic}
   size_t MaxNewSize                               = 944766976                                 {product} {ergonomic}
   size_t MinHeapDeltaBytes                        = 1048576                                   {product} {ergonomic}
   size_t MinHeapSize                              = 8388608                                   {product} {ergonomic}
    uintx NonNMethodCodeHeapSize                   = 5839372                                {pd product} {ergonomic}
    uintx NonProfiledCodeHeapSize                  = 122909434                              {pd product} {ergonomic}
    uintx ProfiledCodeHeapSize                     = 122909434                              {pd product} {ergonomic}
    uintx ReservedCodeCacheSize                    = 251658240                              {pd product} {ergonomic}
     bool SegmentedCodeCache                       = true                                      {product} {ergonomic}
   size_t SoftMaxHeapSize                          = 1574961152                             {manageable} {ergonomic}
     bool UseCompressedOops                        = true                           {product lp64_product} {ergonomic}
     bool UseG1GC                                  = true                                      {product} {ergonomic}
     bool UseLargePagesIndividualAllocation        = false                                  {pd product} {ergonomic}

Logging:
Log output configuration:
 #0: stdout all=warning uptime,level,tags foldmultilines=false
 #1: stderr all=off uptime,level,tags foldmultilines=false

Environment Variables:
JAVA_HOME=C:\Program Files\Java\jdk-22
PATH=C:\Users\TEJASH~1\Documents\Anaconda;C:\Users\TEJASH~1\Documents\Anaconda\Library\mingw-w64\bin;C:\Users\TEJASH~1\Documents\Anaconda\Library\usr\bin;C:\Users\TEJASH~1\Documents\Anaconda\Library\bin;C:\Users\TEJASH~1\Documents\Anaconda\Scripts;C:\Users\TEJASH~1\Documents\Anaconda\bin;C:\Users\TEJASH~1\Documents\Anaconda\condabin;C:\Program Files\Common Files\Oracle\Java\javapath;C:\Program Files (x86)\VMware\VMware Workstation\bin;C:\oraclexe\app\oracle\product\11.2.0\server\bin;C:\WINDOWS\system32;C:\WINDOWS;C:\WINDOWS\System32\Wbem;C:\WINDOWS\System32\WindowsPowerShell\v1.0;C:\WINDOWS\System32\OpenSSH;C:\Program Files (x86)\Microsoft SQL Server\160\Tools\Binn;C:\Program Files\Microsoft SQL Server\160\Tools\Binn;C:\Program Files\Microsoft SQL Server\Client SDK\ODBC\170\Tools\Binn;C:\Program Files\Microsoft SQL Server\160\DTS\Binn;C:\Program Files (x86)\Microsoft SQL Server\160\DTS\Binn;C:\Program Files\Azure Data Studio\bin;C:\Program Files\Java\jdk-22\bin;C:\MinGW\bin;C:\Program Files\Git\cmd;C:\Program Files\Git\bin;C:\Program Files\nodejs;C:\Program Files\MySQL\MySQL Server 9.1\bin;C:\Users\TEJASHWINI S\anaconda3;C:\Users\TEJASHWINI S\anaconda3\Scripts;C:\Users\TEJASHWINI S\anaconda3\Library\bin;C:\Users\TEJASHWINI S\AppData\Roaming\npm;C:\Program Files\apache-maven-3.9.11\bin;C:\Users\TEJASHWINI S\AppData\Local\Programs\Python\Python313\Scripts;C:\Users\TEJASHWINI S\AppData\Local\Programs\Python\Python313;C:\Users\TEJASHWINI S\AppData\Local\Programs\Python\Python311\Scripts;C:\Users\TEJASHWINI S\AppData\Local\Programs\Python\Python311;C:\Users\TEJASHWINI S\AppData\Local\Programs\Python\Python312\Scripts;C:\Users\TEJASHWINI S\AppData\Local\Programs\Python\Python312;C:\Users\TEJASHWINI S\AppData\Local\Microsoft\WindowsApps;C:\Program Files\Azure Data Studio\bin;C:\Users\TEJASHWINI S\AppData\Local\Programs\Microsoft VS Code\bin;C:\Users\TEJASHWINI S\AppData\Roaming\npm;C:\Users\TEJASHWINI S\AppData\Local\Programs\cursor\resources\app\bin;.
USERNAME=TEJASHWINI S
LANG=en_US.UTF-8
OS=Windows_NT
PROCESSOR_IDENTIFIER=AMD64 Family 23 Model 104 Stepping 1, AuthenticAMD
TMP=C:\Users\TEJASH~1\AppData\Local\Temp
TEMP=C:\Users\TEJASH~1\AppData\Local\Temp




Periodic native trim disabled

---------------  S Y S T E M  ---------------

OS:
 Windows 11 , 64 bit Build 26100 (10.0.26100.5074)
OS uptime: 0 days 11:15 hours

CPU: total 12 (initial active 12) (12 cores per cpu, 2 threads per core) family 23 model 104 stepping 1 microcode 0x8608103, cx8, cmov, fxsr, ht, mmx, 3dnowpref, sse, sse2, sse3, ssse3, sse4a, sse4.1, sse4.2, popcnt, lzcnt, tsc, tscinvbit, avx, avx2, aes, clmul, bmi1, bmi2, adx, sha, fma, vzeroupper, clflush, clflushopt, rdtscp, rdpid, f16c
Processor Information for processor 0
  Max Mhz: 2100, Current Mhz: 1988, Mhz Limit: 2100
Processor Information for processor 1
  Max Mhz: 2100, Current Mhz: 1988, Mhz Limit: 2100
Processor Information for processor 2
  Max Mhz: 2100, Current Mhz: 1988, Mhz Limit: 2100
Processor Information for processor 3
  Max Mhz: 2100, Current Mhz: 1988, Mhz Limit: 2100
Processor Information for processor 4
  Max Mhz: 2100, Current Mhz: 2100, Mhz Limit: 2100
Processor Information for processor 5
  Max Mhz: 2100, Current Mhz: 2100, Mhz Limit: 2100
Processor Information for processor 6
  Max Mhz: 2100, Current Mhz: 2100, Mhz Limit: 2100
Processor Information for processor 7
  Max Mhz: 2100, Current Mhz: 1988, Mhz Limit: 2100
Processor Information for processor 8
  Max Mhz: 2100, Current Mhz: 1988, Mhz Limit: 2100
Processor Information for processor 9
  Max Mhz: 2100, Current Mhz: 1988, Mhz Limit: 2100
Processor Information for processor 10
  Max Mhz: 2100, Current Mhz: 2100, Mhz Limit: 2100
Processor Information for processor 11
  Max Mhz: 2100, Current Mhz: 1988, Mhz Limit: 2100

Memory: 4k page, system-wide physical 6005M (584M free)
TotalPageFile size 24437M (AvailPageFile size 9M)
current process WorkingSet (physical memory assigned to process): 171M, peak: 172M
current process commit charge ("private bytes"): 242M, peak: 243M

vm_info: Java HotSpot(TM) 64-Bit Server VM (22.0.2+9-70) for windows-amd64 JRE (22.0.2+9-70), built on 2024-06-04T16:52:23Z by "mach5one" with MS VC++ 17.6 (VS2022)

END.
