#
# There is insufficient memory for the Java Runtime Environment to continue.
# Native memory allocation (malloc) failed to allocate 2120288 bytes. Error detail: Chunk::new
# Possible reasons:
#   The system is out of physical RAM or swap space
#   This process is running with CompressedOops enabled, and the Java Heap may be blocking the growth of the native heap
# Possible solutions:
#   Reduce memory load on the system
#   Increase physical memory or swap space
#   Check if swap backing store is full
#   Decrease Java heap size (-Xmx/-Xms)
#   Decrease number of Java threads
#   Decrease Java thread stack sizes (-Xss)
#   Set larger code cache with -XX:ReservedCodeCacheSize=
#   JVM is running with Unscaled Compressed Oops mode in which the Java heap is
#     placed in the first 4GB address space. The Java Heap base address is the
#     maximum limit for the native heap growth. Please use -XX:HeapBaseMinAddress
#     to set the Java Heap base and to place the Java Heap above 4GB virtual address.
# This output file may be truncated or incomplete.
#
#  Out of Memory Error (arena.cpp:168), pid=2136, tid=31204
#
# JRE version: OpenJDK Runtime Environment Temurin-21.0.8+9 (21.0.8+9) (build 21.0.8+9-LTS)
# Java VM: OpenJDK 64-Bit Server VM Temurin-21.0.8+9 (21.0.8+9-LTS, mixed mode, sharing, tiered, compressed oops, compressed class ptrs, parallel gc, windows-amd64)
# No core dump will be written. Minidumps are not enabled by default on client versions of Windows
#

---------------  S U M M A R Y ------------

Command Line: --add-modules=ALL-SYSTEM --add-opens=java.base/java.util=ALL-UNNAMED --add-opens=java.base/java.lang=ALL-UNNAMED --add-opens=java.base/sun.nio.fs=ALL-UNNAMED -Declipse.application=org.eclipse.jdt.ls.core.id1 -Dosgi.bundles.defaultStartLevel=4 -Declipse.product=org.eclipse.jdt.ls.core.product -Djava.import.generatesMetadataFilesAtProjectRoot=false -DDetectVMInstallationsJob.disabled=true -Dfile.encoding=utf8 -XX:+UseParallelGC -XX:GCTimeRatio=4 -XX:AdaptiveSizePolicyWeight=90 -Dsun.zip.disableMemoryMapping=true -Xmx2G -Xms100m -Xlog:disable -javaagent:c:\Users\TEJASHWINI S\.vscode\extensions\redhat.java-1.46.0-win32-x64\lombok\lombok-1.18.39-4050.jar -XX:+HeapDumpOnOutOfMemoryError -XX:HeapDumpPath=c:\Users\TEJASHWINI S\AppData\Roaming\Code\User\workspaceStorage\609db315db7d13efddf576384252da58\redhat.java -Daether.dependencyCollector.impl=bf c:\Users\TEJASHWINI S\.vscode\extensions\redhat.java-1.46.0-win32-x64\server\plugins\org.eclipse.equinox.launcher_1.7.0.v20250519-0528.jar -configuration c:\Users\TEJASHWINI S\AppData\Roaming\Code\User\globalStorage\redhat.java\1.46.0\config_win -data c:\Users\TEJASHWINI S\AppData\Roaming\Code\User\workspaceStorage\609db315db7d13efddf576384252da58\redhat.java\jdt_ws --pipe=\\.\pipe\lsp-a0976c29d42cad817f7333c1323efabe-sock

Host: AMD Ryzen 5 5500U with Radeon Graphics         , 12 cores, 5G,  Windows 11 , 64 bit Build 26100 (10.0.26100.5074)
Time: Mon Oct 13 12:41:10 2025 India Standard Time elapsed time: 10.192604 seconds (0d 0h 0m 10s)

---------------  T H R E A D  ---------------

Current thread (0x0000020f9b647710):  JavaThread "C2 CompilerThread0" daemon [_thread_in_native, id=31204, stack(0x0000002ec3500000,0x0000002ec3600000) (1024K)]


Current CompileTask:
C2:10192 7494 %     4       org.lombokweb.asm.ClassReader::readCode @ 92 (5117 bytes)

Stack: [0x0000002ec3500000,0x0000002ec3600000]
Native frames: (J=compiled Java code, j=interpreted, Vv=VM code, C=native code)
V  [jvm.dll+0x6d2449]
V  [jvm.dll+0x8ae341]
V  [jvm.dll+0x8b08be]
V  [jvm.dll+0x8b0fa3]
V  [jvm.dll+0x280c96]
V  [jvm.dll+0xc581d]
V  [jvm.dll+0xc5d53]
V  [jvm.dll+0x3b919c]
V  [jvm.dll+0x1e1409]
V  [jvm.dll+0x249022]
V  [jvm.dll+0x2484af]
V  [jvm.dll+0x1c89ee]
V  [jvm.dll+0x257d4d]
V  [jvm.dll+0x2562ea]
V  [jvm.dll+0x3f2d16]
V  [jvm.dll+0x857e6b]
V  [jvm.dll+0x6d0b0d]
C  [ucrtbase.dll+0x37b0]
C  [KERNEL32.DLL+0x2e8d7]
C  [ntdll.dll+0x8d9c]


---------------  P R O C E S S  ---------------

Threads class SMR info:
_java_thread_list=0x0000020ffe5c3230, length=53, elements={
0x0000020f9b58d550, 0x0000020fb3d3d9b0, 0x0000020fb3d3e8c0, 0x0000020f9b637960,
0x0000020f9b638630, 0x0000020f9b63c720, 0x0000020f9b6406e0, 0x0000020f9b647710,
0x0000020f9b644c10, 0x0000020f9b5fce20, 0x0000020ff64e5010, 0x0000020ff661d9d0,
0x0000020ffc210cb0, 0x0000020ff77c6520, 0x0000020ff74ad4b0, 0x0000020ff74adb10,
0x0000020ffc588a20, 0x0000020ffc557300, 0x0000020ffca5fe60, 0x0000020ff72bf780,
0x0000020ffca6b020, 0x0000020ffca6d0f0, 0x0000020ffca6a300, 0x0000020ffca6bd40,
0x0000020ffca6c3d0, 0x0000020ffca6b6b0, 0x0000020ffca6a990, 0x0000020ffca6ca60,
0x0000020ffca69c70, 0x0000020ffe4d6600, 0x0000020ffe4d86d0, 0x0000020ffe4d9a80,
0x0000020ffe4d8d60, 0x0000020ffe4d6c90, 0x0000020ffe4d8040, 0x0000020ffe4da110,
0x0000020ffe4da7a0, 0x0000020ffe4d7320, 0x0000020ffe4d79b0, 0x0000020ffe4dae30,
0x0000020ffe4db4c0, 0x0000020ffe4dbb50, 0x0000020ffe4dc870, 0x0000020ffe4dc1e0,
0x0000020ffe4d93f0, 0x0000020ffe4dcf00, 0x0000020ffe4dd590, 0x0000020ffe4ddc20,
0x0000020f8006adf0, 0x0000020f80069a40, 0x0000020f8006a0d0, 0x0000020f8006b480,
0x0000020f8006a760
}

Java Threads: ( => current thread )
  0x0000020f9b58d550 JavaThread "main"                              [_thread_blocked, id=916, stack(0x0000002ec2b00000,0x0000002ec2c00000) (1024K)]
  0x0000020fb3d3d9b0 JavaThread "Reference Handler"          daemon [_thread_blocked, id=25140, stack(0x0000002ec2f00000,0x0000002ec3000000) (1024K)]
  0x0000020fb3d3e8c0 JavaThread "Finalizer"                  daemon [_thread_blocked, id=9896, stack(0x0000002ec3000000,0x0000002ec3100000) (1024K)]
  0x0000020f9b637960 JavaThread "Signal Dispatcher"          daemon [_thread_blocked, id=9276, stack(0x0000002ec3100000,0x0000002ec3200000) (1024K)]
  0x0000020f9b638630 JavaThread "Attach Listener"            daemon [_thread_blocked, id=2648, stack(0x0000002ec3200000,0x0000002ec3300000) (1024K)]
  0x0000020f9b63c720 JavaThread "Service Thread"             daemon [_thread_blocked, id=23516, stack(0x0000002ec3300000,0x0000002ec3400000) (1024K)]
  0x0000020f9b6406e0 JavaThread "Monitor Deflation Thread"   daemon [_thread_blocked, id=27560, stack(0x0000002ec3400000,0x0000002ec3500000) (1024K)]
=>0x0000020f9b647710 JavaThread "C2 CompilerThread0"         daemon [_thread_in_native, id=31204, stack(0x0000002ec3500000,0x0000002ec3600000) (1024K)]
  0x0000020f9b644c10 JavaThread "C1 CompilerThread0"         daemon [_thread_in_vm, id=9660, stack(0x0000002ec3600000,0x0000002ec3700000) (1024K)]
  0x0000020f9b5fce20 JavaThread "Common-Cleaner"             daemon [_thread_blocked, id=924, stack(0x0000002ec3700000,0x0000002ec3800000) (1024K)]
  0x0000020ff64e5010 JavaThread "C2 CompilerThread1"         daemon [_thread_in_native, id=25188, stack(0x0000002ec3800000,0x0000002ec3900000) (1024K)]
  0x0000020ff661d9d0 JavaThread "Notification Thread"        daemon [_thread_blocked, id=19800, stack(0x0000002ec3900000,0x0000002ec3a00000) (1024K)]
  0x0000020ffc210cb0 JavaThread "Active Thread: Equinox Container: 2eb02de5-a025-4f49-be23-317a0a6c6acd"        [_thread_blocked, id=31184, stack(0x0000002ec4100000,0x0000002ec4200000) (1024K)]
  0x0000020ff77c6520 JavaThread "Refresh Thread: Equinox Container: 2eb02de5-a025-4f49-be23-317a0a6c6acd" daemon [_thread_blocked, id=29664, stack(0x0000002ec4300000,0x0000002ec4400000) (1024K)]
  0x0000020ff74ad4b0 JavaThread "Framework Event Dispatcher: Equinox Container: 2eb02de5-a025-4f49-be23-317a0a6c6acd" daemon [_thread_blocked, id=11352, stack(0x0000002ec4400000,0x0000002ec4500000) (1024K)]
  0x0000020ff74adb10 JavaThread "Start Level: Equinox Container: 2eb02de5-a025-4f49-be23-317a0a6c6acd" daemon [_thread_blocked, id=22364, stack(0x0000002ec4500000,0x0000002ec4600000) (1024K)]
  0x0000020ffc588a20 JavaThread "Bundle File Closer"         daemon [_thread_blocked, id=8860, stack(0x0000002ec4800000,0x0000002ec4900000) (1024K)]
  0x0000020ffc557300 JavaThread "SCR Component Actor"        daemon [_thread_blocked, id=25644, stack(0x0000002ec4900000,0x0000002ec4a00000) (1024K)]
  0x0000020ffca5fe60 JavaThread "Worker-JM"                         [_thread_blocked, id=1964, stack(0x0000002ec4a00000,0x0000002ec4b00000) (1024K)]
  0x0000020ff72bf780 JavaThread "JNA Cleaner"                daemon [_thread_blocked, id=24344, stack(0x0000002ec3a00000,0x0000002ec3b00000) (1024K)]
  0x0000020ffca6b020 JavaThread "Worker-0"                          [_thread_blocked, id=12592, stack(0x0000002ec4b00000,0x0000002ec4c00000) (1024K)]
  0x0000020ffca6d0f0 JavaThread "Worker-1"                          [_thread_blocked, id=30868, stack(0x0000002ec4c00000,0x0000002ec4d00000) (1024K)]
  0x0000020ffca6a300 JavaThread "Java indexing"              daemon [_thread_blocked, id=25848, stack(0x0000002ec4d00000,0x0000002ec4e00000) (1024K)]
  0x0000020ffca6bd40 JavaThread "Worker-2: Initialize workspace"        [_thread_blocked, id=21764, stack(0x0000002ec5000000,0x0000002ec5100000) (1024K)]
  0x0000020ffca6c3d0 JavaThread "Worker-3"                          [_thread_blocked, id=18264, stack(0x0000002ec5100000,0x0000002ec5200000) (1024K)]
  0x0000020ffca6b6b0 JavaThread "Worker-4"                          [_thread_blocked, id=31020, stack(0x0000002ec5200000,0x0000002ec5300000) (1024K)]
  0x0000020ffca6a990 JavaThread "Thread-1"                   daemon [_thread_in_native, id=22968, stack(0x0000002ec5300000,0x0000002ec5400000) (1024K)]
  0x0000020ffca6ca60 JavaThread "Thread-2"                   daemon [_thread_in_native, id=24104, stack(0x0000002ec5400000,0x0000002ec5500000) (1024K)]
  0x0000020ffca69c70 JavaThread "Thread-3"                   daemon [_thread_in_native, id=20448, stack(0x0000002ec5500000,0x0000002ec5600000) (1024K)]
  0x0000020ffe4d6600 JavaThread "Thread-4"                   daemon [_thread_in_native, id=12588, stack(0x0000002ec5600000,0x0000002ec5700000) (1024K)]
  0x0000020ffe4d86d0 JavaThread "Thread-5"                   daemon [_thread_in_native, id=28084, stack(0x0000002ec5700000,0x0000002ec5800000) (1024K)]
  0x0000020ffe4d9a80 JavaThread "Thread-6"                   daemon [_thread_in_native, id=15792, stack(0x0000002ec5800000,0x0000002ec5900000) (1024K)]
  0x0000020ffe4d8d60 JavaThread "Thread-7"                   daemon [_thread_in_native, id=18940, stack(0x0000002ec5900000,0x0000002ec5a00000) (1024K)]
  0x0000020ffe4d6c90 JavaThread "Thread-8"                   daemon [_thread_in_native, id=22044, stack(0x0000002ec5a00000,0x0000002ec5b00000) (1024K)]
  0x0000020ffe4d8040 JavaThread "Thread-9"                   daemon [_thread_in_native, id=11916, stack(0x0000002ec5b00000,0x0000002ec5c00000) (1024K)]
  0x0000020ffe4da110 JavaThread "Thread-10"                  daemon [_thread_in_native, id=7080, stack(0x0000002ec5c00000,0x0000002ec5d00000) (1024K)]
  0x0000020ffe4da7a0 JavaThread "Thread-11"                  daemon [_thread_in_native, id=26408, stack(0x0000002ec5d00000,0x0000002ec5e00000) (1024K)]
  0x0000020ffe4d7320 JavaThread "Thread-12"                  daemon [_thread_in_native, id=7164, stack(0x0000002ec5e00000,0x0000002ec5f00000) (1024K)]
  0x0000020ffe4d79b0 JavaThread "Thread-13"                  daemon [_thread_in_native, id=24456, stack(0x0000002ec5f00000,0x0000002ec6000000) (1024K)]
  0x0000020ffe4dae30 JavaThread "pool-2-thread-1"                   [_thread_blocked, id=26980, stack(0x0000002ec6000000,0x0000002ec6100000) (1024K)]
  0x0000020ffe4db4c0 JavaThread "WorkspaceEventsHandler"            [_thread_blocked, id=6332, stack(0x0000002ec6100000,0x0000002ec6200000) (1024K)]
  0x0000020ffe4dbb50 JavaThread "pool-1-thread-1"                   [_thread_blocked, id=30216, stack(0x0000002ec6200000,0x0000002ec6300000) (1024K)]
  0x0000020ffe4dc870 JavaThread "ForkJoinPool.commonPool-worker-1" daemon [_thread_in_Java, id=27216, stack(0x0000002ec6300000,0x0000002ec6400000) (1024K)]
  0x0000020ffe4dc1e0 JavaThread "ForkJoinPool.commonPool-worker-2" daemon [_thread_blocked, id=26756, stack(0x0000002ec6400000,0x0000002ec6500000) (1024K)]
  0x0000020ffe4d93f0 JavaThread "ForkJoinPool.commonPool-worker-3" daemon [_thread_blocked, id=15612, stack(0x0000002ec6500000,0x0000002ec6600000) (1024K)]
  0x0000020ffe4dcf00 JavaThread "ForkJoinPool.commonPool-worker-4" daemon [_thread_blocked, id=21720, stack(0x0000002ec6600000,0x0000002ec6700000) (1024K)]
  0x0000020ffe4dd590 JavaThread "ForkJoinPool.commonPool-worker-5" daemon [_thread_blocked, id=28608, stack(0x0000002ec6700000,0x0000002ec6800000) (1024K)]
  0x0000020ffe4ddc20 JavaThread "ForkJoinPool.commonPool-worker-6" daemon [_thread_blocked, id=23608, stack(0x0000002ec6800000,0x0000002ec6900000) (1024K)]
  0x0000020f8006adf0 JavaThread "ForkJoinPool.commonPool-worker-7" daemon [_thread_blocked, id=18380, stack(0x0000002ec6900000,0x0000002ec6a00000) (1024K)]
  0x0000020f80069a40 JavaThread "ForkJoinPool.commonPool-worker-8" daemon [_thread_blocked, id=12184, stack(0x0000002ec6a00000,0x0000002ec6b00000) (1024K)]
  0x0000020f8006a0d0 JavaThread "ForkJoinPool.commonPool-worker-9" daemon [_thread_blocked, id=17060, stack(0x0000002ec6b00000,0x0000002ec6c00000) (1024K)]
  0x0000020f8006b480 JavaThread "ForkJoinPool.commonPool-worker-10" daemon [_thread_blocked, id=5960, stack(0x0000002ec6c00000,0x0000002ec6d00000) (1024K)]
  0x0000020f8006a760 JavaThread "ForkJoinPool.commonPool-worker-11" daemon [_thread_blocked, id=25476, stack(0x0000002ec6d00000,0x0000002ec6e00000) (1024K)]
Total: 53

Other Threads:
  0x0000020fb3d22c70 VMThread "VM Thread"                           [id=25972, stack(0x0000002ec2e00000,0x0000002ec2f00000) (1024K)]
  0x0000020fb3c1ca00 WatcherThread "VM Periodic Task Thread"        [id=29596, stack(0x0000002ec2d00000,0x0000002ec2e00000) (1024K)]
  0x0000020f9b5abe90 WorkerThread "GC Thread#0"                     [id=4104, stack(0x0000002ec2c00000,0x0000002ec2d00000) (1024K)]
  0x0000020ffc10f020 WorkerThread "GC Thread#1"                     [id=31384, stack(0x0000002ec3b00000,0x0000002ec3c00000) (1024K)]
  0x0000020ff79b7000 WorkerThread "GC Thread#2"                     [id=3108, stack(0x0000002ec3c00000,0x0000002ec3d00000) (1024K)]
  0x0000020ff79b73a0 WorkerThread "GC Thread#3"                     [id=24460, stack(0x0000002ec3d00000,0x0000002ec3e00000) (1024K)]
  0x0000020ff7750b70 WorkerThread "GC Thread#4"                     [id=24504, stack(0x0000002ec3e00000,0x0000002ec3f00000) (1024K)]
  0x0000020ff7750f10 WorkerThread "GC Thread#5"                     [id=4568, stack(0x0000002ec3f00000,0x0000002ec4000000) (1024K)]
  0x0000020ff77512b0 WorkerThread "GC Thread#6"                     [id=13184, stack(0x0000002ec4000000,0x0000002ec4100000) (1024K)]
  0x0000020ff794d1c0 WorkerThread "GC Thread#7"                     [id=12128, stack(0x0000002ec4200000,0x0000002ec4300000) (1024K)]
  0x0000020ff794bc00 WorkerThread "GC Thread#8"                     [id=16960, stack(0x0000002ec4600000,0x0000002ec4700000) (1024K)]
  0x0000020ff794c340 WorkerThread "GC Thread#9"                     [id=8636, stack(0x0000002ec4700000,0x0000002ec4800000) (1024K)]
Total: 12

Threads with active compile tasks:
C2 CompilerThread0  10224 7494 %     4       org.lombokweb.asm.ClassReader::readCode @ 92 (5117 bytes)
C1 CompilerThread0  10224 7705   !   2       com.google.inject.internal.CycleDetectingLock$CycleDetectingLockFactory$ReentrantCycleDetectingLock::unlock (132 bytes)
C2 CompilerThread1  10224 7502       4       org.lombokweb.asm.ClassReader::readMethod (1070 bytes)
Total: 3

VM state: not at safepoint (normal execution)

VM Mutex/Monitor currently owned by a thread: None

Heap address: 0x0000000080000000, size: 2048 MB, Compressed Oops mode: 32-bit

CDS archive(s) mapped at: [0x0000020fb4000000-0x0000020fb4ba0000-0x0000020fb4ba0000), size 12189696, SharedBaseAddress: 0x0000020fb4000000, ArchiveRelocationMode: 1.
Compressed class space mapped at: 0x0000020fb5000000-0x0000020ff5000000, reserved size: 1073741824
Narrow klass base: 0x0000020fb4000000, Narrow klass shift: 0, Narrow klass range: 0x100000000

GC Precious Log:
 CardTable entry size: 512
 CPUs: 12 total, 12 available
 Memory: 6005M
 Large Page Support: Disabled
 NUMA Support: Disabled
 Compressed Oops: Enabled (32-bit)
 Alignments: Space 512K, Generation 512K, Heap 2M
 Heap Min Capacity: 100M
 Heap Initial Capacity: 100M
 Heap Max Capacity: 2G
 Pre-touch: Disabled
 Parallel Workers: 10

Heap:
 PSYoungGen      total 16384K, used 9571K [0x00000000d5580000, 0x00000000d6780000, 0x0000000100000000)
  eden space 15360K, 56% used [0x00000000d5580000,0x00000000d5e00c30,0x00000000d6480000)
  from space 1024K, 84% used [0x00000000d6680000,0x00000000d6758010,0x00000000d6780000)
  to   space 1024K, 0% used [0x00000000d6580000,0x00000000d6580000,0x00000000d6680000)
 ParOldGen       total 68608K, used 54253K [0x0000000080000000, 0x0000000084300000, 0x00000000d5580000)
  object space 68608K, 79% used [0x0000000080000000,0x00000000834fb6b0,0x0000000084300000)
 Metaspace       used 56100K, committed 57600K, reserved 1114112K
  class space    used 6093K, committed 6784K, reserved 1048576K

Card table byte_map: [0x0000020faf050000,0x0000020faf460000] _byte_map_base: 0x0000020faec50000

Marking Bits: (ParMarkBitMap*) 0x00007ffdbe95a340
 Begin Bits: [0x0000020faf710000, 0x0000020fb1710000)
 End Bits:   [0x0000020fb1710000, 0x0000020fb3710000)

Polling page: 0x0000020f9fe40000

Metaspace:

Usage:
  Non-class:     48.83 MB used.
      Class:      5.95 MB used.
       Both:     54.79 MB used.

Virtual space:
  Non-class space:       64.00 MB reserved,      49.62 MB ( 78%) committed,  1 nodes.
      Class space:        1.00 GB reserved,       6.62 MB ( <1%) committed,  1 nodes.
             Both:        1.06 GB reserved,      56.25 MB (  5%) committed. 

Chunk freelists:
   Non-Class:  14.27 MB
       Class:  9.23 MB
        Both:  23.50 MB

MaxMetaspaceSize: unlimited
CompressedClassSpaceSize: 1.00 GB
Initial GC threshold: 21.00 MB
Current GC threshold: 58.38 MB
CDS: on
 - commit_granule_bytes: 65536.
 - commit_granule_words: 8192.
 - virtual_space_node_default_size: 8388608.
 - enlarge_chunks_in_place: 1.
 - use_allocation_guard: 0.


Internal statistics:

num_allocs_failed_limit: 8.
num_arena_births: 1056.
num_arena_deaths: 14.
num_vsnodes_births: 2.
num_vsnodes_deaths: 0.
num_space_committed: 900.
num_space_uncommitted: 0.
num_chunks_returned_to_freelist: 22.
num_chunks_taken_from_freelist: 3632.
num_chunk_merges: 14.
num_chunk_splits: 2251.
num_chunks_enlarged: 1310.
num_inconsistent_stats: 0.

CodeHeap 'non-profiled nmethods': size=120000Kb used=3458Kb max_used=3458Kb free=116541Kb
 bounds [0x0000020fa7930000, 0x0000020fa7ca0000, 0x0000020faee60000]
CodeHeap 'profiled nmethods': size=120000Kb used=14651Kb max_used=14651Kb free=105348Kb
 bounds [0x0000020f9fe60000, 0x0000020fa0cb0000, 0x0000020fa7390000]
CodeHeap 'non-nmethods': size=5760Kb used=1402Kb max_used=1459Kb free=4357Kb
 bounds [0x0000020fa7390000, 0x0000020fa7600000, 0x0000020fa7930000]
CodeCache: size=245760Kb, used=19511Kb, max_used=19568Kb, free=226246Kb
 total_blobs=7795, nmethods=7086, adapters=614, full_count=0
Compilation: enabled, stopped_count=0, restarted_count=0

Compilation events (20 events):
Event: 10.024 Thread 0x0000020f9b644c10 7640       2       com.sun.org.apache.xerces.internal.dom.DeferredDocumentImpl::getNodeObject (497 bytes)
Event: 10.026 Thread 0x0000020f9b644c10 nmethod 7640 0x0000020fa0c91e10 code [0x0000020fa0c92140, 0x0000020fa0c930e0]
Event: 10.035 Thread 0x0000020f9b644c10 7641       1       org.eclipse.core.internal.jobs.InternalJob::getRule (5 bytes)
Event: 10.035 Thread 0x0000020f9b644c10 nmethod 7641 0x0000020fa7c8b990 code [0x0000020fa7c8bb20, 0x0000020fa7c8bbe8]
Event: 10.041 Thread 0x0000020f9b644c10 7642       2       java.util.concurrent.CopyOnWriteArrayList::size (6 bytes)
Event: 10.041 Thread 0x0000020f9b644c10 nmethod 7642 0x0000020fa0c93990 code [0x0000020fa0c93b20, 0x0000020fa0c93c30]
Event: 10.042 Thread 0x0000020f9b644c10 7643       2       sun.nio.fs.WindowsPath::resolve (393 bytes)
Event: 10.045 Thread 0x0000020f9b644c10 nmethod 7643 0x0000020fa0c93d10 code [0x0000020fa0c94160, 0x0000020fa0c95508]
Event: 10.052 Thread 0x0000020f9b644c10 7644       1       org.eclipse.core.internal.preferences.EclipsePreferences::name (5 bytes)
Event: 10.053 Thread 0x0000020f9b644c10 nmethod 7644 0x0000020fa7c8bc90 code [0x0000020fa7c8be20, 0x0000020fa7c8bee8]
Event: 10.054 Thread 0x0000020f9b644c10 7645       1       org.eclipse.core.runtime.spi.RegistryContributor::getName (5 bytes)
Event: 10.054 Thread 0x0000020f9b644c10 nmethod 7645 0x0000020fa7c8bf90 code [0x0000020fa7c8c120, 0x0000020fa7c8c1e8]
Event: 10.060 Thread 0x0000020f9b644c10 7646       1       org.eclipse.jdt.launching.AbstractVMInstall::getVMInstallType (5 bytes)
Event: 10.060 Thread 0x0000020f9b644c10 nmethod 7646 0x0000020fa7c8c290 code [0x0000020fa7c8c420, 0x0000020fa7c8c4e8]
Event: 10.063 Thread 0x0000020ff64e5010 nmethod 7501 0x0000020fa7c8c590 code [0x0000020fa7c8cb40, 0x0000020fa7c8e3c0]
Event: 10.063 Thread 0x0000020ff64e5010 7502       4       org.lombokweb.asm.ClassReader::readMethod (1070 bytes)
Event: 10.063 Thread 0x0000020f9b644c10 7647   !   3       java.util.concurrent.ConcurrentHashMap::putVal (432 bytes)
Event: 10.065 Thread 0x0000020f9b644c10 nmethod 7647 0x0000020fa0c96210 code [0x0000020fa0c96580, 0x0000020fa0c97e58]
Event: 10.070 Thread 0x0000020f9b644c10 7648       2       org.apache.felix.scr.impl.manager.AbstractComponentManager::getComponentMetadata (10 bytes)
Event: 10.070 Thread 0x0000020f9b644c10 nmethod 7648 0x0000020fa0c98810 code [0x0000020fa0c989c0, 0x0000020fa0c98af8]

GC Heap History (20 events):
Event: 8.133 GC heap before
{Heap before GC invocations=31 (full 2):
 PSYoungGen      total 17408K, used 16900K [0x00000000d5580000, 0x00000000d6900000, 0x0000000100000000)
  eden space 15360K, 100% used [0x00000000d5580000,0x00000000d6480000,0x00000000d6480000)
  from space 2048K, 75% used [0x00000000d6700000,0x00000000d6881000,0x00000000d6900000)
  to   space 2048K, 0% used [0x00000000d6480000,0x00000000d6480000,0x00000000d6680000)
 ParOldGen       total 68608K, used 45674K [0x0000000080000000, 0x0000000084300000, 0x00000000d5580000)
  object space 68608K, 66% used [0x0000000080000000,0x0000000082c9a9b8,0x0000000084300000)
 Metaspace       used 48882K, committed 50368K, reserved 1114112K
  class space    used 5336K, committed 5952K, reserved 1048576K
}
Event: 8.136 GC heap after
{Heap after GC invocations=31 (full 2):
 PSYoungGen      total 16896K, used 1472K [0x00000000d5580000, 0x00000000d6780000, 0x0000000100000000)
  eden space 15360K, 0% used [0x00000000d5580000,0x00000000d5580000,0x00000000d6480000)
  from space 1536K, 95% used [0x00000000d6480000,0x00000000d65f0000,0x00000000d6600000)
  to   space 1536K, 0% used [0x00000000d6600000,0x00000000d6600000,0x00000000d6780000)
 ParOldGen       total 68608K, used 47127K [0x0000000080000000, 0x0000000084300000, 0x00000000d5580000)
  object space 68608K, 68% used [0x0000000080000000,0x0000000082e05fe0,0x0000000084300000)
 Metaspace       used 48882K, committed 50368K, reserved 1114112K
  class space    used 5336K, committed 5952K, reserved 1048576K
}
Event: 8.211 GC heap before
{Heap before GC invocations=32 (full 2):
 PSYoungGen      total 16896K, used 16832K [0x00000000d5580000, 0x00000000d6780000, 0x0000000100000000)
  eden space 15360K, 100% used [0x00000000d5580000,0x00000000d6480000,0x00000000d6480000)
  from space 1536K, 95% used [0x00000000d6480000,0x00000000d65f0000,0x00000000d6600000)
  to   space 1536K, 0% used [0x00000000d6600000,0x00000000d6600000,0x00000000d6780000)
 ParOldGen       total 68608K, used 47127K [0x0000000080000000, 0x0000000084300000, 0x00000000d5580000)
  object space 68608K, 68% used [0x0000000080000000,0x0000000082e05fe0,0x0000000084300000)
 Metaspace       used 48913K, committed 50368K, reserved 1114112K
  class space    used 5337K, committed 5952K, reserved 1048576K
}
Event: 8.215 GC heap after
{Heap after GC invocations=32 (full 2):
 PSYoungGen      total 16896K, used 1344K [0x00000000d5580000, 0x00000000d6780000, 0x0000000100000000)
  eden space 15360K, 0% used [0x00000000d5580000,0x00000000d5580000,0x00000000d6480000)
  from space 1536K, 87% used [0x00000000d6600000,0x00000000d6750000,0x00000000d6780000)
  to   space 1536K, 0% used [0x00000000d6480000,0x00000000d6480000,0x00000000d6600000)
 ParOldGen       total 68608K, used 48703K [0x0000000080000000, 0x0000000084300000, 0x00000000d5580000)
  object space 68608K, 70% used [0x0000000080000000,0x0000000082f8fff0,0x0000000084300000)
 Metaspace       used 48913K, committed 50368K, reserved 1114112K
  class space    used 5337K, committed 5952K, reserved 1048576K
}
Event: 8.294 GC heap before
{Heap before GC invocations=33 (full 2):
 PSYoungGen      total 16896K, used 16704K [0x00000000d5580000, 0x00000000d6780000, 0x0000000100000000)
  eden space 15360K, 100% used [0x00000000d5580000,0x00000000d6480000,0x00000000d6480000)
  from space 1536K, 87% used [0x00000000d6600000,0x00000000d6750000,0x00000000d6780000)
  to   space 1536K, 0% used [0x00000000d6480000,0x00000000d6480000,0x00000000d6600000)
 ParOldGen       total 68608K, used 48703K [0x0000000080000000, 0x0000000084300000, 0x00000000d5580000)
  object space 68608K, 70% used [0x0000000080000000,0x0000000082f8fff0,0x0000000084300000)
 Metaspace       used 48920K, committed 50368K, reserved 1114112K
  class space    used 5337K, committed 5952K, reserved 1048576K
}
Event: 8.298 GC heap after
{Heap after GC invocations=33 (full 2):
 PSYoungGen      total 16896K, used 1400K [0x00000000d5580000, 0x00000000d6780000, 0x0000000100000000)
  eden space 15360K, 0% used [0x00000000d5580000,0x00000000d5580000,0x00000000d6480000)
  from space 1536K, 91% used [0x00000000d6480000,0x00000000d65de200,0x00000000d6600000)
  to   space 1536K, 0% used [0x00000000d6600000,0x00000000d6600000,0x00000000d6780000)
 ParOldGen       total 68608K, used 49943K [0x0000000080000000, 0x0000000084300000, 0x00000000d5580000)
  object space 68608K, 72% used [0x0000000080000000,0x00000000830c5ff0,0x0000000084300000)
 Metaspace       used 48920K, committed 50368K, reserved 1114112K
  class space    used 5337K, committed 5952K, reserved 1048576K
}
Event: 8.508 GC heap before
{Heap before GC invocations=34 (full 2):
 PSYoungGen      total 16896K, used 16760K [0x00000000d5580000, 0x00000000d6780000, 0x0000000100000000)
  eden space 15360K, 100% used [0x00000000d5580000,0x00000000d6480000,0x00000000d6480000)
  from space 1536K, 91% used [0x00000000d6480000,0x00000000d65de200,0x00000000d6600000)
  to   space 1536K, 0% used [0x00000000d6600000,0x00000000d6600000,0x00000000d6780000)
 ParOldGen       total 68608K, used 49943K [0x0000000080000000, 0x0000000084300000, 0x00000000d5580000)
  object space 68608K, 72% used [0x0000000080000000,0x00000000830c5ff0,0x0000000084300000)
 Metaspace       used 49854K, committed 51264K, reserved 1114112K
  class space    used 5471K, committed 6080K, reserved 1048576K
}
Event: 8.511 GC heap after
{Heap after GC invocations=34 (full 2):
 PSYoungGen      total 16896K, used 992K [0x00000000d5580000, 0x00000000d6780000, 0x0000000100000000)
  eden space 15360K, 0% used [0x00000000d5580000,0x00000000d5580000,0x00000000d6480000)
  from space 1536K, 64% used [0x00000000d6600000,0x00000000d66f8000,0x00000000d6780000)
  to   space 1536K, 0% used [0x00000000d6480000,0x00000000d6480000,0x00000000d6600000)
 ParOldGen       total 68608K, used 51192K [0x0000000080000000, 0x0000000084300000, 0x00000000d5580000)
  object space 68608K, 74% used [0x0000000080000000,0x00000000831fe1f0,0x0000000084300000)
 Metaspace       used 49854K, committed 51264K, reserved 1114112K
  class space    used 5471K, committed 6080K, reserved 1048576K
}
Event: 9.005 GC heap before
{Heap before GC invocations=35 (full 2):
 PSYoungGen      total 16896K, used 16352K [0x00000000d5580000, 0x00000000d6780000, 0x0000000100000000)
  eden space 15360K, 100% used [0x00000000d5580000,0x00000000d6480000,0x00000000d6480000)
  from space 1536K, 64% used [0x00000000d6600000,0x00000000d66f8000,0x00000000d6780000)
  to   space 1536K, 0% used [0x00000000d6480000,0x00000000d6480000,0x00000000d6600000)
 ParOldGen       total 68608K, used 51192K [0x0000000080000000, 0x0000000084300000, 0x00000000d5580000)
  object space 68608K, 74% used [0x0000000080000000,0x00000000831fe1f0,0x0000000084300000)
 Metaspace       used 51158K, committed 52608K, reserved 1114112K
  class space    used 5618K, committed 6272K, reserved 1048576K
}
Event: 9.007 GC heap after
{Heap after GC invocations=35 (full 2):
 PSYoungGen      total 16384K, used 552K [0x00000000d5580000, 0x00000000d6680000, 0x0000000100000000)
  eden space 15360K, 0% used [0x00000000d5580000,0x00000000d5580000,0x00000000d6480000)
  from space 1024K, 53% used [0x00000000d6480000,0x00000000d650a220,0x00000000d6580000)
  to   space 1024K, 0% used [0x00000000d6580000,0x00000000d6580000,0x00000000d6680000)
 ParOldGen       total 68608K, used 52012K [0x0000000080000000, 0x0000000084300000, 0x00000000d5580000)
  object space 68608K, 75% used [0x0000000080000000,0x00000000832cb0b8,0x0000000084300000)
 Metaspace       used 51158K, committed 52608K, reserved 1114112K
  class space    used 5618K, committed 6272K, reserved 1048576K
}
Event: 9.351 GC heap before
{Heap before GC invocations=36 (full 2):
 PSYoungGen      total 16384K, used 15912K [0x00000000d5580000, 0x00000000d6680000, 0x0000000100000000)
  eden space 15360K, 100% used [0x00000000d5580000,0x00000000d6480000,0x00000000d6480000)
  from space 1024K, 53% used [0x00000000d6480000,0x00000000d650a220,0x00000000d6580000)
  to   space 1024K, 0% used [0x00000000d6580000,0x00000000d6580000,0x00000000d6680000)
 ParOldGen       total 68608K, used 52012K [0x0000000080000000, 0x0000000084300000, 0x00000000d5580000)
  object space 68608K, 75% used [0x0000000080000000,0x00000000832cb0b8,0x0000000084300000)
 Metaspace       used 51996K, committed 53504K, reserved 1114112K
  class space    used 5697K, committed 6336K, reserved 1048576K
}
Event: 9.353 GC heap after
{Heap after GC invocations=36 (full 2):
 PSYoungGen      total 15872K, used 352K [0x00000000d5580000, 0x00000000d6600000, 0x0000000100000000)
  eden space 15360K, 0% used [0x00000000d5580000,0x00000000d5580000,0x00000000d6480000)
  from space 512K, 68% used [0x00000000d6580000,0x00000000d65d8000,0x00000000d6600000)
  to   space 512K, 0% used [0x00000000d6500000,0x00000000d6500000,0x00000000d6580000)
 ParOldGen       total 68608K, used 52435K [0x0000000080000000, 0x0000000084300000, 0x00000000d5580000)
  object space 68608K, 76% used [0x0000000080000000,0x0000000083334fe0,0x0000000084300000)
 Metaspace       used 51996K, committed 53504K, reserved 1114112K
  class space    used 5697K, committed 6336K, reserved 1048576K
}
Event: 9.526 GC heap before
{Heap before GC invocations=37 (full 2):
 PSYoungGen      total 15872K, used 15712K [0x00000000d5580000, 0x00000000d6600000, 0x0000000100000000)
  eden space 15360K, 100% used [0x00000000d5580000,0x00000000d6480000,0x00000000d6480000)
  from space 512K, 68% used [0x00000000d6580000,0x00000000d65d8000,0x00000000d6600000)
  to   space 512K, 0% used [0x00000000d6500000,0x00000000d6500000,0x00000000d6580000)
 ParOldGen       total 68608K, used 52435K [0x0000000080000000, 0x0000000084300000, 0x00000000d5580000)
  object space 68608K, 76% used [0x0000000080000000,0x0000000083334fe0,0x0000000084300000)
 Metaspace       used 52959K, committed 54400K, reserved 1114112K
  class space    used 5764K, committed 6400K, reserved 1048576K
}
Event: 9.528 GC heap after
{Heap after GC invocations=37 (full 2):
 PSYoungGen      total 15872K, used 503K [0x00000000d5580000, 0x00000000d6980000, 0x0000000100000000)
  eden space 15360K, 0% used [0x00000000d5580000,0x00000000d5580000,0x00000000d6480000)
  from space 512K, 98% used [0x00000000d6500000,0x00000000d657dfc0,0x00000000d6580000)
  to   space 2560K, 0% used [0x00000000d6700000,0x00000000d6700000,0x00000000d6980000)
 ParOldGen       total 68608K, used 53781K [0x0000000080000000, 0x0000000084300000, 0x00000000d5580000)
  object space 68608K, 78% used [0x0000000080000000,0x00000000834856b0,0x0000000084300000)
 Metaspace       used 52959K, committed 54400K, reserved 1114112K
  class space    used 5764K, committed 6400K, reserved 1048576K
}
Event: 9.581 GC heap before
{Heap before GC invocations=38 (full 2):
 PSYoungGen      total 15872K, used 15863K [0x00000000d5580000, 0x00000000d6980000, 0x0000000100000000)
  eden space 15360K, 100% used [0x00000000d5580000,0x00000000d6480000,0x00000000d6480000)
  from space 512K, 98% used [0x00000000d6500000,0x00000000d657dfc0,0x00000000d6580000)
  to   space 2560K, 0% used [0x00000000d6700000,0x00000000d6700000,0x00000000d6980000)
 ParOldGen       total 68608K, used 53781K [0x0000000080000000, 0x0000000084300000, 0x00000000d5580000)
  object space 68608K, 78% used [0x0000000080000000,0x00000000834856b0,0x0000000084300000)
 Metaspace       used 52979K, committed 54400K, reserved 1114112K
  class space    used 5764K, committed 6400K, reserved 1048576K
}
Event: 9.583 GC heap after
{Heap after GC invocations=38 (full 2):
 PSYoungGen      total 16384K, used 982K [0x00000000d5580000, 0x00000000d6800000, 0x0000000100000000)
  eden space 15360K, 0% used [0x00000000d5580000,0x00000000d5580000,0x00000000d6480000)
  from space 1024K, 95% used [0x00000000d6700000,0x00000000d67f5a60,0x00000000d6800000)
  to   space 1536K, 0% used [0x00000000d6500000,0x00000000d6500000,0x00000000d6680000)
 ParOldGen       total 68608K, used 54109K [0x0000000080000000, 0x0000000084300000, 0x00000000d5580000)
  object space 68608K, 78% used [0x0000000080000000,0x00000000834d76b0,0x0000000084300000)
 Metaspace       used 52979K, committed 54400K, reserved 1114112K
  class space    used 5764K, committed 6400K, reserved 1048576K
}
Event: 9.653 GC heap before
{Heap before GC invocations=39 (full 2):
 PSYoungGen      total 16384K, used 16342K [0x00000000d5580000, 0x00000000d6800000, 0x0000000100000000)
  eden space 15360K, 100% used [0x00000000d5580000,0x00000000d6480000,0x00000000d6480000)
  from space 1024K, 95% used [0x00000000d6700000,0x00000000d67f5a60,0x00000000d6800000)
  to   space 1536K, 0% used [0x00000000d6500000,0x00000000d6500000,0x00000000d6680000)
 ParOldGen       total 68608K, used 54109K [0x0000000080000000, 0x0000000084300000, 0x00000000d5580000)
  object space 68608K, 78% used [0x0000000080000000,0x00000000834d76b0,0x0000000084300000)
 Metaspace       used 53563K, committed 55040K, reserved 1114112K
  class space    used 5817K, committed 6464K, reserved 1048576K
}
Event: 9.654 GC heap after
{Heap after GC invocations=39 (full 2):
 PSYoungGen      total 16896K, used 192K [0x00000000d5580000, 0x00000000d6780000, 0x0000000100000000)
  eden space 15360K, 0% used [0x00000000d5580000,0x00000000d5580000,0x00000000d6480000)
  from space 1536K, 12% used [0x00000000d6500000,0x00000000d6530000,0x00000000d6680000)
  to   space 1024K, 0% used [0x00000000d6680000,0x00000000d6680000,0x00000000d6780000)
 ParOldGen       total 68608K, used 54221K [0x0000000080000000, 0x0000000084300000, 0x00000000d5580000)
  object space 68608K, 79% used [0x0000000080000000,0x00000000834f36b0,0x0000000084300000)
 Metaspace       used 53563K, committed 55040K, reserved 1114112K
  class space    used 5817K, committed 6464K, reserved 1048576K
}
Event: 9.994 GC heap before
{Heap before GC invocations=40 (full 2):
 PSYoungGen      total 16896K, used 15473K [0x00000000d5580000, 0x00000000d6780000, 0x0000000100000000)
  eden space 15360K, 99% used [0x00000000d5580000,0x00000000d646c5f0,0x00000000d6480000)
  from space 1536K, 12% used [0x00000000d6500000,0x00000000d6530000,0x00000000d6680000)
  to   space 1024K, 0% used [0x00000000d6680000,0x00000000d6680000,0x00000000d6780000)
 ParOldGen       total 68608K, used 54221K [0x0000000080000000, 0x0000000084300000, 0x00000000d5580000)
  object space 68608K, 79% used [0x0000000080000000,0x00000000834f36b0,0x0000000084300000)
 Metaspace       used 55540K, committed 57024K, reserved 1114112K
  class space    used 6037K, committed 6656K, reserved 1048576K
}
Event: 9.996 GC heap after
{Heap after GC invocations=40 (full 2):
 PSYoungGen      total 16384K, used 864K [0x00000000d5580000, 0x00000000d6780000, 0x0000000100000000)
  eden space 15360K, 0% used [0x00000000d5580000,0x00000000d5580000,0x00000000d6480000)
  from space 1024K, 84% used [0x00000000d6680000,0x00000000d6758010,0x00000000d6780000)
  to   space 1024K, 0% used [0x00000000d6580000,0x00000000d6580000,0x00000000d6680000)
 ParOldGen       total 68608K, used 54253K [0x0000000080000000, 0x0000000084300000, 0x00000000d5580000)
  object space 68608K, 79% used [0x0000000080000000,0x00000000834fb6b0,0x0000000084300000)
 Metaspace       used 55540K, committed 57024K, reserved 1114112K
  class space    used 6037K, committed 6656K, reserved 1048576K
}

Dll operation events (10 events):
Event: 0.017 Loaded shared library c:\Users\TEJASHWINI S\.vscode\extensions\redhat.java-1.46.0-win32-x64\jre\21.0.8-win32-x86_64\bin\java.dll
Event: 0.106 Loaded shared library c:\Users\TEJASHWINI S\.vscode\extensions\redhat.java-1.46.0-win32-x64\jre\21.0.8-win32-x86_64\bin\zip.dll
Event: 0.126 Loaded shared library C:\Users\TEJASHWINI S\.vscode\extensions\redhat.java-1.46.0-win32-x64\jre\21.0.8-win32-x86_64\bin\instrument.dll
Event: 0.130 Loaded shared library C:\Users\TEJASHWINI S\.vscode\extensions\redhat.java-1.46.0-win32-x64\jre\21.0.8-win32-x86_64\bin\net.dll
Event: 0.134 Loaded shared library C:\Users\TEJASHWINI S\.vscode\extensions\redhat.java-1.46.0-win32-x64\jre\21.0.8-win32-x86_64\bin\nio.dll
Event: 0.137 Loaded shared library C:\Users\TEJASHWINI S\.vscode\extensions\redhat.java-1.46.0-win32-x64\jre\21.0.8-win32-x86_64\bin\zip.dll
Event: 0.158 Loaded shared library C:\Users\TEJASHWINI S\.vscode\extensions\redhat.java-1.46.0-win32-x64\jre\21.0.8-win32-x86_64\bin\jimage.dll
Event: 0.238 Loaded shared library c:\Users\TEJASHWINI S\.vscode\extensions\redhat.java-1.46.0-win32-x64\jre\21.0.8-win32-x86_64\bin\verify.dll
Event: 1.379 Loaded shared library C:\Users\TEJASHWINI S\AppData\Roaming\Code\User\globalStorage\redhat.java\1.46.0\config_win\org.eclipse.equinox.launcher\org.eclipse.equinox.launcher.win32.win32.x86_64_1.2.1400.v20250801-0854\eclipse_11916.dll
Event: 3.110 Loaded shared library C:\Users\TEJASHWINI S\AppData\Local\Temp\jna-300574461\jna7947577882012136080.dll

Deoptimization events (20 events):
Event: 10.012 Thread 0x0000020ffe4dc870 DEOPT PACKING pc=0x0000020fa7c39038 sp=0x0000002ec63fe470
Event: 10.012 Thread 0x0000020ffe4dc870 DEOPT UNPACKING pc=0x0000020fa73e3aa2 sp=0x0000002ec63fe460 mode 2
Event: 10.012 Thread 0x0000020ffe4dd590 Uncommon trap: trap_request=0xffffff45 fr.pc=0x0000020fa79ee2ec relative=0x000000000000004c
Event: 10.012 Thread 0x0000020ffe4ddc20 DEOPT PACKING pc=0x0000020fa023b3d6 sp=0x0000002ec68fe630
Event: 10.012 Thread 0x0000020ffe4dd590 Uncommon trap: reason=unstable_if action=reinterpret pc=0x0000020fa79ee2ec method=sun.nio.fs.WindowsPathParser.isSlash(C)Z @ 9 c2
Event: 10.012 Thread 0x0000020ffe4dd590 DEOPT PACKING pc=0x0000020fa79ee2ec sp=0x0000002ec67fe160
Event: 10.012 Thread 0x0000020ffe4ddc20 DEOPT UNPACKING pc=0x0000020fa73e4242 sp=0x0000002ec68fdbb0 mode 0
Event: 10.012 Thread 0x0000020ffe4dd590 DEOPT UNPACKING pc=0x0000020fa73e3aa2 sp=0x0000002ec67fe0e8 mode 2
Event: 10.017 Thread 0x0000020ffe4ddc20 Uncommon trap: trap_request=0xffffff45 fr.pc=0x0000020fa7a76104 relative=0x0000000000000e64
Event: 10.017 Thread 0x0000020ffe4ddc20 Uncommon trap: reason=unstable_if action=reinterpret pc=0x0000020fa7a76104 method=org.eclipse.jdt.internal.core.index.DiskIndex.readStreamChars(Ljava/io/InputStream;)[C @ 1 c2
Event: 10.017 Thread 0x0000020ffe4ddc20 DEOPT PACKING pc=0x0000020fa7a76104 sp=0x0000002ec68fe690
Event: 10.017 Thread 0x0000020ffe4ddc20 DEOPT UNPACKING pc=0x0000020fa73e3aa2 sp=0x0000002ec68fe608 mode 2
Event: 10.034 Thread 0x0000020ffe4dc870 Uncommon trap: trap_request=0xffffff45 fr.pc=0x0000020fa7aa8238 relative=0x0000000000000958
Event: 10.034 Thread 0x0000020ffe4dc870 Uncommon trap: reason=unstable_if action=reinterpret pc=0x0000020fa7aa8238 method=java.util.concurrent.ConcurrentHashMap.putVal(Ljava/lang/Object;Ljava/lang/Object;Z)Ljava/lang/Object; @ 97 c2
Event: 10.034 Thread 0x0000020ffe4dc870 DEOPT PACKING pc=0x0000020fa7aa8238 sp=0x0000002ec63fdbf0
Event: 10.034 Thread 0x0000020ffe4dc870 DEOPT UNPACKING pc=0x0000020fa73e3aa2 sp=0x0000002ec63fdb78 mode 2
Event: 10.070 Thread 0x0000020ffe4dc870 Uncommon trap: trap_request=0xffffffde fr.pc=0x0000020fa79f1b34 relative=0x0000000000000274
Event: 10.070 Thread 0x0000020ffe4dc870 Uncommon trap: reason=class_check action=maybe_recompile pc=0x0000020fa79f1b34 method=java.util.Comparator.lambda$comparing$77a9974f$1(Ljava/util/function/Function;Ljava/lang/Object;Ljava/lang/Object;)I @ 7 c2
Event: 10.070 Thread 0x0000020ffe4dc870 DEOPT PACKING pc=0x0000020fa79f1b34 sp=0x0000002ec63fd350
Event: 10.070 Thread 0x0000020ffe4dc870 DEOPT UNPACKING pc=0x0000020fa73e3aa2 sp=0x0000002ec63fd280 mode 2

Classes loaded (20 events):
Event: 9.716 Loading class java/util/stream/Node$Builder$OfInt done
Event: 9.716 Loading class java/util/stream/Nodes$IntArrayNode
Event: 9.717 Loading class java/util/stream/Nodes$IntArrayNode done
Event: 9.717 Loading class java/util/stream/Nodes$IntFixedNodeBuilder done
Event: 9.717 Loading class java/util/stream/ReferencePipeline$4$1
Event: 9.717 Loading class java/util/stream/ReferencePipeline$4$1 done
Event: 9.785 Loading class java/util/Hashtable$ValueCollection
Event: 9.785 Loading class java/util/Hashtable$ValueCollection done
Event: 9.893 Loading class java/nio/charset/CharacterCodingException
Event: 9.894 Loading class java/nio/charset/CharacterCodingException done
Event: 9.894 Loading class java/io/SequenceInputStream
Event: 9.894 Loading class java/io/SequenceInputStream done
Event: 9.939 Loading class java/util/WeakHashMap$KeyIterator
Event: 9.939 Loading class java/util/WeakHashMap$KeyIterator done
Event: 9.963 Loading class java/util/concurrent/CompletableFuture$UniApply
Event: 9.963 Loading class java/util/concurrent/CompletableFuture$UniApply done
Event: 9.963 Loading class java/util/concurrent/CompletableFuture$UniExceptionally
Event: 9.964 Loading class java/util/concurrent/CompletableFuture$UniExceptionally done
Event: 10.014 Loading class java/util/Hashtable$KeySet
Event: 10.014 Loading class java/util/Hashtable$KeySet done

Classes unloaded (7 events):
Event: 3.778 Thread 0x0000020fb3d22c70 Unloading class 0x0000020fb51af400 'java/lang/invoke/LambdaForm$MH+0x0000020fb51af400'
Event: 3.778 Thread 0x0000020fb3d22c70 Unloading class 0x0000020fb51af000 'java/lang/invoke/LambdaForm$MH+0x0000020fb51af000'
Event: 3.778 Thread 0x0000020fb3d22c70 Unloading class 0x0000020fb51aec00 'java/lang/invoke/LambdaForm$MH+0x0000020fb51aec00'
Event: 3.778 Thread 0x0000020fb3d22c70 Unloading class 0x0000020fb51ae800 'java/lang/invoke/LambdaForm$MH+0x0000020fb51ae800'
Event: 3.778 Thread 0x0000020fb3d22c70 Unloading class 0x0000020fb51ae400 'java/lang/invoke/LambdaForm$BMH+0x0000020fb51ae400'
Event: 3.778 Thread 0x0000020fb3d22c70 Unloading class 0x0000020fb51ae000 'java/lang/invoke/LambdaForm$DMH+0x0000020fb51ae000'
Event: 3.778 Thread 0x0000020fb3d22c70 Unloading class 0x0000020fb51acc00 'java/lang/invoke/LambdaForm$DMH+0x0000020fb51acc00'

Classes redefined (0 events):
No events

Internal exceptions (20 events):
Event: 10.041 Thread 0x0000020ffe4dc870 Exception <a 'sun/nio/fs/WindowsException'{0x00000000d5bf6668}> (0x00000000d5bf6668) 
thrown [s\src\hotspot\share\prims\jni.cpp, line 520]
Event: 10.041 Thread 0x0000020ffe4dc870 Exception <a 'sun/nio/fs/WindowsException'{0x00000000d5bf71d8}> (0x00000000d5bf71d8) 
thrown [s\src\hotspot\share\prims\jni.cpp, line 520]
Event: 10.042 Thread 0x0000020ffe4dc870 Exception <a 'sun/nio/fs/WindowsException'{0x00000000d5bf8828}> (0x00000000d5bf8828) 
thrown [s\src\hotspot\share\prims\jni.cpp, line 520]
Event: 10.042 Thread 0x0000020ffe4dc870 Exception <a 'sun/nio/fs/WindowsException'{0x00000000d5bf9108}> (0x00000000d5bf9108) 
thrown [s\src\hotspot\share\prims\jni.cpp, line 520]
Event: 10.042 Thread 0x0000020ffe4dc870 Exception <a 'sun/nio/fs/WindowsException'{0x00000000d5bfa718}> (0x00000000d5bfa718) 
thrown [s\src\hotspot\share\prims\jni.cpp, line 520]
Event: 10.042 Thread 0x0000020ffe4dc870 Exception <a 'sun/nio/fs/WindowsException'{0x00000000d5bfb268}> (0x00000000d5bfb268) 
thrown [s\src\hotspot\share\prims\jni.cpp, line 520]
Event: 10.043 Thread 0x0000020ffe4dc870 Exception <a 'sun/nio/fs/WindowsException'{0x00000000d5bfc7a0}> (0x00000000d5bfc7a0) 
thrown [s\src\hotspot\share\prims\jni.cpp, line 520]
Event: 10.043 Thread 0x0000020ffe4dc870 Exception <a 'sun/nio/fs/WindowsException'{0x00000000d5bfd580}> (0x00000000d5bfd580) 
thrown [s\src\hotspot\share\prims\jni.cpp, line 520]
Event: 10.044 Thread 0x0000020ffe4dc870 Exception <a 'sun/nio/fs/WindowsException'{0x00000000d5bfe938}> (0x00000000d5bfe938) 
thrown [s\src\hotspot\share\prims\jni.cpp, line 520]
Event: 10.044 Thread 0x0000020ffe4dc870 Exception <a 'sun/nio/fs/WindowsException'{0x00000000d5bff218}> (0x00000000d5bff218) 
thrown [s\src\hotspot\share\prims\jni.cpp, line 520]
Event: 10.044 Thread 0x0000020ffe4dc870 Exception <a 'sun/nio/fs/WindowsException'{0x00000000d5c00848}> (0x00000000d5c00848) 
thrown [s\src\hotspot\share\prims\jni.cpp, line 520]
Event: 10.044 Thread 0x0000020ffe4dc870 Exception <a 'sun/nio/fs/WindowsException'{0x00000000d5c01398}> (0x00000000d5c01398) 
thrown [s\src\hotspot\share\prims\jni.cpp, line 520]
Event: 10.052 Thread 0x0000020ffe4dc870 Exception <a 'java/io/FileNotFoundException'{0x00000000d5c3e2a8}> (0x00000000d5c3e2a8) 
thrown [s\src\hotspot\share\prims\jni.cpp, line 520]
Event: 10.052 Thread 0x0000020ffe4dc870 Exception <a 'java/io/FileNotFoundException'{0x00000000d5c3f308}> (0x00000000d5c3f308) 
thrown [s\src\hotspot\share\prims\jni.cpp, line 520]
Event: 10.060 Thread 0x0000020ffe4dc870 Exception <a 'sun/nio/fs/WindowsException'{0x00000000d5c7e150}> (0x00000000d5c7e150) 
thrown [s\src\hotspot\share\prims\jni.cpp, line 520]
Event: 10.060 Thread 0x0000020ffe4dc870 Exception <a 'sun/nio/fs/WindowsException'{0x00000000d5c7ef40}> (0x00000000d5c7ef40) 
thrown [s\src\hotspot\share\prims\jni.cpp, line 520]
Event: 10.061 Thread 0x0000020ffe4dc870 Exception <a 'sun/nio/fs/WindowsException'{0x00000000d5c802f8}> (0x00000000d5c802f8) 
thrown [s\src\hotspot\share\prims\jni.cpp, line 520]
Event: 10.061 Thread 0x0000020ffe4dc870 Exception <a 'sun/nio/fs/WindowsException'{0x00000000d5c80bd8}> (0x00000000d5c80bd8) 
thrown [s\src\hotspot\share\prims\jni.cpp, line 520]
Event: 10.061 Thread 0x0000020ffe4dc870 Exception <a 'sun/nio/fs/WindowsException'{0x00000000d5c821e8}> (0x00000000d5c821e8) 
thrown [s\src\hotspot\share\prims\jni.cpp, line 520]
Event: 10.061 Thread 0x0000020ffe4dc870 Exception <a 'sun/nio/fs/WindowsException'{0x00000000d5c82d38}> (0x00000000d5c82d38) 
thrown [s\src\hotspot\share\prims\jni.cpp, line 520]

ZGC Phase Switch (0 events):
No events

VM Operations (20 events):
Event: 8.508 Executing VM operation: ParallelGCFailedAllocation (Allocation Failure)
Event: 8.511 Executing VM operation: ParallelGCFailedAllocation (Allocation Failure) done
Event: 8.642 Executing VM operation: HandshakeAllThreads (Deoptimize)
Event: 8.642 Executing VM operation: HandshakeAllThreads (Deoptimize) done
Event: 9.005 Executing VM operation: ParallelGCFailedAllocation (Allocation Failure)
Event: 9.007 Executing VM operation: ParallelGCFailedAllocation (Allocation Failure) done
Event: 9.351 Executing VM operation: ParallelGCFailedAllocation (Allocation Failure)
Event: 9.353 Executing VM operation: ParallelGCFailedAllocation (Allocation Failure) done
Event: 9.526 Executing VM operation: ParallelGCFailedAllocation (Allocation Failure)
Event: 9.528 Executing VM operation: ParallelGCFailedAllocation (Allocation Failure) done
Event: 9.581 Executing VM operation: ParallelGCFailedAllocation (Allocation Failure)
Event: 9.583 Executing VM operation: ParallelGCFailedAllocation (Allocation Failure) done
Event: 9.653 Executing VM operation: ParallelGCFailedAllocation (Allocation Failure)
Event: 9.654 Executing VM operation: ParallelGCFailedAllocation (Allocation Failure) done
Event: 9.701 Executing VM operation: HandshakeAllThreads (Deoptimize)
Event: 9.701 Executing VM operation: HandshakeAllThreads (Deoptimize) done
Event: 9.994 Executing VM operation: ParallelGCFailedAllocation (Allocation Failure)
Event: 9.996 Executing VM operation: ParallelGCFailedAllocation (Allocation Failure) done
Event: 10.079 Executing VM operation: HandshakeAllThreads (Deoptimize)
Event: 10.079 Executing VM operation: HandshakeAllThreads (Deoptimize) done

Memory protections (0 events):
No events

Nmethod flushes (20 events):
Event: 5.172 Thread 0x0000020fb3d22c70 flushing  nmethod 0x0000020fa0490390
Event: 5.172 Thread 0x0000020fb3d22c70 flushing  nmethod 0x0000020fa0490d10
Event: 5.172 Thread 0x0000020fb3d22c70 flushing  nmethod 0x0000020fa0491210
Event: 5.172 Thread 0x0000020fb3d22c70 flushing  nmethod 0x0000020fa0491610
Event: 5.172 Thread 0x0000020fb3d22c70 flushing  nmethod 0x0000020fa0492a90
Event: 5.172 Thread 0x0000020fb3d22c70 flushing  nmethod 0x0000020fa0494690
Event: 5.172 Thread 0x0000020fb3d22c70 flushing  nmethod 0x0000020fa0495090
Event: 5.172 Thread 0x0000020fb3d22c70 flushing  nmethod 0x0000020fa0497290
Event: 5.172 Thread 0x0000020fb3d22c70 flushing  nmethod 0x0000020fa04b1890
Event: 5.172 Thread 0x0000020fb3d22c70 flushing  nmethod 0x0000020fa04cd110
Event: 5.172 Thread 0x0000020fb3d22c70 flushing  nmethod 0x0000020fa04cfe10
Event: 5.172 Thread 0x0000020fb3d22c70 flushing  nmethod 0x0000020fa04d6790
Event: 5.172 Thread 0x0000020fb3d22c70 flushing  nmethod 0x0000020fa04db890
Event: 5.172 Thread 0x0000020fb3d22c70 flushing  nmethod 0x0000020fa054bb90
Event: 5.172 Thread 0x0000020fb3d22c70 flushing  nmethod 0x0000020fa0585190
Event: 5.172 Thread 0x0000020fb3d22c70 flushing  nmethod 0x0000020fa0585610
Event: 5.172 Thread 0x0000020fb3d22c70 flushing  nmethod 0x0000020fa058ba90
Event: 5.172 Thread 0x0000020fb3d22c70 flushing  nmethod 0x0000020fa05a1610
Event: 5.172 Thread 0x0000020fb3d22c70 flushing  nmethod 0x0000020fa05a3310
Event: 5.172 Thread 0x0000020fb3d22c70 flushing  nmethod 0x0000020fa05bfb90

Events (20 events):
Event: 5.054 Thread 0x0000020f9b58d550 Thread added: 0x0000020ffe4d6c90
Event: 5.054 Thread 0x0000020f9b58d550 Thread added: 0x0000020ffe4d8040
Event: 5.054 Thread 0x0000020f9b58d550 Thread added: 0x0000020ffe4da110
Event: 5.054 Thread 0x0000020f9b58d550 Thread added: 0x0000020ffe4da7a0
Event: 5.054 Thread 0x0000020f9b58d550 Thread added: 0x0000020ffe4d7320
Event: 5.054 Thread 0x0000020f9b58d550 Thread added: 0x0000020ffe4d79b0
Event: 5.104 Thread 0x0000020f9b58d550 Thread added: 0x0000020ffe4dae30
Event: 5.400 Thread 0x0000020f9b58d550 Thread added: 0x0000020ffe4db4c0
Event: 5.400 Thread 0x0000020f9b58d550 Thread added: 0x0000020ffe4dbb50
Event: 5.764 Thread 0x0000020ffca6b020 Thread added: 0x0000020ffe4dc870
Event: 5.764 Thread 0x0000020ffca6b020 Thread added: 0x0000020ffe4dc1e0
Event: 5.764 Thread 0x0000020ffe4dc870 Thread added: 0x0000020ffe4d93f0
Event: 5.765 Thread 0x0000020ffe4dc1e0 Thread added: 0x0000020ffe4dcf00
Event: 5.765 Thread 0x0000020ffe4d93f0 Thread added: 0x0000020ffe4dd590
Event: 5.765 Thread 0x0000020ffe4dcf00 Thread added: 0x0000020ffe4ddc20
Event: 5.765 Thread 0x0000020ffe4dd590 Thread added: 0x0000020f8006adf0
Event: 5.765 Thread 0x0000020ffe4dd590 Thread added: 0x0000020f80069a40
Event: 5.766 Thread 0x0000020ffe4ddc20 Thread added: 0x0000020f8006a0d0
Event: 5.766 Thread 0x0000020f8006adf0 Thread added: 0x0000020f8006b480
Event: 5.767 Thread 0x0000020f8006adf0 Thread added: 0x0000020f8006a760


Dynamic libraries:
0x00007ff7dc8c0000 - 0x00007ff7dc8ce000 	c:\Users\TEJASHWINI S\.vscode\extensions\redhat.java-1.46.0-win32-x64\jre\21.0.8-win32-x86_64\bin\java.exe
0x00007ffe920a0000 - 0x00007ffe92309000 	C:\WINDOWS\SYSTEM32\ntdll.dll
0x00007ffe914a0000 - 0x00007ffe91569000 	C:\WINDOWS\System32\KERNEL32.DLL
0x00007ffe8f490000 - 0x00007ffe8f883000 	C:\WINDOWS\System32\KERNELBASE.dll
0x00007ffe8f890000 - 0x00007ffe8f9db000 	C:\WINDOWS\System32\ucrtbase.dll
0x00007ffe18480000 - 0x00007ffe18498000 	c:\Users\TEJASHWINI S\.vscode\extensions\redhat.java-1.46.0-win32-x64\jre\21.0.8-win32-x86_64\bin\jli.dll
0x00007ffe3e3c0000 - 0x00007ffe3e3de000 	c:\Users\TEJASHWINI S\.vscode\extensions\redhat.java-1.46.0-win32-x64\jre\21.0.8-win32-x86_64\bin\VCRUNTIME140.dll
0x00007ffe91b10000 - 0x00007ffe91cd4000 	C:\WINDOWS\System32\USER32.dll
0x00007ffe7c040000 - 0x00007ffe7c2d3000 	C:\WINDOWS\WinSxS\amd64_microsoft.windows.common-controls_6595b64144ccf1df_6.0.26100.5074_none_3e0d6f78e32fd63f\COMCTL32.dll
0x00007ffe8f460000 - 0x00007ffe8f487000 	C:\WINDOWS\System32\win32u.dll
0x00007ffe90e20000 - 0x00007ffe90ec9000 	C:\WINDOWS\System32\msvcrt.dll
0x00007ffe90fd0000 - 0x00007ffe90ffb000 	C:\WINDOWS\System32\GDI32.dll
0x00007ffe8fa80000 - 0x00007ffe8fbad000 	C:\WINDOWS\System32\gdi32full.dll
0x00007ffe8f230000 - 0x00007ffe8f2d3000 	C:\WINDOWS\System32\msvcp_win.dll
0x00007ffe91750000 - 0x00007ffe9177f000 	C:\WINDOWS\System32\IMM32.DLL
0x00007ffe608f0000 - 0x00007ffe608fc000 	c:\Users\TEJASHWINI S\.vscode\extensions\redhat.java-1.46.0-win32-x64\jre\21.0.8-win32-x86_64\bin\vcruntime140_1.dll
0x00007ffe0cad0000 - 0x00007ffe0cb5d000 	c:\Users\TEJASHWINI S\.vscode\extensions\redhat.java-1.46.0-win32-x64\jre\21.0.8-win32-x86_64\bin\msvcp140.dll
0x00007ffdbdca0000 - 0x00007ffdbea37000 	c:\Users\TEJASHWINI S\.vscode\extensions\redhat.java-1.46.0-win32-x64\jre\21.0.8-win32-x86_64\bin\server\jvm.dll
0x00007ffe90820000 - 0x00007ffe908d4000 	C:\WINDOWS\System32\ADVAPI32.dll
0x00007ffe916a0000 - 0x00007ffe91746000 	C:\WINDOWS\System32\sechost.dll
0x00007ffe91380000 - 0x00007ffe91498000 	C:\WINDOWS\System32\RPCRT4.dll
0x00007ffe907a0000 - 0x00007ffe90814000 	C:\WINDOWS\System32\WS2_32.dll
0x00007ffe8f090000 - 0x00007ffe8f0ee000 	C:\WINDOWS\SYSTEM32\POWRPROF.dll
0x00007ffe882c0000 - 0x00007ffe882cb000 	C:\WINDOWS\SYSTEM32\VERSION.dll
0x00007ffe86390000 - 0x00007ffe863c5000 	C:\WINDOWS\SYSTEM32\WINMM.dll
0x00007ffe8f070000 - 0x00007ffe8f084000 	C:\WINDOWS\SYSTEM32\UMPDC.dll
0x00007ffe8e010000 - 0x00007ffe8e02b000 	C:\WINDOWS\SYSTEM32\kernel.appcore.dll
0x00007ffe3fab0000 - 0x00007ffe3faba000 	c:\Users\TEJASHWINI S\.vscode\extensions\redhat.java-1.46.0-win32-x64\jre\21.0.8-win32-x86_64\bin\jimage.dll
0x00007ffe8cae0000 - 0x00007ffe8cd22000 	C:\WINDOWS\SYSTEM32\DBGHELP.DLL
0x00007ffe91000000 - 0x00007ffe9137b000 	C:\WINDOWS\System32\combase.dll
0x00007ffe915c0000 - 0x00007ffe91697000 	C:\WINDOWS\System32\OLEAUT32.dll
0x00007ffe78ca0000 - 0x00007ffe78cdd000 	C:\WINDOWS\SYSTEM32\dbgcore.DLL
0x00007ffe8f9e0000 - 0x00007ffe8fa79000 	C:\WINDOWS\System32\bcryptPrimitives.dll
0x00007ffe60930000 - 0x00007ffe6093f000 	c:\Users\TEJASHWINI S\.vscode\extensions\redhat.java-1.46.0-win32-x64\jre\21.0.8-win32-x86_64\bin\instrument.dll
0x00007ffe14ed0000 - 0x00007ffe14eef000 	c:\Users\TEJASHWINI S\.vscode\extensions\redhat.java-1.46.0-win32-x64\jre\21.0.8-win32-x86_64\bin\java.dll
0x00007ffe90050000 - 0x00007ffe9079d000 	C:\WINDOWS\System32\SHELL32.dll
0x00007ffe8fc70000 - 0x00007ffe8fddc000 	C:\WINDOWS\System32\wintypes.dll
0x00007ffe8ced0000 - 0x00007ffe8d729000 	C:\WINDOWS\SYSTEM32\windows.storage.dll
0x00007ffe90ed0000 - 0x00007ffe90fc0000 	C:\WINDOWS\System32\SHCORE.dll
0x00007ffe91de0000 - 0x00007ffe91e42000 	C:\WINDOWS\System32\shlwapi.dll
0x00007ffe8f150000 - 0x00007ffe8f179000 	C:\WINDOWS\SYSTEM32\profapi.dll
0x00007ffe14980000 - 0x00007ffe14998000 	c:\Users\TEJASHWINI S\.vscode\extensions\redhat.java-1.46.0-win32-x64\jre\21.0.8-win32-x86_64\bin\zip.dll
0x00007ffe14930000 - 0x00007ffe14940000 	C:\Users\TEJASHWINI S\.vscode\extensions\redhat.java-1.46.0-win32-x64\jre\21.0.8-win32-x86_64\bin\net.dll
0x00007ffe868a0000 - 0x00007ffe869bf000 	C:\WINDOWS\SYSTEM32\WINHTTP.dll
0x00007ffe8e590000 - 0x00007ffe8e5fb000 	C:\WINDOWS\system32\mswsock.dll
0x00007ffe10c90000 - 0x00007ffe10ca6000 	C:\Users\TEJASHWINI S\.vscode\extensions\redhat.java-1.46.0-win32-x64\jre\21.0.8-win32-x86_64\bin\nio.dll
0x00007ffe89f10000 - 0x00007ffe89f20000 	c:\Users\TEJASHWINI S\.vscode\extensions\redhat.java-1.46.0-win32-x64\jre\21.0.8-win32-x86_64\bin\verify.dll
0x00007ffe12270000 - 0x00007ffe122b4000 	C:\Users\TEJASHWINI S\AppData\Roaming\Code\User\globalStorage\redhat.java\1.46.0\config_win\org.eclipse.equinox.launcher\org.eclipse.equinox.launcher.win32.win32.x86_64_1.2.1400.v20250801-0854\eclipse_11916.dll
0x00007ffe91790000 - 0x00007ffe91928000 	C:\WINDOWS\System32\ole32.dll
0x00007ffe8e830000 - 0x00007ffe8e84b000 	C:\WINDOWS\SYSTEM32\CRYPTSP.dll
0x00007ffe8df70000 - 0x00007ffe8dfab000 	C:\WINDOWS\system32\rsaenh.dll
0x00007ffe8e630000 - 0x00007ffe8e65b000 	C:\WINDOWS\SYSTEM32\USERENV.dll
0x00007ffe8f120000 - 0x00007ffe8f146000 	C:\WINDOWS\SYSTEM32\bcrypt.dll
0x00007ffe8e850000 - 0x00007ffe8e85c000 	C:\WINDOWS\SYSTEM32\CRYPTBASE.dll
0x00007ffe8da30000 - 0x00007ffe8da64000 	C:\WINDOWS\SYSTEM32\IPHLPAPI.DLL
0x00007ffe91dd0000 - 0x00007ffe91dda000 	C:\WINDOWS\System32\NSI.dll
0x00007ffe0c8f0000 - 0x00007ffe0c939000 	C:\Users\TEJASHWINI S\AppData\Local\Temp\jna-300574461\jna7947577882012136080.dll
0x00007ffe908f0000 - 0x00007ffe908f8000 	C:\WINDOWS\System32\PSAPI.DLL
0x00007ffe86690000 - 0x00007ffe866ae000 	C:\WINDOWS\SYSTEM32\dhcpcsvc6.DLL
0x00007ffe86660000 - 0x00007ffe86683000 	C:\WINDOWS\SYSTEM32\dhcpcsvc.DLL

JVMTI agents:
c:\Users\TEJASHWINI S\.vscode\extensions\redhat.java-1.46.0-win32-x64\lombok\lombok-1.18.39-4050.jar path:c:\Users\TEJASHWINI S\.vscode\extensions\redhat.java-1.46.0-win32-x64\jre\21.0.8-win32-x86_64\bin\instrument.dll, loaded, initialized, instrumentlib options:none

dbghelp: loaded successfully - version: 4.0.5 - missing functions: none
symbol engine: initialized successfully - sym options: 0x614 - pdb path: .;c:\Users\TEJASHWINI S\.vscode\extensions\redhat.java-1.46.0-win32-x64\jre\21.0.8-win32-x86_64\bin;C:\WINDOWS\SYSTEM32;C:\WINDOWS\WinSxS\amd64_microsoft.windows.common-controls_6595b64144ccf1df_6.0.26100.5074_none_3e0d6f78e32fd63f;c:\Users\TEJASHWINI S\.vscode\extensions\redhat.java-1.46.0-win32-x64\jre\21.0.8-win32-x86_64\bin\server;C:\Users\TEJASHWINI S\AppData\Roaming\Code\User\globalStorage\redhat.java\1.46.0\config_win\org.eclipse.equinox.launcher\org.eclipse.equinox.launcher.win32.win32.x86_64_1.2.1400.v20250801-0854;C:\Users\TEJASHWINI S\AppData\Local\Temp\jna-300574461

VM Arguments:
jvm_args: --add-modules=ALL-SYSTEM --add-opens=java.base/java.util=ALL-UNNAMED --add-opens=java.base/java.lang=ALL-UNNAMED --add-opens=java.base/sun.nio.fs=ALL-UNNAMED -Declipse.application=org.eclipse.jdt.ls.core.id1 -Dosgi.bundles.defaultStartLevel=4 -Declipse.product=org.eclipse.jdt.ls.core.product -Djava.import.generatesMetadataFilesAtProjectRoot=false -DDetectVMInstallationsJob.disabled=true -Dfile.encoding=utf8 -XX:+UseParallelGC -XX:GCTimeRatio=4 -XX:AdaptiveSizePolicyWeight=90 -Dsun.zip.disableMemoryMapping=true -Xmx2G -Xms100m -Xlog:disable -javaagent:c:\Users\TEJASHWINI S\.vscode\extensions\redhat.java-1.46.0-win32-x64\lombok\lombok-1.18.39-4050.jar -XX:+HeapDumpOnOutOfMemoryError -XX:HeapDumpPath=c:\Users\TEJASHWINI S\AppData\Roaming\Code\User\workspaceStorage\609db315db7d13efddf576384252da58\redhat.java -Daether.dependencyCollector.impl=bf 
java_command: c:\Users\TEJASHWINI S\.vscode\extensions\redhat.java-1.46.0-win32-x64\server\plugins\org.eclipse.equinox.launcher_1.7.0.v20250519-0528.jar -configuration c:\Users\TEJASHWINI S\AppData\Roaming\Code\User\globalStorage\redhat.java\1.46.0\config_win -data c:\Users\TEJASHWINI S\AppData\Roaming\Code\User\workspaceStorage\609db315db7d13efddf576384252da58\redhat.java\jdt_ws --pipe=\\.\pipe\lsp-a0976c29d42cad817f7333c1323efabe-sock
java_class_path (initial): c:\Users\TEJASHWINI S\.vscode\extensions\redhat.java-1.46.0-win32-x64\server\plugins\org.eclipse.equinox.launcher_1.7.0.v20250519-0528.jar
Launcher Type: SUN_STANDARD

[Global flags]
    uintx AdaptiveSizePolicyWeight                 = 90                                        {product} {command line}
     intx CICompilerCount                          = 4                                         {product} {ergonomic}
    uintx GCTimeRatio                              = 4                                         {product} {command line}
     bool HeapDumpOnOutOfMemoryError               = true                                   {manageable} {command line}
    ccstr HeapDumpPath                             = c:\Users\TEJASHWINI S\AppData\Roaming\Code\User\workspaceStorage\609db315db7d13efddf576384252da58\redhat.java         {manageable} {command line}
   size_t InitialHeapSize                          = 104857600                                 {product} {command line}
   size_t MaxHeapSize                              = 2147483648                                {product} {command line}
   size_t MaxNewSize                               = 715653120                                 {product} {ergonomic}
   size_t MinHeapDeltaBytes                        = 524288                                    {product} {ergonomic}
   size_t MinHeapSize                              = 104857600                                 {product} {command line}
   size_t NewSize                                  = 34603008                                  {product} {ergonomic}
    uintx NonNMethodCodeHeapSize                   = 5839372                                {pd product} {ergonomic}
    uintx NonProfiledCodeHeapSize                  = 122909434                              {pd product} {ergonomic}
   size_t OldSize                                  = 70254592                                  {product} {ergonomic}
    uintx ProfiledCodeHeapSize                     = 122909434                              {pd product} {ergonomic}
    uintx ReservedCodeCacheSize                    = 251658240                              {pd product} {ergonomic}
     bool SegmentedCodeCache                       = true                                      {product} {ergonomic}
   size_t SoftMaxHeapSize                          = 2147483648                             {manageable} {ergonomic}
     bool UseCompressedOops                        = true                           {product lp64_product} {ergonomic}
     bool UseLargePagesIndividualAllocation        = false                                  {pd product} {ergonomic}
     bool UseParallelGC                            = true                                      {product} {command line}

Logging:
Log output configuration:
 #0: stdout all=off uptime,level,tags foldmultilines=false
 #1: stderr all=off uptime,level,tags foldmultilines=false

Environment Variables:
JAVA_HOME=C:\Program Files\Java\jdk-22
PATH=C:\Program Files\Common Files\Oracle\Java\javapath;C:\Program Files (x86)\VMware\VMware Workstation\bin\;C:\oraclexe\app\oracle\product\11.2.0\server\bin;C:\WINDOWS\system32;C:\WINDOWS;C:\WINDOWS\System32\Wbem;C:\WINDOWS\System32\WindowsPowerShell\v1.0\;C:\WINDOWS\System32\OpenSSH\;C:\Program Files (x86)\Microsoft SQL Server\160\Tools\Binn\;C:\Program Files\Microsoft SQL Server\160\Tools\Binn\;C:\Program Files\Microsoft SQL Server\Client SDK\ODBC\170\Tools\Binn\;C:\Program Files\Microsoft SQL Server\160\DTS\Binn\;C:\Program Files (x86)\Microsoft SQL Server\160\DTS\Binn\;C:\Program Files\Azure Data Studio\bin;C:\Program Files\Java\jdk-22\bin;C:\MinGW\bin;C:\Program Files\Git\cmd;C:\Program Files\Git\bin;C:\Program Files\nodejs\;C:\Program Files\MySQL\MySQL Server 9.1\bin;C:\Users\TEJASHWINI S\anaconda3\;C:\Users\TEJASHWINI S\anaconda3\Scripts\;C:\Users\TEJASHWINI S\anaconda3\Library\bin\;C:\Users\TEJASHWINI S\AppData\Roaming\npm;C:\Program Files\apache-maven-3.9.11\bin;C:\Users\TEJASHWINI S\AppData\Local\Programs\Python\Python313\Scripts\;C:\Users\TEJASHWINI S\AppData\Local\Programs\Python\Python313\;C:\Users\TEJASHWINI S\AppData\Local\Programs\Python\Python311\Scripts\;C:\Users\TEJASHWINI S\AppData\Local\Programs\Python\Python311\;C:\Users\TEJASHWINI S\AppData\Local\Programs\Python\Python312\Scripts\;C:\Users\TEJASHWINI S\AppData\Local\Programs\Python\Python312\;C:\Users\TEJASHWINI S\AppData\Local\Microsoft\WindowsApps;C:\Program Files\Azure Data Studio\bin;C:\Users\TEJASHWINI S\AppData\Local\Programs\Microsoft VS Code\bin;C:\Users\TEJASHWINI S\AppData\Roaming\npm;C:\Users\TEJASHWINI S\AppData\Local\Programs\cursor\resources\app\bin;
USERNAME=TEJASHWINI S
OS=Windows_NT
PROCESSOR_IDENTIFIER=AMD64 Family 23 Model 104 Stepping 1, AuthenticAMD
TMP=C:\Users\TEJASH~1\AppData\Local\Temp
TEMP=C:\Users\TEJASH~1\AppData\Local\Temp




Periodic native trim disabled

---------------  S Y S T E M  ---------------

OS:
 Windows 11 , 64 bit Build 26100 (10.0.26100.5074)
OS uptime: 2 days 8:06 hours

CPU: total 12 (initial active 12) (12 cores per cpu, 2 threads per core) family 23 model 104 stepping 1 microcode 0x8608103, cx8, cmov, fxsr, ht, mmx, 3dnowpref, sse, sse2, sse3, ssse3, sse4a, sse4.1, sse4.2, popcnt, lzcnt, tsc, tscinvbit, avx, avx2, aes, clmul, bmi1, bmi2, adx, sha, fma, vzeroupper, clflush, clflushopt, rdtscp, rdpid, f16c
Processor Information for processor 0
  Max Mhz: 2100, Current Mhz: 1988, Mhz Limit: 2100
Processor Information for processor 1
  Max Mhz: 2100, Current Mhz: 1988, Mhz Limit: 2100
Processor Information for processor 2
  Max Mhz: 2100, Current Mhz: 1988, Mhz Limit: 2100
Processor Information for processor 3
  Max Mhz: 2100, Current Mhz: 1988, Mhz Limit: 2100
Processor Information for processor 4
  Max Mhz: 2100, Current Mhz: 1988, Mhz Limit: 2100
Processor Information for processor 5
  Max Mhz: 2100, Current Mhz: 2100, Mhz Limit: 2100
Processor Information for processor 6
  Max Mhz: 2100, Current Mhz: 2100, Mhz Limit: 2100
Processor Information for processor 7
  Max Mhz: 2100, Current Mhz: 2100, Mhz Limit: 2100
Processor Information for processor 8
  Max Mhz: 2100, Current Mhz: 2100, Mhz Limit: 2100
Processor Information for processor 9
  Max Mhz: 2100, Current Mhz: 2100, Mhz Limit: 2100
Processor Information for processor 10
  Max Mhz: 2100, Current Mhz: 1988, Mhz Limit: 2100
Processor Information for processor 11
  Max Mhz: 2100, Current Mhz: 2100, Mhz Limit: 2100

Memory: 4k page, system-wide physical 6005M (507M free)
TotalPageFile size 24437M (AvailPageFile size 3M)
current process WorkingSet (physical memory assigned to process): 272M, peak: 278M
current process commit charge ("private bytes"): 370M, peak: 374M

vm_info: OpenJDK 64-Bit Server VM (21.0.8+9-LTS) for windows-amd64 JRE (21.0.8+9-LTS), built on 2025-07-15T00:00:00Z by "admin" with MS VC++ 17.7 (VS2022)

END.
